2021-10-14 13:28:49,159 INFO  c.garak.ingestor.IngestorApplication -  Starting IngestorApplication v0.0.1-SNAPSHOT using Java 11.0.11 on DESKTOP-U16K2OT with PID 1428 (D:\workspace\garak_workspace\garak-mqtt-ingestor\target\ingestor-subscriber-0.0.1-SNAPSHOT.jar started by sy in D:\workspace\garak_workspace\garak-mqtt-ingestor\target)
2021-10-14 13:28:49,164 DEBUG c.garak.ingestor.IngestorApplication -  Running with Spring Boot v2.5.2, Spring v5.3.8
2021-10-14 13:28:49,164 INFO  c.garak.ingestor.IngestorApplication -  The following profiles are active: dev
2021-10-14 13:28:49,236 WARN  o.s.b.c.config.ConfigDataEnvironment -  Property 'spring.profiles' imported from location 'class path resource [application.yaml]' is invalid and should be replaced with 'spring.config.activate.on-profile' [origin: class path resource [application.yaml] from ingestor-subscriber-0.0.1-SNAPSHOT.jar - 81:13]
2021-10-14 13:28:49,247 WARN  o.s.b.c.config.ConfigDataEnvironment -  Property 'spring.profiles' imported from location 'class path resource [application.yaml]' is invalid and should be replaced with 'spring.config.activate.on-profile' [origin: class path resource [application.yaml] from ingestor-subscriber-0.0.1-SNAPSHOT.jar - 62:13]
2021-10-14 13:28:49,248 WARN  o.s.b.c.config.ConfigDataEnvironment -  Property 'spring.profiles' imported from location 'class path resource [application.yaml]' is invalid and should be replaced with 'spring.config.activate.on-profile' [origin: class path resource [application.yaml] from ingestor-subscriber-0.0.1-SNAPSHOT.jar - 36:13]
2021-10-14 13:28:50,445 INFO  o.s.d.r.c.RepositoryConfigurationDelegate -  Multiple Spring Data modules found, entering strict repository configuration mode!
2021-10-14 13:28:50,447 INFO  o.s.d.r.c.RepositoryConfigurationDelegate -  Bootstrapping Spring Data JPA repositories in DEFAULT mode.
2021-10-14 13:28:50,634 INFO  o.s.d.r.c.RepositoryConfigurationExtensionSupport -  Spring Data JPA - Could not safely identify store assignment for repository candidate interface com.garak.ingestor.repository.MobilityNosqlRepository. If you want this repository to be a JPA repository, consider annotating your entities with one of these annotations: javax.persistence.Entity, javax.persistence.MappedSuperclass (preferred), or consider extending one of the following types with your repository: org.springframework.data.jpa.repository.JpaRepository.
2021-10-14 13:28:50,661 INFO  o.s.d.r.c.RepositoryConfigurationDelegate -  Finished Spring Data repository scanning in 207 ms. Found 6 JPA repository interfaces.
2021-10-14 13:28:50,668 INFO  o.s.d.r.c.RepositoryConfigurationDelegate -  Multiple Spring Data modules found, entering strict repository configuration mode!
2021-10-14 13:28:50,668 INFO  o.s.d.r.c.RepositoryConfigurationDelegate -  Bootstrapping Spring Data MongoDB repositories in DEFAULT mode.
2021-10-14 13:28:50,675 INFO  o.s.d.r.c.RepositoryConfigurationExtensionSupport -  Spring Data MongoDB - Could not safely identify store assignment for repository candidate interface com.garak.ingestor.repository.CodeDetailRDBRepository. If you want this repository to be a MongoDB repository, consider annotating your entities with one of these annotations: org.springframework.data.mongodb.core.mapping.Document (preferred), or consider extending one of the following types with your repository: org.springframework.data.mongodb.repository.MongoRepository.
2021-10-14 13:28:50,676 INFO  o.s.d.r.c.RepositoryConfigurationExtensionSupport -  Spring Data MongoDB - Could not safely identify store assignment for repository candidate interface com.garak.ingestor.repository.EventRepository. If you want this repository to be a MongoDB repository, consider annotating your entities with one of these annotations: org.springframework.data.mongodb.core.mapping.Document (preferred), or consider extending one of the following types with your repository: org.springframework.data.mongodb.repository.MongoRepository.
2021-10-14 13:28:50,676 INFO  o.s.d.r.c.RepositoryConfigurationExtensionSupport -  Spring Data MongoDB - Could not safely identify store assignment for repository candidate interface com.garak.ingestor.repository.MobilityBatteryKitRDBRepository. If you want this repository to be a MongoDB repository, consider annotating your entities with one of these annotations: org.springframework.data.mongodb.core.mapping.Document (preferred), or consider extending one of the following types with your repository: org.springframework.data.mongodb.repository.MongoRepository.
2021-10-14 13:28:50,677 INFO  o.s.d.r.c.RepositoryConfigurationExtensionSupport -  Spring Data MongoDB - Could not safely identify store assignment for repository candidate interface com.garak.ingestor.repository.MobilityRDBRepository. If you want this repository to be a MongoDB repository, consider annotating your entities with one of these annotations: org.springframework.data.mongodb.core.mapping.Document (preferred), or consider extending one of the following types with your repository: org.springframework.data.mongodb.repository.MongoRepository.
2021-10-14 13:28:50,678 INFO  o.s.d.r.c.RepositoryConfigurationExtensionSupport -  Spring Data MongoDB - Could not safely identify store assignment for repository candidate interface com.garak.ingestor.repository.MobilityServRDBRepository. If you want this repository to be a MongoDB repository, consider annotating your entities with one of these annotations: org.springframework.data.mongodb.core.mapping.Document (preferred), or consider extending one of the following types with your repository: org.springframework.data.mongodb.repository.MongoRepository.
2021-10-14 13:28:50,678 INFO  o.s.d.r.c.RepositoryConfigurationExtensionSupport -  Spring Data MongoDB - Could not safely identify store assignment for repository candidate interface com.garak.ingestor.repository.UserRDBRepository. If you want this repository to be a MongoDB repository, consider annotating your entities with one of these annotations: org.springframework.data.mongodb.core.mapping.Document (preferred), or consider extending one of the following types with your repository: org.springframework.data.mongodb.repository.MongoRepository.
2021-10-14 13:28:50,681 INFO  o.s.d.r.c.RepositoryConfigurationDelegate -  Finished Spring Data repository scanning in 12 ms. Found 1 MongoDB repository interfaces.
2021-10-14 13:28:51,454 INFO  o.s.i.c.DefaultConfiguringBeanFactoryPostProcessor -  No bean named 'errorChannel' has been explicitly defined. Therefore, a default PublishSubscribeChannel will be created.
2021-10-14 13:28:51,473 INFO  o.s.i.c.DefaultConfiguringBeanFactoryPostProcessor -  No bean named 'integrationHeaderChannelRegistry' has been explicitly defined. Therefore, a default DefaultHeaderChannelRegistry will be created.
2021-10-14 13:28:51,586 INFO  o.s.c.s.PostProcessorRegistrationDelegate$BeanPostProcessorChecker -  Bean 'org.springframework.integration.config.IntegrationManagementConfiguration' of type [org.springframework.integration.config.IntegrationManagementConfiguration] is not eligible for getting processed by all BeanPostProcessors (for example: not eligible for auto-proxying)
2021-10-14 13:28:51,601 INFO  o.s.c.s.PostProcessorRegistrationDelegate$BeanPostProcessorChecker -  Bean 'integrationChannelResolver' of type [org.springframework.integration.support.channel.BeanFactoryChannelResolver] is not eligible for getting processed by all BeanPostProcessors (for example: not eligible for auto-proxying)
2021-10-14 13:28:51,603 INFO  o.s.c.s.PostProcessorRegistrationDelegate$BeanPostProcessorChecker -  Bean 'integrationDisposableAutoCreatedBeans' of type [org.springframework.integration.config.annotation.Disposables] is not eligible for getting processed by all BeanPostProcessors (for example: not eligible for auto-proxying)
2021-10-14 13:28:51,980 INFO  com.zaxxer.hikari.HikariDataSource -  HikariPool-1 - Starting...
2021-10-14 13:37:05,220 INFO  c.garak.ingestor.IngestorApplication -  Starting IngestorApplication v0.0.1-SNAPSHOT using Java 11.0.11 on DESKTOP-U16K2OT with PID 13572 (D:\workspace\garak_workspace\garak-mqtt-ingestor\target\ingestor-subscriber-0.0.1-SNAPSHOT.jar started by sy in D:\workspace\garak_workspace\garak-mqtt-ingestor\target)
2021-10-14 13:37:05,225 DEBUG c.garak.ingestor.IngestorApplication -  Running with Spring Boot v2.5.2, Spring v5.3.8
2021-10-14 13:37:05,225 INFO  c.garak.ingestor.IngestorApplication -  The following profiles are active: dev
2021-10-14 13:37:05,297 WARN  o.s.b.c.config.ConfigDataEnvironment -  Property 'spring.profiles' imported from location 'class path resource [application.yaml]' is invalid and should be replaced with 'spring.config.activate.on-profile' [origin: class path resource [application.yaml] from ingestor-subscriber-0.0.1-SNAPSHOT.jar - 81:13]
2021-10-14 13:37:05,297 WARN  o.s.b.c.config.ConfigDataEnvironment -  Property 'spring.profiles' imported from location 'class path resource [application.yaml]' is invalid and should be replaced with 'spring.config.activate.on-profile' [origin: class path resource [application.yaml] from ingestor-subscriber-0.0.1-SNAPSHOT.jar - 62:13]
2021-10-14 13:37:05,297 WARN  o.s.b.c.config.ConfigDataEnvironment -  Property 'spring.profiles' imported from location 'class path resource [application.yaml]' is invalid and should be replaced with 'spring.config.activate.on-profile' [origin: class path resource [application.yaml] from ingestor-subscriber-0.0.1-SNAPSHOT.jar - 36:13]
2021-10-14 13:37:06,498 INFO  o.s.d.r.c.RepositoryConfigurationDelegate -  Multiple Spring Data modules found, entering strict repository configuration mode!
2021-10-14 13:37:06,502 INFO  o.s.d.r.c.RepositoryConfigurationDelegate -  Bootstrapping Spring Data JPA repositories in DEFAULT mode.
2021-10-14 13:37:06,686 INFO  o.s.d.r.c.RepositoryConfigurationExtensionSupport -  Spring Data JPA - Could not safely identify store assignment for repository candidate interface com.garak.ingestor.repository.MobilityNosqlRepository. If you want this repository to be a JPA repository, consider annotating your entities with one of these annotations: javax.persistence.Entity, javax.persistence.MappedSuperclass (preferred), or consider extending one of the following types with your repository: org.springframework.data.jpa.repository.JpaRepository.
2021-10-14 13:37:06,718 INFO  o.s.d.r.c.RepositoryConfigurationDelegate -  Finished Spring Data repository scanning in 209 ms. Found 6 JPA repository interfaces.
2021-10-14 13:37:06,726 INFO  o.s.d.r.c.RepositoryConfigurationDelegate -  Multiple Spring Data modules found, entering strict repository configuration mode!
2021-10-14 13:37:06,726 INFO  o.s.d.r.c.RepositoryConfigurationDelegate -  Bootstrapping Spring Data MongoDB repositories in DEFAULT mode.
2021-10-14 13:37:06,735 INFO  o.s.d.r.c.RepositoryConfigurationExtensionSupport -  Spring Data MongoDB - Could not safely identify store assignment for repository candidate interface com.garak.ingestor.repository.CodeDetailRDBRepository. If you want this repository to be a MongoDB repository, consider annotating your entities with one of these annotations: org.springframework.data.mongodb.core.mapping.Document (preferred), or consider extending one of the following types with your repository: org.springframework.data.mongodb.repository.MongoRepository.
2021-10-14 13:37:06,735 INFO  o.s.d.r.c.RepositoryConfigurationExtensionSupport -  Spring Data MongoDB - Could not safely identify store assignment for repository candidate interface com.garak.ingestor.repository.EventRepository. If you want this repository to be a MongoDB repository, consider annotating your entities with one of these annotations: org.springframework.data.mongodb.core.mapping.Document (preferred), or consider extending one of the following types with your repository: org.springframework.data.mongodb.repository.MongoRepository.
2021-10-14 13:37:06,736 INFO  o.s.d.r.c.RepositoryConfigurationExtensionSupport -  Spring Data MongoDB - Could not safely identify store assignment for repository candidate interface com.garak.ingestor.repository.MobilityBatteryKitRDBRepository. If you want this repository to be a MongoDB repository, consider annotating your entities with one of these annotations: org.springframework.data.mongodb.core.mapping.Document (preferred), or consider extending one of the following types with your repository: org.springframework.data.mongodb.repository.MongoRepository.
2021-10-14 13:37:06,737 INFO  o.s.d.r.c.RepositoryConfigurationExtensionSupport -  Spring Data MongoDB - Could not safely identify store assignment for repository candidate interface com.garak.ingestor.repository.MobilityRDBRepository. If you want this repository to be a MongoDB repository, consider annotating your entities with one of these annotations: org.springframework.data.mongodb.core.mapping.Document (preferred), or consider extending one of the following types with your repository: org.springframework.data.mongodb.repository.MongoRepository.
2021-10-14 13:37:06,738 INFO  o.s.d.r.c.RepositoryConfigurationExtensionSupport -  Spring Data MongoDB - Could not safely identify store assignment for repository candidate interface com.garak.ingestor.repository.MobilityServRDBRepository. If you want this repository to be a MongoDB repository, consider annotating your entities with one of these annotations: org.springframework.data.mongodb.core.mapping.Document (preferred), or consider extending one of the following types with your repository: org.springframework.data.mongodb.repository.MongoRepository.
2021-10-14 13:37:06,738 INFO  o.s.d.r.c.RepositoryConfigurationExtensionSupport -  Spring Data MongoDB - Could not safely identify store assignment for repository candidate interface com.garak.ingestor.repository.UserRDBRepository. If you want this repository to be a MongoDB repository, consider annotating your entities with one of these annotations: org.springframework.data.mongodb.core.mapping.Document (preferred), or consider extending one of the following types with your repository: org.springframework.data.mongodb.repository.MongoRepository.
2021-10-14 13:37:06,741 INFO  o.s.d.r.c.RepositoryConfigurationDelegate -  Finished Spring Data repository scanning in 14 ms. Found 1 MongoDB repository interfaces.
2021-10-14 13:37:07,538 INFO  o.s.i.c.DefaultConfiguringBeanFactoryPostProcessor -  No bean named 'errorChannel' has been explicitly defined. Therefore, a default PublishSubscribeChannel will be created.
2021-10-14 13:37:07,556 INFO  o.s.i.c.DefaultConfiguringBeanFactoryPostProcessor -  No bean named 'integrationHeaderChannelRegistry' has been explicitly defined. Therefore, a default DefaultHeaderChannelRegistry will be created.
2021-10-14 13:37:07,660 INFO  o.s.c.s.PostProcessorRegistrationDelegate$BeanPostProcessorChecker -  Bean 'org.springframework.integration.config.IntegrationManagementConfiguration' of type [org.springframework.integration.config.IntegrationManagementConfiguration] is not eligible for getting processed by all BeanPostProcessors (for example: not eligible for auto-proxying)
2021-10-14 13:37:07,672 INFO  o.s.c.s.PostProcessorRegistrationDelegate$BeanPostProcessorChecker -  Bean 'integrationChannelResolver' of type [org.springframework.integration.support.channel.BeanFactoryChannelResolver] is not eligible for getting processed by all BeanPostProcessors (for example: not eligible for auto-proxying)
2021-10-14 13:37:07,674 INFO  o.s.c.s.PostProcessorRegistrationDelegate$BeanPostProcessorChecker -  Bean 'integrationDisposableAutoCreatedBeans' of type [org.springframework.integration.config.annotation.Disposables] is not eligible for getting processed by all BeanPostProcessors (for example: not eligible for auto-proxying)
2021-10-14 13:37:07,996 INFO  com.zaxxer.hikari.HikariDataSource -  HikariPool-1 - Starting...
2021-10-14 13:38:32,999 INFO  c.garak.ingestor.IngestorApplication -  Starting IngestorApplication v0.0.1-SNAPSHOT using Java 11.0.11 on DESKTOP-U16K2OT with PID 14592 (D:\workspace\garak_workspace\garak-mqtt-ingestor\target\ingestor-subscriber-0.0.1-SNAPSHOT.jar started by sy in D:\workspace\garak_workspace\garak-mqtt-ingestor\target)
2021-10-14 13:38:33,002 DEBUG c.garak.ingestor.IngestorApplication -  Running with Spring Boot v2.5.2, Spring v5.3.8
2021-10-14 13:38:33,003 INFO  c.garak.ingestor.IngestorApplication -  The following profiles are active: dev
2021-10-14 13:38:33,077 WARN  o.s.b.c.config.ConfigDataEnvironment -  Property 'spring.profiles' imported from location 'class path resource [application.yaml]' is invalid and should be replaced with 'spring.config.activate.on-profile' [origin: class path resource [application.yaml] from ingestor-subscriber-0.0.1-SNAPSHOT.jar - 81:13]
2021-10-14 13:38:33,077 WARN  o.s.b.c.config.ConfigDataEnvironment -  Property 'spring.profiles' imported from location 'class path resource [application.yaml]' is invalid and should be replaced with 'spring.config.activate.on-profile' [origin: class path resource [application.yaml] from ingestor-subscriber-0.0.1-SNAPSHOT.jar - 62:13]
2021-10-14 13:38:33,077 WARN  o.s.b.c.config.ConfigDataEnvironment -  Property 'spring.profiles' imported from location 'class path resource [application.yaml]' is invalid and should be replaced with 'spring.config.activate.on-profile' [origin: class path resource [application.yaml] from ingestor-subscriber-0.0.1-SNAPSHOT.jar - 36:13]
2021-10-14 13:38:34,201 INFO  o.s.d.r.c.RepositoryConfigurationDelegate -  Multiple Spring Data modules found, entering strict repository configuration mode!
2021-10-14 13:38:34,204 INFO  o.s.d.r.c.RepositoryConfigurationDelegate -  Bootstrapping Spring Data JPA repositories in DEFAULT mode.
2021-10-14 13:38:34,371 INFO  o.s.d.r.c.RepositoryConfigurationExtensionSupport -  Spring Data JPA - Could not safely identify store assignment for repository candidate interface com.garak.ingestor.repository.MobilityNosqlRepository. If you want this repository to be a JPA repository, consider annotating your entities with one of these annotations: javax.persistence.Entity, javax.persistence.MappedSuperclass (preferred), or consider extending one of the following types with your repository: org.springframework.data.jpa.repository.JpaRepository.
2021-10-14 13:38:34,400 INFO  o.s.d.r.c.RepositoryConfigurationDelegate -  Finished Spring Data repository scanning in 189 ms. Found 6 JPA repository interfaces.
2021-10-14 13:38:34,407 INFO  o.s.d.r.c.RepositoryConfigurationDelegate -  Multiple Spring Data modules found, entering strict repository configuration mode!
2021-10-14 13:38:34,408 INFO  o.s.d.r.c.RepositoryConfigurationDelegate -  Bootstrapping Spring Data MongoDB repositories in DEFAULT mode.
2021-10-14 13:38:34,413 INFO  o.s.d.r.c.RepositoryConfigurationExtensionSupport -  Spring Data MongoDB - Could not safely identify store assignment for repository candidate interface com.garak.ingestor.repository.CodeDetailRDBRepository. If you want this repository to be a MongoDB repository, consider annotating your entities with one of these annotations: org.springframework.data.mongodb.core.mapping.Document (preferred), or consider extending one of the following types with your repository: org.springframework.data.mongodb.repository.MongoRepository.
2021-10-14 13:38:34,414 INFO  o.s.d.r.c.RepositoryConfigurationExtensionSupport -  Spring Data MongoDB - Could not safely identify store assignment for repository candidate interface com.garak.ingestor.repository.EventRepository. If you want this repository to be a MongoDB repository, consider annotating your entities with one of these annotations: org.springframework.data.mongodb.core.mapping.Document (preferred), or consider extending one of the following types with your repository: org.springframework.data.mongodb.repository.MongoRepository.
2021-10-14 13:38:34,415 INFO  o.s.d.r.c.RepositoryConfigurationExtensionSupport -  Spring Data MongoDB - Could not safely identify store assignment for repository candidate interface com.garak.ingestor.repository.MobilityBatteryKitRDBRepository. If you want this repository to be a MongoDB repository, consider annotating your entities with one of these annotations: org.springframework.data.mongodb.core.mapping.Document (preferred), or consider extending one of the following types with your repository: org.springframework.data.mongodb.repository.MongoRepository.
2021-10-14 13:38:34,416 INFO  o.s.d.r.c.RepositoryConfigurationExtensionSupport -  Spring Data MongoDB - Could not safely identify store assignment for repository candidate interface com.garak.ingestor.repository.MobilityRDBRepository. If you want this repository to be a MongoDB repository, consider annotating your entities with one of these annotations: org.springframework.data.mongodb.core.mapping.Document (preferred), or consider extending one of the following types with your repository: org.springframework.data.mongodb.repository.MongoRepository.
2021-10-14 13:38:34,416 INFO  o.s.d.r.c.RepositoryConfigurationExtensionSupport -  Spring Data MongoDB - Could not safely identify store assignment for repository candidate interface com.garak.ingestor.repository.MobilityServRDBRepository. If you want this repository to be a MongoDB repository, consider annotating your entities with one of these annotations: org.springframework.data.mongodb.core.mapping.Document (preferred), or consider extending one of the following types with your repository: org.springframework.data.mongodb.repository.MongoRepository.
2021-10-14 13:38:34,417 INFO  o.s.d.r.c.RepositoryConfigurationExtensionSupport -  Spring Data MongoDB - Could not safely identify store assignment for repository candidate interface com.garak.ingestor.repository.UserRDBRepository. If you want this repository to be a MongoDB repository, consider annotating your entities with one of these annotations: org.springframework.data.mongodb.core.mapping.Document (preferred), or consider extending one of the following types with your repository: org.springframework.data.mongodb.repository.MongoRepository.
2021-10-14 13:38:34,419 INFO  o.s.d.r.c.RepositoryConfigurationDelegate -  Finished Spring Data repository scanning in 11 ms. Found 1 MongoDB repository interfaces.
2021-10-14 13:38:35,196 INFO  o.s.i.c.DefaultConfiguringBeanFactoryPostProcessor -  No bean named 'errorChannel' has been explicitly defined. Therefore, a default PublishSubscribeChannel will be created.
2021-10-14 13:38:35,213 INFO  o.s.i.c.DefaultConfiguringBeanFactoryPostProcessor -  No bean named 'integrationHeaderChannelRegistry' has been explicitly defined. Therefore, a default DefaultHeaderChannelRegistry will be created.
2021-10-14 13:38:35,313 INFO  o.s.c.s.PostProcessorRegistrationDelegate$BeanPostProcessorChecker -  Bean 'org.springframework.integration.config.IntegrationManagementConfiguration' of type [org.springframework.integration.config.IntegrationManagementConfiguration] is not eligible for getting processed by all BeanPostProcessors (for example: not eligible for auto-proxying)
2021-10-14 13:38:35,325 INFO  o.s.c.s.PostProcessorRegistrationDelegate$BeanPostProcessorChecker -  Bean 'integrationChannelResolver' of type [org.springframework.integration.support.channel.BeanFactoryChannelResolver] is not eligible for getting processed by all BeanPostProcessors (for example: not eligible for auto-proxying)
2021-10-14 13:38:35,327 INFO  o.s.c.s.PostProcessorRegistrationDelegate$BeanPostProcessorChecker -  Bean 'integrationDisposableAutoCreatedBeans' of type [org.springframework.integration.config.annotation.Disposables] is not eligible for getting processed by all BeanPostProcessors (for example: not eligible for auto-proxying)
2021-10-14 13:38:35,704 INFO  com.zaxxer.hikari.HikariDataSource -  HikariPool-1 - Starting...
2021-10-14 13:38:35,971 INFO  com.zaxxer.hikari.HikariDataSource -  HikariPool-1 - Start completed.
2021-10-14 13:38:36,021 INFO  o.h.jpa.internal.util.LogHelper -  HHH000204: Processing PersistenceUnitInfo [name: default]
2021-10-14 13:38:36,065 INFO  org.hibernate.Version -  HHH000412: Hibernate ORM core version 5.4.32.Final
2021-10-14 13:38:36,190 INFO  o.h.annotations.common.Version -  HCANN000001: Hibernate Commons Annotations {5.1.2.Final}
2021-10-14 13:38:36,311 INFO  org.hibernate.dialect.Dialect -  HHH000400: Using dialect: org.hibernate.dialect.MySQL5InnoDBDialect
2021-10-14 13:38:36,822 INFO  o.h.e.t.j.p.i.JtaPlatformInitiator -  HHH000490: Using JtaPlatform implementation: [org.hibernate.engine.transaction.jta.platform.internal.NoJtaPlatform]
2021-10-14 13:38:36,832 INFO  o.s.o.j.LocalContainerEntityManagerFactoryBean -  Initialized JPA EntityManagerFactory for persistence unit 'default'
2021-10-14 13:38:37,554 INFO  org.mongodb.driver.cluster -  Cluster created with settings {hosts=[175.106.98.100:27017], mode=SINGLE, requiredClusterType=UNKNOWN, serverSelectionTimeout='30000 ms'}
2021-10-14 13:38:37,653 INFO  org.mongodb.driver.connection -  Opened connection [connectionId{localValue:2, serverValue:11715}] to 175.106.98.100:27017
2021-10-14 13:38:37,652 INFO  org.mongodb.driver.connection -  Opened connection [connectionId{localValue:1, serverValue:11716}] to 175.106.98.100:27017
2021-10-14 13:38:37,654 INFO  org.mongodb.driver.cluster -  Monitor thread successfully connected to server with description ServerDescription{address=175.106.98.100:27017, type=STANDALONE, state=CONNECTED, ok=true, minWireVersion=0, maxWireVersion=6, maxDocumentSize=16777216, logicalSessionTimeoutMinutes=30, roundTripTimeNanos=29763800}
2021-10-14 13:38:38,422 DEBUG c.g.i.conf.MobilityStateBroker -  kit_id1
2021-10-14 13:38:38,422 DEBUG c.g.i.conf.MobilityStateBroker -  kit_id3
2021-10-14 13:38:38,422 DEBUG c.g.i.conf.MobilityStateBroker -  kit_id4
2021-10-14 13:38:39,126 INFO  o.s.b.a.e.web.EndpointLinksResolver -  Exposing 1 endpoint(s) beneath base path '/actuator'
2021-10-14 13:38:39,396 INFO  o.s.i.endpoint.EventDrivenConsumer -  Adding {logging-channel-adapter:_org.springframework.integration.errorLogger} as a subscriber to the 'errorChannel' channel
2021-10-14 13:38:39,397 INFO  o.s.i.c.PublishSubscribeChannel -  Channel 'application.errorChannel' has 1 subscriber(s).
2021-10-14 13:38:39,397 INFO  o.s.i.endpoint.EventDrivenConsumer -  started bean '_org.springframework.integration.errorLogger'
2021-10-14 13:38:39,397 INFO  o.s.i.endpoint.EventDrivenConsumer -  Adding {message-handler:mqttInboundConfiguration.handler.serviceActivator} as a subscriber to the 'mqttInputChannel' channel
2021-10-14 13:38:39,398 INFO  o.s.i.channel.DirectChannel -  Channel 'application.mqttInputChannel' has 1 subscriber(s).
2021-10-14 13:38:39,399 INFO  o.s.i.endpoint.EventDrivenConsumer -  started bean 'mqttInboundConfiguration.handler.serviceActivator'
2021-10-14 13:38:39,399 INFO  o.s.i.endpoint.EventDrivenConsumer -  Adding {message-handler:mqttOutboundConfiguration.mqttOutbound.serviceActivator} as a subscriber to the 'mqttOutboundChannel' channel
2021-10-14 13:38:39,399 INFO  o.s.i.channel.DirectChannel -  Channel 'application.mqttOutboundChannel' has 1 subscriber(s).
2021-10-14 13:38:39,399 INFO  o.s.i.endpoint.EventDrivenConsumer -  started bean 'mqttOutboundConfiguration.mqttOutbound.serviceActivator'
2021-10-14 13:38:39,399 INFO  o.s.i.g.GatewayProxyFactoryBean$MethodInvocationGateway -  started bean 'myGateway#sendToMqtt(byte[], String)'
2021-10-14 13:38:39,399 INFO  o.s.i.g.GatewayProxyFactoryBean$MethodInvocationGateway -  started bean 'myGateway#sendToMqtt(MqttMessage)'
2021-10-14 13:38:39,399 INFO  o.s.i.g.GatewayProxyFactoryBean$MethodInvocationGateway -  started bean 'myGateway#sendToMqtt(MqttMessage, String)'
2021-10-14 13:38:39,399 INFO  o.s.i.g.GatewayProxyFactoryBean$MethodInvocationGateway -  started bean 'myGateway#sendToMqtt(String, String)'
2021-10-14 13:38:39,400 INFO  o.s.i.g.GatewayProxyFactoryBean$MethodInvocationGateway -  started bean 'myGateway#sendToMqtt(String)'
2021-10-14 13:38:39,400 INFO  o.s.i.g.GatewayProxyFactoryBean -  started bean 'myGateway'
2021-10-14 13:38:39,779 INFO  o.s.i.m.i.MqttPahoMessageDrivenChannelAdapter -  started bean 'inbound'; defined in: 'class path resource [com/garak/ingestor/conf/MqttInboundConfiguration.class]'; from source: 'org.springframework.core.type.classreading.SimpleMethodMetadata@2fba3fc4'
2021-10-14 13:38:40,173 INFO  c.g.i.conf.MqttInboundConfiguration -  date print : >>>20211014133840173
2021-10-14 13:38:40,178 INFO  c.g.i.conf.MqttInboundConfiguration -   >>>>>>>>>>>> [t.getId()] = 1632788343000
2021-10-14 13:38:40,432 INFO  org.mongodb.driver.connection -  Opened connection [connectionId{localValue:3, serverValue:11717}] to 175.106.98.100:27017
2021-10-14 13:38:40,496 INFO  c.g.i.conf.MqttInboundConfiguration -  date print : >>>20211014133840496
2021-10-14 13:38:40,496 INFO  c.g.i.conf.MqttInboundConfiguration -   >>>>>>>>>>>> [t.getId()] = 1632788343000
2021-10-14 13:38:40,519 INFO  c.g.i.conf.MqttInboundConfiguration -  date print : >>>20211014133840519
2021-10-14 13:38:40,519 INFO  c.g.i.conf.MqttInboundConfiguration -   >>>>>>>>>>>> [t.getId()] = 1632788343000
2021-10-14 13:38:40,855 INFO  o.s.b.w.e.netty.NettyWebServer -  Netty started on port 8080
2021-10-14 13:38:40,867 INFO  c.garak.ingestor.IngestorApplication -  Started IngestorApplication in 8.609 seconds (JVM running for 9.144)
2021-10-14 13:40:42,434 INFO  o.s.i.m.i.MqttPahoMessageDrivenChannelAdapter -  stopped bean 'inbound'; defined in: 'class path resource [com/garak/ingestor/conf/MqttInboundConfiguration.class]'; from source: 'org.springframework.core.type.classreading.SimpleMethodMetadata@2fba3fc4'
2021-10-14 13:40:42,440 INFO  o.s.i.g.GatewayProxyFactoryBean$MethodInvocationGateway -  stopped bean 'myGateway#sendToMqtt(byte[], String)'
2021-10-14 13:40:42,441 INFO  o.s.i.g.GatewayProxyFactoryBean$MethodInvocationGateway -  stopped bean 'myGateway#sendToMqtt(MqttMessage)'
2021-10-14 13:40:42,441 INFO  o.s.i.g.GatewayProxyFactoryBean$MethodInvocationGateway -  stopped bean 'myGateway#sendToMqtt(MqttMessage, String)'
2021-10-14 13:40:42,441 INFO  o.s.i.g.GatewayProxyFactoryBean$MethodInvocationGateway -  stopped bean 'myGateway#sendToMqtt(String, String)'
2021-10-14 13:40:42,441 INFO  o.s.i.g.GatewayProxyFactoryBean$MethodInvocationGateway -  stopped bean 'myGateway#sendToMqtt(String)'
2021-10-14 13:40:42,441 INFO  o.s.i.g.GatewayProxyFactoryBean -  stopped bean 'myGateway'
2021-10-14 13:40:42,442 INFO  o.s.i.endpoint.EventDrivenConsumer -  Removing {logging-channel-adapter:_org.springframework.integration.errorLogger} as a subscriber to the 'errorChannel' channel
2021-10-14 13:40:42,442 INFO  o.s.i.c.PublishSubscribeChannel -  Channel 'application.errorChannel' has 0 subscriber(s).
2021-10-14 13:40:42,442 INFO  o.s.i.endpoint.EventDrivenConsumer -  stopped bean '_org.springframework.integration.errorLogger'
2021-10-14 13:40:42,442 INFO  o.s.i.endpoint.EventDrivenConsumer -  Removing {message-handler:mqttInboundConfiguration.handler.serviceActivator} as a subscriber to the 'mqttInputChannel' channel
2021-10-14 13:40:42,443 INFO  o.s.i.channel.DirectChannel -  Channel 'application.mqttInputChannel' has 0 subscriber(s).
2021-10-14 13:40:42,443 INFO  o.s.i.endpoint.EventDrivenConsumer -  stopped bean 'mqttInboundConfiguration.handler.serviceActivator'
2021-10-14 13:40:42,443 INFO  o.s.i.endpoint.EventDrivenConsumer -  Removing {message-handler:mqttOutboundConfiguration.mqttOutbound.serviceActivator} as a subscriber to the 'mqttOutboundChannel' channel
2021-10-14 13:40:42,443 INFO  o.s.i.channel.DirectChannel -  Channel 'application.mqttOutboundChannel' has 0 subscriber(s).
2021-10-14 13:40:42,444 INFO  o.s.i.endpoint.EventDrivenConsumer -  stopped bean 'mqttOutboundConfiguration.mqttOutbound.serviceActivator'
2021-10-14 13:40:42,457 INFO  org.mongodb.driver.connection -  Closed connection [connectionId{localValue:3, serverValue:11717}] to 175.106.98.100:27017 because the pool has been closed.
2021-10-14 13:40:42,462 INFO  o.s.o.j.LocalContainerEntityManagerFactoryBean -  Closing JPA EntityManagerFactory for persistence unit 'default'
2021-10-14 13:40:42,468 INFO  com.zaxxer.hikari.HikariDataSource -  HikariPool-1 - Shutdown initiated...
2021-10-14 13:40:42,479 INFO  com.zaxxer.hikari.HikariDataSource -  HikariPool-1 - Shutdown completed.
2021-10-14 13:43:27,396 INFO  c.garak.ingestor.IngestorApplication -  Starting IngestorApplication v0.0.1-SNAPSHOT using Java 11.0.11 on DESKTOP-U16K2OT with PID 1868 (D:\workspace\garak_workspace\garak-mqtt-ingestor\target\ingestor-subscriber-0.0.1-SNAPSHOT.jar started by sy in D:\workspace\garak_workspace\garak-mqtt-ingestor\target)
2021-10-14 13:43:27,400 DEBUG c.garak.ingestor.IngestorApplication -  Running with Spring Boot v2.5.2, Spring v5.3.8
2021-10-14 13:43:27,406 INFO  c.garak.ingestor.IngestorApplication -  The following profiles are active: dev
2021-10-14 13:43:27,517 WARN  o.s.b.c.config.ConfigDataEnvironment -  Property 'spring.profiles' imported from location 'class path resource [application.yaml]' is invalid and should be replaced with 'spring.config.activate.on-profile' [origin: class path resource [application.yaml] from ingestor-subscriber-0.0.1-SNAPSHOT.jar - 81:13]
2021-10-14 13:43:27,517 WARN  o.s.b.c.config.ConfigDataEnvironment -  Property 'spring.profiles' imported from location 'class path resource [application.yaml]' is invalid and should be replaced with 'spring.config.activate.on-profile' [origin: class path resource [application.yaml] from ingestor-subscriber-0.0.1-SNAPSHOT.jar - 62:13]
2021-10-14 13:43:27,517 WARN  o.s.b.c.config.ConfigDataEnvironment -  Property 'spring.profiles' imported from location 'class path resource [application.yaml]' is invalid and should be replaced with 'spring.config.activate.on-profile' [origin: class path resource [application.yaml] from ingestor-subscriber-0.0.1-SNAPSHOT.jar - 36:13]
2021-10-14 13:43:28,636 INFO  o.s.d.r.c.RepositoryConfigurationDelegate -  Multiple Spring Data modules found, entering strict repository configuration mode!
2021-10-14 13:43:28,639 INFO  o.s.d.r.c.RepositoryConfigurationDelegate -  Bootstrapping Spring Data JPA repositories in DEFAULT mode.
2021-10-14 13:43:28,836 INFO  o.s.d.r.c.RepositoryConfigurationExtensionSupport -  Spring Data JPA - Could not safely identify store assignment for repository candidate interface com.garak.ingestor.repository.MobilityNosqlRepository. If you want this repository to be a JPA repository, consider annotating your entities with one of these annotations: javax.persistence.Entity, javax.persistence.MappedSuperclass (preferred), or consider extending one of the following types with your repository: org.springframework.data.jpa.repository.JpaRepository.
2021-10-14 13:43:28,869 INFO  o.s.d.r.c.RepositoryConfigurationDelegate -  Finished Spring Data repository scanning in 223 ms. Found 6 JPA repository interfaces.
2021-10-14 13:43:28,880 INFO  o.s.d.r.c.RepositoryConfigurationDelegate -  Multiple Spring Data modules found, entering strict repository configuration mode!
2021-10-14 13:43:28,881 INFO  o.s.d.r.c.RepositoryConfigurationDelegate -  Bootstrapping Spring Data MongoDB repositories in DEFAULT mode.
2021-10-14 13:43:28,887 INFO  o.s.d.r.c.RepositoryConfigurationExtensionSupport -  Spring Data MongoDB - Could not safely identify store assignment for repository candidate interface com.garak.ingestor.repository.CodeDetailRDBRepository. If you want this repository to be a MongoDB repository, consider annotating your entities with one of these annotations: org.springframework.data.mongodb.core.mapping.Document (preferred), or consider extending one of the following types with your repository: org.springframework.data.mongodb.repository.MongoRepository.
2021-10-14 13:43:28,888 INFO  o.s.d.r.c.RepositoryConfigurationExtensionSupport -  Spring Data MongoDB - Could not safely identify store assignment for repository candidate interface com.garak.ingestor.repository.EventRepository. If you want this repository to be a MongoDB repository, consider annotating your entities with one of these annotations: org.springframework.data.mongodb.core.mapping.Document (preferred), or consider extending one of the following types with your repository: org.springframework.data.mongodb.repository.MongoRepository.
2021-10-14 13:43:28,888 INFO  o.s.d.r.c.RepositoryConfigurationExtensionSupport -  Spring Data MongoDB - Could not safely identify store assignment for repository candidate interface com.garak.ingestor.repository.MobilityBatteryKitRDBRepository. If you want this repository to be a MongoDB repository, consider annotating your entities with one of these annotations: org.springframework.data.mongodb.core.mapping.Document (preferred), or consider extending one of the following types with your repository: org.springframework.data.mongodb.repository.MongoRepository.
2021-10-14 13:43:28,890 INFO  o.s.d.r.c.RepositoryConfigurationExtensionSupport -  Spring Data MongoDB - Could not safely identify store assignment for repository candidate interface com.garak.ingestor.repository.MobilityRDBRepository. If you want this repository to be a MongoDB repository, consider annotating your entities with one of these annotations: org.springframework.data.mongodb.core.mapping.Document (preferred), or consider extending one of the following types with your repository: org.springframework.data.mongodb.repository.MongoRepository.
2021-10-14 13:43:28,891 INFO  o.s.d.r.c.RepositoryConfigurationExtensionSupport -  Spring Data MongoDB - Could not safely identify store assignment for repository candidate interface com.garak.ingestor.repository.MobilityServRDBRepository. If you want this repository to be a MongoDB repository, consider annotating your entities with one of these annotations: org.springframework.data.mongodb.core.mapping.Document (preferred), or consider extending one of the following types with your repository: org.springframework.data.mongodb.repository.MongoRepository.
2021-10-14 13:43:28,892 INFO  o.s.d.r.c.RepositoryConfigurationExtensionSupport -  Spring Data MongoDB - Could not safely identify store assignment for repository candidate interface com.garak.ingestor.repository.UserRDBRepository. If you want this repository to be a MongoDB repository, consider annotating your entities with one of these annotations: org.springframework.data.mongodb.core.mapping.Document (preferred), or consider extending one of the following types with your repository: org.springframework.data.mongodb.repository.MongoRepository.
2021-10-14 13:43:28,898 INFO  o.s.d.r.c.RepositoryConfigurationDelegate -  Finished Spring Data repository scanning in 17 ms. Found 1 MongoDB repository interfaces.
2021-10-14 13:43:29,683 INFO  o.s.i.c.DefaultConfiguringBeanFactoryPostProcessor -  No bean named 'errorChannel' has been explicitly defined. Therefore, a default PublishSubscribeChannel will be created.
2021-10-14 13:43:29,704 INFO  o.s.i.c.DefaultConfiguringBeanFactoryPostProcessor -  No bean named 'integrationHeaderChannelRegistry' has been explicitly defined. Therefore, a default DefaultHeaderChannelRegistry will be created.
2021-10-14 13:43:29,819 INFO  o.s.c.s.PostProcessorRegistrationDelegate$BeanPostProcessorChecker -  Bean 'org.springframework.integration.config.IntegrationManagementConfiguration' of type [org.springframework.integration.config.IntegrationManagementConfiguration] is not eligible for getting processed by all BeanPostProcessors (for example: not eligible for auto-proxying)
2021-10-14 13:43:29,834 INFO  o.s.c.s.PostProcessorRegistrationDelegate$BeanPostProcessorChecker -  Bean 'integrationChannelResolver' of type [org.springframework.integration.support.channel.BeanFactoryChannelResolver] is not eligible for getting processed by all BeanPostProcessors (for example: not eligible for auto-proxying)
2021-10-14 13:43:29,835 INFO  o.s.c.s.PostProcessorRegistrationDelegate$BeanPostProcessorChecker -  Bean 'integrationDisposableAutoCreatedBeans' of type [org.springframework.integration.config.annotation.Disposables] is not eligible for getting processed by all BeanPostProcessors (for example: not eligible for auto-proxying)
2021-10-14 13:43:30,181 INFO  com.zaxxer.hikari.HikariDataSource -  HikariPool-1 - Starting...
2021-10-14 13:43:30,442 INFO  com.zaxxer.hikari.HikariDataSource -  HikariPool-1 - Start completed.
2021-10-14 13:43:30,495 INFO  o.h.jpa.internal.util.LogHelper -  HHH000204: Processing PersistenceUnitInfo [name: default]
2021-10-14 13:43:30,550 INFO  org.hibernate.Version -  HHH000412: Hibernate ORM core version 5.4.32.Final
2021-10-14 13:43:30,662 INFO  o.h.annotations.common.Version -  HCANN000001: Hibernate Commons Annotations {5.1.2.Final}
2021-10-14 13:43:30,762 INFO  org.hibernate.dialect.Dialect -  HHH000400: Using dialect: org.hibernate.dialect.MySQL5InnoDBDialect
2021-10-14 13:43:31,346 INFO  o.h.e.t.j.p.i.JtaPlatformInitiator -  HHH000490: Using JtaPlatform implementation: [org.hibernate.engine.transaction.jta.platform.internal.NoJtaPlatform]
2021-10-14 13:43:31,356 INFO  o.s.o.j.LocalContainerEntityManagerFactoryBean -  Initialized JPA EntityManagerFactory for persistence unit 'default'
2021-10-14 13:43:32,013 INFO  org.mongodb.driver.cluster -  Cluster created with settings {hosts=[175.106.98.100:27017], mode=SINGLE, requiredClusterType=UNKNOWN, serverSelectionTimeout='30000 ms'}
2021-10-14 13:43:32,110 INFO  org.mongodb.driver.connection -  Opened connection [connectionId{localValue:2, serverValue:11718}] to 175.106.98.100:27017
2021-10-14 13:43:32,111 INFO  org.mongodb.driver.connection -  Opened connection [connectionId{localValue:1, serverValue:11719}] to 175.106.98.100:27017
2021-10-14 13:43:32,111 INFO  org.mongodb.driver.cluster -  Monitor thread successfully connected to server with description ServerDescription{address=175.106.98.100:27017, type=STANDALONE, state=CONNECTED, ok=true, minWireVersion=0, maxWireVersion=6, maxDocumentSize=16777216, logicalSessionTimeoutMinutes=30, roundTripTimeNanos=28864900}
2021-10-14 13:43:32,825 DEBUG c.g.i.conf.MobilityStateBroker -  kit_id1
2021-10-14 13:43:32,826 DEBUG c.g.i.conf.MobilityStateBroker -  kit_id3
2021-10-14 13:43:32,826 DEBUG c.g.i.conf.MobilityStateBroker -  kit_id4
2021-10-14 13:43:33,528 INFO  o.s.b.a.e.web.EndpointLinksResolver -  Exposing 1 endpoint(s) beneath base path '/actuator'
2021-10-14 13:43:33,794 INFO  o.s.i.endpoint.EventDrivenConsumer -  Adding {logging-channel-adapter:_org.springframework.integration.errorLogger} as a subscriber to the 'errorChannel' channel
2021-10-14 13:43:33,795 INFO  o.s.i.c.PublishSubscribeChannel -  Channel 'application.errorChannel' has 1 subscriber(s).
2021-10-14 13:43:33,795 INFO  o.s.i.endpoint.EventDrivenConsumer -  started bean '_org.springframework.integration.errorLogger'
2021-10-14 13:43:33,795 INFO  o.s.i.endpoint.EventDrivenConsumer -  Adding {message-handler:mqttInboundConfiguration.handler.serviceActivator} as a subscriber to the 'mqttInputChannel' channel
2021-10-14 13:43:33,795 INFO  o.s.i.channel.DirectChannel -  Channel 'application.mqttInputChannel' has 1 subscriber(s).
2021-10-14 13:43:33,795 INFO  o.s.i.endpoint.EventDrivenConsumer -  started bean 'mqttInboundConfiguration.handler.serviceActivator'
2021-10-14 13:43:33,795 INFO  o.s.i.endpoint.EventDrivenConsumer -  Adding {message-handler:mqttOutboundConfiguration.mqttOutbound.serviceActivator} as a subscriber to the 'mqttOutboundChannel' channel
2021-10-14 13:43:33,796 INFO  o.s.i.channel.DirectChannel -  Channel 'application.mqttOutboundChannel' has 1 subscriber(s).
2021-10-14 13:43:33,796 INFO  o.s.i.endpoint.EventDrivenConsumer -  started bean 'mqttOutboundConfiguration.mqttOutbound.serviceActivator'
2021-10-14 13:43:33,797 INFO  o.s.i.g.GatewayProxyFactoryBean$MethodInvocationGateway -  started bean 'myGateway#sendToMqtt(byte[], String)'
2021-10-14 13:43:33,797 INFO  o.s.i.g.GatewayProxyFactoryBean$MethodInvocationGateway -  started bean 'myGateway#sendToMqtt(MqttMessage)'
2021-10-14 13:43:33,797 INFO  o.s.i.g.GatewayProxyFactoryBean$MethodInvocationGateway -  started bean 'myGateway#sendToMqtt(MqttMessage, String)'
2021-10-14 13:43:33,797 INFO  o.s.i.g.GatewayProxyFactoryBean$MethodInvocationGateway -  started bean 'myGateway#sendToMqtt(String, String)'
2021-10-14 13:43:33,797 INFO  o.s.i.g.GatewayProxyFactoryBean$MethodInvocationGateway -  started bean 'myGateway#sendToMqtt(String)'
2021-10-14 13:43:33,797 INFO  o.s.i.g.GatewayProxyFactoryBean -  started bean 'myGateway'
2021-10-14 13:43:34,180 INFO  o.s.i.m.i.MqttPahoMessageDrivenChannelAdapter -  started bean 'inbound'; defined in: 'class path resource [com/garak/ingestor/conf/MqttInboundConfiguration.class]'; from source: 'org.springframework.core.type.classreading.SimpleMethodMetadata@1cb346ea'
2021-10-14 13:43:34,589 INFO  c.g.i.conf.MqttInboundConfiguration -  date print : >>>20211014134334588
2021-10-14 13:43:34,594 INFO  c.g.i.conf.MqttInboundConfiguration -   >>>>>>>>>>>> [t.getId()] = 1632788343000
2021-10-14 13:43:34,857 INFO  org.mongodb.driver.connection -  Opened connection [connectionId{localValue:3, serverValue:11720}] to 175.106.98.100:27017
2021-10-14 13:43:34,910 INFO  c.g.i.conf.MqttInboundConfiguration -  date print : >>>20211014134334910
2021-10-14 13:43:34,910 INFO  c.g.i.conf.MqttInboundConfiguration -   >>>>>>>>>>>> [t.getId()] = 1632788343000
2021-10-14 13:43:34,931 INFO  c.g.i.conf.MqttInboundConfiguration -  date print : >>>20211014134334931
2021-10-14 13:43:34,931 INFO  c.g.i.conf.MqttInboundConfiguration -   >>>>>>>>>>>> [t.getId()] = 1632788343000
2021-10-14 13:43:35,269 INFO  o.s.b.w.e.netty.NettyWebServer -  Netty started on port 8080
2021-10-14 13:43:35,281 INFO  c.garak.ingestor.IngestorApplication -  Started IngestorApplication in 8.649 seconds (JVM running for 9.175)
2021-10-14 13:44:17,576 INFO  o.s.i.m.i.MqttPahoMessageDrivenChannelAdapter -  stopped bean 'inbound'; defined in: 'class path resource [com/garak/ingestor/conf/MqttInboundConfiguration.class]'; from source: 'org.springframework.core.type.classreading.SimpleMethodMetadata@1cb346ea'
2021-10-14 13:44:17,586 INFO  o.s.i.g.GatewayProxyFactoryBean$MethodInvocationGateway -  stopped bean 'myGateway#sendToMqtt(byte[], String)'
2021-10-14 13:44:17,586 INFO  o.s.i.g.GatewayProxyFactoryBean$MethodInvocationGateway -  stopped bean 'myGateway#sendToMqtt(MqttMessage)'
2021-10-14 13:44:17,586 INFO  o.s.i.g.GatewayProxyFactoryBean$MethodInvocationGateway -  stopped bean 'myGateway#sendToMqtt(MqttMessage, String)'
2021-10-14 13:44:17,586 INFO  o.s.i.g.GatewayProxyFactoryBean$MethodInvocationGateway -  stopped bean 'myGateway#sendToMqtt(String, String)'
2021-10-14 13:44:17,586 INFO  o.s.i.g.GatewayProxyFactoryBean$MethodInvocationGateway -  stopped bean 'myGateway#sendToMqtt(String)'
2021-10-14 13:44:17,587 INFO  o.s.i.g.GatewayProxyFactoryBean -  stopped bean 'myGateway'
2021-10-14 13:44:17,587 INFO  o.s.i.endpoint.EventDrivenConsumer -  Removing {logging-channel-adapter:_org.springframework.integration.errorLogger} as a subscriber to the 'errorChannel' channel
2021-10-14 13:44:17,587 INFO  o.s.i.c.PublishSubscribeChannel -  Channel 'application.errorChannel' has 0 subscriber(s).
2021-10-14 13:44:17,587 INFO  o.s.i.endpoint.EventDrivenConsumer -  stopped bean '_org.springframework.integration.errorLogger'
2021-10-14 13:44:17,587 INFO  o.s.i.endpoint.EventDrivenConsumer -  Removing {message-handler:mqttInboundConfiguration.handler.serviceActivator} as a subscriber to the 'mqttInputChannel' channel
2021-10-14 13:44:17,587 INFO  o.s.i.channel.DirectChannel -  Channel 'application.mqttInputChannel' has 0 subscriber(s).
2021-10-14 13:44:17,587 INFO  o.s.i.endpoint.EventDrivenConsumer -  stopped bean 'mqttInboundConfiguration.handler.serviceActivator'
2021-10-14 13:44:17,587 INFO  o.s.i.endpoint.EventDrivenConsumer -  Removing {message-handler:mqttOutboundConfiguration.mqttOutbound.serviceActivator} as a subscriber to the 'mqttOutboundChannel' channel
2021-10-14 13:44:17,588 INFO  o.s.i.channel.DirectChannel -  Channel 'application.mqttOutboundChannel' has 0 subscriber(s).
2021-10-14 13:44:17,588 INFO  o.s.i.endpoint.EventDrivenConsumer -  stopped bean 'mqttOutboundConfiguration.mqttOutbound.serviceActivator'
2021-10-14 13:44:17,611 INFO  org.mongodb.driver.connection -  Closed connection [connectionId{localValue:3, serverValue:11720}] to 175.106.98.100:27017 because the pool has been closed.
2021-10-14 13:44:17,615 INFO  o.s.o.j.LocalContainerEntityManagerFactoryBean -  Closing JPA EntityManagerFactory for persistence unit 'default'
2021-10-14 13:44:17,617 INFO  com.zaxxer.hikari.HikariDataSource -  HikariPool-1 - Shutdown initiated...
2021-10-14 13:44:17,626 INFO  com.zaxxer.hikari.HikariDataSource -  HikariPool-1 - Shutdown completed.
