2021-09-07 11:26:31,304 INFO  c.g.i.IngestorApplicationTests -  Starting IngestorApplicationTests using Java 11.0.3 on JJKIN-MACBOOK with PID 69627 (started by skyang in /Users/skyang/eclipse-workspace/digitalworkspaces/MqttIngestor-Subscriber)
2021-09-07 11:26:31,307 DEBUG c.g.i.IngestorApplicationTests -  Running with Spring Boot v2.5.2, Spring v5.3.8
2021-09-07 11:26:31,308 INFO  c.g.i.IngestorApplicationTests -  The following profiles are active: dev
2021-09-07 11:26:31,344 WARN  o.s.b.c.config.ConfigDataEnvironment -  Property 'spring.profiles' imported from location 'class path resource [application.yaml]' is invalid and should be replaced with 'spring.config.activate.on-profile' [origin: class path resource [application.yaml] - 79:13]
2021-09-07 11:26:31,345 WARN  o.s.b.c.config.ConfigDataEnvironment -  Property 'spring.profiles' imported from location 'class path resource [application.yaml]' is invalid and should be replaced with 'spring.config.activate.on-profile' [origin: class path resource [application.yaml] - 60:13]
2021-09-07 11:26:31,345 WARN  o.s.b.c.config.ConfigDataEnvironment -  Property 'spring.profiles' imported from location 'class path resource [application.yaml]' is invalid and should be replaced with 'spring.config.activate.on-profile' [origin: class path resource [application.yaml] - 36:13]
2021-09-07 11:26:32,434 INFO  o.s.d.r.c.RepositoryConfigurationDelegate -  Multiple Spring Data modules found, entering strict repository configuration mode!
2021-09-07 11:26:32,437 INFO  o.s.d.r.c.RepositoryConfigurationDelegate -  Bootstrapping Spring Data JPA repositories in DEFAULT mode.
2021-09-07 11:26:32,662 INFO  o.s.d.r.c.RepositoryConfigurationExtensionSupport -  Spring Data JPA - Could not safely identify store assignment for repository candidate interface com.garak.ingestor.repository.MobilityNosqlRepository. If you want this repository to be a JPA repository, consider annotating your entities with one of these annotations: javax.persistence.Entity, javax.persistence.MappedSuperclass (preferred), or consider extending one of the following types with your repository: org.springframework.data.jpa.repository.JpaRepository.
2021-09-07 11:26:32,686 INFO  o.s.d.r.c.RepositoryConfigurationDelegate -  Finished Spring Data repository scanning in 240 ms. Found 6 JPA repository interfaces.
2021-09-07 11:26:32,693 INFO  o.s.d.r.c.RepositoryConfigurationDelegate -  Multiple Spring Data modules found, entering strict repository configuration mode!
2021-09-07 11:26:32,693 INFO  o.s.d.r.c.RepositoryConfigurationDelegate -  Bootstrapping Spring Data MongoDB repositories in DEFAULT mode.
2021-09-07 11:26:32,700 INFO  o.s.d.r.c.RepositoryConfigurationExtensionSupport -  Spring Data MongoDB - Could not safely identify store assignment for repository candidate interface com.garak.ingestor.repository.CodeDetailRDBRepository. If you want this repository to be a MongoDB repository, consider annotating your entities with one of these annotations: org.springframework.data.mongodb.core.mapping.Document (preferred), or consider extending one of the following types with your repository: org.springframework.data.mongodb.repository.MongoRepository.
2021-09-07 11:26:32,701 INFO  o.s.d.r.c.RepositoryConfigurationExtensionSupport -  Spring Data MongoDB - Could not safely identify store assignment for repository candidate interface com.garak.ingestor.repository.EventRepository. If you want this repository to be a MongoDB repository, consider annotating your entities with one of these annotations: org.springframework.data.mongodb.core.mapping.Document (preferred), or consider extending one of the following types with your repository: org.springframework.data.mongodb.repository.MongoRepository.
2021-09-07 11:26:32,702 INFO  o.s.d.r.c.RepositoryConfigurationExtensionSupport -  Spring Data MongoDB - Could not safely identify store assignment for repository candidate interface com.garak.ingestor.repository.MobilityBatteryKitRDBRepository. If you want this repository to be a MongoDB repository, consider annotating your entities with one of these annotations: org.springframework.data.mongodb.core.mapping.Document (preferred), or consider extending one of the following types with your repository: org.springframework.data.mongodb.repository.MongoRepository.
2021-09-07 11:26:32,704 INFO  o.s.d.r.c.RepositoryConfigurationExtensionSupport -  Spring Data MongoDB - Could not safely identify store assignment for repository candidate interface com.garak.ingestor.repository.MobilityRDBRepository. If you want this repository to be a MongoDB repository, consider annotating your entities with one of these annotations: org.springframework.data.mongodb.core.mapping.Document (preferred), or consider extending one of the following types with your repository: org.springframework.data.mongodb.repository.MongoRepository.
2021-09-07 11:26:32,705 INFO  o.s.d.r.c.RepositoryConfigurationExtensionSupport -  Spring Data MongoDB - Could not safely identify store assignment for repository candidate interface com.garak.ingestor.repository.MobilityServRDBRepository. If you want this repository to be a MongoDB repository, consider annotating your entities with one of these annotations: org.springframework.data.mongodb.core.mapping.Document (preferred), or consider extending one of the following types with your repository: org.springframework.data.mongodb.repository.MongoRepository.
2021-09-07 11:26:32,706 INFO  o.s.d.r.c.RepositoryConfigurationExtensionSupport -  Spring Data MongoDB - Could not safely identify store assignment for repository candidate interface com.garak.ingestor.repository.UserRDBRepository. If you want this repository to be a MongoDB repository, consider annotating your entities with one of these annotations: org.springframework.data.mongodb.core.mapping.Document (preferred), or consider extending one of the following types with your repository: org.springframework.data.mongodb.repository.MongoRepository.
2021-09-07 11:26:32,712 INFO  o.s.d.r.c.RepositoryConfigurationDelegate -  Finished Spring Data repository scanning in 18 ms. Found 1 MongoDB repository interfaces.
2021-09-07 11:26:33,063 INFO  o.s.i.c.DefaultConfiguringBeanFactoryPostProcessor -  No bean named 'errorChannel' has been explicitly defined. Therefore, a default PublishSubscribeChannel will be created.
2021-09-07 11:26:33,078 INFO  o.s.i.c.DefaultConfiguringBeanFactoryPostProcessor -  No bean named 'integrationHeaderChannelRegistry' has been explicitly defined. Therefore, a default DefaultHeaderChannelRegistry will be created.
2021-09-07 11:26:33,240 INFO  o.s.c.s.PostProcessorRegistrationDelegate$BeanPostProcessorChecker -  Bean 'org.springframework.integration.config.IntegrationManagementConfiguration' of type [org.springframework.integration.config.IntegrationManagementConfiguration] is not eligible for getting processed by all BeanPostProcessors (for example: not eligible for auto-proxying)
2021-09-07 11:26:33,271 INFO  o.s.c.s.PostProcessorRegistrationDelegate$BeanPostProcessorChecker -  Bean 'integrationChannelResolver' of type [org.springframework.integration.support.channel.BeanFactoryChannelResolver] is not eligible for getting processed by all BeanPostProcessors (for example: not eligible for auto-proxying)
2021-09-07 11:26:33,275 INFO  o.s.c.s.PostProcessorRegistrationDelegate$BeanPostProcessorChecker -  Bean 'integrationDisposableAutoCreatedBeans' of type [org.springframework.integration.config.annotation.Disposables] is not eligible for getting processed by all BeanPostProcessors (for example: not eligible for auto-proxying)
2021-09-07 11:26:33,571 INFO  com.zaxxer.hikari.HikariDataSource -  HikariPool-1 - Starting...
2021-09-07 11:26:34,007 INFO  com.zaxxer.hikari.HikariDataSource -  HikariPool-1 - Start completed.
2021-09-07 11:26:34,105 INFO  o.h.jpa.internal.util.LogHelper -  HHH000204: Processing PersistenceUnitInfo [name: default]
2021-09-07 11:26:34,194 INFO  org.hibernate.Version -  HHH000412: Hibernate ORM core version 5.4.32.Final
2021-09-07 11:26:34,391 INFO  o.h.annotations.common.Version -  HCANN000001: Hibernate Commons Annotations {5.1.2.Final}
2021-09-07 11:26:34,564 INFO  org.hibernate.dialect.Dialect -  HHH000400: Using dialect: org.hibernate.dialect.MySQL5InnoDBDialect
2021-09-07 11:26:35,354 INFO  o.h.e.t.j.p.i.JtaPlatformInitiator -  HHH000490: Using JtaPlatform implementation: [org.hibernate.engine.transaction.jta.platform.internal.NoJtaPlatform]
2021-09-07 11:26:35,364 INFO  o.s.o.j.LocalContainerEntityManagerFactoryBean -  Initialized JPA EntityManagerFactory for persistence unit 'default'
2021-09-07 11:26:36,159 INFO  org.mongodb.driver.cluster -  Cluster created with settings {hosts=[175.106.98.100:27017], mode=SINGLE, requiredClusterType=UNKNOWN, serverSelectionTimeout='30000 ms'}
2021-09-07 11:26:36,256 INFO  org.mongodb.driver.connection -  Opened connection [connectionId{localValue:2, serverValue:6154}] to 175.106.98.100:27017
2021-09-07 11:26:36,256 INFO  org.mongodb.driver.connection -  Opened connection [connectionId{localValue:1, serverValue:6153}] to 175.106.98.100:27017
2021-09-07 11:26:36,258 INFO  org.mongodb.driver.cluster -  Monitor thread successfully connected to server with description ServerDescription{address=175.106.98.100:27017, type=STANDALONE, state=CONNECTED, ok=true, minWireVersion=0, maxWireVersion=6, maxDocumentSize=16777216, logicalSessionTimeoutMinutes=30, roundTripTimeNanos=28929227}
2021-09-07 11:26:37,048 DEBUG c.g.i.conf.MobilityStateBroker -  kit_id1
2021-09-07 11:26:37,048 DEBUG c.g.i.conf.MobilityStateBroker -  kit_id3
2021-09-07 11:26:37,048 DEBUG c.g.i.conf.MobilityStateBroker -  kit_id4
2021-09-07 11:26:37,965 INFO  o.s.b.a.e.web.EndpointLinksResolver -  Exposing 1 endpoint(s) beneath base path '/actuator'
2021-09-07 11:26:38,378 INFO  o.s.i.endpoint.EventDrivenConsumer -  Adding {logging-channel-adapter:_org.springframework.integration.errorLogger} as a subscriber to the 'errorChannel' channel
2021-09-07 11:26:38,378 INFO  o.s.i.c.PublishSubscribeChannel -  Channel 'application.errorChannel' has 1 subscriber(s).
2021-09-07 11:26:38,379 INFO  o.s.i.endpoint.EventDrivenConsumer -  started bean '_org.springframework.integration.errorLogger'
2021-09-07 11:26:38,379 INFO  o.s.i.endpoint.EventDrivenConsumer -  Adding {message-handler:mqttInboundConfiguration.handler.serviceActivator} as a subscriber to the 'mqttInputChannel' channel
2021-09-07 11:26:38,379 INFO  o.s.i.channel.DirectChannel -  Channel 'application.mqttInputChannel' has 1 subscriber(s).
2021-09-07 11:26:38,379 INFO  o.s.i.endpoint.EventDrivenConsumer -  started bean 'mqttInboundConfiguration.handler.serviceActivator'
2021-09-07 11:26:38,379 INFO  o.s.i.endpoint.EventDrivenConsumer -  Adding {message-handler:mqttOutboundConfiguration.mqttOutbound.serviceActivator} as a subscriber to the 'mqttOutboundChannel' channel
2021-09-07 11:26:38,379 INFO  o.s.i.channel.DirectChannel -  Channel 'application.mqttOutboundChannel' has 1 subscriber(s).
2021-09-07 11:26:38,379 INFO  o.s.i.endpoint.EventDrivenConsumer -  started bean 'mqttOutboundConfiguration.mqttOutbound.serviceActivator'
2021-09-07 11:26:38,380 INFO  o.s.i.g.GatewayProxyFactoryBean$MethodInvocationGateway -  started bean 'myGateway#sendToMqtt(byte[], String)'
2021-09-07 11:26:38,380 INFO  o.s.i.g.GatewayProxyFactoryBean$MethodInvocationGateway -  started bean 'myGateway#sendToMqtt(MqttMessage)'
2021-09-07 11:26:38,380 INFO  o.s.i.g.GatewayProxyFactoryBean$MethodInvocationGateway -  started bean 'myGateway#sendToMqtt(MqttMessage, String)'
2021-09-07 11:26:38,380 INFO  o.s.i.g.GatewayProxyFactoryBean$MethodInvocationGateway -  started bean 'myGateway#sendToMqtt(String, String)'
2021-09-07 11:26:38,380 INFO  o.s.i.g.GatewayProxyFactoryBean$MethodInvocationGateway -  started bean 'myGateway#sendToMqtt(String)'
2021-09-07 11:26:38,380 INFO  o.s.i.g.GatewayProxyFactoryBean -  started bean 'myGateway'
2021-09-07 11:26:38,767 INFO  o.s.i.m.i.MqttPahoMessageDrivenChannelAdapter -  started bean 'inbound'; defined in: 'class path resource [com/garak/ingestor/conf/MqttInboundConfiguration.class]'; from source: 'org.springframework.core.type.classreading.SimpleMethodMetadata@1ad8df52'
2021-09-07 11:26:38,785 INFO  c.g.i.IngestorApplicationTests -  Started IngestorApplicationTests in 7.944 seconds (JVM running for 9.007)
2021-09-07 11:26:39,136 INFO  c.g.i.conf.MqttInboundConfiguration -  date print : >>>20210907112639136
2021-09-07 11:26:39,142 INFO  c.g.i.conf.MqttInboundConfiguration -   >>>>>>>>>>>> [t.getId()] = 0
2021-09-07 11:26:39,378 INFO  org.mongodb.driver.connection -  Opened connection [connectionId{localValue:3, serverValue:6155}] to 175.106.98.100:27017
2021-09-07 11:26:39,417 INFO  c.g.i.conf.MqttInboundConfiguration -  date print : >>>20210907112639417
2021-09-07 11:26:39,417 INFO  c.g.i.conf.MqttInboundConfiguration -   >>>>>>>>>>>> [t.getId()] = 0
2021-09-07 11:26:44,435 INFO  o.s.i.m.i.MqttPahoMessageDrivenChannelAdapter -  stopped bean 'inbound'; defined in: 'class path resource [com/garak/ingestor/conf/MqttInboundConfiguration.class]'; from source: 'org.springframework.core.type.classreading.SimpleMethodMetadata@1ad8df52'
2021-09-07 11:26:44,439 INFO  o.s.i.g.GatewayProxyFactoryBean$MethodInvocationGateway -  stopped bean 'myGateway#sendToMqtt(byte[], String)'
2021-09-07 11:26:44,439 INFO  o.s.i.g.GatewayProxyFactoryBean$MethodInvocationGateway -  stopped bean 'myGateway#sendToMqtt(MqttMessage)'
2021-09-07 11:26:44,439 INFO  o.s.i.g.GatewayProxyFactoryBean$MethodInvocationGateway -  stopped bean 'myGateway#sendToMqtt(MqttMessage, String)'
2021-09-07 11:26:44,439 INFO  o.s.i.g.GatewayProxyFactoryBean$MethodInvocationGateway -  stopped bean 'myGateway#sendToMqtt(String, String)'
2021-09-07 11:26:44,439 INFO  o.s.i.g.GatewayProxyFactoryBean$MethodInvocationGateway -  stopped bean 'myGateway#sendToMqtt(String)'
2021-09-07 11:26:44,439 INFO  o.s.i.g.GatewayProxyFactoryBean -  stopped bean 'myGateway'
2021-09-07 11:26:44,440 INFO  o.s.i.endpoint.EventDrivenConsumer -  Removing {logging-channel-adapter:_org.springframework.integration.errorLogger} as a subscriber to the 'errorChannel' channel
2021-09-07 11:26:44,440 INFO  o.s.i.c.PublishSubscribeChannel -  Channel 'application.errorChannel' has 0 subscriber(s).
2021-09-07 11:26:44,440 INFO  o.s.i.endpoint.EventDrivenConsumer -  stopped bean '_org.springframework.integration.errorLogger'
2021-09-07 11:26:44,440 INFO  o.s.i.endpoint.EventDrivenConsumer -  Removing {message-handler:mqttInboundConfiguration.handler.serviceActivator} as a subscriber to the 'mqttInputChannel' channel
2021-09-07 11:26:44,440 INFO  o.s.i.channel.DirectChannel -  Channel 'application.mqttInputChannel' has 0 subscriber(s).
2021-09-07 11:26:44,441 INFO  o.s.i.endpoint.EventDrivenConsumer -  stopped bean 'mqttInboundConfiguration.handler.serviceActivator'
2021-09-07 11:26:44,441 INFO  o.s.i.endpoint.EventDrivenConsumer -  Removing {message-handler:mqttOutboundConfiguration.mqttOutbound.serviceActivator} as a subscriber to the 'mqttOutboundChannel' channel
2021-09-07 11:26:44,441 INFO  o.s.i.channel.DirectChannel -  Channel 'application.mqttOutboundChannel' has 0 subscriber(s).
2021-09-07 11:26:44,441 INFO  o.s.i.endpoint.EventDrivenConsumer -  stopped bean 'mqttOutboundConfiguration.mqttOutbound.serviceActivator'
2021-09-07 11:26:44,738 INFO  org.mongodb.driver.connection -  Closed connection [connectionId{localValue:3, serverValue:6155}] to 175.106.98.100:27017 because the pool has been closed.
2021-09-07 11:26:44,742 INFO  o.s.o.j.LocalContainerEntityManagerFactoryBean -  Closing JPA EntityManagerFactory for persistence unit 'default'
2021-09-07 11:26:44,744 INFO  com.zaxxer.hikari.HikariDataSource -  HikariPool-1 - Shutdown initiated...
2021-09-07 11:26:44,755 INFO  com.zaxxer.hikari.HikariDataSource -  HikariPool-1 - Shutdown completed.
2021-09-07 13:11:57,442 INFO  c.garak.ingestor.IngestorApplication -  Starting IngestorApplication using Java 11.0.3 on JJKIN-MACBOOK with PID 73032 (/Users/skyang/eclipse-workspace/digitalworkspaces/MqttIngestor-Subscriber/target/classes started by skyang in /Users/skyang/eclipse-workspace/digitalworkspaces/MqttIngestor-Subscriber)
2021-09-07 13:11:57,444 DEBUG c.garak.ingestor.IngestorApplication -  Running with Spring Boot v2.5.2, Spring v5.3.8
2021-09-07 13:11:57,444 INFO  c.garak.ingestor.IngestorApplication -  The following profiles are active: dev
2021-09-07 13:11:57,477 WARN  o.s.b.c.config.ConfigDataEnvironment -  Property 'spring.profiles' imported from location 'class path resource [application.yaml]' is invalid and should be replaced with 'spring.config.activate.on-profile' [origin: class path resource [application.yaml] - 79:13]
2021-09-07 13:11:57,477 WARN  o.s.b.c.config.ConfigDataEnvironment -  Property 'spring.profiles' imported from location 'class path resource [application.yaml]' is invalid and should be replaced with 'spring.config.activate.on-profile' [origin: class path resource [application.yaml] - 60:13]
2021-09-07 13:11:57,477 WARN  o.s.b.c.config.ConfigDataEnvironment -  Property 'spring.profiles' imported from location 'class path resource [application.yaml]' is invalid and should be replaced with 'spring.config.activate.on-profile' [origin: class path resource [application.yaml] - 36:13]
2021-09-07 13:11:58,283 INFO  o.s.d.r.c.RepositoryConfigurationDelegate -  Multiple Spring Data modules found, entering strict repository configuration mode!
2021-09-07 13:11:58,283 INFO  o.s.d.r.c.RepositoryConfigurationDelegate -  Bootstrapping Spring Data JPA repositories in DEFAULT mode.
2021-09-07 13:11:58,338 INFO  o.s.d.r.c.RepositoryConfigurationExtensionSupport -  Spring Data JPA - Could not safely identify store assignment for repository candidate interface com.garak.ingestor.repository.MobilityNosqlRepository. If you want this repository to be a JPA repository, consider annotating your entities with one of these annotations: javax.persistence.Entity, javax.persistence.MappedSuperclass (preferred), or consider extending one of the following types with your repository: org.springframework.data.jpa.repository.JpaRepository.
2021-09-07 13:11:58,362 INFO  o.s.d.r.c.RepositoryConfigurationDelegate -  Finished Spring Data repository scanning in 73 ms. Found 6 JPA repository interfaces.
2021-09-07 13:11:58,369 INFO  o.s.d.r.c.RepositoryConfigurationDelegate -  Multiple Spring Data modules found, entering strict repository configuration mode!
2021-09-07 13:11:58,369 INFO  o.s.d.r.c.RepositoryConfigurationDelegate -  Bootstrapping Spring Data MongoDB repositories in DEFAULT mode.
2021-09-07 13:11:58,375 INFO  o.s.d.r.c.RepositoryConfigurationExtensionSupport -  Spring Data MongoDB - Could not safely identify store assignment for repository candidate interface com.garak.ingestor.repository.CodeDetailRDBRepository. If you want this repository to be a MongoDB repository, consider annotating your entities with one of these annotations: org.springframework.data.mongodb.core.mapping.Document (preferred), or consider extending one of the following types with your repository: org.springframework.data.mongodb.repository.MongoRepository.
2021-09-07 13:11:58,376 INFO  o.s.d.r.c.RepositoryConfigurationExtensionSupport -  Spring Data MongoDB - Could not safely identify store assignment for repository candidate interface com.garak.ingestor.repository.EventRepository. If you want this repository to be a MongoDB repository, consider annotating your entities with one of these annotations: org.springframework.data.mongodb.core.mapping.Document (preferred), or consider extending one of the following types with your repository: org.springframework.data.mongodb.repository.MongoRepository.
2021-09-07 13:11:58,377 INFO  o.s.d.r.c.RepositoryConfigurationExtensionSupport -  Spring Data MongoDB - Could not safely identify store assignment for repository candidate interface com.garak.ingestor.repository.MobilityBatteryKitRDBRepository. If you want this repository to be a MongoDB repository, consider annotating your entities with one of these annotations: org.springframework.data.mongodb.core.mapping.Document (preferred), or consider extending one of the following types with your repository: org.springframework.data.mongodb.repository.MongoRepository.
2021-09-07 13:11:58,378 INFO  o.s.d.r.c.RepositoryConfigurationExtensionSupport -  Spring Data MongoDB - Could not safely identify store assignment for repository candidate interface com.garak.ingestor.repository.MobilityRDBRepository. If you want this repository to be a MongoDB repository, consider annotating your entities with one of these annotations: org.springframework.data.mongodb.core.mapping.Document (preferred), or consider extending one of the following types with your repository: org.springframework.data.mongodb.repository.MongoRepository.
2021-09-07 13:11:58,380 INFO  o.s.d.r.c.RepositoryConfigurationExtensionSupport -  Spring Data MongoDB - Could not safely identify store assignment for repository candidate interface com.garak.ingestor.repository.MobilityServRDBRepository. If you want this repository to be a MongoDB repository, consider annotating your entities with one of these annotations: org.springframework.data.mongodb.core.mapping.Document (preferred), or consider extending one of the following types with your repository: org.springframework.data.mongodb.repository.MongoRepository.
2021-09-07 13:11:58,380 INFO  o.s.d.r.c.RepositoryConfigurationExtensionSupport -  Spring Data MongoDB - Could not safely identify store assignment for repository candidate interface com.garak.ingestor.repository.UserRDBRepository. If you want this repository to be a MongoDB repository, consider annotating your entities with one of these annotations: org.springframework.data.mongodb.core.mapping.Document (preferred), or consider extending one of the following types with your repository: org.springframework.data.mongodb.repository.MongoRepository.
2021-09-07 13:11:58,384 INFO  o.s.d.r.c.RepositoryConfigurationDelegate -  Finished Spring Data repository scanning in 15 ms. Found 1 MongoDB repository interfaces.
2021-09-07 13:11:58,588 INFO  o.s.i.c.DefaultConfiguringBeanFactoryPostProcessor -  No bean named 'errorChannel' has been explicitly defined. Therefore, a default PublishSubscribeChannel will be created.
2021-09-07 13:11:58,597 INFO  o.s.i.c.DefaultConfiguringBeanFactoryPostProcessor -  No bean named 'integrationHeaderChannelRegistry' has been explicitly defined. Therefore, a default DefaultHeaderChannelRegistry will be created.
2021-09-07 13:11:58,677 INFO  o.s.c.s.PostProcessorRegistrationDelegate$BeanPostProcessorChecker -  Bean 'org.springframework.integration.config.IntegrationManagementConfiguration' of type [org.springframework.integration.config.IntegrationManagementConfiguration] is not eligible for getting processed by all BeanPostProcessors (for example: not eligible for auto-proxying)
2021-09-07 13:11:58,684 INFO  o.s.c.s.PostProcessorRegistrationDelegate$BeanPostProcessorChecker -  Bean 'integrationChannelResolver' of type [org.springframework.integration.support.channel.BeanFactoryChannelResolver] is not eligible for getting processed by all BeanPostProcessors (for example: not eligible for auto-proxying)
2021-09-07 13:11:58,685 INFO  o.s.c.s.PostProcessorRegistrationDelegate$BeanPostProcessorChecker -  Bean 'integrationDisposableAutoCreatedBeans' of type [org.springframework.integration.config.annotation.Disposables] is not eligible for getting processed by all BeanPostProcessors (for example: not eligible for auto-proxying)
2021-09-07 13:11:58,886 INFO  com.zaxxer.hikari.HikariDataSource -  HikariPool-1 - Starting...
2021-09-07 13:11:59,095 INFO  com.zaxxer.hikari.HikariDataSource -  HikariPool-1 - Start completed.
2021-09-07 13:11:59,129 INFO  o.h.jpa.internal.util.LogHelper -  HHH000204: Processing PersistenceUnitInfo [name: default]
2021-09-07 13:11:59,160 INFO  org.hibernate.Version -  HHH000412: Hibernate ORM core version 5.4.32.Final
2021-09-07 13:11:59,240 INFO  o.h.annotations.common.Version -  HCANN000001: Hibernate Commons Annotations {5.1.2.Final}
2021-09-07 13:11:59,315 INFO  org.hibernate.dialect.Dialect -  HHH000400: Using dialect: org.hibernate.dialect.MySQL5InnoDBDialect
2021-09-07 13:11:59,775 INFO  o.h.e.t.j.p.i.JtaPlatformInitiator -  HHH000490: Using JtaPlatform implementation: [org.hibernate.engine.transaction.jta.platform.internal.NoJtaPlatform]
2021-09-07 13:11:59,783 INFO  o.s.o.j.LocalContainerEntityManagerFactoryBean -  Initialized JPA EntityManagerFactory for persistence unit 'default'
2021-09-07 13:12:00,232 INFO  org.mongodb.driver.cluster -  Cluster created with settings {hosts=[175.106.98.100:27017], mode=SINGLE, requiredClusterType=UNKNOWN, serverSelectionTimeout='30000 ms'}
2021-09-07 13:12:00,343 INFO  org.mongodb.driver.connection -  Opened connection [connectionId{localValue:1, serverValue:6340}] to 175.106.98.100:27017
2021-09-07 13:12:00,344 INFO  org.mongodb.driver.connection -  Opened connection [connectionId{localValue:2, serverValue:6339}] to 175.106.98.100:27017
2021-09-07 13:12:00,345 INFO  org.mongodb.driver.cluster -  Monitor thread successfully connected to server with description ServerDescription{address=175.106.98.100:27017, type=STANDALONE, state=CONNECTED, ok=true, minWireVersion=0, maxWireVersion=6, maxDocumentSize=16777216, logicalSessionTimeoutMinutes=30, roundTripTimeNanos=29925412}
2021-09-07 13:12:00,869 DEBUG c.g.i.conf.MobilityStateBroker -  kit_id1
2021-09-07 13:12:00,869 DEBUG c.g.i.conf.MobilityStateBroker -  kit_id3
2021-09-07 13:12:00,869 DEBUG c.g.i.conf.MobilityStateBroker -  kit_id4
2021-09-07 13:12:01,388 INFO  o.s.b.a.e.web.EndpointLinksResolver -  Exposing 1 endpoint(s) beneath base path '/actuator'
2021-09-07 13:12:01,697 INFO  o.s.i.endpoint.EventDrivenConsumer -  Adding {logging-channel-adapter:_org.springframework.integration.errorLogger} as a subscriber to the 'errorChannel' channel
2021-09-07 13:12:01,697 INFO  o.s.i.c.PublishSubscribeChannel -  Channel 'application.errorChannel' has 1 subscriber(s).
2021-09-07 13:12:01,697 INFO  o.s.i.endpoint.EventDrivenConsumer -  started bean '_org.springframework.integration.errorLogger'
2021-09-07 13:12:01,697 INFO  o.s.i.endpoint.EventDrivenConsumer -  Adding {message-handler:mqttInboundConfiguration.handler.serviceActivator} as a subscriber to the 'mqttInputChannel' channel
2021-09-07 13:12:01,697 INFO  o.s.i.channel.DirectChannel -  Channel 'application.mqttInputChannel' has 1 subscriber(s).
2021-09-07 13:12:01,697 INFO  o.s.i.endpoint.EventDrivenConsumer -  started bean 'mqttInboundConfiguration.handler.serviceActivator'
2021-09-07 13:12:01,697 INFO  o.s.i.endpoint.EventDrivenConsumer -  Adding {message-handler:mqttOutboundConfiguration.mqttOutbound.serviceActivator} as a subscriber to the 'mqttOutboundChannel' channel
2021-09-07 13:12:01,697 INFO  o.s.i.channel.DirectChannel -  Channel 'application.mqttOutboundChannel' has 1 subscriber(s).
2021-09-07 13:12:01,697 INFO  o.s.i.endpoint.EventDrivenConsumer -  started bean 'mqttOutboundConfiguration.mqttOutbound.serviceActivator'
2021-09-07 13:12:01,698 INFO  o.s.i.g.GatewayProxyFactoryBean$MethodInvocationGateway -  started bean 'myGateway#sendToMqtt(byte[], String)'
2021-09-07 13:12:01,698 INFO  o.s.i.g.GatewayProxyFactoryBean$MethodInvocationGateway -  started bean 'myGateway#sendToMqtt(MqttMessage)'
2021-09-07 13:12:01,698 INFO  o.s.i.g.GatewayProxyFactoryBean$MethodInvocationGateway -  started bean 'myGateway#sendToMqtt(MqttMessage, String)'
2021-09-07 13:12:01,698 INFO  o.s.i.g.GatewayProxyFactoryBean$MethodInvocationGateway -  started bean 'myGateway#sendToMqtt(String, String)'
2021-09-07 13:12:01,698 INFO  o.s.i.g.GatewayProxyFactoryBean$MethodInvocationGateway -  started bean 'myGateway#sendToMqtt(String)'
2021-09-07 13:12:01,698 INFO  o.s.i.g.GatewayProxyFactoryBean -  started bean 'myGateway'
2021-09-07 13:12:02,050 INFO  o.s.i.m.i.MqttPahoMessageDrivenChannelAdapter -  started bean 'inbound'; defined in: 'class path resource [com/garak/ingestor/conf/MqttInboundConfiguration.class]'; from source: 'org.springframework.core.type.classreading.SimpleMethodMetadata@5eccd3b9'
2021-09-07 13:12:02,148 INFO  o.s.b.w.e.netty.NettyWebServer -  Netty started on port 8080
2021-09-07 13:12:02,172 INFO  c.garak.ingestor.IngestorApplication -  Started IngestorApplication in 5.093 seconds (JVM running for 5.72)
2021-09-07 13:12:02,408 INFO  c.g.i.conf.MqttInboundConfiguration -  date print : >>>20210907011202408
2021-09-07 13:12:02,412 INFO  c.g.i.conf.MqttInboundConfiguration -   >>>>>>>>>>>> [t.getId()] = 0
2021-09-07 13:12:02,566 INFO  org.mongodb.driver.connection -  Opened connection [connectionId{localValue:3, serverValue:6341}] to 175.106.98.100:27017
2021-09-07 13:12:02,595 INFO  c.g.i.conf.MqttInboundConfiguration -  date print : >>>20210907011202595
2021-09-07 13:12:02,596 INFO  c.g.i.conf.MqttInboundConfiguration -   >>>>>>>>>>>> [t.getId()] = 0
2021-09-07 13:12:07,966 INFO  c.g.i.conf.MqttInboundConfiguration -  date print : >>>20210907011207966
2021-09-07 13:12:07,966 INFO  c.g.i.conf.MqttInboundConfiguration -   >>>>>>>>>>>> [t.getId()] = 0
2021-09-07 13:12:12,363 ERROR o.s.i.m.i.MqttPahoMessageDrivenChannelAdapter -  Lost connection: 연결 유실; retrying...
2021-09-07 13:12:22,698 INFO  c.g.i.conf.MqttInboundConfiguration -  date print : >>>20210907011222698
2021-09-07 13:12:22,698 INFO  c.g.i.conf.MqttInboundConfiguration -   >>>>>>>>>>>> [t.getId()] = 0
2021-09-07 13:12:22,706 INFO  c.g.i.conf.MqttInboundConfiguration -  date print : >>>20210907011222706
2021-09-07 13:12:22,706 INFO  c.g.i.conf.MqttInboundConfiguration -   >>>>>>>>>>>> [t.getId()] = 0
2021-09-07 13:12:33,014 ERROR o.s.i.m.i.MqttPahoMessageDrivenChannelAdapter -  Lost connection: 연결 유실; retrying...
2021-09-07 13:12:43,357 INFO  c.g.i.conf.MqttInboundConfiguration -  date print : >>>20210907011243357
2021-09-07 13:12:43,358 INFO  c.g.i.conf.MqttInboundConfiguration -   >>>>>>>>>>>> [t.getId()] = 0
2021-09-07 13:12:43,364 INFO  c.g.i.conf.MqttInboundConfiguration -  date print : >>>20210907011243364
2021-09-07 13:12:43,364 INFO  c.g.i.conf.MqttInboundConfiguration -   >>>>>>>>>>>> [t.getId()] = 0
2021-09-07 13:12:53,670 ERROR o.s.i.m.i.MqttPahoMessageDrivenChannelAdapter -  Lost connection: 연결 유실; retrying...
2021-09-07 13:13:04,012 INFO  c.g.i.conf.MqttInboundConfiguration -  date print : >>>20210907011304012
2021-09-07 13:13:04,012 INFO  c.g.i.conf.MqttInboundConfiguration -   >>>>>>>>>>>> [t.getId()] = 0
2021-09-07 13:13:04,019 INFO  c.g.i.conf.MqttInboundConfiguration -  date print : >>>20210907011304019
2021-09-07 13:13:04,020 INFO  c.g.i.conf.MqttInboundConfiguration -   >>>>>>>>>>>> [t.getId()] = 0
2021-09-07 13:13:09,627 INFO  o.s.b.a.SpringApplicationAdminMXBeanRegistrar$SpringApplicationAdmin -  Application shutdown requested.
2021-09-07 13:13:14,641 INFO  o.s.i.m.i.MqttPahoMessageDrivenChannelAdapter -  stopped bean 'inbound'; defined in: 'class path resource [com/garak/ingestor/conf/MqttInboundConfiguration.class]'; from source: 'org.springframework.core.type.classreading.SimpleMethodMetadata@5eccd3b9'
2021-09-07 13:13:14,644 INFO  o.s.i.g.GatewayProxyFactoryBean$MethodInvocationGateway -  stopped bean 'myGateway#sendToMqtt(byte[], String)'
2021-09-07 13:13:14,644 INFO  o.s.i.g.GatewayProxyFactoryBean$MethodInvocationGateway -  stopped bean 'myGateway#sendToMqtt(MqttMessage)'
2021-09-07 13:13:14,644 INFO  o.s.i.g.GatewayProxyFactoryBean$MethodInvocationGateway -  stopped bean 'myGateway#sendToMqtt(MqttMessage, String)'
2021-09-07 13:13:14,644 INFO  o.s.i.g.GatewayProxyFactoryBean$MethodInvocationGateway -  stopped bean 'myGateway#sendToMqtt(String, String)'
2021-09-07 13:13:14,644 INFO  o.s.i.g.GatewayProxyFactoryBean$MethodInvocationGateway -  stopped bean 'myGateway#sendToMqtt(String)'
2021-09-07 13:13:14,644 INFO  o.s.i.g.GatewayProxyFactoryBean -  stopped bean 'myGateway'
2021-09-07 13:13:14,644 INFO  o.s.i.endpoint.EventDrivenConsumer -  Removing {logging-channel-adapter:_org.springframework.integration.errorLogger} as a subscriber to the 'errorChannel' channel
2021-09-07 13:13:14,644 INFO  o.s.i.c.PublishSubscribeChannel -  Channel 'application.errorChannel' has 0 subscriber(s).
2021-09-07 13:13:14,644 INFO  o.s.i.endpoint.EventDrivenConsumer -  stopped bean '_org.springframework.integration.errorLogger'
2021-09-07 13:13:14,645 INFO  o.s.i.endpoint.EventDrivenConsumer -  Removing {message-handler:mqttInboundConfiguration.handler.serviceActivator} as a subscriber to the 'mqttInputChannel' channel
2021-09-07 13:13:14,645 INFO  o.s.i.channel.DirectChannel -  Channel 'application.mqttInputChannel' has 0 subscriber(s).
2021-09-07 13:13:14,645 INFO  o.s.i.endpoint.EventDrivenConsumer -  stopped bean 'mqttInboundConfiguration.handler.serviceActivator'
2021-09-07 13:13:14,645 INFO  o.s.i.endpoint.EventDrivenConsumer -  Removing {message-handler:mqttOutboundConfiguration.mqttOutbound.serviceActivator} as a subscriber to the 'mqttOutboundChannel' channel
2021-09-07 13:13:14,645 INFO  o.s.i.channel.DirectChannel -  Channel 'application.mqttOutboundChannel' has 0 subscriber(s).
2021-09-07 13:13:14,645 INFO  o.s.i.endpoint.EventDrivenConsumer -  stopped bean 'mqttOutboundConfiguration.mqttOutbound.serviceActivator'
2021-09-07 13:13:14,658 INFO  org.mongodb.driver.connection -  Closed connection [connectionId{localValue:3, serverValue:6341}] to 175.106.98.100:27017 because the pool has been closed.
2021-09-07 13:13:14,661 INFO  o.s.o.j.LocalContainerEntityManagerFactoryBean -  Closing JPA EntityManagerFactory for persistence unit 'default'
2021-09-07 13:13:14,664 INFO  com.zaxxer.hikari.HikariDataSource -  HikariPool-1 - Shutdown initiated...
2021-09-07 13:13:14,672 INFO  com.zaxxer.hikari.HikariDataSource -  HikariPool-1 - Shutdown completed.
2021-09-07 16:40:31,638 INFO  c.g.i.IngestorApplicationTests -  Starting IngestorApplicationTests using Java 11.0.3 on JJKIN-MACBOOK with PID 86471 (started by skyang in /Users/skyang/eclipse-workspace/digitalworkspaces/MqttIngestor-Subscriber)
2021-09-07 16:40:31,639 DEBUG c.g.i.IngestorApplicationTests -  Running with Spring Boot v2.5.2, Spring v5.3.8
2021-09-07 16:40:31,640 INFO  c.g.i.IngestorApplicationTests -  The following profiles are active: dev
2021-09-07 16:40:31,679 WARN  o.s.b.c.config.ConfigDataEnvironment -  Property 'spring.profiles' imported from location 'class path resource [application.yaml]' is invalid and should be replaced with 'spring.config.activate.on-profile' [origin: class path resource [application.yaml] - 79:13]
2021-09-07 16:40:31,680 WARN  o.s.b.c.config.ConfigDataEnvironment -  Property 'spring.profiles' imported from location 'class path resource [application.yaml]' is invalid and should be replaced with 'spring.config.activate.on-profile' [origin: class path resource [application.yaml] - 60:13]
2021-09-07 16:40:31,680 WARN  o.s.b.c.config.ConfigDataEnvironment -  Property 'spring.profiles' imported from location 'class path resource [application.yaml]' is invalid and should be replaced with 'spring.config.activate.on-profile' [origin: class path resource [application.yaml] - 36:13]
2021-09-07 16:40:32,817 INFO  o.s.d.r.c.RepositoryConfigurationDelegate -  Multiple Spring Data modules found, entering strict repository configuration mode!
2021-09-07 16:40:32,820 INFO  o.s.d.r.c.RepositoryConfigurationDelegate -  Bootstrapping Spring Data JPA repositories in DEFAULT mode.
2021-09-07 16:40:33,048 INFO  o.s.d.r.c.RepositoryConfigurationExtensionSupport -  Spring Data JPA - Could not safely identify store assignment for repository candidate interface com.garak.ingestor.repository.MobilityNosqlRepository. If you want this repository to be a JPA repository, consider annotating your entities with one of these annotations: javax.persistence.Entity, javax.persistence.MappedSuperclass (preferred), or consider extending one of the following types with your repository: org.springframework.data.jpa.repository.JpaRepository.
2021-09-07 16:40:33,078 INFO  o.s.d.r.c.RepositoryConfigurationDelegate -  Finished Spring Data repository scanning in 248 ms. Found 6 JPA repository interfaces.
2021-09-07 16:40:33,086 INFO  o.s.d.r.c.RepositoryConfigurationDelegate -  Multiple Spring Data modules found, entering strict repository configuration mode!
2021-09-07 16:40:33,086 INFO  o.s.d.r.c.RepositoryConfigurationDelegate -  Bootstrapping Spring Data MongoDB repositories in DEFAULT mode.
2021-09-07 16:40:33,094 INFO  o.s.d.r.c.RepositoryConfigurationExtensionSupport -  Spring Data MongoDB - Could not safely identify store assignment for repository candidate interface com.garak.ingestor.repository.CodeDetailRDBRepository. If you want this repository to be a MongoDB repository, consider annotating your entities with one of these annotations: org.springframework.data.mongodb.core.mapping.Document (preferred), or consider extending one of the following types with your repository: org.springframework.data.mongodb.repository.MongoRepository.
2021-09-07 16:40:33,095 INFO  o.s.d.r.c.RepositoryConfigurationExtensionSupport -  Spring Data MongoDB - Could not safely identify store assignment for repository candidate interface com.garak.ingestor.repository.EventRepository. If you want this repository to be a MongoDB repository, consider annotating your entities with one of these annotations: org.springframework.data.mongodb.core.mapping.Document (preferred), or consider extending one of the following types with your repository: org.springframework.data.mongodb.repository.MongoRepository.
2021-09-07 16:40:33,095 INFO  o.s.d.r.c.RepositoryConfigurationExtensionSupport -  Spring Data MongoDB - Could not safely identify store assignment for repository candidate interface com.garak.ingestor.repository.MobilityBatteryKitRDBRepository. If you want this repository to be a MongoDB repository, consider annotating your entities with one of these annotations: org.springframework.data.mongodb.core.mapping.Document (preferred), or consider extending one of the following types with your repository: org.springframework.data.mongodb.repository.MongoRepository.
2021-09-07 16:40:33,097 INFO  o.s.d.r.c.RepositoryConfigurationExtensionSupport -  Spring Data MongoDB - Could not safely identify store assignment for repository candidate interface com.garak.ingestor.repository.MobilityRDBRepository. If you want this repository to be a MongoDB repository, consider annotating your entities with one of these annotations: org.springframework.data.mongodb.core.mapping.Document (preferred), or consider extending one of the following types with your repository: org.springframework.data.mongodb.repository.MongoRepository.
2021-09-07 16:40:33,098 INFO  o.s.d.r.c.RepositoryConfigurationExtensionSupport -  Spring Data MongoDB - Could not safely identify store assignment for repository candidate interface com.garak.ingestor.repository.MobilityServRDBRepository. If you want this repository to be a MongoDB repository, consider annotating your entities with one of these annotations: org.springframework.data.mongodb.core.mapping.Document (preferred), or consider extending one of the following types with your repository: org.springframework.data.mongodb.repository.MongoRepository.
2021-09-07 16:40:33,099 INFO  o.s.d.r.c.RepositoryConfigurationExtensionSupport -  Spring Data MongoDB - Could not safely identify store assignment for repository candidate interface com.garak.ingestor.repository.UserRDBRepository. If you want this repository to be a MongoDB repository, consider annotating your entities with one of these annotations: org.springframework.data.mongodb.core.mapping.Document (preferred), or consider extending one of the following types with your repository: org.springframework.data.mongodb.repository.MongoRepository.
2021-09-07 16:40:33,104 INFO  o.s.d.r.c.RepositoryConfigurationDelegate -  Finished Spring Data repository scanning in 17 ms. Found 1 MongoDB repository interfaces.
2021-09-07 16:40:33,402 INFO  o.s.i.c.DefaultConfiguringBeanFactoryPostProcessor -  No bean named 'errorChannel' has been explicitly defined. Therefore, a default PublishSubscribeChannel will be created.
2021-09-07 16:40:33,415 INFO  o.s.i.c.DefaultConfiguringBeanFactoryPostProcessor -  No bean named 'integrationHeaderChannelRegistry' has been explicitly defined. Therefore, a default DefaultHeaderChannelRegistry will be created.
2021-09-07 16:40:33,530 INFO  o.s.c.s.PostProcessorRegistrationDelegate$BeanPostProcessorChecker -  Bean 'org.springframework.integration.config.IntegrationManagementConfiguration' of type [org.springframework.integration.config.IntegrationManagementConfiguration] is not eligible for getting processed by all BeanPostProcessors (for example: not eligible for auto-proxying)
2021-09-07 16:40:33,558 INFO  o.s.c.s.PostProcessorRegistrationDelegate$BeanPostProcessorChecker -  Bean 'integrationChannelResolver' of type [org.springframework.integration.support.channel.BeanFactoryChannelResolver] is not eligible for getting processed by all BeanPostProcessors (for example: not eligible for auto-proxying)
2021-09-07 16:40:33,563 INFO  o.s.c.s.PostProcessorRegistrationDelegate$BeanPostProcessorChecker -  Bean 'integrationDisposableAutoCreatedBeans' of type [org.springframework.integration.config.annotation.Disposables] is not eligible for getting processed by all BeanPostProcessors (for example: not eligible for auto-proxying)
2021-09-07 16:40:33,796 INFO  com.zaxxer.hikari.HikariDataSource -  HikariPool-1 - Starting...
2021-09-07 16:40:34,148 INFO  com.zaxxer.hikari.HikariDataSource -  HikariPool-1 - Start completed.
2021-09-07 16:40:34,230 INFO  o.h.jpa.internal.util.LogHelper -  HHH000204: Processing PersistenceUnitInfo [name: default]
2021-09-07 16:40:34,314 INFO  org.hibernate.Version -  HHH000412: Hibernate ORM core version 5.4.32.Final
2021-09-07 16:40:34,511 INFO  o.h.annotations.common.Version -  HCANN000001: Hibernate Commons Annotations {5.1.2.Final}
2021-09-07 16:40:34,653 INFO  org.hibernate.dialect.Dialect -  HHH000400: Using dialect: org.hibernate.dialect.MySQL5InnoDBDialect
2021-09-07 16:40:35,436 INFO  o.h.e.t.j.p.i.JtaPlatformInitiator -  HHH000490: Using JtaPlatform implementation: [org.hibernate.engine.transaction.jta.platform.internal.NoJtaPlatform]
2021-09-07 16:40:35,447 INFO  o.s.o.j.LocalContainerEntityManagerFactoryBean -  Initialized JPA EntityManagerFactory for persistence unit 'default'
2021-09-07 16:40:36,209 INFO  org.mongodb.driver.cluster -  Cluster created with settings {hosts=[175.106.98.100:27017], mode=SINGLE, requiredClusterType=UNKNOWN, serverSelectionTimeout='30000 ms'}
2021-09-07 16:40:36,292 INFO  org.mongodb.driver.connection -  Opened connection [connectionId{localValue:1, serverValue:7100}] to 175.106.98.100:27017
2021-09-07 16:40:36,292 INFO  org.mongodb.driver.connection -  Opened connection [connectionId{localValue:2, serverValue:7099}] to 175.106.98.100:27017
2021-09-07 16:40:36,294 INFO  org.mongodb.driver.cluster -  Monitor thread successfully connected to server with description ServerDescription{address=175.106.98.100:27017, type=STANDALONE, state=CONNECTED, ok=true, minWireVersion=0, maxWireVersion=6, maxDocumentSize=16777216, logicalSessionTimeoutMinutes=30, roundTripTimeNanos=25036064}
2021-09-07 16:40:37,059 DEBUG c.g.i.conf.MobilityStateBroker -  kit_id1
2021-09-07 16:40:37,060 DEBUG c.g.i.conf.MobilityStateBroker -  kit_id3
2021-09-07 16:40:37,060 DEBUG c.g.i.conf.MobilityStateBroker -  kit_id4
2021-09-07 16:40:37,918 INFO  o.s.b.a.e.web.EndpointLinksResolver -  Exposing 1 endpoint(s) beneath base path '/actuator'
2021-09-07 16:40:38,321 INFO  o.s.i.endpoint.EventDrivenConsumer -  Adding {logging-channel-adapter:_org.springframework.integration.errorLogger} as a subscriber to the 'errorChannel' channel
2021-09-07 16:40:38,321 INFO  o.s.i.c.PublishSubscribeChannel -  Channel 'application.errorChannel' has 1 subscriber(s).
2021-09-07 16:40:38,321 INFO  o.s.i.endpoint.EventDrivenConsumer -  started bean '_org.springframework.integration.errorLogger'
2021-09-07 16:40:38,321 INFO  o.s.i.endpoint.EventDrivenConsumer -  Adding {message-handler:mqttInboundConfiguration.handler.serviceActivator} as a subscriber to the 'mqttInputChannel' channel
2021-09-07 16:40:38,321 INFO  o.s.i.channel.DirectChannel -  Channel 'application.mqttInputChannel' has 1 subscriber(s).
2021-09-07 16:40:38,321 INFO  o.s.i.endpoint.EventDrivenConsumer -  started bean 'mqttInboundConfiguration.handler.serviceActivator'
2021-09-07 16:40:38,321 INFO  o.s.i.endpoint.EventDrivenConsumer -  Adding {message-handler:mqttOutboundConfiguration.mqttOutbound.serviceActivator} as a subscriber to the 'mqttOutboundChannel' channel
2021-09-07 16:40:38,322 INFO  o.s.i.channel.DirectChannel -  Channel 'application.mqttOutboundChannel' has 1 subscriber(s).
2021-09-07 16:40:38,322 INFO  o.s.i.endpoint.EventDrivenConsumer -  started bean 'mqttOutboundConfiguration.mqttOutbound.serviceActivator'
2021-09-07 16:40:38,322 INFO  o.s.i.g.GatewayProxyFactoryBean$MethodInvocationGateway -  started bean 'myGateway#sendToMqtt(byte[], String)'
2021-09-07 16:40:38,322 INFO  o.s.i.g.GatewayProxyFactoryBean$MethodInvocationGateway -  started bean 'myGateway#sendToMqtt(MqttMessage)'
2021-09-07 16:40:38,322 INFO  o.s.i.g.GatewayProxyFactoryBean$MethodInvocationGateway -  started bean 'myGateway#sendToMqtt(MqttMessage, String)'
2021-09-07 16:40:38,323 INFO  o.s.i.g.GatewayProxyFactoryBean$MethodInvocationGateway -  started bean 'myGateway#sendToMqtt(String, String)'
2021-09-07 16:40:38,323 INFO  o.s.i.g.GatewayProxyFactoryBean$MethodInvocationGateway -  started bean 'myGateway#sendToMqtt(String)'
2021-09-07 16:40:38,323 INFO  o.s.i.g.GatewayProxyFactoryBean -  started bean 'myGateway'
2021-09-07 16:40:38,701 INFO  o.s.i.m.i.MqttPahoMessageDrivenChannelAdapter -  started bean 'inbound'; defined in: 'class path resource [com/garak/ingestor/conf/MqttInboundConfiguration.class]'; from source: 'org.springframework.core.type.classreading.SimpleMethodMetadata@7ce7e83c'
2021-09-07 16:40:38,715 INFO  c.g.i.IngestorApplicationTests -  Started IngestorApplicationTests in 7.602 seconds (JVM running for 9.061)
2021-09-07 16:40:39,071 INFO  c.g.i.conf.MqttInboundConfiguration -  date print : >>>20210907044039070
2021-09-07 16:40:39,079 INFO  c.g.i.conf.MqttInboundConfiguration -   >>>>>>>>>>>> [t.getId()] = null
2021-09-07 16:40:39,324 INFO  org.mongodb.driver.connection -  Opened connection [connectionId{localValue:3, serverValue:7101}] to 175.106.98.100:27017
2021-09-07 16:40:39,364 INFO  c.g.i.conf.MqttInboundConfiguration -  date print : >>>20210907044039364
2021-09-07 16:40:39,365 INFO  c.g.i.conf.MqttInboundConfiguration -   >>>>>>>>>>>> [t.getId()] = null
2021-09-07 16:40:44,384 INFO  o.s.i.m.i.MqttPahoMessageDrivenChannelAdapter -  stopped bean 'inbound'; defined in: 'class path resource [com/garak/ingestor/conf/MqttInboundConfiguration.class]'; from source: 'org.springframework.core.type.classreading.SimpleMethodMetadata@7ce7e83c'
2021-09-07 16:40:44,387 INFO  o.s.i.g.GatewayProxyFactoryBean$MethodInvocationGateway -  stopped bean 'myGateway#sendToMqtt(byte[], String)'
2021-09-07 16:40:44,387 INFO  o.s.i.g.GatewayProxyFactoryBean$MethodInvocationGateway -  stopped bean 'myGateway#sendToMqtt(MqttMessage)'
2021-09-07 16:40:44,387 INFO  o.s.i.g.GatewayProxyFactoryBean$MethodInvocationGateway -  stopped bean 'myGateway#sendToMqtt(MqttMessage, String)'
2021-09-07 16:40:44,388 INFO  o.s.i.g.GatewayProxyFactoryBean$MethodInvocationGateway -  stopped bean 'myGateway#sendToMqtt(String, String)'
2021-09-07 16:40:44,388 INFO  o.s.i.g.GatewayProxyFactoryBean$MethodInvocationGateway -  stopped bean 'myGateway#sendToMqtt(String)'
2021-09-07 16:40:44,388 INFO  o.s.i.g.GatewayProxyFactoryBean -  stopped bean 'myGateway'
2021-09-07 16:40:44,388 INFO  o.s.i.endpoint.EventDrivenConsumer -  Removing {logging-channel-adapter:_org.springframework.integration.errorLogger} as a subscriber to the 'errorChannel' channel
2021-09-07 16:40:44,388 INFO  o.s.i.c.PublishSubscribeChannel -  Channel 'application.errorChannel' has 0 subscriber(s).
2021-09-07 16:40:44,388 INFO  o.s.i.endpoint.EventDrivenConsumer -  stopped bean '_org.springframework.integration.errorLogger'
2021-09-07 16:40:44,388 INFO  o.s.i.endpoint.EventDrivenConsumer -  Removing {message-handler:mqttInboundConfiguration.handler.serviceActivator} as a subscriber to the 'mqttInputChannel' channel
2021-09-07 16:40:44,388 INFO  o.s.i.channel.DirectChannel -  Channel 'application.mqttInputChannel' has 0 subscriber(s).
2021-09-07 16:40:44,389 INFO  o.s.i.endpoint.EventDrivenConsumer -  stopped bean 'mqttInboundConfiguration.handler.serviceActivator'
2021-09-07 16:40:44,389 INFO  o.s.i.endpoint.EventDrivenConsumer -  Removing {message-handler:mqttOutboundConfiguration.mqttOutbound.serviceActivator} as a subscriber to the 'mqttOutboundChannel' channel
2021-09-07 16:40:44,389 INFO  o.s.i.channel.DirectChannel -  Channel 'application.mqttOutboundChannel' has 0 subscriber(s).
2021-09-07 16:40:44,389 INFO  o.s.i.endpoint.EventDrivenConsumer -  stopped bean 'mqttOutboundConfiguration.mqttOutbound.serviceActivator'
2021-09-07 16:40:44,412 INFO  org.mongodb.driver.connection -  Closed connection [connectionId{localValue:3, serverValue:7101}] to 175.106.98.100:27017 because the pool has been closed.
2021-09-07 16:40:44,415 INFO  o.s.o.j.LocalContainerEntityManagerFactoryBean -  Closing JPA EntityManagerFactory for persistence unit 'default'
2021-09-07 16:40:44,418 INFO  com.zaxxer.hikari.HikariDataSource -  HikariPool-1 - Shutdown initiated...
2021-09-07 16:40:44,430 INFO  com.zaxxer.hikari.HikariDataSource -  HikariPool-1 - Shutdown completed.
2021-09-07 17:21:16,571 INFO  c.garak.ingestor.IngestorApplication -  Starting IngestorApplication using Java 11.0.3 on JJKIN-MACBOOK with PID 20815 (/Users/skyang/eclipse-workspace/digitalworkspaces/MqttIngestor-Subscriber/target/classes started by skyang in /Users/skyang/eclipse-workspace/digitalworkspaces/MqttIngestor-Subscriber)
2021-09-07 17:21:16,574 DEBUG c.garak.ingestor.IngestorApplication -  Running with Spring Boot v2.5.2, Spring v5.3.8
2021-09-07 17:21:16,574 INFO  c.garak.ingestor.IngestorApplication -  The following profiles are active: dev
2021-09-07 17:21:16,606 WARN  o.s.b.c.config.ConfigDataEnvironment -  Property 'spring.profiles' imported from location 'class path resource [application.yaml]' is invalid and should be replaced with 'spring.config.activate.on-profile' [origin: class path resource [application.yaml] - 79:13]
2021-09-07 17:21:16,606 WARN  o.s.b.c.config.ConfigDataEnvironment -  Property 'spring.profiles' imported from location 'class path resource [application.yaml]' is invalid and should be replaced with 'spring.config.activate.on-profile' [origin: class path resource [application.yaml] - 60:13]
2021-09-07 17:21:16,606 WARN  o.s.b.c.config.ConfigDataEnvironment -  Property 'spring.profiles' imported from location 'class path resource [application.yaml]' is invalid and should be replaced with 'spring.config.activate.on-profile' [origin: class path resource [application.yaml] - 36:13]
2021-09-07 17:21:17,409 INFO  o.s.d.r.c.RepositoryConfigurationDelegate -  Multiple Spring Data modules found, entering strict repository configuration mode!
2021-09-07 17:21:17,411 INFO  o.s.d.r.c.RepositoryConfigurationDelegate -  Bootstrapping Spring Data JPA repositories in DEFAULT mode.
2021-09-07 17:21:17,462 INFO  o.s.d.r.c.RepositoryConfigurationExtensionSupport -  Spring Data JPA - Could not safely identify store assignment for repository candidate interface com.garak.ingestor.repository.MobilityNosqlRepository. If you want this repository to be a JPA repository, consider annotating your entities with one of these annotations: javax.persistence.Entity, javax.persistence.MappedSuperclass (preferred), or consider extending one of the following types with your repository: org.springframework.data.jpa.repository.JpaRepository.
2021-09-07 17:21:17,485 INFO  o.s.d.r.c.RepositoryConfigurationDelegate -  Finished Spring Data repository scanning in 68 ms. Found 6 JPA repository interfaces.
2021-09-07 17:21:17,491 INFO  o.s.d.r.c.RepositoryConfigurationDelegate -  Multiple Spring Data modules found, entering strict repository configuration mode!
2021-09-07 17:21:17,491 INFO  o.s.d.r.c.RepositoryConfigurationDelegate -  Bootstrapping Spring Data MongoDB repositories in DEFAULT mode.
2021-09-07 17:21:17,498 INFO  o.s.d.r.c.RepositoryConfigurationExtensionSupport -  Spring Data MongoDB - Could not safely identify store assignment for repository candidate interface com.garak.ingestor.repository.CodeDetailRDBRepository. If you want this repository to be a MongoDB repository, consider annotating your entities with one of these annotations: org.springframework.data.mongodb.core.mapping.Document (preferred), or consider extending one of the following types with your repository: org.springframework.data.mongodb.repository.MongoRepository.
2021-09-07 17:21:17,498 INFO  o.s.d.r.c.RepositoryConfigurationExtensionSupport -  Spring Data MongoDB - Could not safely identify store assignment for repository candidate interface com.garak.ingestor.repository.EventRepository. If you want this repository to be a MongoDB repository, consider annotating your entities with one of these annotations: org.springframework.data.mongodb.core.mapping.Document (preferred), or consider extending one of the following types with your repository: org.springframework.data.mongodb.repository.MongoRepository.
2021-09-07 17:21:17,499 INFO  o.s.d.r.c.RepositoryConfigurationExtensionSupport -  Spring Data MongoDB - Could not safely identify store assignment for repository candidate interface com.garak.ingestor.repository.MobilityBatteryKitRDBRepository. If you want this repository to be a MongoDB repository, consider annotating your entities with one of these annotations: org.springframework.data.mongodb.core.mapping.Document (preferred), or consider extending one of the following types with your repository: org.springframework.data.mongodb.repository.MongoRepository.
2021-09-07 17:21:17,500 INFO  o.s.d.r.c.RepositoryConfigurationExtensionSupport -  Spring Data MongoDB - Could not safely identify store assignment for repository candidate interface com.garak.ingestor.repository.MobilityRDBRepository. If you want this repository to be a MongoDB repository, consider annotating your entities with one of these annotations: org.springframework.data.mongodb.core.mapping.Document (preferred), or consider extending one of the following types with your repository: org.springframework.data.mongodb.repository.MongoRepository.
2021-09-07 17:21:17,501 INFO  o.s.d.r.c.RepositoryConfigurationExtensionSupport -  Spring Data MongoDB - Could not safely identify store assignment for repository candidate interface com.garak.ingestor.repository.MobilityServRDBRepository. If you want this repository to be a MongoDB repository, consider annotating your entities with one of these annotations: org.springframework.data.mongodb.core.mapping.Document (preferred), or consider extending one of the following types with your repository: org.springframework.data.mongodb.repository.MongoRepository.
2021-09-07 17:21:17,501 INFO  o.s.d.r.c.RepositoryConfigurationExtensionSupport -  Spring Data MongoDB - Could not safely identify store assignment for repository candidate interface com.garak.ingestor.repository.UserRDBRepository. If you want this repository to be a MongoDB repository, consider annotating your entities with one of these annotations: org.springframework.data.mongodb.core.mapping.Document (preferred), or consider extending one of the following types with your repository: org.springframework.data.mongodb.repository.MongoRepository.
2021-09-07 17:21:17,505 INFO  o.s.d.r.c.RepositoryConfigurationDelegate -  Finished Spring Data repository scanning in 13 ms. Found 1 MongoDB repository interfaces.
2021-09-07 17:21:17,705 INFO  o.s.i.c.DefaultConfiguringBeanFactoryPostProcessor -  No bean named 'errorChannel' has been explicitly defined. Therefore, a default PublishSubscribeChannel will be created.
2021-09-07 17:21:17,714 INFO  o.s.i.c.DefaultConfiguringBeanFactoryPostProcessor -  No bean named 'integrationHeaderChannelRegistry' has been explicitly defined. Therefore, a default DefaultHeaderChannelRegistry will be created.
2021-09-07 17:21:17,772 INFO  o.s.c.s.PostProcessorRegistrationDelegate$BeanPostProcessorChecker -  Bean 'org.springframework.integration.config.IntegrationManagementConfiguration' of type [org.springframework.integration.config.IntegrationManagementConfiguration] is not eligible for getting processed by all BeanPostProcessors (for example: not eligible for auto-proxying)
2021-09-07 17:21:17,778 INFO  o.s.c.s.PostProcessorRegistrationDelegate$BeanPostProcessorChecker -  Bean 'integrationChannelResolver' of type [org.springframework.integration.support.channel.BeanFactoryChannelResolver] is not eligible for getting processed by all BeanPostProcessors (for example: not eligible for auto-proxying)
2021-09-07 17:21:17,779 INFO  o.s.c.s.PostProcessorRegistrationDelegate$BeanPostProcessorChecker -  Bean 'integrationDisposableAutoCreatedBeans' of type [org.springframework.integration.config.annotation.Disposables] is not eligible for getting processed by all BeanPostProcessors (for example: not eligible for auto-proxying)
2021-09-07 17:21:17,972 INFO  com.zaxxer.hikari.HikariDataSource -  HikariPool-1 - Starting...
2021-09-07 17:21:18,212 INFO  com.zaxxer.hikari.HikariDataSource -  HikariPool-1 - Start completed.
2021-09-07 17:21:18,247 INFO  o.h.jpa.internal.util.LogHelper -  HHH000204: Processing PersistenceUnitInfo [name: default]
2021-09-07 17:21:18,279 INFO  org.hibernate.Version -  HHH000412: Hibernate ORM core version 5.4.32.Final
2021-09-07 17:21:18,360 INFO  o.h.annotations.common.Version -  HCANN000001: Hibernate Commons Annotations {5.1.2.Final}
2021-09-07 17:21:18,438 INFO  org.hibernate.dialect.Dialect -  HHH000400: Using dialect: org.hibernate.dialect.MySQL5InnoDBDialect
2021-09-07 17:21:18,883 INFO  o.h.e.t.j.p.i.JtaPlatformInitiator -  HHH000490: Using JtaPlatform implementation: [org.hibernate.engine.transaction.jta.platform.internal.NoJtaPlatform]
2021-09-07 17:21:18,890 INFO  o.s.o.j.LocalContainerEntityManagerFactoryBean -  Initialized JPA EntityManagerFactory for persistence unit 'default'
2021-09-07 17:21:19,302 INFO  org.mongodb.driver.cluster -  Cluster created with settings {hosts=[175.106.98.100:27017], mode=SINGLE, requiredClusterType=UNKNOWN, serverSelectionTimeout='30000 ms'}
2021-09-07 17:21:19,384 INFO  org.mongodb.driver.connection -  Opened connection [connectionId{localValue:1, serverValue:7141}] to 175.106.98.100:27017
2021-09-07 17:21:19,386 INFO  org.mongodb.driver.connection -  Opened connection [connectionId{localValue:2, serverValue:7142}] to 175.106.98.100:27017
2021-09-07 17:21:19,386 INFO  org.mongodb.driver.cluster -  Monitor thread successfully connected to server with description ServerDescription{address=175.106.98.100:27017, type=STANDALONE, state=CONNECTED, ok=true, minWireVersion=0, maxWireVersion=6, maxDocumentSize=16777216, logicalSessionTimeoutMinutes=30, roundTripTimeNanos=21876735}
2021-09-07 17:21:19,903 DEBUG c.g.i.conf.MobilityStateBroker -  kit_id1
2021-09-07 17:21:19,903 DEBUG c.g.i.conf.MobilityStateBroker -  kit_id3
2021-09-07 17:21:19,903 DEBUG c.g.i.conf.MobilityStateBroker -  kit_id4
2021-09-07 17:21:20,390 INFO  o.s.b.a.e.web.EndpointLinksResolver -  Exposing 1 endpoint(s) beneath base path '/actuator'
2021-09-07 17:21:20,671 INFO  o.s.i.endpoint.EventDrivenConsumer -  Adding {logging-channel-adapter:_org.springframework.integration.errorLogger} as a subscriber to the 'errorChannel' channel
2021-09-07 17:21:20,671 INFO  o.s.i.c.PublishSubscribeChannel -  Channel 'application.errorChannel' has 1 subscriber(s).
2021-09-07 17:21:20,672 INFO  o.s.i.endpoint.EventDrivenConsumer -  started bean '_org.springframework.integration.errorLogger'
2021-09-07 17:21:20,672 INFO  o.s.i.endpoint.EventDrivenConsumer -  Adding {message-handler:mqttInboundConfiguration.handler.serviceActivator} as a subscriber to the 'mqttInputChannel' channel
2021-09-07 17:21:20,672 INFO  o.s.i.channel.DirectChannel -  Channel 'application.mqttInputChannel' has 1 subscriber(s).
2021-09-07 17:21:20,672 INFO  o.s.i.endpoint.EventDrivenConsumer -  started bean 'mqttInboundConfiguration.handler.serviceActivator'
2021-09-07 17:21:20,672 INFO  o.s.i.endpoint.EventDrivenConsumer -  Adding {message-handler:mqttOutboundConfiguration.mqttOutbound.serviceActivator} as a subscriber to the 'mqttOutboundChannel' channel
2021-09-07 17:21:20,672 INFO  o.s.i.channel.DirectChannel -  Channel 'application.mqttOutboundChannel' has 1 subscriber(s).
2021-09-07 17:21:20,672 INFO  o.s.i.endpoint.EventDrivenConsumer -  started bean 'mqttOutboundConfiguration.mqttOutbound.serviceActivator'
2021-09-07 17:21:20,672 INFO  o.s.i.g.GatewayProxyFactoryBean$MethodInvocationGateway -  started bean 'myGateway#sendToMqtt(byte[], String)'
2021-09-07 17:21:20,672 INFO  o.s.i.g.GatewayProxyFactoryBean$MethodInvocationGateway -  started bean 'myGateway#sendToMqtt(MqttMessage)'
2021-09-07 17:21:20,672 INFO  o.s.i.g.GatewayProxyFactoryBean$MethodInvocationGateway -  started bean 'myGateway#sendToMqtt(MqttMessage, String)'
2021-09-07 17:21:20,672 INFO  o.s.i.g.GatewayProxyFactoryBean$MethodInvocationGateway -  started bean 'myGateway#sendToMqtt(String, String)'
2021-09-07 17:21:20,672 INFO  o.s.i.g.GatewayProxyFactoryBean$MethodInvocationGateway -  started bean 'myGateway#sendToMqtt(String)'
2021-09-07 17:21:20,673 INFO  o.s.i.g.GatewayProxyFactoryBean -  started bean 'myGateway'
2021-09-07 17:21:21,028 INFO  o.s.i.m.i.MqttPahoMessageDrivenChannelAdapter -  started bean 'inbound'; defined in: 'class path resource [com/garak/ingestor/conf/MqttInboundConfiguration.class]'; from source: 'org.springframework.core.type.classreading.SimpleMethodMetadata@757529a4'
2021-09-07 17:21:21,125 INFO  o.s.b.w.e.netty.NettyWebServer -  Netty started on port 8080
2021-09-07 17:21:21,149 INFO  c.garak.ingestor.IngestorApplication -  Started IngestorApplication in 4.933 seconds (JVM running for 5.477)
2021-09-07 17:21:21,382 INFO  c.g.i.conf.MqttInboundConfiguration -  date print : >>>20210907052121382
2021-09-07 17:21:21,385 INFO  c.g.i.conf.MqttInboundConfiguration -   >>>>>>>>>>>> [t.getId()] = 1630990244
2021-09-07 17:21:21,545 INFO  org.mongodb.driver.connection -  Opened connection [connectionId{localValue:3, serverValue:7143}] to 175.106.98.100:27017
2021-09-07 17:21:21,576 INFO  c.g.i.conf.MqttInboundConfiguration -  date print : >>>20210907052121576
2021-09-07 17:21:21,577 INFO  c.g.i.conf.MqttInboundConfiguration -   >>>>>>>>>>>> [t.getId()] = 1630990244
2021-09-07 17:21:21,587 INFO  c.g.i.conf.MqttInboundConfiguration -  date print : >>>20210907052121587
2021-09-07 17:21:21,588 INFO  c.g.i.conf.MqttInboundConfiguration -   >>>>>>>>>>>> [t.getId()] = null
2021-09-07 17:22:07,033 INFO  c.g.i.conf.MqttInboundConfiguration -  date print : >>>20210907052207033
2021-09-07 17:22:07,034 INFO  c.g.i.conf.MqttInboundConfiguration -   >>>>>>>>>>>> [t.getId()] = 1630990244
2021-09-07 17:24:04,169 INFO  c.g.i.conf.MqttInboundConfiguration -  date print : >>>20210907052404169
2021-09-07 17:24:04,169 INFO  c.g.i.conf.MqttInboundConfiguration -   >>>>>>>>>>>> [t.getId()] = 1630990244
2021-09-07 17:26:50,751 INFO  o.s.b.a.SpringApplicationAdminMXBeanRegistrar$SpringApplicationAdmin -  Application shutdown requested.
2021-09-07 17:26:55,769 INFO  o.s.i.m.i.MqttPahoMessageDrivenChannelAdapter -  stopped bean 'inbound'; defined in: 'class path resource [com/garak/ingestor/conf/MqttInboundConfiguration.class]'; from source: 'org.springframework.core.type.classreading.SimpleMethodMetadata@757529a4'
2021-09-07 17:26:55,772 INFO  o.s.i.g.GatewayProxyFactoryBean$MethodInvocationGateway -  stopped bean 'myGateway#sendToMqtt(byte[], String)'
2021-09-07 17:26:55,772 INFO  o.s.i.g.GatewayProxyFactoryBean$MethodInvocationGateway -  stopped bean 'myGateway#sendToMqtt(MqttMessage)'
2021-09-07 17:26:55,772 INFO  o.s.i.g.GatewayProxyFactoryBean$MethodInvocationGateway -  stopped bean 'myGateway#sendToMqtt(MqttMessage, String)'
2021-09-07 17:26:55,773 INFO  o.s.i.g.GatewayProxyFactoryBean$MethodInvocationGateway -  stopped bean 'myGateway#sendToMqtt(String, String)'
2021-09-07 17:26:55,773 INFO  o.s.i.g.GatewayProxyFactoryBean$MethodInvocationGateway -  stopped bean 'myGateway#sendToMqtt(String)'
2021-09-07 17:26:55,773 INFO  o.s.i.g.GatewayProxyFactoryBean -  stopped bean 'myGateway'
2021-09-07 17:26:55,773 INFO  o.s.i.endpoint.EventDrivenConsumer -  Removing {logging-channel-adapter:_org.springframework.integration.errorLogger} as a subscriber to the 'errorChannel' channel
2021-09-07 17:26:55,773 INFO  o.s.i.c.PublishSubscribeChannel -  Channel 'application.errorChannel' has 0 subscriber(s).
2021-09-07 17:26:55,773 INFO  o.s.i.endpoint.EventDrivenConsumer -  stopped bean '_org.springframework.integration.errorLogger'
2021-09-07 17:26:55,773 INFO  o.s.i.endpoint.EventDrivenConsumer -  Removing {message-handler:mqttInboundConfiguration.handler.serviceActivator} as a subscriber to the 'mqttInputChannel' channel
2021-09-07 17:26:55,773 INFO  o.s.i.channel.DirectChannel -  Channel 'application.mqttInputChannel' has 0 subscriber(s).
2021-09-07 17:26:55,774 INFO  o.s.i.endpoint.EventDrivenConsumer -  stopped bean 'mqttInboundConfiguration.handler.serviceActivator'
2021-09-07 17:26:55,774 INFO  o.s.i.endpoint.EventDrivenConsumer -  Removing {message-handler:mqttOutboundConfiguration.mqttOutbound.serviceActivator} as a subscriber to the 'mqttOutboundChannel' channel
2021-09-07 17:26:55,774 INFO  o.s.i.channel.DirectChannel -  Channel 'application.mqttOutboundChannel' has 0 subscriber(s).
2021-09-07 17:26:55,774 INFO  o.s.i.endpoint.EventDrivenConsumer -  stopped bean 'mqttOutboundConfiguration.mqttOutbound.serviceActivator'
2021-09-07 17:26:55,786 INFO  org.mongodb.driver.connection -  Closed connection [connectionId{localValue:3, serverValue:7143}] to 175.106.98.100:27017 because the pool has been closed.
2021-09-07 17:26:55,789 INFO  o.s.o.j.LocalContainerEntityManagerFactoryBean -  Closing JPA EntityManagerFactory for persistence unit 'default'
2021-09-07 17:26:55,791 INFO  com.zaxxer.hikari.HikariDataSource -  HikariPool-1 - Shutdown initiated...
2021-09-07 17:26:55,799 INFO  com.zaxxer.hikari.HikariDataSource -  HikariPool-1 - Shutdown completed.
2021-09-07 17:27:02,464 INFO  c.garak.ingestor.IngestorApplication -  Starting IngestorApplication using Java 11.0.3 on JJKIN-MACBOOK with PID 26415 (/Users/skyang/eclipse-workspace/digitalworkspaces/MqttIngestor-Subscriber/target/classes started by skyang in /Users/skyang/eclipse-workspace/digitalworkspaces/MqttIngestor-Subscriber)
2021-09-07 17:27:02,466 DEBUG c.garak.ingestor.IngestorApplication -  Running with Spring Boot v2.5.2, Spring v5.3.8
2021-09-07 17:27:02,466 INFO  c.garak.ingestor.IngestorApplication -  The following profiles are active: dev
2021-09-07 17:27:02,497 WARN  o.s.b.c.config.ConfigDataEnvironment -  Property 'spring.profiles' imported from location 'class path resource [application.yaml]' is invalid and should be replaced with 'spring.config.activate.on-profile' [origin: class path resource [application.yaml] - 79:13]
2021-09-07 17:27:02,497 WARN  o.s.b.c.config.ConfigDataEnvironment -  Property 'spring.profiles' imported from location 'class path resource [application.yaml]' is invalid and should be replaced with 'spring.config.activate.on-profile' [origin: class path resource [application.yaml] - 60:13]
2021-09-07 17:27:02,497 WARN  o.s.b.c.config.ConfigDataEnvironment -  Property 'spring.profiles' imported from location 'class path resource [application.yaml]' is invalid and should be replaced with 'spring.config.activate.on-profile' [origin: class path resource [application.yaml] - 36:13]
2021-09-07 17:27:03,155 INFO  o.s.d.r.c.RepositoryConfigurationDelegate -  Multiple Spring Data modules found, entering strict repository configuration mode!
2021-09-07 17:27:03,156 INFO  o.s.d.r.c.RepositoryConfigurationDelegate -  Bootstrapping Spring Data JPA repositories in DEFAULT mode.
2021-09-07 17:27:03,211 INFO  o.s.d.r.c.RepositoryConfigurationExtensionSupport -  Spring Data JPA - Could not safely identify store assignment for repository candidate interface com.garak.ingestor.repository.MobilityNosqlRepository. If you want this repository to be a JPA repository, consider annotating your entities with one of these annotations: javax.persistence.Entity, javax.persistence.MappedSuperclass (preferred), or consider extending one of the following types with your repository: org.springframework.data.jpa.repository.JpaRepository.
2021-09-07 17:27:03,234 INFO  o.s.d.r.c.RepositoryConfigurationDelegate -  Finished Spring Data repository scanning in 72 ms. Found 6 JPA repository interfaces.
2021-09-07 17:27:03,241 INFO  o.s.d.r.c.RepositoryConfigurationDelegate -  Multiple Spring Data modules found, entering strict repository configuration mode!
2021-09-07 17:27:03,241 INFO  o.s.d.r.c.RepositoryConfigurationDelegate -  Bootstrapping Spring Data MongoDB repositories in DEFAULT mode.
2021-09-07 17:27:03,248 INFO  o.s.d.r.c.RepositoryConfigurationExtensionSupport -  Spring Data MongoDB - Could not safely identify store assignment for repository candidate interface com.garak.ingestor.repository.CodeDetailRDBRepository. If you want this repository to be a MongoDB repository, consider annotating your entities with one of these annotations: org.springframework.data.mongodb.core.mapping.Document (preferred), or consider extending one of the following types with your repository: org.springframework.data.mongodb.repository.MongoRepository.
2021-09-07 17:27:03,248 INFO  o.s.d.r.c.RepositoryConfigurationExtensionSupport -  Spring Data MongoDB - Could not safely identify store assignment for repository candidate interface com.garak.ingestor.repository.EventRepository. If you want this repository to be a MongoDB repository, consider annotating your entities with one of these annotations: org.springframework.data.mongodb.core.mapping.Document (preferred), or consider extending one of the following types with your repository: org.springframework.data.mongodb.repository.MongoRepository.
2021-09-07 17:27:03,249 INFO  o.s.d.r.c.RepositoryConfigurationExtensionSupport -  Spring Data MongoDB - Could not safely identify store assignment for repository candidate interface com.garak.ingestor.repository.MobilityBatteryKitRDBRepository. If you want this repository to be a MongoDB repository, consider annotating your entities with one of these annotations: org.springframework.data.mongodb.core.mapping.Document (preferred), or consider extending one of the following types with your repository: org.springframework.data.mongodb.repository.MongoRepository.
2021-09-07 17:27:03,250 INFO  o.s.d.r.c.RepositoryConfigurationExtensionSupport -  Spring Data MongoDB - Could not safely identify store assignment for repository candidate interface com.garak.ingestor.repository.MobilityRDBRepository. If you want this repository to be a MongoDB repository, consider annotating your entities with one of these annotations: org.springframework.data.mongodb.core.mapping.Document (preferred), or consider extending one of the following types with your repository: org.springframework.data.mongodb.repository.MongoRepository.
2021-09-07 17:27:03,252 INFO  o.s.d.r.c.RepositoryConfigurationExtensionSupport -  Spring Data MongoDB - Could not safely identify store assignment for repository candidate interface com.garak.ingestor.repository.MobilityServRDBRepository. If you want this repository to be a MongoDB repository, consider annotating your entities with one of these annotations: org.springframework.data.mongodb.core.mapping.Document (preferred), or consider extending one of the following types with your repository: org.springframework.data.mongodb.repository.MongoRepository.
2021-09-07 17:27:03,253 INFO  o.s.d.r.c.RepositoryConfigurationExtensionSupport -  Spring Data MongoDB - Could not safely identify store assignment for repository candidate interface com.garak.ingestor.repository.UserRDBRepository. If you want this repository to be a MongoDB repository, consider annotating your entities with one of these annotations: org.springframework.data.mongodb.core.mapping.Document (preferred), or consider extending one of the following types with your repository: org.springframework.data.mongodb.repository.MongoRepository.
2021-09-07 17:27:03,257 INFO  o.s.d.r.c.RepositoryConfigurationDelegate -  Finished Spring Data repository scanning in 15 ms. Found 1 MongoDB repository interfaces.
2021-09-07 17:27:03,457 INFO  o.s.i.c.DefaultConfiguringBeanFactoryPostProcessor -  No bean named 'errorChannel' has been explicitly defined. Therefore, a default PublishSubscribeChannel will be created.
2021-09-07 17:27:03,465 INFO  o.s.i.c.DefaultConfiguringBeanFactoryPostProcessor -  No bean named 'integrationHeaderChannelRegistry' has been explicitly defined. Therefore, a default DefaultHeaderChannelRegistry will be created.
2021-09-07 17:27:03,540 INFO  o.s.c.s.PostProcessorRegistrationDelegate$BeanPostProcessorChecker -  Bean 'org.springframework.integration.config.IntegrationManagementConfiguration' of type [org.springframework.integration.config.IntegrationManagementConfiguration] is not eligible for getting processed by all BeanPostProcessors (for example: not eligible for auto-proxying)
2021-09-07 17:27:03,546 INFO  o.s.c.s.PostProcessorRegistrationDelegate$BeanPostProcessorChecker -  Bean 'integrationChannelResolver' of type [org.springframework.integration.support.channel.BeanFactoryChannelResolver] is not eligible for getting processed by all BeanPostProcessors (for example: not eligible for auto-proxying)
2021-09-07 17:27:03,547 INFO  o.s.c.s.PostProcessorRegistrationDelegate$BeanPostProcessorChecker -  Bean 'integrationDisposableAutoCreatedBeans' of type [org.springframework.integration.config.annotation.Disposables] is not eligible for getting processed by all BeanPostProcessors (for example: not eligible for auto-proxying)
2021-09-07 17:27:03,725 INFO  com.zaxxer.hikari.HikariDataSource -  HikariPool-1 - Starting...
2021-09-07 17:27:03,954 INFO  com.zaxxer.hikari.HikariDataSource -  HikariPool-1 - Start completed.
2021-09-07 17:27:03,987 INFO  o.h.jpa.internal.util.LogHelper -  HHH000204: Processing PersistenceUnitInfo [name: default]
2021-09-07 17:27:04,017 INFO  org.hibernate.Version -  HHH000412: Hibernate ORM core version 5.4.32.Final
2021-09-07 17:27:04,093 INFO  o.h.annotations.common.Version -  HCANN000001: Hibernate Commons Annotations {5.1.2.Final}
2021-09-07 17:27:04,166 INFO  org.hibernate.dialect.Dialect -  HHH000400: Using dialect: org.hibernate.dialect.MySQL5InnoDBDialect
2021-09-07 17:27:04,652 INFO  o.h.e.t.j.p.i.JtaPlatformInitiator -  HHH000490: Using JtaPlatform implementation: [org.hibernate.engine.transaction.jta.platform.internal.NoJtaPlatform]
2021-09-07 17:27:04,660 INFO  o.s.o.j.LocalContainerEntityManagerFactoryBean -  Initialized JPA EntityManagerFactory for persistence unit 'default'
2021-09-07 17:27:05,114 INFO  org.mongodb.driver.cluster -  Cluster created with settings {hosts=[175.106.98.100:27017], mode=SINGLE, requiredClusterType=UNKNOWN, serverSelectionTimeout='30000 ms'}
2021-09-07 17:27:05,206 INFO  org.mongodb.driver.connection -  Opened connection [connectionId{localValue:1, serverValue:7144}] to 175.106.98.100:27017
2021-09-07 17:27:05,206 INFO  org.mongodb.driver.connection -  Opened connection [connectionId{localValue:2, serverValue:7145}] to 175.106.98.100:27017
2021-09-07 17:27:05,207 INFO  org.mongodb.driver.cluster -  Monitor thread successfully connected to server with description ServerDescription{address=175.106.98.100:27017, type=STANDALONE, state=CONNECTED, ok=true, minWireVersion=0, maxWireVersion=6, maxDocumentSize=16777216, logicalSessionTimeoutMinutes=30, roundTripTimeNanos=22623357}
2021-09-07 17:27:05,742 DEBUG c.g.i.conf.MobilityStateBroker -  kit_id1
2021-09-07 17:27:05,742 DEBUG c.g.i.conf.MobilityStateBroker -  kit_id3
2021-09-07 17:27:05,742 DEBUG c.g.i.conf.MobilityStateBroker -  kit_id4
2021-09-07 17:27:06,227 INFO  o.s.b.a.e.web.EndpointLinksResolver -  Exposing 1 endpoint(s) beneath base path '/actuator'
2021-09-07 17:27:06,509 INFO  o.s.i.endpoint.EventDrivenConsumer -  Adding {logging-channel-adapter:_org.springframework.integration.errorLogger} as a subscriber to the 'errorChannel' channel
2021-09-07 17:27:06,510 INFO  o.s.i.c.PublishSubscribeChannel -  Channel 'application.errorChannel' has 1 subscriber(s).
2021-09-07 17:27:06,510 INFO  o.s.i.endpoint.EventDrivenConsumer -  started bean '_org.springframework.integration.errorLogger'
2021-09-07 17:27:06,510 INFO  o.s.i.endpoint.EventDrivenConsumer -  Adding {message-handler:mqttInboundConfiguration.handler.serviceActivator} as a subscriber to the 'mqttInputChannel' channel
2021-09-07 17:27:06,510 INFO  o.s.i.channel.DirectChannel -  Channel 'application.mqttInputChannel' has 1 subscriber(s).
2021-09-07 17:27:06,510 INFO  o.s.i.endpoint.EventDrivenConsumer -  started bean 'mqttInboundConfiguration.handler.serviceActivator'
2021-09-07 17:27:06,510 INFO  o.s.i.endpoint.EventDrivenConsumer -  Adding {message-handler:mqttOutboundConfiguration.mqttOutbound.serviceActivator} as a subscriber to the 'mqttOutboundChannel' channel
2021-09-07 17:27:06,510 INFO  o.s.i.channel.DirectChannel -  Channel 'application.mqttOutboundChannel' has 1 subscriber(s).
2021-09-07 17:27:06,510 INFO  o.s.i.endpoint.EventDrivenConsumer -  started bean 'mqttOutboundConfiguration.mqttOutbound.serviceActivator'
2021-09-07 17:27:06,510 INFO  o.s.i.g.GatewayProxyFactoryBean$MethodInvocationGateway -  started bean 'myGateway#sendToMqtt(byte[], String)'
2021-09-07 17:27:06,510 INFO  o.s.i.g.GatewayProxyFactoryBean$MethodInvocationGateway -  started bean 'myGateway#sendToMqtt(MqttMessage)'
2021-09-07 17:27:06,510 INFO  o.s.i.g.GatewayProxyFactoryBean$MethodInvocationGateway -  started bean 'myGateway#sendToMqtt(MqttMessage, String)'
2021-09-07 17:27:06,511 INFO  o.s.i.g.GatewayProxyFactoryBean$MethodInvocationGateway -  started bean 'myGateway#sendToMqtt(String, String)'
2021-09-07 17:27:06,511 INFO  o.s.i.g.GatewayProxyFactoryBean$MethodInvocationGateway -  started bean 'myGateway#sendToMqtt(String)'
2021-09-07 17:27:06,511 INFO  o.s.i.g.GatewayProxyFactoryBean -  started bean 'myGateway'
2021-09-07 17:27:06,884 INFO  o.s.i.m.i.MqttPahoMessageDrivenChannelAdapter -  started bean 'inbound'; defined in: 'class path resource [com/garak/ingestor/conf/MqttInboundConfiguration.class]'; from source: 'org.springframework.core.type.classreading.SimpleMethodMetadata@5eccd3b9'
2021-09-07 17:27:06,972 INFO  o.s.b.w.e.netty.NettyWebServer -  Netty started on port 8080
2021-09-07 17:27:06,995 INFO  c.garak.ingestor.IngestorApplication -  Started IngestorApplication in 4.82 seconds (JVM running for 5.324)
2021-09-07 17:27:07,243 INFO  c.g.i.conf.MqttInboundConfiguration -  date print : >>>20210907172707243
2021-09-07 17:27:07,246 INFO  c.g.i.conf.MqttInboundConfiguration -   >>>>>>>>>>>> [t.getId()] = 1630990244
2021-09-07 17:27:07,408 INFO  org.mongodb.driver.connection -  Opened connection [connectionId{localValue:3, serverValue:7146}] to 175.106.98.100:27017
2021-09-07 17:27:07,438 INFO  c.g.i.conf.MqttInboundConfiguration -  date print : >>>20210907172707438
2021-09-07 17:27:07,438 INFO  c.g.i.conf.MqttInboundConfiguration -   >>>>>>>>>>>> [t.getId()] = 1630990244
2021-09-07 17:27:07,450 INFO  c.g.i.conf.MqttInboundConfiguration -  date print : >>>20210907172707450
2021-09-07 17:27:07,450 INFO  c.g.i.conf.MqttInboundConfiguration -   >>>>>>>>>>>> [t.getId()] = null
2021-09-07 17:27:09,536 INFO  c.g.i.conf.MqttInboundConfiguration -  date print : >>>20210907172709536
2021-09-07 17:27:09,536 INFO  c.g.i.conf.MqttInboundConfiguration -   >>>>>>>>>>>> [t.getId()] = 1630990244
2021-09-07 17:27:21,224 INFO  o.s.b.a.SpringApplicationAdminMXBeanRegistrar$SpringApplicationAdmin -  Application shutdown requested.
2021-09-07 17:27:26,245 INFO  o.s.i.m.i.MqttPahoMessageDrivenChannelAdapter -  stopped bean 'inbound'; defined in: 'class path resource [com/garak/ingestor/conf/MqttInboundConfiguration.class]'; from source: 'org.springframework.core.type.classreading.SimpleMethodMetadata@5eccd3b9'
2021-09-07 17:27:26,248 INFO  o.s.i.g.GatewayProxyFactoryBean$MethodInvocationGateway -  stopped bean 'myGateway#sendToMqtt(byte[], String)'
2021-09-07 17:27:26,248 INFO  o.s.i.g.GatewayProxyFactoryBean$MethodInvocationGateway -  stopped bean 'myGateway#sendToMqtt(MqttMessage)'
2021-09-07 17:27:26,248 INFO  o.s.i.g.GatewayProxyFactoryBean$MethodInvocationGateway -  stopped bean 'myGateway#sendToMqtt(MqttMessage, String)'
2021-09-07 17:27:26,248 INFO  o.s.i.g.GatewayProxyFactoryBean$MethodInvocationGateway -  stopped bean 'myGateway#sendToMqtt(String, String)'
2021-09-07 17:27:26,248 INFO  o.s.i.g.GatewayProxyFactoryBean$MethodInvocationGateway -  stopped bean 'myGateway#sendToMqtt(String)'
2021-09-07 17:27:26,248 INFO  o.s.i.g.GatewayProxyFactoryBean -  stopped bean 'myGateway'
2021-09-07 17:27:26,248 INFO  o.s.i.endpoint.EventDrivenConsumer -  Removing {logging-channel-adapter:_org.springframework.integration.errorLogger} as a subscriber to the 'errorChannel' channel
2021-09-07 17:27:26,248 INFO  o.s.i.c.PublishSubscribeChannel -  Channel 'application.errorChannel' has 0 subscriber(s).
2021-09-07 17:27:26,249 INFO  o.s.i.endpoint.EventDrivenConsumer -  stopped bean '_org.springframework.integration.errorLogger'
2021-09-07 17:27:26,249 INFO  o.s.i.endpoint.EventDrivenConsumer -  Removing {message-handler:mqttInboundConfiguration.handler.serviceActivator} as a subscriber to the 'mqttInputChannel' channel
2021-09-07 17:27:26,249 INFO  o.s.i.channel.DirectChannel -  Channel 'application.mqttInputChannel' has 0 subscriber(s).
2021-09-07 17:27:26,249 INFO  o.s.i.endpoint.EventDrivenConsumer -  stopped bean 'mqttInboundConfiguration.handler.serviceActivator'
2021-09-07 17:27:26,249 INFO  o.s.i.endpoint.EventDrivenConsumer -  Removing {message-handler:mqttOutboundConfiguration.mqttOutbound.serviceActivator} as a subscriber to the 'mqttOutboundChannel' channel
2021-09-07 17:27:26,249 INFO  o.s.i.channel.DirectChannel -  Channel 'application.mqttOutboundChannel' has 0 subscriber(s).
2021-09-07 17:27:26,249 INFO  o.s.i.endpoint.EventDrivenConsumer -  stopped bean 'mqttOutboundConfiguration.mqttOutbound.serviceActivator'
2021-09-07 17:27:26,262 INFO  org.mongodb.driver.connection -  Closed connection [connectionId{localValue:3, serverValue:7146}] to 175.106.98.100:27017 because the pool has been closed.
2021-09-07 17:27:26,265 INFO  o.s.o.j.LocalContainerEntityManagerFactoryBean -  Closing JPA EntityManagerFactory for persistence unit 'default'
2021-09-07 17:27:26,268 INFO  com.zaxxer.hikari.HikariDataSource -  HikariPool-1 - Shutdown initiated...
2021-09-07 17:27:26,276 INFO  com.zaxxer.hikari.HikariDataSource -  HikariPool-1 - Shutdown completed.
