2021-08-23 09:23:40,671 INFO  c.g.i.IngestorApplicationTests -  Starting IngestorApplicationTests using Java 11.0.3 on JJKIN-MACBOOK with PID 10447 (started by skyang in /Users/skyang/eclipse-workspace/digitalworkspaces/MqttIngestor)
2021-08-23 09:23:40,674 DEBUG c.g.i.IngestorApplicationTests -  Running with Spring Boot v2.5.2, Spring v5.3.8
2021-08-23 09:23:40,675 INFO  c.g.i.IngestorApplicationTests -  The following profiles are active: dev
2021-08-23 09:23:40,713 WARN  o.s.b.c.config.ConfigDataEnvironment -  Property 'spring.profiles' imported from location 'class path resource [application.yaml]' is invalid and should be replaced with 'spring.config.activate.on-profile' [origin: class path resource [application.yaml] - 79:13]
2021-08-23 09:23:40,713 WARN  o.s.b.c.config.ConfigDataEnvironment -  Property 'spring.profiles' imported from location 'class path resource [application.yaml]' is invalid and should be replaced with 'spring.config.activate.on-profile' [origin: class path resource [application.yaml] - 60:13]
2021-08-23 09:23:40,713 WARN  o.s.b.c.config.ConfigDataEnvironment -  Property 'spring.profiles' imported from location 'class path resource [application.yaml]' is invalid and should be replaced with 'spring.config.activate.on-profile' [origin: class path resource [application.yaml] - 36:13]
2021-08-23 09:23:41,880 INFO  o.s.d.r.c.RepositoryConfigurationDelegate -  Multiple Spring Data modules found, entering strict repository configuration mode!
2021-08-23 09:23:41,883 INFO  o.s.d.r.c.RepositoryConfigurationDelegate -  Bootstrapping Spring Data JPA repositories in DEFAULT mode.
2021-08-23 09:23:42,107 INFO  o.s.d.r.c.RepositoryConfigurationExtensionSupport -  Spring Data JPA - Could not safely identify store assignment for repository candidate interface com.garak.ingestor.nosql.repository.MobilityRepository. If you want this repository to be a JPA repository, consider annotating your entities with one of these annotations: javax.persistence.Entity, javax.persistence.MappedSuperclass (preferred), or consider extending one of the following types with your repository: org.springframework.data.jpa.repository.JpaRepository.
2021-08-23 09:23:42,125 INFO  o.s.d.r.c.RepositoryConfigurationDelegate -  Finished Spring Data repository scanning in 233 ms. Found 4 JPA repository interfaces.
2021-08-23 09:23:42,132 INFO  o.s.d.r.c.RepositoryConfigurationDelegate -  Multiple Spring Data modules found, entering strict repository configuration mode!
2021-08-23 09:23:42,132 INFO  o.s.d.r.c.RepositoryConfigurationDelegate -  Bootstrapping Spring Data MongoDB repositories in DEFAULT mode.
2021-08-23 09:23:42,138 INFO  o.s.d.r.c.RepositoryConfigurationExtensionSupport -  Spring Data MongoDB - Could not safely identify store assignment for repository candidate interface com.garak.ingestor.nosql.repository.EventRepository. If you want this repository to be a MongoDB repository, consider annotating your entities with one of these annotations: org.springframework.data.mongodb.core.mapping.Document (preferred), or consider extending one of the following types with your repository: org.springframework.data.mongodb.repository.MongoRepository.
2021-08-23 09:23:42,139 INFO  o.s.d.r.c.RepositoryConfigurationExtensionSupport -  Spring Data MongoDB - Could not safely identify store assignment for repository candidate interface com.garak.ingestor.nosql.repository.MobilityKitRDBRepository. If you want this repository to be a MongoDB repository, consider annotating your entities with one of these annotations: org.springframework.data.mongodb.core.mapping.Document (preferred), or consider extending one of the following types with your repository: org.springframework.data.mongodb.repository.MongoRepository.
2021-08-23 09:23:42,139 INFO  o.s.d.r.c.RepositoryConfigurationExtensionSupport -  Spring Data MongoDB - Could not safely identify store assignment for repository candidate interface com.garak.ingestor.nosql.repository.MobilityRDBRepository. If you want this repository to be a MongoDB repository, consider annotating your entities with one of these annotations: org.springframework.data.mongodb.core.mapping.Document (preferred), or consider extending one of the following types with your repository: org.springframework.data.mongodb.repository.MongoRepository.
2021-08-23 09:23:42,141 INFO  o.s.d.r.c.RepositoryConfigurationExtensionSupport -  Spring Data MongoDB - Could not safely identify store assignment for repository candidate interface com.garak.ingestor.nosql.repository.MobilityServRDBRepository. If you want this repository to be a MongoDB repository, consider annotating your entities with one of these annotations: org.springframework.data.mongodb.core.mapping.Document (preferred), or consider extending one of the following types with your repository: org.springframework.data.mongodb.repository.MongoRepository.
2021-08-23 09:23:42,144 INFO  o.s.d.r.c.RepositoryConfigurationDelegate -  Finished Spring Data repository scanning in 12 ms. Found 1 MongoDB repository interfaces.
2021-08-23 09:23:42,445 INFO  o.s.i.c.DefaultConfiguringBeanFactoryPostProcessor -  No bean named 'errorChannel' has been explicitly defined. Therefore, a default PublishSubscribeChannel will be created.
2021-08-23 09:23:42,459 INFO  o.s.i.c.DefaultConfiguringBeanFactoryPostProcessor -  No bean named 'integrationHeaderChannelRegistry' has been explicitly defined. Therefore, a default DefaultHeaderChannelRegistry will be created.
2021-08-23 09:23:42,605 INFO  o.s.c.s.PostProcessorRegistrationDelegate$BeanPostProcessorChecker -  Bean 'org.springframework.integration.config.IntegrationManagementConfiguration' of type [org.springframework.integration.config.IntegrationManagementConfiguration] is not eligible for getting processed by all BeanPostProcessors (for example: not eligible for auto-proxying)
2021-08-23 09:23:42,636 INFO  o.s.c.s.PostProcessorRegistrationDelegate$BeanPostProcessorChecker -  Bean 'integrationChannelResolver' of type [org.springframework.integration.support.channel.BeanFactoryChannelResolver] is not eligible for getting processed by all BeanPostProcessors (for example: not eligible for auto-proxying)
2021-08-23 09:23:42,640 INFO  o.s.c.s.PostProcessorRegistrationDelegate$BeanPostProcessorChecker -  Bean 'integrationDisposableAutoCreatedBeans' of type [org.springframework.integration.config.annotation.Disposables] is not eligible for getting processed by all BeanPostProcessors (for example: not eligible for auto-proxying)
2021-08-23 09:23:42,917 INFO  com.zaxxer.hikari.HikariDataSource -  HikariPool-1 - Starting...
2021-08-23 09:23:43,308 INFO  com.zaxxer.hikari.HikariDataSource -  HikariPool-1 - Start completed.
2021-08-23 09:23:43,396 INFO  o.h.jpa.internal.util.LogHelper -  HHH000204: Processing PersistenceUnitInfo [name: default]
2021-08-23 09:23:43,494 INFO  org.hibernate.Version -  HHH000412: Hibernate ORM core version 5.4.32.Final
2021-08-23 09:23:43,740 INFO  o.h.annotations.common.Version -  HCANN000001: Hibernate Commons Annotations {5.1.2.Final}
2021-08-23 09:23:43,920 INFO  org.hibernate.dialect.Dialect -  HHH000400: Using dialect: org.hibernate.dialect.MySQL5InnoDBDialect
2021-08-23 09:23:44,694 INFO  o.h.e.t.j.p.i.JtaPlatformInitiator -  HHH000490: Using JtaPlatform implementation: [org.hibernate.engine.transaction.jta.platform.internal.NoJtaPlatform]
2021-08-23 09:23:44,703 INFO  o.s.o.j.LocalContainerEntityManagerFactoryBean -  Initialized JPA EntityManagerFactory for persistence unit 'default'
2021-08-23 09:23:45,436 INFO  org.mongodb.driver.cluster -  Cluster created with settings {hosts=[175.106.98.100:27017], mode=SINGLE, requiredClusterType=UNKNOWN, serverSelectionTimeout='30000 ms'}
2021-08-23 09:23:45,546 INFO  org.mongodb.driver.connection -  Opened connection [connectionId{localValue:2, serverValue:900}] to 175.106.98.100:27017
2021-08-23 09:23:45,547 INFO  org.mongodb.driver.connection -  Opened connection [connectionId{localValue:1, serverValue:899}] to 175.106.98.100:27017
2021-08-23 09:23:45,548 INFO  org.mongodb.driver.cluster -  Monitor thread successfully connected to server with description ServerDescription{address=175.106.98.100:27017, type=STANDALONE, state=CONNECTED, ok=true, minWireVersion=0, maxWireVersion=6, maxDocumentSize=16777216, logicalSessionTimeoutMinutes=30, roundTripTimeNanos=33756767}
2021-08-23 09:23:46,355 DEBUG c.g.i.conf.MobilityStateBroker -  kit_id1
2021-08-23 09:23:47,289 INFO  o.s.b.a.e.web.EndpointLinksResolver -  Exposing 1 endpoint(s) beneath base path '/actuator'
2021-08-23 09:23:47,764 INFO  o.s.i.endpoint.EventDrivenConsumer -  Adding {logging-channel-adapter:_org.springframework.integration.errorLogger} as a subscriber to the 'errorChannel' channel
2021-08-23 09:23:47,765 INFO  o.s.i.c.PublishSubscribeChannel -  Channel 'application.errorChannel' has 1 subscriber(s).
2021-08-23 09:23:47,765 INFO  o.s.i.endpoint.EventDrivenConsumer -  started bean '_org.springframework.integration.errorLogger'
2021-08-23 09:23:47,765 INFO  o.s.i.endpoint.EventDrivenConsumer -  Adding {message-handler:mqttConfiguration.handler.serviceActivator} as a subscriber to the 'mqttInputChannel' channel
2021-08-23 09:23:47,765 INFO  o.s.i.channel.DirectChannel -  Channel 'application.mqttInputChannel' has 1 subscriber(s).
2021-08-23 09:23:47,765 INFO  o.s.i.endpoint.EventDrivenConsumer -  started bean 'mqttConfiguration.handler.serviceActivator'
2021-08-23 09:23:48,179 INFO  o.s.i.m.i.MqttPahoMessageDrivenChannelAdapter -  started bean 'inbound'; defined in: 'class path resource [com/garak/ingestor/conf/MqttConfiguration.class]'; from source: 'org.springframework.core.type.classreading.SimpleMethodMetadata@5ff60a8c'
2021-08-23 09:23:48,192 INFO  c.g.i.IngestorApplicationTests -  Started IngestorApplicationTests in 8.041 seconds (JVM running for 9.3)
2021-08-23 09:23:53,395 INFO  o.s.i.m.i.MqttPahoMessageDrivenChannelAdapter -  stopped bean 'inbound'; defined in: 'class path resource [com/garak/ingestor/conf/MqttConfiguration.class]'; from source: 'org.springframework.core.type.classreading.SimpleMethodMetadata@5ff60a8c'
2021-08-23 09:23:53,395 INFO  o.s.i.endpoint.EventDrivenConsumer -  Removing {logging-channel-adapter:_org.springframework.integration.errorLogger} as a subscriber to the 'errorChannel' channel
2021-08-23 09:23:53,396 INFO  o.s.i.c.PublishSubscribeChannel -  Channel 'application.errorChannel' has 0 subscriber(s).
2021-08-23 09:23:53,396 INFO  o.s.i.endpoint.EventDrivenConsumer -  stopped bean '_org.springframework.integration.errorLogger'
2021-08-23 09:23:53,396 INFO  o.s.i.endpoint.EventDrivenConsumer -  Removing {message-handler:mqttConfiguration.handler.serviceActivator} as a subscriber to the 'mqttInputChannel' channel
2021-08-23 09:23:53,396 INFO  o.s.i.channel.DirectChannel -  Channel 'application.mqttInputChannel' has 0 subscriber(s).
2021-08-23 09:23:53,396 INFO  o.s.i.endpoint.EventDrivenConsumer -  stopped bean 'mqttConfiguration.handler.serviceActivator'
2021-08-23 09:23:53,413 INFO  o.s.o.j.LocalContainerEntityManagerFactoryBean -  Closing JPA EntityManagerFactory for persistence unit 'default'
2021-08-23 09:23:53,415 INFO  com.zaxxer.hikari.HikariDataSource -  HikariPool-1 - Shutdown initiated...
2021-08-23 09:23:53,429 INFO  com.zaxxer.hikari.HikariDataSource -  HikariPool-1 - Shutdown completed.
