2021-08-05 16:00:46,610 INFO  c.garak.ingestor.IngestorApplication -  Starting IngestorApplication using Java 11.0.3 on JJKIN-MACBOOK with PID 109 (/Users/skyang/eclipse-workspace/digitalworkspaces/MqttIngestor/target/classes started by skyang in /Users/skyang/eclipse-workspace/digitalworkspaces/MqttIngestor)
2021-08-05 16:00:46,619 DEBUG c.garak.ingestor.IngestorApplication -  Running with Spring Boot v2.5.2, Spring v5.3.8
2021-08-05 16:00:46,619 INFO  c.garak.ingestor.IngestorApplication -  The following profiles are active: dev
2021-08-05 16:00:46,669 WARN  o.s.b.c.config.ConfigDataEnvironment -  Property 'spring.profiles' imported from location 'class path resource [application.yaml]' is invalid and should be replaced with 'spring.config.activate.on-profile' [origin: class path resource [application.yaml] - 75:13]
2021-08-05 16:00:46,669 WARN  o.s.b.c.config.ConfigDataEnvironment -  Property 'spring.profiles' imported from location 'class path resource [application.yaml]' is invalid and should be replaced with 'spring.config.activate.on-profile' [origin: class path resource [application.yaml] - 56:13]
2021-08-05 16:00:46,669 WARN  o.s.b.c.config.ConfigDataEnvironment -  Property 'spring.profiles' imported from location 'class path resource [application.yaml]' is invalid and should be replaced with 'spring.config.activate.on-profile' [origin: class path resource [application.yaml] - 36:13]
2021-08-05 16:00:47,977 INFO  o.s.d.r.c.RepositoryConfigurationDelegate -  Multiple Spring Data modules found, entering strict repository configuration mode!
2021-08-05 16:00:47,977 INFO  o.s.d.r.c.RepositoryConfigurationDelegate -  Bootstrapping Spring Data JPA repositories in DEFAULT mode.
2021-08-05 16:00:48,056 INFO  o.s.d.r.c.RepositoryConfigurationExtensionSupport -  Spring Data JPA - Could not safely identify store assignment for repository candidate interface com.garak.ingestor.nosql.repository.MobilityRepository. If you want this repository to be a JPA repository, consider annotating your entities with one of these annotations: javax.persistence.Entity, javax.persistence.MappedSuperclass (preferred), or consider extending one of the following types with your repository: org.springframework.data.jpa.repository.JpaRepository.
2021-08-05 16:00:48,074 INFO  o.s.d.r.c.RepositoryConfigurationDelegate -  Finished Spring Data repository scanning in 86 ms. Found 2 JPA repository interfaces.
2021-08-05 16:00:48,084 INFO  o.s.d.r.c.RepositoryConfigurationDelegate -  Multiple Spring Data modules found, entering strict repository configuration mode!
2021-08-05 16:00:48,084 INFO  o.s.d.r.c.RepositoryConfigurationDelegate -  Bootstrapping Spring Data MongoDB repositories in DEFAULT mode.
2021-08-05 16:00:48,090 INFO  o.s.d.r.c.RepositoryConfigurationExtensionSupport -  Spring Data MongoDB - Could not safely identify store assignment for repository candidate interface com.garak.ingestor.nosql.repository.EventRepository. If you want this repository to be a MongoDB repository, consider annotating your entities with one of these annotations: org.springframework.data.mongodb.core.mapping.Document (preferred), or consider extending one of the following types with your repository: org.springframework.data.mongodb.repository.MongoRepository.
2021-08-05 16:00:48,091 INFO  o.s.d.r.c.RepositoryConfigurationExtensionSupport -  Spring Data MongoDB - Could not safely identify store assignment for repository candidate interface com.garak.ingestor.nosql.repository.MobilityRDBRepository. If you want this repository to be a MongoDB repository, consider annotating your entities with one of these annotations: org.springframework.data.mongodb.core.mapping.Document (preferred), or consider extending one of the following types with your repository: org.springframework.data.mongodb.repository.MongoRepository.
2021-08-05 16:00:48,100 INFO  o.s.d.r.c.RepositoryConfigurationDelegate -  Finished Spring Data repository scanning in 15 ms. Found 1 MongoDB repository interfaces.
2021-08-05 16:00:48,393 INFO  o.s.i.c.DefaultConfiguringBeanFactoryPostProcessor -  No bean named 'errorChannel' has been explicitly defined. Therefore, a default PublishSubscribeChannel will be created.
2021-08-05 16:00:48,403 INFO  o.s.i.c.DefaultConfiguringBeanFactoryPostProcessor -  No bean named 'integrationHeaderChannelRegistry' has been explicitly defined. Therefore, a default DefaultHeaderChannelRegistry will be created.
2021-08-05 16:00:48,490 INFO  o.s.c.s.PostProcessorRegistrationDelegate$BeanPostProcessorChecker -  Bean 'org.springframework.integration.config.IntegrationManagementConfiguration' of type [org.springframework.integration.config.IntegrationManagementConfiguration] is not eligible for getting processed by all BeanPostProcessors (for example: not eligible for auto-proxying)
2021-08-05 16:00:48,499 INFO  o.s.c.s.PostProcessorRegistrationDelegate$BeanPostProcessorChecker -  Bean 'integrationChannelResolver' of type [org.springframework.integration.support.channel.BeanFactoryChannelResolver] is not eligible for getting processed by all BeanPostProcessors (for example: not eligible for auto-proxying)
2021-08-05 16:00:48,500 INFO  o.s.c.s.PostProcessorRegistrationDelegate$BeanPostProcessorChecker -  Bean 'integrationDisposableAutoCreatedBeans' of type [org.springframework.integration.config.annotation.Disposables] is not eligible for getting processed by all BeanPostProcessors (for example: not eligible for auto-proxying)
2021-08-05 16:00:48,783 INFO  com.zaxxer.hikari.HikariDataSource -  HikariPool-1 - Starting...
2021-08-05 16:00:49,044 INFO  com.zaxxer.hikari.HikariDataSource -  HikariPool-1 - Start completed.
2021-08-05 16:00:49,100 INFO  o.h.jpa.internal.util.LogHelper -  HHH000204: Processing PersistenceUnitInfo [name: default]
2021-08-05 16:00:49,166 INFO  org.hibernate.Version -  HHH000412: Hibernate ORM core version 5.4.32.Final
2021-08-05 16:00:49,351 INFO  o.h.annotations.common.Version -  HCANN000001: Hibernate Commons Annotations {5.1.2.Final}
2021-08-05 16:00:49,470 INFO  org.hibernate.dialect.Dialect -  HHH000400: Using dialect: org.hibernate.dialect.MySQL5InnoDBDialect
2021-08-05 16:00:50,033 INFO  o.h.e.t.j.p.i.JtaPlatformInitiator -  HHH000490: Using JtaPlatform implementation: [org.hibernate.engine.transaction.jta.platform.internal.NoJtaPlatform]
2021-08-05 16:00:50,045 INFO  o.s.o.j.LocalContainerEntityManagerFactoryBean -  Initialized JPA EntityManagerFactory for persistence unit 'default'
2021-08-05 16:00:50,285 INFO  org.mongodb.driver.cluster -  Cluster created with settings {hosts=[localhost:27017], mode=SINGLE, requiredClusterType=UNKNOWN, serverSelectionTimeout='30000 ms'}
2021-08-05 16:00:50,406 INFO  org.mongodb.driver.connection -  Opened connection [connectionId{localValue:1, serverValue:1}] to localhost:27017
2021-08-05 16:00:50,407 INFO  org.mongodb.driver.connection -  Opened connection [connectionId{localValue:2, serverValue:2}] to localhost:27017
2021-08-05 16:00:50,407 INFO  org.mongodb.driver.cluster -  Monitor thread successfully connected to server with description ServerDescription{address=localhost:27017, type=STANDALONE, state=CONNECTED, ok=true, minWireVersion=0, maxWireVersion=9, maxDocumentSize=16777216, logicalSessionTimeoutMinutes=30, roundTripTimeNanos=73504780}
2021-08-05 16:00:51,882 INFO  o.s.b.a.e.web.EndpointLinksResolver -  Exposing 1 endpoint(s) beneath base path '/actuator'
2021-08-05 16:00:52,253 INFO  o.s.i.endpoint.EventDrivenConsumer -  Adding {logging-channel-adapter:_org.springframework.integration.errorLogger} as a subscriber to the 'errorChannel' channel
2021-08-05 16:00:52,253 INFO  o.s.i.c.PublishSubscribeChannel -  Channel 'application.errorChannel' has 1 subscriber(s).
2021-08-05 16:00:52,253 INFO  o.s.i.endpoint.EventDrivenConsumer -  started bean '_org.springframework.integration.errorLogger'
2021-08-05 16:00:52,253 INFO  o.s.i.endpoint.EventDrivenConsumer -  Adding {message-handler:mqttConfiguration.handler.serviceActivator} as a subscriber to the 'mqttInputChannel' channel
2021-08-05 16:00:52,254 INFO  o.s.i.channel.DirectChannel -  Channel 'application.mqttInputChannel' has 1 subscriber(s).
2021-08-05 16:00:52,254 INFO  o.s.i.endpoint.EventDrivenConsumer -  started bean 'mqttConfiguration.handler.serviceActivator'
2021-08-05 16:00:52,634 INFO  o.s.i.m.i.MqttPahoMessageDrivenChannelAdapter -  started bean 'inbound'; defined in: 'class path resource [com/garak/ingestor/conf/MqttConfiguration.class]'; from source: 'org.springframework.core.type.classreading.SimpleMethodMetadata@64138b0c'
2021-08-05 16:00:52,798 INFO  o.s.b.w.e.netty.NettyWebServer -  Netty started on port 8080
2021-08-05 16:00:52,831 INFO  c.garak.ingestor.IngestorApplication -  Started IngestorApplication in 6.839 seconds (JVM running for 7.956)
2021-08-05 16:01:06,564 INFO  c.g.ingestor.conf.MqttConfiguration -   >>>>>>>>>>>> [t.getId()] = 1234
2021-08-05 16:01:06,652 INFO  org.mongodb.driver.connection -  Opened connection [connectionId{localValue:3, serverValue:3}] to localhost:27017
2021-08-05 16:01:50,643 INFO  c.g.ingestor.conf.MqttConfiguration -   >>>>>>>>>>>> [t.getId()] = 1111
