2021-09-06 14:20:56,123 INFO  c.garak.ingestor.IngestorApplication -  Starting IngestorApplication using Java 11.0.3 on JJKIN-MACBOOK with PID 6300 (/Users/skyang/eclipse-workspace/digitalworkspaces/MqttIngestor-Subscriber/target/classes started by skyang in /Users/skyang/eclipse-workspace/digitalworkspaces/MqttIngestor-Subscriber)
2021-09-06 14:20:56,131 DEBUG c.garak.ingestor.IngestorApplication -  Running with Spring Boot v2.5.2, Spring v5.3.8
2021-09-06 14:20:56,132 INFO  c.garak.ingestor.IngestorApplication -  The following profiles are active: dev
2021-09-06 14:20:56,196 WARN  o.s.b.c.config.ConfigDataEnvironment -  Property 'spring.profiles' imported from location 'class path resource [application.yaml]' is invalid and should be replaced with 'spring.config.activate.on-profile' [origin: class path resource [application.yaml] - 79:13]
2021-09-06 14:20:56,197 WARN  o.s.b.c.config.ConfigDataEnvironment -  Property 'spring.profiles' imported from location 'class path resource [application.yaml]' is invalid and should be replaced with 'spring.config.activate.on-profile' [origin: class path resource [application.yaml] - 60:13]
2021-09-06 14:20:56,197 WARN  o.s.b.c.config.ConfigDataEnvironment -  Property 'spring.profiles' imported from location 'class path resource [application.yaml]' is invalid and should be replaced with 'spring.config.activate.on-profile' [origin: class path resource [application.yaml] - 36:13]
2021-09-06 14:20:57,305 INFO  o.s.d.r.c.RepositoryConfigurationDelegate -  Multiple Spring Data modules found, entering strict repository configuration mode!
2021-09-06 14:20:57,306 INFO  o.s.d.r.c.RepositoryConfigurationDelegate -  Bootstrapping Spring Data JPA repositories in DEFAULT mode.
2021-09-06 14:20:57,381 INFO  o.s.d.r.c.RepositoryConfigurationExtensionSupport -  Spring Data JPA - Could not safely identify store assignment for repository candidate interface com.garak.ingestor.repository.MobilityNosqlRepository. If you want this repository to be a JPA repository, consider annotating your entities with one of these annotations: javax.persistence.Entity, javax.persistence.MappedSuperclass (preferred), or consider extending one of the following types with your repository: org.springframework.data.jpa.repository.JpaRepository.
2021-09-06 14:20:57,406 INFO  o.s.d.r.c.RepositoryConfigurationDelegate -  Finished Spring Data repository scanning in 92 ms. Found 6 JPA repository interfaces.
2021-09-06 14:20:57,416 INFO  o.s.d.r.c.RepositoryConfigurationDelegate -  Multiple Spring Data modules found, entering strict repository configuration mode!
2021-09-06 14:20:57,416 INFO  o.s.d.r.c.RepositoryConfigurationDelegate -  Bootstrapping Spring Data MongoDB repositories in DEFAULT mode.
2021-09-06 14:20:57,423 INFO  o.s.d.r.c.RepositoryConfigurationExtensionSupport -  Spring Data MongoDB - Could not safely identify store assignment for repository candidate interface com.garak.ingestor.repository.CodeDetailRDBRepository. If you want this repository to be a MongoDB repository, consider annotating your entities with one of these annotations: org.springframework.data.mongodb.core.mapping.Document (preferred), or consider extending one of the following types with your repository: org.springframework.data.mongodb.repository.MongoRepository.
2021-09-06 14:20:57,424 INFO  o.s.d.r.c.RepositoryConfigurationExtensionSupport -  Spring Data MongoDB - Could not safely identify store assignment for repository candidate interface com.garak.ingestor.repository.EventRepository. If you want this repository to be a MongoDB repository, consider annotating your entities with one of these annotations: org.springframework.data.mongodb.core.mapping.Document (preferred), or consider extending one of the following types with your repository: org.springframework.data.mongodb.repository.MongoRepository.
2021-09-06 14:20:57,425 INFO  o.s.d.r.c.RepositoryConfigurationExtensionSupport -  Spring Data MongoDB - Could not safely identify store assignment for repository candidate interface com.garak.ingestor.repository.MobilityBatteryKitRDBRepository. If you want this repository to be a MongoDB repository, consider annotating your entities with one of these annotations: org.springframework.data.mongodb.core.mapping.Document (preferred), or consider extending one of the following types with your repository: org.springframework.data.mongodb.repository.MongoRepository.
2021-09-06 14:20:57,427 INFO  o.s.d.r.c.RepositoryConfigurationExtensionSupport -  Spring Data MongoDB - Could not safely identify store assignment for repository candidate interface com.garak.ingestor.repository.MobilityRDBRepository. If you want this repository to be a MongoDB repository, consider annotating your entities with one of these annotations: org.springframework.data.mongodb.core.mapping.Document (preferred), or consider extending one of the following types with your repository: org.springframework.data.mongodb.repository.MongoRepository.
2021-09-06 14:20:57,427 INFO  o.s.d.r.c.RepositoryConfigurationExtensionSupport -  Spring Data MongoDB - Could not safely identify store assignment for repository candidate interface com.garak.ingestor.repository.MobilityServRDBRepository. If you want this repository to be a MongoDB repository, consider annotating your entities with one of these annotations: org.springframework.data.mongodb.core.mapping.Document (preferred), or consider extending one of the following types with your repository: org.springframework.data.mongodb.repository.MongoRepository.
2021-09-06 14:20:57,428 INFO  o.s.d.r.c.RepositoryConfigurationExtensionSupport -  Spring Data MongoDB - Could not safely identify store assignment for repository candidate interface com.garak.ingestor.repository.UserRDBRepository. If you want this repository to be a MongoDB repository, consider annotating your entities with one of these annotations: org.springframework.data.mongodb.core.mapping.Document (preferred), or consider extending one of the following types with your repository: org.springframework.data.mongodb.repository.MongoRepository.
2021-09-06 14:20:57,433 INFO  o.s.d.r.c.RepositoryConfigurationDelegate -  Finished Spring Data repository scanning in 16 ms. Found 1 MongoDB repository interfaces.
2021-09-06 14:20:57,712 INFO  o.s.i.c.DefaultConfiguringBeanFactoryPostProcessor -  No bean named 'errorChannel' has been explicitly defined. Therefore, a default PublishSubscribeChannel will be created.
2021-09-06 14:20:57,728 INFO  o.s.i.c.DefaultConfiguringBeanFactoryPostProcessor -  No bean named 'integrationHeaderChannelRegistry' has been explicitly defined. Therefore, a default DefaultHeaderChannelRegistry will be created.
2021-09-06 14:20:57,865 INFO  o.s.c.s.PostProcessorRegistrationDelegate$BeanPostProcessorChecker -  Bean 'org.springframework.integration.config.IntegrationManagementConfiguration' of type [org.springframework.integration.config.IntegrationManagementConfiguration] is not eligible for getting processed by all BeanPostProcessors (for example: not eligible for auto-proxying)
2021-09-06 14:20:57,877 INFO  o.s.c.s.PostProcessorRegistrationDelegate$BeanPostProcessorChecker -  Bean 'integrationChannelResolver' of type [org.springframework.integration.support.channel.BeanFactoryChannelResolver] is not eligible for getting processed by all BeanPostProcessors (for example: not eligible for auto-proxying)
2021-09-06 14:20:57,879 INFO  o.s.c.s.PostProcessorRegistrationDelegate$BeanPostProcessorChecker -  Bean 'integrationDisposableAutoCreatedBeans' of type [org.springframework.integration.config.annotation.Disposables] is not eligible for getting processed by all BeanPostProcessors (for example: not eligible for auto-proxying)
2021-09-06 14:20:58,189 INFO  com.zaxxer.hikari.HikariDataSource -  HikariPool-1 - Starting...
2021-09-06 14:20:58,484 INFO  com.zaxxer.hikari.HikariDataSource -  HikariPool-1 - Start completed.
2021-09-06 14:20:58,538 INFO  o.h.jpa.internal.util.LogHelper -  HHH000204: Processing PersistenceUnitInfo [name: default]
2021-09-06 14:20:58,596 INFO  org.hibernate.Version -  HHH000412: Hibernate ORM core version 5.4.32.Final
2021-09-06 14:20:58,734 INFO  o.h.annotations.common.Version -  HCANN000001: Hibernate Commons Annotations {5.1.2.Final}
2021-09-06 14:20:58,825 INFO  org.hibernate.dialect.Dialect -  HHH000400: Using dialect: org.hibernate.dialect.MySQL5InnoDBDialect
2021-09-06 14:20:59,446 INFO  o.h.e.t.j.p.i.JtaPlatformInitiator -  HHH000490: Using JtaPlatform implementation: [org.hibernate.engine.transaction.jta.platform.internal.NoJtaPlatform]
2021-09-06 14:20:59,455 INFO  o.s.o.j.LocalContainerEntityManagerFactoryBean -  Initialized JPA EntityManagerFactory for persistence unit 'default'
2021-09-06 14:21:00,076 WARN  o.s.b.w.r.c.AnnotationConfigReactiveWebServerApplicationContext -  Exception encountered during context initialization - cancelling refresh attempt: org.springframework.beans.factory.BeanCreationException: Error creating bean with name 'codeBroker': Invocation of init method failed; nested exception is org.springframework.dao.InvalidDataAccessApiUsageException: For input string: "charge"; nested exception is java.lang.NumberFormatException: For input string: "charge"
2021-09-06 14:21:00,077 INFO  o.s.o.j.LocalContainerEntityManagerFactoryBean -  Closing JPA EntityManagerFactory for persistence unit 'default'
2021-09-06 14:21:00,079 INFO  com.zaxxer.hikari.HikariDataSource -  HikariPool-1 - Shutdown initiated...
2021-09-06 14:21:00,091 INFO  com.zaxxer.hikari.HikariDataSource -  HikariPool-1 - Shutdown completed.
2021-09-06 14:21:00,121 INFO  o.s.b.a.l.ConditionEvaluationReportLoggingListener -  

Error starting ApplicationContext. To display the conditions report re-run your application with 'debug' enabled.
2021-09-06 14:21:00,147 ERROR o.s.boot.SpringApplication -  Application run failed
org.springframework.beans.factory.BeanCreationException: Error creating bean with name 'codeBroker': Invocation of init method failed; nested exception is org.springframework.dao.InvalidDataAccessApiUsageException: For input string: "charge"; nested exception is java.lang.NumberFormatException: For input string: "charge"
	at org.springframework.beans.factory.annotation.InitDestroyAnnotationBeanPostProcessor.postProcessBeforeInitialization(InitDestroyAnnotationBeanPostProcessor.java:160)
	at org.springframework.beans.factory.support.AbstractAutowireCapableBeanFactory.applyBeanPostProcessorsBeforeInitialization(AbstractAutowireCapableBeanFactory.java:422)
	at org.springframework.beans.factory.support.AbstractAutowireCapableBeanFactory.initializeBean(AbstractAutowireCapableBeanFactory.java:1778)
	at org.springframework.beans.factory.support.AbstractAutowireCapableBeanFactory.doCreateBean(AbstractAutowireCapableBeanFactory.java:602)
	at org.springframework.beans.factory.support.AbstractAutowireCapableBeanFactory.createBean(AbstractAutowireCapableBeanFactory.java:524)
	at org.springframework.beans.factory.support.AbstractBeanFactory.lambda$doGetBean$0(AbstractBeanFactory.java:335)
	at org.springframework.beans.factory.support.DefaultSingletonBeanRegistry.getSingleton(DefaultSingletonBeanRegistry.java:234)
	at org.springframework.beans.factory.support.AbstractBeanFactory.doGetBean(AbstractBeanFactory.java:333)
	at org.springframework.beans.factory.support.AbstractBeanFactory.getBean(AbstractBeanFactory.java:208)
	at org.springframework.beans.factory.support.DefaultListableBeanFactory.preInstantiateSingletons(DefaultListableBeanFactory.java:944)
	at org.springframework.context.support.AbstractApplicationContext.finishBeanFactoryInitialization(AbstractApplicationContext.java:918)
	at org.springframework.context.support.AbstractApplicationContext.refresh(AbstractApplicationContext.java:583)
	at org.springframework.boot.web.reactive.context.ReactiveWebServerApplicationContext.refresh(ReactiveWebServerApplicationContext.java:64)
	at org.springframework.boot.SpringApplication.refresh(SpringApplication.java:754)
	at org.springframework.boot.SpringApplication.refreshContext(SpringApplication.java:434)
	at org.springframework.boot.SpringApplication.run(SpringApplication.java:338)
	at org.springframework.boot.SpringApplication.run(SpringApplication.java:1343)
	at org.springframework.boot.SpringApplication.run(SpringApplication.java:1332)
	at com.garak.ingestor.IngestorApplication.main(IngestorApplication.java:28)
Caused by: org.springframework.dao.InvalidDataAccessApiUsageException: For input string: "charge"; nested exception is java.lang.NumberFormatException: For input string: "charge"
	at org.springframework.orm.jpa.EntityManagerFactoryUtils.convertJpaAccessExceptionIfPossible(EntityManagerFactoryUtils.java:374)
	at org.springframework.orm.jpa.vendor.HibernateJpaDialect.translateExceptionIfPossible(HibernateJpaDialect.java:235)
	at org.springframework.orm.jpa.AbstractEntityManagerFactoryBean.translateExceptionIfPossible(AbstractEntityManagerFactoryBean.java:551)
	at org.springframework.dao.support.ChainedPersistenceExceptionTranslator.translateExceptionIfPossible(ChainedPersistenceExceptionTranslator.java:61)
	at org.springframework.dao.support.DataAccessUtils.translateIfNecessary(DataAccessUtils.java:242)
	at org.springframework.dao.support.PersistenceExceptionTranslationInterceptor.invoke(PersistenceExceptionTranslationInterceptor.java:152)
	at org.springframework.aop.framework.ReflectiveMethodInvocation.proceed(ReflectiveMethodInvocation.java:186)
	at org.springframework.data.jpa.repository.support.CrudMethodMetadataPostProcessor$CrudMethodMetadataPopulatingMethodInterceptor.invoke(CrudMethodMetadataPostProcessor.java:145)
	at org.springframework.aop.framework.ReflectiveMethodInvocation.proceed(ReflectiveMethodInvocation.java:186)
	at org.springframework.aop.interceptor.ExposeInvocationInterceptor.invoke(ExposeInvocationInterceptor.java:97)
	at org.springframework.aop.framework.ReflectiveMethodInvocation.proceed(ReflectiveMethodInvocation.java:186)
	at org.springframework.aop.framework.JdkDynamicAopProxy.invoke(JdkDynamicAopProxy.java:215)
	at com.sun.proxy.$Proxy115.findByUseYn(Unknown Source)
	at com.garak.ingestor.conf.CodeBroker.init(CodeBroker.java:35)
	at java.base/jdk.internal.reflect.NativeMethodAccessorImpl.invoke0(Native Method)
	at java.base/jdk.internal.reflect.NativeMethodAccessorImpl.invoke(NativeMethodAccessorImpl.java:62)
	at java.base/jdk.internal.reflect.DelegatingMethodAccessorImpl.invoke(DelegatingMethodAccessorImpl.java:43)
	at java.base/java.lang.reflect.Method.invoke(Method.java:566)
	at org.springframework.beans.factory.annotation.InitDestroyAnnotationBeanPostProcessor$LifecycleElement.invoke(InitDestroyAnnotationBeanPostProcessor.java:389)
	at org.springframework.beans.factory.annotation.InitDestroyAnnotationBeanPostProcessor$LifecycleMetadata.invokeInitMethods(InitDestroyAnnotationBeanPostProcessor.java:333)
	at org.springframework.beans.factory.annotation.InitDestroyAnnotationBeanPostProcessor.postProcessBeforeInitialization(InitDestroyAnnotationBeanPostProcessor.java:157)
	... 18 common frames omitted
Caused by: java.lang.NumberFormatException: For input string: "charge"
	at java.base/jdk.internal.math.FloatingDecimal.readJavaFormatString(FloatingDecimal.java:2054)
	at java.base/jdk.internal.math.FloatingDecimal.parseDouble(FloatingDecimal.java:110)
	at java.base/java.lang.Double.parseDouble(Double.java:543)
	at com.mysql.cj.protocol.a.MysqlTextValueDecoder.getDouble(MysqlTextValueDecoder.java:249)
	at com.mysql.cj.result.AbstractNumericValueFactory.createFromBytes(AbstractNumericValueFactory.java:57)
	at com.mysql.cj.protocol.a.MysqlTextValueDecoder.decodeByteArray(MysqlTextValueDecoder.java:143)
	at com.mysql.cj.protocol.result.AbstractResultsetRow.decodeAndCreateReturnValue(AbstractResultsetRow.java:135)
	at com.mysql.cj.protocol.result.AbstractResultsetRow.getValueFromBytes(AbstractResultsetRow.java:243)
	at com.mysql.cj.protocol.a.result.TextBufferRow.getValue(TextBufferRow.java:132)
	at com.mysql.cj.jdbc.result.ResultSetImpl.getObject(ResultSetImpl.java:1316)
	at com.mysql.cj.jdbc.result.ResultSetImpl.getInt(ResultSetImpl.java:822)
	at com.mysql.cj.jdbc.result.ResultSetImpl.getInt(ResultSetImpl.java:843)
	at com.zaxxer.hikari.pool.HikariProxyResultSet.getInt(HikariProxyResultSet.java)
	at org.hibernate.type.descriptor.sql.IntegerTypeDescriptor$2.doExtract(IntegerTypeDescriptor.java:62)
	at org.hibernate.type.descriptor.sql.BasicExtractor.extract(BasicExtractor.java:47)
	at org.hibernate.type.AbstractStandardBasicType.nullSafeGet(AbstractStandardBasicType.java:257)
	at org.hibernate.type.AbstractStandardBasicType.nullSafeGet(AbstractStandardBasicType.java:253)
	at org.hibernate.type.AbstractStandardBasicType.nullSafeGet(AbstractStandardBasicType.java:243)
	at org.hibernate.type.AbstractStandardBasicType.hydrate(AbstractStandardBasicType.java:329)
	at org.hibernate.loader.Loader.extractKeysFromResultSet(Loader.java:803)
	at org.hibernate.loader.Loader.getRowFromResultSet(Loader.java:727)
	at org.hibernate.loader.Loader.getRowsFromResultSet(Loader.java:1039)
	at org.hibernate.loader.Loader.processResultSet(Loader.java:990)
	at org.hibernate.loader.Loader.doQuery(Loader.java:959)
	at org.hibernate.loader.Loader.doQueryAndInitializeNonLazyCollections(Loader.java:349)
	at org.hibernate.loader.Loader.doList(Loader.java:2843)
	at org.hibernate.loader.Loader.doList(Loader.java:2825)
	at org.hibernate.loader.Loader.listIgnoreQueryCache(Loader.java:2657)
	at org.hibernate.loader.Loader.list(Loader.java:2652)
	at org.hibernate.loader.hql.QueryLoader.list(QueryLoader.java:506)
	at org.hibernate.hql.internal.ast.QueryTranslatorImpl.list(QueryTranslatorImpl.java:400)
	at org.hibernate.engine.query.spi.HQLQueryPlan.performList(HQLQueryPlan.java:219)
	at org.hibernate.internal.SessionImpl.list(SessionImpl.java:1414)
	at org.hibernate.query.internal.AbstractProducedQuery.doList(AbstractProducedQuery.java:1636)
	at org.hibernate.query.internal.AbstractProducedQuery.list(AbstractProducedQuery.java:1604)
	at org.hibernate.query.Query.getResultList(Query.java:165)
	at org.hibernate.query.criteria.internal.compile.CriteriaQueryTypeQueryAdapter.getResultList(CriteriaQueryTypeQueryAdapter.java:76)
	at org.springframework.data.jpa.repository.query.JpaQueryExecution$CollectionExecution.doExecute(JpaQueryExecution.java:126)
	at org.springframework.data.jpa.repository.query.JpaQueryExecution.execute(JpaQueryExecution.java:88)
	at org.springframework.data.jpa.repository.query.AbstractJpaQuery.doExecute(AbstractJpaQuery.java:155)
	at org.springframework.data.jpa.repository.query.AbstractJpaQuery.execute(AbstractJpaQuery.java:143)
	at org.springframework.data.repository.core.support.RepositoryMethodInvoker.doInvoke(RepositoryMethodInvoker.java:137)
	at org.springframework.data.repository.core.support.RepositoryMethodInvoker.invoke(RepositoryMethodInvoker.java:121)
	at org.springframework.data.repository.core.support.QueryExecutorMethodInterceptor.doInvoke(QueryExecutorMethodInterceptor.java:159)
	at org.springframework.data.repository.core.support.QueryExecutorMethodInterceptor.invoke(QueryExecutorMethodInterceptor.java:138)
	at org.springframework.aop.framework.ReflectiveMethodInvocation.proceed(ReflectiveMethodInvocation.java:186)
	at org.springframework.data.projection.DefaultMethodInvokingMethodInterceptor.invoke(DefaultMethodInvokingMethodInterceptor.java:80)
	at org.springframework.aop.framework.ReflectiveMethodInvocation.proceed(ReflectiveMethodInvocation.java:186)
	at org.springframework.transaction.interceptor.TransactionInterceptor$1.proceedWithInvocation(TransactionInterceptor.java:123)
	at org.springframework.transaction.interceptor.TransactionAspectSupport.invokeWithinTransaction(TransactionAspectSupport.java:388)
	at org.springframework.transaction.interceptor.TransactionInterceptor.invoke(TransactionInterceptor.java:119)
	at org.springframework.aop.framework.ReflectiveMethodInvocation.proceed(ReflectiveMethodInvocation.java:186)
	at org.springframework.dao.support.PersistenceExceptionTranslationInterceptor.invoke(PersistenceExceptionTranslationInterceptor.java:137)
	... 33 common frames omitted
2021-09-06 14:30:41,966 INFO  c.garak.ingestor.IngestorApplication -  Starting IngestorApplication using Java 11.0.3 on JJKIN-MACBOOK with PID 16107 (/Users/skyang/eclipse-workspace/digitalworkspaces/MqttIngestor-Subscriber/target/classes started by skyang in /Users/skyang/eclipse-workspace/digitalworkspaces/MqttIngestor-Subscriber)
2021-09-06 14:30:41,968 DEBUG c.garak.ingestor.IngestorApplication -  Running with Spring Boot v2.5.2, Spring v5.3.8
2021-09-06 14:30:41,969 INFO  c.garak.ingestor.IngestorApplication -  The following profiles are active: dev
2021-09-06 14:30:42,003 WARN  o.s.b.c.config.ConfigDataEnvironment -  Property 'spring.profiles' imported from location 'class path resource [application.yaml]' is invalid and should be replaced with 'spring.config.activate.on-profile' [origin: class path resource [application.yaml] - 79:13]
2021-09-06 14:30:42,003 WARN  o.s.b.c.config.ConfigDataEnvironment -  Property 'spring.profiles' imported from location 'class path resource [application.yaml]' is invalid and should be replaced with 'spring.config.activate.on-profile' [origin: class path resource [application.yaml] - 60:13]
2021-09-06 14:30:42,003 WARN  o.s.b.c.config.ConfigDataEnvironment -  Property 'spring.profiles' imported from location 'class path resource [application.yaml]' is invalid and should be replaced with 'spring.config.activate.on-profile' [origin: class path resource [application.yaml] - 36:13]
2021-09-06 14:30:42,823 INFO  o.s.d.r.c.RepositoryConfigurationDelegate -  Multiple Spring Data modules found, entering strict repository configuration mode!
2021-09-06 14:30:42,823 INFO  o.s.d.r.c.RepositoryConfigurationDelegate -  Bootstrapping Spring Data JPA repositories in DEFAULT mode.
2021-09-06 14:30:42,877 INFO  o.s.d.r.c.RepositoryConfigurationExtensionSupport -  Spring Data JPA - Could not safely identify store assignment for repository candidate interface com.garak.ingestor.repository.MobilityNosqlRepository. If you want this repository to be a JPA repository, consider annotating your entities with one of these annotations: javax.persistence.Entity, javax.persistence.MappedSuperclass (preferred), or consider extending one of the following types with your repository: org.springframework.data.jpa.repository.JpaRepository.
2021-09-06 14:30:42,902 INFO  o.s.d.r.c.RepositoryConfigurationDelegate -  Finished Spring Data repository scanning in 72 ms. Found 6 JPA repository interfaces.
2021-09-06 14:30:42,908 INFO  o.s.d.r.c.RepositoryConfigurationDelegate -  Multiple Spring Data modules found, entering strict repository configuration mode!
2021-09-06 14:30:42,908 INFO  o.s.d.r.c.RepositoryConfigurationDelegate -  Bootstrapping Spring Data MongoDB repositories in DEFAULT mode.
2021-09-06 14:30:42,915 INFO  o.s.d.r.c.RepositoryConfigurationExtensionSupport -  Spring Data MongoDB - Could not safely identify store assignment for repository candidate interface com.garak.ingestor.repository.CodeDetailRDBRepository. If you want this repository to be a MongoDB repository, consider annotating your entities with one of these annotations: org.springframework.data.mongodb.core.mapping.Document (preferred), or consider extending one of the following types with your repository: org.springframework.data.mongodb.repository.MongoRepository.
2021-09-06 14:30:42,915 INFO  o.s.d.r.c.RepositoryConfigurationExtensionSupport -  Spring Data MongoDB - Could not safely identify store assignment for repository candidate interface com.garak.ingestor.repository.EventRepository. If you want this repository to be a MongoDB repository, consider annotating your entities with one of these annotations: org.springframework.data.mongodb.core.mapping.Document (preferred), or consider extending one of the following types with your repository: org.springframework.data.mongodb.repository.MongoRepository.
2021-09-06 14:30:42,916 INFO  o.s.d.r.c.RepositoryConfigurationExtensionSupport -  Spring Data MongoDB - Could not safely identify store assignment for repository candidate interface com.garak.ingestor.repository.MobilityBatteryKitRDBRepository. If you want this repository to be a MongoDB repository, consider annotating your entities with one of these annotations: org.springframework.data.mongodb.core.mapping.Document (preferred), or consider extending one of the following types with your repository: org.springframework.data.mongodb.repository.MongoRepository.
2021-09-06 14:30:42,917 INFO  o.s.d.r.c.RepositoryConfigurationExtensionSupport -  Spring Data MongoDB - Could not safely identify store assignment for repository candidate interface com.garak.ingestor.repository.MobilityRDBRepository. If you want this repository to be a MongoDB repository, consider annotating your entities with one of these annotations: org.springframework.data.mongodb.core.mapping.Document (preferred), or consider extending one of the following types with your repository: org.springframework.data.mongodb.repository.MongoRepository.
2021-09-06 14:30:42,919 INFO  o.s.d.r.c.RepositoryConfigurationExtensionSupport -  Spring Data MongoDB - Could not safely identify store assignment for repository candidate interface com.garak.ingestor.repository.MobilityServRDBRepository. If you want this repository to be a MongoDB repository, consider annotating your entities with one of these annotations: org.springframework.data.mongodb.core.mapping.Document (preferred), or consider extending one of the following types with your repository: org.springframework.data.mongodb.repository.MongoRepository.
2021-09-06 14:30:42,920 INFO  o.s.d.r.c.RepositoryConfigurationExtensionSupport -  Spring Data MongoDB - Could not safely identify store assignment for repository candidate interface com.garak.ingestor.repository.UserRDBRepository. If you want this repository to be a MongoDB repository, consider annotating your entities with one of these annotations: org.springframework.data.mongodb.core.mapping.Document (preferred), or consider extending one of the following types with your repository: org.springframework.data.mongodb.repository.MongoRepository.
2021-09-06 14:30:42,923 INFO  o.s.d.r.c.RepositoryConfigurationDelegate -  Finished Spring Data repository scanning in 14 ms. Found 1 MongoDB repository interfaces.
2021-09-06 14:30:43,124 INFO  o.s.i.c.DefaultConfiguringBeanFactoryPostProcessor -  No bean named 'errorChannel' has been explicitly defined. Therefore, a default PublishSubscribeChannel will be created.
2021-09-06 14:30:43,132 INFO  o.s.i.c.DefaultConfiguringBeanFactoryPostProcessor -  No bean named 'integrationHeaderChannelRegistry' has been explicitly defined. Therefore, a default DefaultHeaderChannelRegistry will be created.
2021-09-06 14:30:43,211 INFO  o.s.c.s.PostProcessorRegistrationDelegate$BeanPostProcessorChecker -  Bean 'org.springframework.integration.config.IntegrationManagementConfiguration' of type [org.springframework.integration.config.IntegrationManagementConfiguration] is not eligible for getting processed by all BeanPostProcessors (for example: not eligible for auto-proxying)
2021-09-06 14:30:43,216 INFO  o.s.c.s.PostProcessorRegistrationDelegate$BeanPostProcessorChecker -  Bean 'integrationChannelResolver' of type [org.springframework.integration.support.channel.BeanFactoryChannelResolver] is not eligible for getting processed by all BeanPostProcessors (for example: not eligible for auto-proxying)
2021-09-06 14:30:43,218 INFO  o.s.c.s.PostProcessorRegistrationDelegate$BeanPostProcessorChecker -  Bean 'integrationDisposableAutoCreatedBeans' of type [org.springframework.integration.config.annotation.Disposables] is not eligible for getting processed by all BeanPostProcessors (for example: not eligible for auto-proxying)
2021-09-06 14:30:43,407 INFO  com.zaxxer.hikari.HikariDataSource -  HikariPool-1 - Starting...
2021-09-06 14:30:43,648 INFO  com.zaxxer.hikari.HikariDataSource -  HikariPool-1 - Start completed.
2021-09-06 14:30:43,682 INFO  o.h.jpa.internal.util.LogHelper -  HHH000204: Processing PersistenceUnitInfo [name: default]
2021-09-06 14:30:43,712 INFO  org.hibernate.Version -  HHH000412: Hibernate ORM core version 5.4.32.Final
2021-09-06 14:30:43,794 INFO  o.h.annotations.common.Version -  HCANN000001: Hibernate Commons Annotations {5.1.2.Final}
2021-09-06 14:30:43,872 INFO  org.hibernate.dialect.Dialect -  HHH000400: Using dialect: org.hibernate.dialect.MySQL5InnoDBDialect
2021-09-06 14:30:44,311 INFO  o.h.e.t.j.p.i.JtaPlatformInitiator -  HHH000490: Using JtaPlatform implementation: [org.hibernate.engine.transaction.jta.platform.internal.NoJtaPlatform]
2021-09-06 14:30:44,318 INFO  o.s.o.j.LocalContainerEntityManagerFactoryBean -  Initialized JPA EntityManagerFactory for persistence unit 'default'
2021-09-06 14:30:44,835 WARN  o.s.b.w.r.c.AnnotationConfigReactiveWebServerApplicationContext -  Exception encountered during context initialization - cancelling refresh attempt: org.springframework.beans.factory.BeanCreationException: Error creating bean with name 'codeBroker': Invocation of init method failed; nested exception is java.lang.IllegalStateException: Duplicate key bms_fault_level (attempted merging values com.garak.ingestor.entity.CodeDetailRDB@7efba9b9 and com.garak.ingestor.entity.CodeDetailRDB@7efba9b9)
2021-09-06 14:30:44,836 INFO  o.s.o.j.LocalContainerEntityManagerFactoryBean -  Closing JPA EntityManagerFactory for persistence unit 'default'
2021-09-06 14:30:44,838 INFO  com.zaxxer.hikari.HikariDataSource -  HikariPool-1 - Shutdown initiated...
2021-09-06 14:30:44,849 INFO  com.zaxxer.hikari.HikariDataSource -  HikariPool-1 - Shutdown completed.
2021-09-06 14:30:44,874 INFO  o.s.b.a.l.ConditionEvaluationReportLoggingListener -  

Error starting ApplicationContext. To display the conditions report re-run your application with 'debug' enabled.
2021-09-06 14:30:44,891 ERROR o.s.boot.SpringApplication -  Application run failed
org.springframework.beans.factory.BeanCreationException: Error creating bean with name 'codeBroker': Invocation of init method failed; nested exception is java.lang.IllegalStateException: Duplicate key bms_fault_level (attempted merging values com.garak.ingestor.entity.CodeDetailRDB@7efba9b9 and com.garak.ingestor.entity.CodeDetailRDB@7efba9b9)
	at org.springframework.beans.factory.annotation.InitDestroyAnnotationBeanPostProcessor.postProcessBeforeInitialization(InitDestroyAnnotationBeanPostProcessor.java:160)
	at org.springframework.beans.factory.support.AbstractAutowireCapableBeanFactory.applyBeanPostProcessorsBeforeInitialization(AbstractAutowireCapableBeanFactory.java:422)
	at org.springframework.beans.factory.support.AbstractAutowireCapableBeanFactory.initializeBean(AbstractAutowireCapableBeanFactory.java:1778)
	at org.springframework.beans.factory.support.AbstractAutowireCapableBeanFactory.doCreateBean(AbstractAutowireCapableBeanFactory.java:602)
	at org.springframework.beans.factory.support.AbstractAutowireCapableBeanFactory.createBean(AbstractAutowireCapableBeanFactory.java:524)
	at org.springframework.beans.factory.support.AbstractBeanFactory.lambda$doGetBean$0(AbstractBeanFactory.java:335)
	at org.springframework.beans.factory.support.DefaultSingletonBeanRegistry.getSingleton(DefaultSingletonBeanRegistry.java:234)
	at org.springframework.beans.factory.support.AbstractBeanFactory.doGetBean(AbstractBeanFactory.java:333)
	at org.springframework.beans.factory.support.AbstractBeanFactory.getBean(AbstractBeanFactory.java:208)
	at org.springframework.beans.factory.support.DefaultListableBeanFactory.preInstantiateSingletons(DefaultListableBeanFactory.java:944)
	at org.springframework.context.support.AbstractApplicationContext.finishBeanFactoryInitialization(AbstractApplicationContext.java:918)
	at org.springframework.context.support.AbstractApplicationContext.refresh(AbstractApplicationContext.java:583)
	at org.springframework.boot.web.reactive.context.ReactiveWebServerApplicationContext.refresh(ReactiveWebServerApplicationContext.java:64)
	at org.springframework.boot.SpringApplication.refresh(SpringApplication.java:754)
	at org.springframework.boot.SpringApplication.refreshContext(SpringApplication.java:434)
	at org.springframework.boot.SpringApplication.run(SpringApplication.java:338)
	at org.springframework.boot.SpringApplication.run(SpringApplication.java:1343)
	at org.springframework.boot.SpringApplication.run(SpringApplication.java:1332)
	at com.garak.ingestor.IngestorApplication.main(IngestorApplication.java:28)
Caused by: java.lang.IllegalStateException: Duplicate key bms_fault_level (attempted merging values com.garak.ingestor.entity.CodeDetailRDB@7efba9b9 and com.garak.ingestor.entity.CodeDetailRDB@7efba9b9)
	at java.base/java.util.stream.Collectors.duplicateKeyException(Collectors.java:133)
	at java.base/java.util.stream.Collectors.lambda$uniqKeysMapAccumulator$1(Collectors.java:180)
	at java.base/java.util.stream.ReduceOps$3ReducingSink.accept(ReduceOps.java:169)
	at java.base/java.util.ArrayList$ArrayListSpliterator.forEachRemaining(ArrayList.java:1654)
	at java.base/java.util.stream.AbstractPipeline.copyInto(AbstractPipeline.java:484)
	at java.base/java.util.stream.AbstractPipeline.wrapAndCopyInto(AbstractPipeline.java:474)
	at java.base/java.util.stream.ReduceOps$ReduceOp.evaluateSequential(ReduceOps.java:913)
	at java.base/java.util.stream.AbstractPipeline.evaluate(AbstractPipeline.java:234)
	at java.base/java.util.stream.ReferencePipeline.collect(ReferencePipeline.java:578)
	at com.garak.ingestor.conf.CodeBroker.init(CodeBroker.java:37)
	at java.base/jdk.internal.reflect.NativeMethodAccessorImpl.invoke0(Native Method)
	at java.base/jdk.internal.reflect.NativeMethodAccessorImpl.invoke(NativeMethodAccessorImpl.java:62)
	at java.base/jdk.internal.reflect.DelegatingMethodAccessorImpl.invoke(DelegatingMethodAccessorImpl.java:43)
	at java.base/java.lang.reflect.Method.invoke(Method.java:566)
	at org.springframework.beans.factory.annotation.InitDestroyAnnotationBeanPostProcessor$LifecycleElement.invoke(InitDestroyAnnotationBeanPostProcessor.java:389)
	at org.springframework.beans.factory.annotation.InitDestroyAnnotationBeanPostProcessor$LifecycleMetadata.invokeInitMethods(InitDestroyAnnotationBeanPostProcessor.java:333)
	at org.springframework.beans.factory.annotation.InitDestroyAnnotationBeanPostProcessor.postProcessBeforeInitialization(InitDestroyAnnotationBeanPostProcessor.java:157)
	... 18 common frames omitted
2021-09-06 14:31:04,377 INFO  c.garak.ingestor.IngestorApplication -  Starting IngestorApplication using Java 11.0.3 on JJKIN-MACBOOK with PID 16450 (/Users/skyang/eclipse-workspace/digitalworkspaces/MqttIngestor-Subscriber/target/classes started by skyang in /Users/skyang/eclipse-workspace/digitalworkspaces/MqttIngestor-Subscriber)
2021-09-06 14:31:04,379 DEBUG c.garak.ingestor.IngestorApplication -  Running with Spring Boot v2.5.2, Spring v5.3.8
2021-09-06 14:31:04,380 INFO  c.garak.ingestor.IngestorApplication -  The following profiles are active: dev
2021-09-06 14:31:04,414 WARN  o.s.b.c.config.ConfigDataEnvironment -  Property 'spring.profiles' imported from location 'class path resource [application.yaml]' is invalid and should be replaced with 'spring.config.activate.on-profile' [origin: class path resource [application.yaml] - 79:13]
2021-09-06 14:31:04,414 WARN  o.s.b.c.config.ConfigDataEnvironment -  Property 'spring.profiles' imported from location 'class path resource [application.yaml]' is invalid and should be replaced with 'spring.config.activate.on-profile' [origin: class path resource [application.yaml] - 60:13]
2021-09-06 14:31:04,415 WARN  o.s.b.c.config.ConfigDataEnvironment -  Property 'spring.profiles' imported from location 'class path resource [application.yaml]' is invalid and should be replaced with 'spring.config.activate.on-profile' [origin: class path resource [application.yaml] - 36:13]
2021-09-06 14:31:05,208 INFO  o.s.d.r.c.RepositoryConfigurationDelegate -  Multiple Spring Data modules found, entering strict repository configuration mode!
2021-09-06 14:31:05,208 INFO  o.s.d.r.c.RepositoryConfigurationDelegate -  Bootstrapping Spring Data JPA repositories in DEFAULT mode.
2021-09-06 14:31:05,267 INFO  o.s.d.r.c.RepositoryConfigurationExtensionSupport -  Spring Data JPA - Could not safely identify store assignment for repository candidate interface com.garak.ingestor.repository.MobilityNosqlRepository. If you want this repository to be a JPA repository, consider annotating your entities with one of these annotations: javax.persistence.Entity, javax.persistence.MappedSuperclass (preferred), or consider extending one of the following types with your repository: org.springframework.data.jpa.repository.JpaRepository.
2021-09-06 14:31:05,296 INFO  o.s.d.r.c.RepositoryConfigurationDelegate -  Finished Spring Data repository scanning in 82 ms. Found 6 JPA repository interfaces.
2021-09-06 14:31:05,305 INFO  o.s.d.r.c.RepositoryConfigurationDelegate -  Multiple Spring Data modules found, entering strict repository configuration mode!
2021-09-06 14:31:05,305 INFO  o.s.d.r.c.RepositoryConfigurationDelegate -  Bootstrapping Spring Data MongoDB repositories in DEFAULT mode.
2021-09-06 14:31:05,312 INFO  o.s.d.r.c.RepositoryConfigurationExtensionSupport -  Spring Data MongoDB - Could not safely identify store assignment for repository candidate interface com.garak.ingestor.repository.CodeDetailRDBRepository. If you want this repository to be a MongoDB repository, consider annotating your entities with one of these annotations: org.springframework.data.mongodb.core.mapping.Document (preferred), or consider extending one of the following types with your repository: org.springframework.data.mongodb.repository.MongoRepository.
2021-09-06 14:31:05,313 INFO  o.s.d.r.c.RepositoryConfigurationExtensionSupport -  Spring Data MongoDB - Could not safely identify store assignment for repository candidate interface com.garak.ingestor.repository.EventRepository. If you want this repository to be a MongoDB repository, consider annotating your entities with one of these annotations: org.springframework.data.mongodb.core.mapping.Document (preferred), or consider extending one of the following types with your repository: org.springframework.data.mongodb.repository.MongoRepository.
2021-09-06 14:31:05,314 INFO  o.s.d.r.c.RepositoryConfigurationExtensionSupport -  Spring Data MongoDB - Could not safely identify store assignment for repository candidate interface com.garak.ingestor.repository.MobilityBatteryKitRDBRepository. If you want this repository to be a MongoDB repository, consider annotating your entities with one of these annotations: org.springframework.data.mongodb.core.mapping.Document (preferred), or consider extending one of the following types with your repository: org.springframework.data.mongodb.repository.MongoRepository.
2021-09-06 14:31:05,315 INFO  o.s.d.r.c.RepositoryConfigurationExtensionSupport -  Spring Data MongoDB - Could not safely identify store assignment for repository candidate interface com.garak.ingestor.repository.MobilityRDBRepository. If you want this repository to be a MongoDB repository, consider annotating your entities with one of these annotations: org.springframework.data.mongodb.core.mapping.Document (preferred), or consider extending one of the following types with your repository: org.springframework.data.mongodb.repository.MongoRepository.
2021-09-06 14:31:05,316 INFO  o.s.d.r.c.RepositoryConfigurationExtensionSupport -  Spring Data MongoDB - Could not safely identify store assignment for repository candidate interface com.garak.ingestor.repository.MobilityServRDBRepository. If you want this repository to be a MongoDB repository, consider annotating your entities with one of these annotations: org.springframework.data.mongodb.core.mapping.Document (preferred), or consider extending one of the following types with your repository: org.springframework.data.mongodb.repository.MongoRepository.
2021-09-06 14:31:05,316 INFO  o.s.d.r.c.RepositoryConfigurationExtensionSupport -  Spring Data MongoDB - Could not safely identify store assignment for repository candidate interface com.garak.ingestor.repository.UserRDBRepository. If you want this repository to be a MongoDB repository, consider annotating your entities with one of these annotations: org.springframework.data.mongodb.core.mapping.Document (preferred), or consider extending one of the following types with your repository: org.springframework.data.mongodb.repository.MongoRepository.
2021-09-06 14:31:05,320 INFO  o.s.d.r.c.RepositoryConfigurationDelegate -  Finished Spring Data repository scanning in 15 ms. Found 1 MongoDB repository interfaces.
2021-09-06 14:31:05,538 INFO  o.s.i.c.DefaultConfiguringBeanFactoryPostProcessor -  No bean named 'errorChannel' has been explicitly defined. Therefore, a default PublishSubscribeChannel will be created.
2021-09-06 14:31:05,546 INFO  o.s.i.c.DefaultConfiguringBeanFactoryPostProcessor -  No bean named 'integrationHeaderChannelRegistry' has been explicitly defined. Therefore, a default DefaultHeaderChannelRegistry will be created.
2021-09-06 14:31:05,606 INFO  o.s.c.s.PostProcessorRegistrationDelegate$BeanPostProcessorChecker -  Bean 'org.springframework.integration.config.IntegrationManagementConfiguration' of type [org.springframework.integration.config.IntegrationManagementConfiguration] is not eligible for getting processed by all BeanPostProcessors (for example: not eligible for auto-proxying)
2021-09-06 14:31:05,612 INFO  o.s.c.s.PostProcessorRegistrationDelegate$BeanPostProcessorChecker -  Bean 'integrationChannelResolver' of type [org.springframework.integration.support.channel.BeanFactoryChannelResolver] is not eligible for getting processed by all BeanPostProcessors (for example: not eligible for auto-proxying)
2021-09-06 14:31:05,613 INFO  o.s.c.s.PostProcessorRegistrationDelegate$BeanPostProcessorChecker -  Bean 'integrationDisposableAutoCreatedBeans' of type [org.springframework.integration.config.annotation.Disposables] is not eligible for getting processed by all BeanPostProcessors (for example: not eligible for auto-proxying)
2021-09-06 14:31:05,807 INFO  com.zaxxer.hikari.HikariDataSource -  HikariPool-1 - Starting...
2021-09-06 14:31:06,038 INFO  com.zaxxer.hikari.HikariDataSource -  HikariPool-1 - Start completed.
2021-09-06 14:31:06,074 INFO  o.h.jpa.internal.util.LogHelper -  HHH000204: Processing PersistenceUnitInfo [name: default]
2021-09-06 14:31:06,106 INFO  org.hibernate.Version -  HHH000412: Hibernate ORM core version 5.4.32.Final
2021-09-06 14:31:06,190 INFO  o.h.annotations.common.Version -  HCANN000001: Hibernate Commons Annotations {5.1.2.Final}
2021-09-06 14:31:06,265 INFO  org.hibernate.dialect.Dialect -  HHH000400: Using dialect: org.hibernate.dialect.MySQL5InnoDBDialect
2021-09-06 14:31:06,704 INFO  o.h.e.t.j.p.i.JtaPlatformInitiator -  HHH000490: Using JtaPlatform implementation: [org.hibernate.engine.transaction.jta.platform.internal.NoJtaPlatform]
2021-09-06 14:31:06,712 INFO  o.s.o.j.LocalContainerEntityManagerFactoryBean -  Initialized JPA EntityManagerFactory for persistence unit 'default'
2021-09-06 14:31:07,224 WARN  o.s.b.w.r.c.AnnotationConfigReactiveWebServerApplicationContext -  Exception encountered during context initialization - cancelling refresh attempt: org.springframework.beans.factory.BeanCreationException: Error creating bean with name 'codeBroker': Invocation of init method failed; nested exception is java.lang.IllegalStateException: Duplicate key 0 (attempted merging values com.garak.ingestor.entity.CodeDetailRDB@1fc4483f and com.garak.ingestor.entity.CodeDetailRDB@1fc4483f)
2021-09-06 14:31:07,225 INFO  o.s.o.j.LocalContainerEntityManagerFactoryBean -  Closing JPA EntityManagerFactory for persistence unit 'default'
2021-09-06 14:31:07,227 INFO  com.zaxxer.hikari.HikariDataSource -  HikariPool-1 - Shutdown initiated...
2021-09-06 14:31:07,236 INFO  com.zaxxer.hikari.HikariDataSource -  HikariPool-1 - Shutdown completed.
2021-09-06 14:31:07,259 INFO  o.s.b.a.l.ConditionEvaluationReportLoggingListener -  

Error starting ApplicationContext. To display the conditions report re-run your application with 'debug' enabled.
2021-09-06 14:31:07,279 ERROR o.s.boot.SpringApplication -  Application run failed
org.springframework.beans.factory.BeanCreationException: Error creating bean with name 'codeBroker': Invocation of init method failed; nested exception is java.lang.IllegalStateException: Duplicate key 0 (attempted merging values com.garak.ingestor.entity.CodeDetailRDB@1fc4483f and com.garak.ingestor.entity.CodeDetailRDB@1fc4483f)
	at org.springframework.beans.factory.annotation.InitDestroyAnnotationBeanPostProcessor.postProcessBeforeInitialization(InitDestroyAnnotationBeanPostProcessor.java:160)
	at org.springframework.beans.factory.support.AbstractAutowireCapableBeanFactory.applyBeanPostProcessorsBeforeInitialization(AbstractAutowireCapableBeanFactory.java:422)
	at org.springframework.beans.factory.support.AbstractAutowireCapableBeanFactory.initializeBean(AbstractAutowireCapableBeanFactory.java:1778)
	at org.springframework.beans.factory.support.AbstractAutowireCapableBeanFactory.doCreateBean(AbstractAutowireCapableBeanFactory.java:602)
	at org.springframework.beans.factory.support.AbstractAutowireCapableBeanFactory.createBean(AbstractAutowireCapableBeanFactory.java:524)
	at org.springframework.beans.factory.support.AbstractBeanFactory.lambda$doGetBean$0(AbstractBeanFactory.java:335)
	at org.springframework.beans.factory.support.DefaultSingletonBeanRegistry.getSingleton(DefaultSingletonBeanRegistry.java:234)
	at org.springframework.beans.factory.support.AbstractBeanFactory.doGetBean(AbstractBeanFactory.java:333)
	at org.springframework.beans.factory.support.AbstractBeanFactory.getBean(AbstractBeanFactory.java:208)
	at org.springframework.beans.factory.support.DefaultListableBeanFactory.preInstantiateSingletons(DefaultListableBeanFactory.java:944)
	at org.springframework.context.support.AbstractApplicationContext.finishBeanFactoryInitialization(AbstractApplicationContext.java:918)
	at org.springframework.context.support.AbstractApplicationContext.refresh(AbstractApplicationContext.java:583)
	at org.springframework.boot.web.reactive.context.ReactiveWebServerApplicationContext.refresh(ReactiveWebServerApplicationContext.java:64)
	at org.springframework.boot.SpringApplication.refresh(SpringApplication.java:754)
	at org.springframework.boot.SpringApplication.refreshContext(SpringApplication.java:434)
	at org.springframework.boot.SpringApplication.run(SpringApplication.java:338)
	at org.springframework.boot.SpringApplication.run(SpringApplication.java:1343)
	at org.springframework.boot.SpringApplication.run(SpringApplication.java:1332)
	at com.garak.ingestor.IngestorApplication.main(IngestorApplication.java:28)
Caused by: java.lang.IllegalStateException: Duplicate key 0 (attempted merging values com.garak.ingestor.entity.CodeDetailRDB@1fc4483f and com.garak.ingestor.entity.CodeDetailRDB@1fc4483f)
	at java.base/java.util.stream.Collectors.duplicateKeyException(Collectors.java:133)
	at java.base/java.util.stream.Collectors.lambda$uniqKeysMapAccumulator$1(Collectors.java:180)
	at java.base/java.util.stream.ReduceOps$3ReducingSink.accept(ReduceOps.java:169)
	at java.base/java.util.ArrayList$ArrayListSpliterator.forEachRemaining(ArrayList.java:1654)
	at java.base/java.util.stream.AbstractPipeline.copyInto(AbstractPipeline.java:484)
	at java.base/java.util.stream.AbstractPipeline.wrapAndCopyInto(AbstractPipeline.java:474)
	at java.base/java.util.stream.ReduceOps$ReduceOp.evaluateSequential(ReduceOps.java:913)
	at java.base/java.util.stream.AbstractPipeline.evaluate(AbstractPipeline.java:234)
	at java.base/java.util.stream.ReferencePipeline.collect(ReferencePipeline.java:578)
	at com.garak.ingestor.conf.CodeBroker.init(CodeBroker.java:37)
	at java.base/jdk.internal.reflect.NativeMethodAccessorImpl.invoke0(Native Method)
	at java.base/jdk.internal.reflect.NativeMethodAccessorImpl.invoke(NativeMethodAccessorImpl.java:62)
	at java.base/jdk.internal.reflect.DelegatingMethodAccessorImpl.invoke(DelegatingMethodAccessorImpl.java:43)
	at java.base/java.lang.reflect.Method.invoke(Method.java:566)
	at org.springframework.beans.factory.annotation.InitDestroyAnnotationBeanPostProcessor$LifecycleElement.invoke(InitDestroyAnnotationBeanPostProcessor.java:389)
	at org.springframework.beans.factory.annotation.InitDestroyAnnotationBeanPostProcessor$LifecycleMetadata.invokeInitMethods(InitDestroyAnnotationBeanPostProcessor.java:333)
	at org.springframework.beans.factory.annotation.InitDestroyAnnotationBeanPostProcessor.postProcessBeforeInitialization(InitDestroyAnnotationBeanPostProcessor.java:157)
	... 18 common frames omitted
2021-09-06 14:32:04,031 INFO  c.garak.ingestor.IngestorApplication -  Starting IngestorApplication using Java 11.0.3 on JJKIN-MACBOOK with PID 17154 (/Users/skyang/eclipse-workspace/digitalworkspaces/MqttIngestor-Subscriber/target/classes started by skyang in /Users/skyang/eclipse-workspace/digitalworkspaces/MqttIngestor-Subscriber)
2021-09-06 14:32:04,034 DEBUG c.garak.ingestor.IngestorApplication -  Running with Spring Boot v2.5.2, Spring v5.3.8
2021-09-06 14:32:04,034 INFO  c.garak.ingestor.IngestorApplication -  The following profiles are active: dev
2021-09-06 14:32:04,071 WARN  o.s.b.c.config.ConfigDataEnvironment -  Property 'spring.profiles' imported from location 'class path resource [application.yaml]' is invalid and should be replaced with 'spring.config.activate.on-profile' [origin: class path resource [application.yaml] - 79:13]
2021-09-06 14:32:04,071 WARN  o.s.b.c.config.ConfigDataEnvironment -  Property 'spring.profiles' imported from location 'class path resource [application.yaml]' is invalid and should be replaced with 'spring.config.activate.on-profile' [origin: class path resource [application.yaml] - 60:13]
2021-09-06 14:32:04,071 WARN  o.s.b.c.config.ConfigDataEnvironment -  Property 'spring.profiles' imported from location 'class path resource [application.yaml]' is invalid and should be replaced with 'spring.config.activate.on-profile' [origin: class path resource [application.yaml] - 36:13]
2021-09-06 14:32:04,892 INFO  o.s.d.r.c.RepositoryConfigurationDelegate -  Multiple Spring Data modules found, entering strict repository configuration mode!
2021-09-06 14:32:04,892 INFO  o.s.d.r.c.RepositoryConfigurationDelegate -  Bootstrapping Spring Data JPA repositories in DEFAULT mode.
2021-09-06 14:32:04,949 INFO  o.s.d.r.c.RepositoryConfigurationExtensionSupport -  Spring Data JPA - Could not safely identify store assignment for repository candidate interface com.garak.ingestor.repository.MobilityNosqlRepository. If you want this repository to be a JPA repository, consider annotating your entities with one of these annotations: javax.persistence.Entity, javax.persistence.MappedSuperclass (preferred), or consider extending one of the following types with your repository: org.springframework.data.jpa.repository.JpaRepository.
2021-09-06 14:32:04,976 INFO  o.s.d.r.c.RepositoryConfigurationDelegate -  Finished Spring Data repository scanning in 78 ms. Found 6 JPA repository interfaces.
2021-09-06 14:32:04,983 INFO  o.s.d.r.c.RepositoryConfigurationDelegate -  Multiple Spring Data modules found, entering strict repository configuration mode!
2021-09-06 14:32:04,984 INFO  o.s.d.r.c.RepositoryConfigurationDelegate -  Bootstrapping Spring Data MongoDB repositories in DEFAULT mode.
2021-09-06 14:32:04,991 INFO  o.s.d.r.c.RepositoryConfigurationExtensionSupport -  Spring Data MongoDB - Could not safely identify store assignment for repository candidate interface com.garak.ingestor.repository.CodeDetailRDBRepository. If you want this repository to be a MongoDB repository, consider annotating your entities with one of these annotations: org.springframework.data.mongodb.core.mapping.Document (preferred), or consider extending one of the following types with your repository: org.springframework.data.mongodb.repository.MongoRepository.
2021-09-06 14:32:04,992 INFO  o.s.d.r.c.RepositoryConfigurationExtensionSupport -  Spring Data MongoDB - Could not safely identify store assignment for repository candidate interface com.garak.ingestor.repository.EventRepository. If you want this repository to be a MongoDB repository, consider annotating your entities with one of these annotations: org.springframework.data.mongodb.core.mapping.Document (preferred), or consider extending one of the following types with your repository: org.springframework.data.mongodb.repository.MongoRepository.
2021-09-06 14:32:04,993 INFO  o.s.d.r.c.RepositoryConfigurationExtensionSupport -  Spring Data MongoDB - Could not safely identify store assignment for repository candidate interface com.garak.ingestor.repository.MobilityBatteryKitRDBRepository. If you want this repository to be a MongoDB repository, consider annotating your entities with one of these annotations: org.springframework.data.mongodb.core.mapping.Document (preferred), or consider extending one of the following types with your repository: org.springframework.data.mongodb.repository.MongoRepository.
2021-09-06 14:32:04,994 INFO  o.s.d.r.c.RepositoryConfigurationExtensionSupport -  Spring Data MongoDB - Could not safely identify store assignment for repository candidate interface com.garak.ingestor.repository.MobilityRDBRepository. If you want this repository to be a MongoDB repository, consider annotating your entities with one of these annotations: org.springframework.data.mongodb.core.mapping.Document (preferred), or consider extending one of the following types with your repository: org.springframework.data.mongodb.repository.MongoRepository.
2021-09-06 14:32:04,997 INFO  o.s.d.r.c.RepositoryConfigurationExtensionSupport -  Spring Data MongoDB - Could not safely identify store assignment for repository candidate interface com.garak.ingestor.repository.MobilityServRDBRepository. If you want this repository to be a MongoDB repository, consider annotating your entities with one of these annotations: org.springframework.data.mongodb.core.mapping.Document (preferred), or consider extending one of the following types with your repository: org.springframework.data.mongodb.repository.MongoRepository.
2021-09-06 14:32:04,997 INFO  o.s.d.r.c.RepositoryConfigurationExtensionSupport -  Spring Data MongoDB - Could not safely identify store assignment for repository candidate interface com.garak.ingestor.repository.UserRDBRepository. If you want this repository to be a MongoDB repository, consider annotating your entities with one of these annotations: org.springframework.data.mongodb.core.mapping.Document (preferred), or consider extending one of the following types with your repository: org.springframework.data.mongodb.repository.MongoRepository.
2021-09-06 14:32:05,002 INFO  o.s.d.r.c.RepositoryConfigurationDelegate -  Finished Spring Data repository scanning in 17 ms. Found 1 MongoDB repository interfaces.
2021-09-06 14:32:05,230 INFO  o.s.i.c.DefaultConfiguringBeanFactoryPostProcessor -  No bean named 'errorChannel' has been explicitly defined. Therefore, a default PublishSubscribeChannel will be created.
2021-09-06 14:32:05,240 INFO  o.s.i.c.DefaultConfiguringBeanFactoryPostProcessor -  No bean named 'integrationHeaderChannelRegistry' has been explicitly defined. Therefore, a default DefaultHeaderChannelRegistry will be created.
2021-09-06 14:32:05,327 INFO  o.s.c.s.PostProcessorRegistrationDelegate$BeanPostProcessorChecker -  Bean 'org.springframework.integration.config.IntegrationManagementConfiguration' of type [org.springframework.integration.config.IntegrationManagementConfiguration] is not eligible for getting processed by all BeanPostProcessors (for example: not eligible for auto-proxying)
2021-09-06 14:32:05,336 INFO  o.s.c.s.PostProcessorRegistrationDelegate$BeanPostProcessorChecker -  Bean 'integrationChannelResolver' of type [org.springframework.integration.support.channel.BeanFactoryChannelResolver] is not eligible for getting processed by all BeanPostProcessors (for example: not eligible for auto-proxying)
2021-09-06 14:32:05,337 INFO  o.s.c.s.PostProcessorRegistrationDelegate$BeanPostProcessorChecker -  Bean 'integrationDisposableAutoCreatedBeans' of type [org.springframework.integration.config.annotation.Disposables] is not eligible for getting processed by all BeanPostProcessors (for example: not eligible for auto-proxying)
2021-09-06 14:32:05,569 INFO  com.zaxxer.hikari.HikariDataSource -  HikariPool-1 - Starting...
2021-09-06 14:32:05,812 INFO  com.zaxxer.hikari.HikariDataSource -  HikariPool-1 - Start completed.
2021-09-06 14:32:05,848 INFO  o.h.jpa.internal.util.LogHelper -  HHH000204: Processing PersistenceUnitInfo [name: default]
2021-09-06 14:32:05,880 INFO  org.hibernate.Version -  HHH000412: Hibernate ORM core version 5.4.32.Final
2021-09-06 14:32:05,973 INFO  o.h.annotations.common.Version -  HCANN000001: Hibernate Commons Annotations {5.1.2.Final}
2021-09-06 14:32:06,057 INFO  org.hibernate.dialect.Dialect -  HHH000400: Using dialect: org.hibernate.dialect.MySQL5InnoDBDialect
2021-09-06 14:32:06,533 INFO  o.h.e.t.j.p.i.JtaPlatformInitiator -  HHH000490: Using JtaPlatform implementation: [org.hibernate.engine.transaction.jta.platform.internal.NoJtaPlatform]
2021-09-06 14:32:06,540 INFO  o.s.o.j.LocalContainerEntityManagerFactoryBean -  Initialized JPA EntityManagerFactory for persistence unit 'default'
2021-09-06 14:32:07,042 INFO  org.mongodb.driver.cluster -  Cluster created with settings {hosts=[175.106.98.100:27017], mode=SINGLE, requiredClusterType=UNKNOWN, serverSelectionTimeout='30000 ms'}
2021-09-06 14:32:07,151 INFO  org.mongodb.driver.connection -  Opened connection [connectionId{localValue:2, serverValue:5420}] to 175.106.98.100:27017
2021-09-06 14:32:07,152 INFO  org.mongodb.driver.connection -  Opened connection [connectionId{localValue:1, serverValue:5419}] to 175.106.98.100:27017
2021-09-06 14:32:07,153 INFO  org.mongodb.driver.cluster -  Monitor thread successfully connected to server with description ServerDescription{address=175.106.98.100:27017, type=STANDALONE, state=CONNECTED, ok=true, minWireVersion=0, maxWireVersion=6, maxDocumentSize=16777216, logicalSessionTimeoutMinutes=30, roundTripTimeNanos=27275041}
2021-09-06 14:32:07,895 DEBUG c.g.i.conf.MobilityStateBroker -  kit_id1
2021-09-06 14:32:07,895 DEBUG c.g.i.conf.MobilityStateBroker -  kit_id3
2021-09-06 14:32:07,895 DEBUG c.g.i.conf.MobilityStateBroker -  kit_id4
2021-09-06 14:32:07,974 WARN  o.s.b.w.r.c.AnnotationConfigReactiveWebServerApplicationContext -  Exception encountered during context initialization - cancelling refresh attempt: org.springframework.beans.factory.UnsatisfiedDependencyException: Error creating bean with name 'mqttInboundConfiguration': Unsatisfied dependency expressed through field 'codeBroker'; nested exception is org.springframework.beans.factory.NoSuchBeanDefinitionException: No qualifying bean of type 'com.garak.ingestor.conf.CodeBroker' available: expected at least 1 bean which qualifies as autowire candidate. Dependency annotations: {@org.springframework.beans.factory.annotation.Autowired(required=true)}
2021-09-06 14:32:07,980 INFO  o.s.o.j.LocalContainerEntityManagerFactoryBean -  Closing JPA EntityManagerFactory for persistence unit 'default'
2021-09-06 14:32:07,981 INFO  com.zaxxer.hikari.HikariDataSource -  HikariPool-1 - Shutdown initiated...
2021-09-06 14:32:07,989 INFO  com.zaxxer.hikari.HikariDataSource -  HikariPool-1 - Shutdown completed.
2021-09-06 14:32:08,016 INFO  o.s.b.a.l.ConditionEvaluationReportLoggingListener -  

Error starting ApplicationContext. To display the conditions report re-run your application with 'debug' enabled.
2021-09-06 14:32:08,036 ERROR o.s.b.d.LoggingFailureAnalysisReporter -  

***************************
APPLICATION FAILED TO START
***************************

Description:

Field codeBroker in com.garak.ingestor.conf.MqttInboundConfiguration required a bean of type 'com.garak.ingestor.conf.CodeBroker' that could not be found.

The injection point has the following annotations:
	- @org.springframework.beans.factory.annotation.Autowired(required=true)


Action:

Consider defining a bean of type 'com.garak.ingestor.conf.CodeBroker' in your configuration.

2021-09-06 14:32:43,530 INFO  c.garak.ingestor.IngestorApplication -  Starting IngestorApplication using Java 11.0.3 on JJKIN-MACBOOK with PID 17836 (/Users/skyang/eclipse-workspace/digitalworkspaces/MqttIngestor-Subscriber/target/classes started by skyang in /Users/skyang/eclipse-workspace/digitalworkspaces/MqttIngestor-Subscriber)
2021-09-06 14:32:43,532 DEBUG c.garak.ingestor.IngestorApplication -  Running with Spring Boot v2.5.2, Spring v5.3.8
2021-09-06 14:32:43,533 INFO  c.garak.ingestor.IngestorApplication -  The following profiles are active: dev
2021-09-06 14:32:43,575 WARN  o.s.b.c.config.ConfigDataEnvironment -  Property 'spring.profiles' imported from location 'class path resource [application.yaml]' is invalid and should be replaced with 'spring.config.activate.on-profile' [origin: class path resource [application.yaml] - 79:13]
2021-09-06 14:32:43,575 WARN  o.s.b.c.config.ConfigDataEnvironment -  Property 'spring.profiles' imported from location 'class path resource [application.yaml]' is invalid and should be replaced with 'spring.config.activate.on-profile' [origin: class path resource [application.yaml] - 60:13]
2021-09-06 14:32:43,575 WARN  o.s.b.c.config.ConfigDataEnvironment -  Property 'spring.profiles' imported from location 'class path resource [application.yaml]' is invalid and should be replaced with 'spring.config.activate.on-profile' [origin: class path resource [application.yaml] - 36:13]
2021-09-06 14:32:44,372 INFO  o.s.d.r.c.RepositoryConfigurationDelegate -  Multiple Spring Data modules found, entering strict repository configuration mode!
2021-09-06 14:32:44,372 INFO  o.s.d.r.c.RepositoryConfigurationDelegate -  Bootstrapping Spring Data JPA repositories in DEFAULT mode.
2021-09-06 14:32:44,427 INFO  o.s.d.r.c.RepositoryConfigurationExtensionSupport -  Spring Data JPA - Could not safely identify store assignment for repository candidate interface com.garak.ingestor.repository.MobilityNosqlRepository. If you want this repository to be a JPA repository, consider annotating your entities with one of these annotations: javax.persistence.Entity, javax.persistence.MappedSuperclass (preferred), or consider extending one of the following types with your repository: org.springframework.data.jpa.repository.JpaRepository.
2021-09-06 14:32:44,450 INFO  o.s.d.r.c.RepositoryConfigurationDelegate -  Finished Spring Data repository scanning in 72 ms. Found 6 JPA repository interfaces.
2021-09-06 14:32:44,456 INFO  o.s.d.r.c.RepositoryConfigurationDelegate -  Multiple Spring Data modules found, entering strict repository configuration mode!
2021-09-06 14:32:44,456 INFO  o.s.d.r.c.RepositoryConfigurationDelegate -  Bootstrapping Spring Data MongoDB repositories in DEFAULT mode.
2021-09-06 14:32:44,463 INFO  o.s.d.r.c.RepositoryConfigurationExtensionSupport -  Spring Data MongoDB - Could not safely identify store assignment for repository candidate interface com.garak.ingestor.repository.CodeDetailRDBRepository. If you want this repository to be a MongoDB repository, consider annotating your entities with one of these annotations: org.springframework.data.mongodb.core.mapping.Document (preferred), or consider extending one of the following types with your repository: org.springframework.data.mongodb.repository.MongoRepository.
2021-09-06 14:32:44,463 INFO  o.s.d.r.c.RepositoryConfigurationExtensionSupport -  Spring Data MongoDB - Could not safely identify store assignment for repository candidate interface com.garak.ingestor.repository.EventRepository. If you want this repository to be a MongoDB repository, consider annotating your entities with one of these annotations: org.springframework.data.mongodb.core.mapping.Document (preferred), or consider extending one of the following types with your repository: org.springframework.data.mongodb.repository.MongoRepository.
2021-09-06 14:32:44,464 INFO  o.s.d.r.c.RepositoryConfigurationExtensionSupport -  Spring Data MongoDB - Could not safely identify store assignment for repository candidate interface com.garak.ingestor.repository.MobilityBatteryKitRDBRepository. If you want this repository to be a MongoDB repository, consider annotating your entities with one of these annotations: org.springframework.data.mongodb.core.mapping.Document (preferred), or consider extending one of the following types with your repository: org.springframework.data.mongodb.repository.MongoRepository.
2021-09-06 14:32:44,465 INFO  o.s.d.r.c.RepositoryConfigurationExtensionSupport -  Spring Data MongoDB - Could not safely identify store assignment for repository candidate interface com.garak.ingestor.repository.MobilityRDBRepository. If you want this repository to be a MongoDB repository, consider annotating your entities with one of these annotations: org.springframework.data.mongodb.core.mapping.Document (preferred), or consider extending one of the following types with your repository: org.springframework.data.mongodb.repository.MongoRepository.
2021-09-06 14:32:44,467 INFO  o.s.d.r.c.RepositoryConfigurationExtensionSupport -  Spring Data MongoDB - Could not safely identify store assignment for repository candidate interface com.garak.ingestor.repository.MobilityServRDBRepository. If you want this repository to be a MongoDB repository, consider annotating your entities with one of these annotations: org.springframework.data.mongodb.core.mapping.Document (preferred), or consider extending one of the following types with your repository: org.springframework.data.mongodb.repository.MongoRepository.
2021-09-06 14:32:44,468 INFO  o.s.d.r.c.RepositoryConfigurationExtensionSupport -  Spring Data MongoDB - Could not safely identify store assignment for repository candidate interface com.garak.ingestor.repository.UserRDBRepository. If you want this repository to be a MongoDB repository, consider annotating your entities with one of these annotations: org.springframework.data.mongodb.core.mapping.Document (preferred), or consider extending one of the following types with your repository: org.springframework.data.mongodb.repository.MongoRepository.
2021-09-06 14:32:44,472 INFO  o.s.d.r.c.RepositoryConfigurationDelegate -  Finished Spring Data repository scanning in 15 ms. Found 1 MongoDB repository interfaces.
2021-09-06 14:32:44,677 INFO  o.s.i.c.DefaultConfiguringBeanFactoryPostProcessor -  No bean named 'errorChannel' has been explicitly defined. Therefore, a default PublishSubscribeChannel will be created.
2021-09-06 14:32:44,687 INFO  o.s.i.c.DefaultConfiguringBeanFactoryPostProcessor -  No bean named 'integrationHeaderChannelRegistry' has been explicitly defined. Therefore, a default DefaultHeaderChannelRegistry will be created.
2021-09-06 14:32:44,770 INFO  o.s.c.s.PostProcessorRegistrationDelegate$BeanPostProcessorChecker -  Bean 'org.springframework.integration.config.IntegrationManagementConfiguration' of type [org.springframework.integration.config.IntegrationManagementConfiguration] is not eligible for getting processed by all BeanPostProcessors (for example: not eligible for auto-proxying)
2021-09-06 14:32:44,776 INFO  o.s.c.s.PostProcessorRegistrationDelegate$BeanPostProcessorChecker -  Bean 'integrationChannelResolver' of type [org.springframework.integration.support.channel.BeanFactoryChannelResolver] is not eligible for getting processed by all BeanPostProcessors (for example: not eligible for auto-proxying)
2021-09-06 14:32:44,778 INFO  o.s.c.s.PostProcessorRegistrationDelegate$BeanPostProcessorChecker -  Bean 'integrationDisposableAutoCreatedBeans' of type [org.springframework.integration.config.annotation.Disposables] is not eligible for getting processed by all BeanPostProcessors (for example: not eligible for auto-proxying)
2021-09-06 14:32:44,967 INFO  com.zaxxer.hikari.HikariDataSource -  HikariPool-1 - Starting...
2021-09-06 14:32:45,195 INFO  com.zaxxer.hikari.HikariDataSource -  HikariPool-1 - Start completed.
2021-09-06 14:32:45,230 INFO  o.h.jpa.internal.util.LogHelper -  HHH000204: Processing PersistenceUnitInfo [name: default]
2021-09-06 14:32:45,262 INFO  org.hibernate.Version -  HHH000412: Hibernate ORM core version 5.4.32.Final
2021-09-06 14:32:45,342 INFO  o.h.annotations.common.Version -  HCANN000001: Hibernate Commons Annotations {5.1.2.Final}
2021-09-06 14:32:45,417 INFO  org.hibernate.dialect.Dialect -  HHH000400: Using dialect: org.hibernate.dialect.MySQL5InnoDBDialect
2021-09-06 14:32:45,871 INFO  o.h.e.t.j.p.i.JtaPlatformInitiator -  HHH000490: Using JtaPlatform implementation: [org.hibernate.engine.transaction.jta.platform.internal.NoJtaPlatform]
2021-09-06 14:32:45,878 INFO  o.s.o.j.LocalContainerEntityManagerFactoryBean -  Initialized JPA EntityManagerFactory for persistence unit 'default'
2021-09-06 14:32:46,335 INFO  org.mongodb.driver.cluster -  Cluster created with settings {hosts=[175.106.98.100:27017], mode=SINGLE, requiredClusterType=UNKNOWN, serverSelectionTimeout='30000 ms'}
2021-09-06 14:32:46,439 INFO  org.mongodb.driver.connection -  Opened connection [connectionId{localValue:2, serverValue:5422}] to 175.106.98.100:27017
2021-09-06 14:32:46,440 INFO  org.mongodb.driver.connection -  Opened connection [connectionId{localValue:1, serverValue:5421}] to 175.106.98.100:27017
2021-09-06 14:32:46,441 INFO  org.mongodb.driver.cluster -  Monitor thread successfully connected to server with description ServerDescription{address=175.106.98.100:27017, type=STANDALONE, state=CONNECTED, ok=true, minWireVersion=0, maxWireVersion=6, maxDocumentSize=16777216, logicalSessionTimeoutMinutes=30, roundTripTimeNanos=19814691}
2021-09-06 14:32:46,979 DEBUG c.g.i.conf.MobilityStateBroker -  kit_id1
2021-09-06 14:32:46,980 DEBUG c.g.i.conf.MobilityStateBroker -  kit_id3
2021-09-06 14:32:46,980 DEBUG c.g.i.conf.MobilityStateBroker -  kit_id4
2021-09-06 14:32:47,596 INFO  o.s.b.a.e.web.EndpointLinksResolver -  Exposing 1 endpoint(s) beneath base path '/actuator'
2021-09-06 14:32:47,943 INFO  o.s.i.endpoint.EventDrivenConsumer -  Adding {logging-channel-adapter:_org.springframework.integration.errorLogger} as a subscriber to the 'errorChannel' channel
2021-09-06 14:32:47,943 INFO  o.s.i.c.PublishSubscribeChannel -  Channel 'application.errorChannel' has 1 subscriber(s).
2021-09-06 14:32:47,943 INFO  o.s.i.endpoint.EventDrivenConsumer -  started bean '_org.springframework.integration.errorLogger'
2021-09-06 14:32:47,943 INFO  o.s.i.endpoint.EventDrivenConsumer -  Adding {message-handler:mqttInboundConfiguration.handler.serviceActivator} as a subscriber to the 'mqttInputChannel' channel
2021-09-06 14:32:47,943 INFO  o.s.i.channel.DirectChannel -  Channel 'application.mqttInputChannel' has 1 subscriber(s).
2021-09-06 14:32:47,943 INFO  o.s.i.endpoint.EventDrivenConsumer -  started bean 'mqttInboundConfiguration.handler.serviceActivator'
2021-09-06 14:32:47,943 INFO  o.s.i.endpoint.EventDrivenConsumer -  Adding {message-handler:mqttOutboundConfiguration.mqttOutbound.serviceActivator} as a subscriber to the 'mqttOutboundChannel' channel
2021-09-06 14:32:47,943 INFO  o.s.i.channel.DirectChannel -  Channel 'application.mqttOutboundChannel' has 1 subscriber(s).
2021-09-06 14:32:47,943 INFO  o.s.i.endpoint.EventDrivenConsumer -  started bean 'mqttOutboundConfiguration.mqttOutbound.serviceActivator'
2021-09-06 14:32:47,944 INFO  o.s.i.g.GatewayProxyFactoryBean$MethodInvocationGateway -  started bean 'myGateway#sendToMqtt(byte[], String)'
2021-09-06 14:32:47,944 INFO  o.s.i.g.GatewayProxyFactoryBean$MethodInvocationGateway -  started bean 'myGateway#sendToMqtt(MqttMessage)'
2021-09-06 14:32:47,944 INFO  o.s.i.g.GatewayProxyFactoryBean$MethodInvocationGateway -  started bean 'myGateway#sendToMqtt(MqttMessage, String)'
2021-09-06 14:32:47,944 INFO  o.s.i.g.GatewayProxyFactoryBean$MethodInvocationGateway -  started bean 'myGateway#sendToMqtt(String, String)'
2021-09-06 14:32:47,944 INFO  o.s.i.g.GatewayProxyFactoryBean$MethodInvocationGateway -  started bean 'myGateway#sendToMqtt(String)'
2021-09-06 14:32:47,944 INFO  o.s.i.g.GatewayProxyFactoryBean -  started bean 'myGateway'
2021-09-06 14:32:48,318 INFO  o.s.i.m.i.MqttPahoMessageDrivenChannelAdapter -  started bean 'inbound'; defined in: 'class path resource [com/garak/ingestor/conf/MqttInboundConfiguration.class]'; from source: 'org.springframework.core.type.classreading.SimpleMethodMetadata@5eccd3b9'
2021-09-06 14:32:48,449 INFO  o.s.b.w.e.netty.NettyWebServer -  Netty started on port 8080
2021-09-06 14:32:48,478 INFO  c.garak.ingestor.IngestorApplication -  Started IngestorApplication in 5.346 seconds (JVM running for 5.96)
2021-09-06 14:32:48,684 INFO  c.g.i.conf.MqttInboundConfiguration -  date print : >>>20210906023248684
2021-09-06 14:32:48,687 INFO  c.g.i.conf.MqttInboundConfiguration -   >>>>>>>>>>>> [t.getId()] = 0
2021-09-06 14:32:48,880 INFO  org.mongodb.driver.connection -  Opened connection [connectionId{localValue:3, serverValue:5423}] to 175.106.98.100:27017
2021-09-06 14:32:48,916 INFO  c.g.i.conf.MqttInboundConfiguration -  date print : >>>20210906023248916
2021-09-06 14:32:48,916 INFO  c.g.i.conf.MqttInboundConfiguration -   >>>>>>>>>>>> [t.getId()] = 0
2021-09-06 14:32:59,412 INFO  c.g.i.conf.MqttInboundConfiguration -  date print : >>>20210906023259411
2021-09-06 14:32:59,412 INFO  c.g.i.conf.MqttInboundConfiguration -   >>>>>>>>>>>> [t.getId()] = 0
2021-09-06 14:40:18,379 INFO  o.s.b.a.SpringApplicationAdminMXBeanRegistrar$SpringApplicationAdmin -  Application shutdown requested.
2021-09-06 14:40:23,400 INFO  o.s.i.m.i.MqttPahoMessageDrivenChannelAdapter -  stopped bean 'inbound'; defined in: 'class path resource [com/garak/ingestor/conf/MqttInboundConfiguration.class]'; from source: 'org.springframework.core.type.classreading.SimpleMethodMetadata@5eccd3b9'
2021-09-06 14:40:23,404 INFO  o.s.i.g.GatewayProxyFactoryBean$MethodInvocationGateway -  stopped bean 'myGateway#sendToMqtt(byte[], String)'
2021-09-06 14:40:23,404 INFO  o.s.i.g.GatewayProxyFactoryBean$MethodInvocationGateway -  stopped bean 'myGateway#sendToMqtt(MqttMessage)'
2021-09-06 14:40:23,404 INFO  o.s.i.g.GatewayProxyFactoryBean$MethodInvocationGateway -  stopped bean 'myGateway#sendToMqtt(MqttMessage, String)'
2021-09-06 14:40:23,404 INFO  o.s.i.g.GatewayProxyFactoryBean$MethodInvocationGateway -  stopped bean 'myGateway#sendToMqtt(String, String)'
2021-09-06 14:40:23,404 INFO  o.s.i.g.GatewayProxyFactoryBean$MethodInvocationGateway -  stopped bean 'myGateway#sendToMqtt(String)'
2021-09-06 14:40:23,404 INFO  o.s.i.g.GatewayProxyFactoryBean -  stopped bean 'myGateway'
2021-09-06 14:40:23,404 INFO  o.s.i.endpoint.EventDrivenConsumer -  Removing {logging-channel-adapter:_org.springframework.integration.errorLogger} as a subscriber to the 'errorChannel' channel
2021-09-06 14:40:23,405 INFO  o.s.i.c.PublishSubscribeChannel -  Channel 'application.errorChannel' has 0 subscriber(s).
2021-09-06 14:40:23,405 INFO  o.s.i.endpoint.EventDrivenConsumer -  stopped bean '_org.springframework.integration.errorLogger'
2021-09-06 14:40:23,405 INFO  o.s.i.endpoint.EventDrivenConsumer -  Removing {message-handler:mqttInboundConfiguration.handler.serviceActivator} as a subscriber to the 'mqttInputChannel' channel
2021-09-06 14:40:23,405 INFO  o.s.i.channel.DirectChannel -  Channel 'application.mqttInputChannel' has 0 subscriber(s).
2021-09-06 14:40:23,405 INFO  o.s.i.endpoint.EventDrivenConsumer -  stopped bean 'mqttInboundConfiguration.handler.serviceActivator'
2021-09-06 14:40:23,405 INFO  o.s.i.endpoint.EventDrivenConsumer -  Removing {message-handler:mqttOutboundConfiguration.mqttOutbound.serviceActivator} as a subscriber to the 'mqttOutboundChannel' channel
2021-09-06 14:40:23,405 INFO  o.s.i.channel.DirectChannel -  Channel 'application.mqttOutboundChannel' has 0 subscriber(s).
2021-09-06 14:40:23,405 INFO  o.s.i.endpoint.EventDrivenConsumer -  stopped bean 'mqttOutboundConfiguration.mqttOutbound.serviceActivator'
2021-09-06 14:40:23,422 INFO  org.mongodb.driver.connection -  Closed connection [connectionId{localValue:3, serverValue:5423}] to 175.106.98.100:27017 because the pool has been closed.
2021-09-06 14:40:23,426 INFO  o.s.o.j.LocalContainerEntityManagerFactoryBean -  Closing JPA EntityManagerFactory for persistence unit 'default'
2021-09-06 14:40:23,430 INFO  com.zaxxer.hikari.HikariDataSource -  HikariPool-1 - Shutdown initiated...
2021-09-06 14:40:23,438 INFO  com.zaxxer.hikari.HikariDataSource -  HikariPool-1 - Shutdown completed.
