2021-08-06 13:54:47,341 INFO  c.garak.ingestor.IngestorApplication -  Starting IngestorApplication using Java 11.0.3 on JJKIN-MACBOOK with PID 99688 (/Users/skyang/eclipse-workspace/digitalworkspaces/MqttIngestor/target/classes started by skyang in /Users/skyang/eclipse-workspace/digitalworkspaces/MqttIngestor)
2021-08-06 13:54:47,346 DEBUG c.garak.ingestor.IngestorApplication -  Running with Spring Boot v2.5.2, Spring v5.3.8
2021-08-06 13:54:47,346 INFO  c.garak.ingestor.IngestorApplication -  The following profiles are active: dev
2021-08-06 13:54:47,381 WARN  o.s.b.c.config.ConfigDataEnvironment -  Property 'spring.profiles' imported from location 'class path resource [application.yaml]' is invalid and should be replaced with 'spring.config.activate.on-profile' [origin: class path resource [application.yaml] - 75:13]
2021-08-06 13:54:47,382 WARN  o.s.b.c.config.ConfigDataEnvironment -  Property 'spring.profiles' imported from location 'class path resource [application.yaml]' is invalid and should be replaced with 'spring.config.activate.on-profile' [origin: class path resource [application.yaml] - 56:13]
2021-08-06 13:54:47,382 WARN  o.s.b.c.config.ConfigDataEnvironment -  Property 'spring.profiles' imported from location 'class path resource [application.yaml]' is invalid and should be replaced with 'spring.config.activate.on-profile' [origin: class path resource [application.yaml] - 36:13]
2021-08-06 13:54:48,280 INFO  o.s.d.r.c.RepositoryConfigurationDelegate -  Multiple Spring Data modules found, entering strict repository configuration mode!
2021-08-06 13:54:48,281 INFO  o.s.d.r.c.RepositoryConfigurationDelegate -  Bootstrapping Spring Data JPA repositories in DEFAULT mode.
2021-08-06 13:54:48,342 INFO  o.s.d.r.c.RepositoryConfigurationExtensionSupport -  Spring Data JPA - Could not safely identify store assignment for repository candidate interface com.garak.ingestor.nosql.repository.MobilityRepository. If you want this repository to be a JPA repository, consider annotating your entities with one of these annotations: javax.persistence.Entity, javax.persistence.MappedSuperclass (preferred), or consider extending one of the following types with your repository: org.springframework.data.jpa.repository.JpaRepository.
2021-08-06 13:54:48,361 INFO  o.s.d.r.c.RepositoryConfigurationDelegate -  Finished Spring Data repository scanning in 70 ms. Found 3 JPA repository interfaces.
2021-08-06 13:54:48,373 INFO  o.s.d.r.c.RepositoryConfigurationDelegate -  Multiple Spring Data modules found, entering strict repository configuration mode!
2021-08-06 13:54:48,374 INFO  o.s.d.r.c.RepositoryConfigurationDelegate -  Bootstrapping Spring Data MongoDB repositories in DEFAULT mode.
2021-08-06 13:54:48,381 INFO  o.s.d.r.c.RepositoryConfigurationExtensionSupport -  Spring Data MongoDB - Could not safely identify store assignment for repository candidate interface com.garak.ingestor.nosql.repository.EventRepository. If you want this repository to be a MongoDB repository, consider annotating your entities with one of these annotations: org.springframework.data.mongodb.core.mapping.Document (preferred), or consider extending one of the following types with your repository: org.springframework.data.mongodb.repository.MongoRepository.
2021-08-06 13:54:48,382 INFO  o.s.d.r.c.RepositoryConfigurationExtensionSupport -  Spring Data MongoDB - Could not safely identify store assignment for repository candidate interface com.garak.ingestor.nosql.repository.MobilityRDBRepository. If you want this repository to be a MongoDB repository, consider annotating your entities with one of these annotations: org.springframework.data.mongodb.core.mapping.Document (preferred), or consider extending one of the following types with your repository: org.springframework.data.mongodb.repository.MongoRepository.
2021-08-06 13:54:48,384 INFO  o.s.d.r.c.RepositoryConfigurationExtensionSupport -  Spring Data MongoDB - Could not safely identify store assignment for repository candidate interface com.garak.ingestor.nosql.repository.MobilityServRDBRepository. If you want this repository to be a MongoDB repository, consider annotating your entities with one of these annotations: org.springframework.data.mongodb.core.mapping.Document (preferred), or consider extending one of the following types with your repository: org.springframework.data.mongodb.repository.MongoRepository.
2021-08-06 13:54:48,388 INFO  o.s.d.r.c.RepositoryConfigurationDelegate -  Finished Spring Data repository scanning in 14 ms. Found 1 MongoDB repository interfaces.
2021-08-06 13:54:48,627 INFO  o.s.i.c.DefaultConfiguringBeanFactoryPostProcessor -  No bean named 'errorChannel' has been explicitly defined. Therefore, a default PublishSubscribeChannel will be created.
2021-08-06 13:54:48,649 INFO  o.s.i.c.DefaultConfiguringBeanFactoryPostProcessor -  No bean named 'integrationHeaderChannelRegistry' has been explicitly defined. Therefore, a default DefaultHeaderChannelRegistry will be created.
2021-08-06 13:54:48,719 INFO  o.s.c.s.PostProcessorRegistrationDelegate$BeanPostProcessorChecker -  Bean 'org.springframework.integration.config.IntegrationManagementConfiguration' of type [org.springframework.integration.config.IntegrationManagementConfiguration] is not eligible for getting processed by all BeanPostProcessors (for example: not eligible for auto-proxying)
2021-08-06 13:54:48,728 INFO  o.s.c.s.PostProcessorRegistrationDelegate$BeanPostProcessorChecker -  Bean 'integrationChannelResolver' of type [org.springframework.integration.support.channel.BeanFactoryChannelResolver] is not eligible for getting processed by all BeanPostProcessors (for example: not eligible for auto-proxying)
2021-08-06 13:54:48,729 INFO  o.s.c.s.PostProcessorRegistrationDelegate$BeanPostProcessorChecker -  Bean 'integrationDisposableAutoCreatedBeans' of type [org.springframework.integration.config.annotation.Disposables] is not eligible for getting processed by all BeanPostProcessors (for example: not eligible for auto-proxying)
2021-08-06 13:54:48,989 INFO  com.zaxxer.hikari.HikariDataSource -  HikariPool-1 - Starting...
2021-08-06 13:54:49,218 INFO  com.zaxxer.hikari.HikariDataSource -  HikariPool-1 - Start completed.
2021-08-06 13:54:49,260 INFO  o.h.jpa.internal.util.LogHelper -  HHH000204: Processing PersistenceUnitInfo [name: default]
2021-08-06 13:54:49,307 INFO  org.hibernate.Version -  HHH000412: Hibernate ORM core version 5.4.32.Final
2021-08-06 13:54:49,407 INFO  o.h.annotations.common.Version -  HCANN000001: Hibernate Commons Annotations {5.1.2.Final}
2021-08-06 13:54:49,494 INFO  org.hibernate.dialect.Dialect -  HHH000400: Using dialect: org.hibernate.dialect.MySQL5InnoDBDialect
2021-08-06 13:54:49,917 INFO  o.h.e.t.j.p.i.JtaPlatformInitiator -  HHH000490: Using JtaPlatform implementation: [org.hibernate.engine.transaction.jta.platform.internal.NoJtaPlatform]
2021-08-06 13:54:49,926 INFO  o.s.o.j.LocalContainerEntityManagerFactoryBean -  Initialized JPA EntityManagerFactory for persistence unit 'default'
2021-08-06 13:54:50,368 INFO  org.mongodb.driver.cluster -  Cluster created with settings {hosts=[localhost:27017], mode=SINGLE, requiredClusterType=UNKNOWN, serverSelectionTimeout='30000 ms'}
2021-08-06 13:54:50,437 INFO  org.mongodb.driver.connection -  Opened connection [connectionId{localValue:2, serverValue:2}] to localhost:27017
2021-08-06 13:54:50,437 INFO  org.mongodb.driver.connection -  Opened connection [connectionId{localValue:1, serverValue:1}] to localhost:27017
2021-08-06 13:54:50,438 INFO  org.mongodb.driver.cluster -  Monitor thread successfully connected to server with description ServerDescription{address=localhost:27017, type=STANDALONE, state=CONNECTED, ok=true, minWireVersion=0, maxWireVersion=9, maxDocumentSize=16777216, logicalSessionTimeoutMinutes=30, roundTripTimeNanos=31703861}
2021-08-06 13:54:51,334 INFO  o.s.b.a.e.web.EndpointLinksResolver -  Exposing 1 endpoint(s) beneath base path '/actuator'
2021-08-06 13:54:51,665 INFO  o.s.i.endpoint.EventDrivenConsumer -  Adding {logging-channel-adapter:_org.springframework.integration.errorLogger} as a subscriber to the 'errorChannel' channel
2021-08-06 13:54:51,665 INFO  o.s.i.c.PublishSubscribeChannel -  Channel 'application.errorChannel' has 1 subscriber(s).
2021-08-06 13:54:51,665 INFO  o.s.i.endpoint.EventDrivenConsumer -  started bean '_org.springframework.integration.errorLogger'
2021-08-06 13:54:51,665 INFO  o.s.i.endpoint.EventDrivenConsumer -  Adding {message-handler:mqttConfiguration.handler.serviceActivator} as a subscriber to the 'mqttInputChannel' channel
2021-08-06 13:54:51,665 INFO  o.s.i.channel.DirectChannel -  Channel 'application.mqttInputChannel' has 1 subscriber(s).
2021-08-06 13:54:51,665 INFO  o.s.i.endpoint.EventDrivenConsumer -  started bean 'mqttConfiguration.handler.serviceActivator'
2021-08-06 13:54:52,044 INFO  o.s.i.m.i.MqttPahoMessageDrivenChannelAdapter -  started bean 'inbound'; defined in: 'class path resource [com/garak/ingestor/conf/MqttConfiguration.class]'; from source: 'org.springframework.core.type.classreading.SimpleMethodMetadata@1d3e6d34'
2021-08-06 13:54:52,165 INFO  o.s.b.w.e.netty.NettyWebServer -  Netty started on port 8080
2021-08-06 13:54:52,190 INFO  c.garak.ingestor.IngestorApplication -  Started IngestorApplication in 5.298 seconds (JVM running for 6.045)
2021-08-06 13:56:41,046 INFO  o.s.b.a.SpringApplicationAdminMXBeanRegistrar$SpringApplicationAdmin -  Application shutdown requested.
2021-08-06 13:56:46,074 INFO  o.s.i.m.i.MqttPahoMessageDrivenChannelAdapter -  stopped bean 'inbound'; defined in: 'class path resource [com/garak/ingestor/conf/MqttConfiguration.class]'; from source: 'org.springframework.core.type.classreading.SimpleMethodMetadata@1d3e6d34'
2021-08-06 13:56:46,075 INFO  o.s.i.endpoint.EventDrivenConsumer -  Removing {logging-channel-adapter:_org.springframework.integration.errorLogger} as a subscriber to the 'errorChannel' channel
2021-08-06 13:56:46,075 INFO  o.s.i.c.PublishSubscribeChannel -  Channel 'application.errorChannel' has 0 subscriber(s).
2021-08-06 13:56:46,075 INFO  o.s.i.endpoint.EventDrivenConsumer -  stopped bean '_org.springframework.integration.errorLogger'
2021-08-06 13:56:46,075 INFO  o.s.i.endpoint.EventDrivenConsumer -  Removing {message-handler:mqttConfiguration.handler.serviceActivator} as a subscriber to the 'mqttInputChannel' channel
2021-08-06 13:56:46,075 INFO  o.s.i.channel.DirectChannel -  Channel 'application.mqttInputChannel' has 0 subscriber(s).
2021-08-06 13:56:46,075 INFO  o.s.i.endpoint.EventDrivenConsumer -  stopped bean 'mqttConfiguration.handler.serviceActivator'
2021-08-06 13:56:46,082 INFO  o.s.o.j.LocalContainerEntityManagerFactoryBean -  Closing JPA EntityManagerFactory for persistence unit 'default'
2021-08-06 13:56:46,085 INFO  com.zaxxer.hikari.HikariDataSource -  HikariPool-1 - Shutdown initiated...
2021-08-06 13:56:46,094 INFO  com.zaxxer.hikari.HikariDataSource -  HikariPool-1 - Shutdown completed.
2021-08-06 13:56:52,543 INFO  c.garak.ingestor.IngestorApplication -  Starting IngestorApplication using Java 11.0.3 on JJKIN-MACBOOK with PID 2184 (/Users/skyang/eclipse-workspace/digitalworkspaces/MqttIngestor/target/classes started by skyang in /Users/skyang/eclipse-workspace/digitalworkspaces/MqttIngestor)
2021-08-06 13:56:52,545 DEBUG c.garak.ingestor.IngestorApplication -  Running with Spring Boot v2.5.2, Spring v5.3.8
2021-08-06 13:56:52,545 INFO  c.garak.ingestor.IngestorApplication -  The following profiles are active: dev
2021-08-06 13:56:52,579 WARN  o.s.b.c.config.ConfigDataEnvironment -  Property 'spring.profiles' imported from location 'class path resource [application.yaml]' is invalid and should be replaced with 'spring.config.activate.on-profile' [origin: class path resource [application.yaml] - 75:13]
2021-08-06 13:56:52,579 WARN  o.s.b.c.config.ConfigDataEnvironment -  Property 'spring.profiles' imported from location 'class path resource [application.yaml]' is invalid and should be replaced with 'spring.config.activate.on-profile' [origin: class path resource [application.yaml] - 56:13]
2021-08-06 13:56:52,579 WARN  o.s.b.c.config.ConfigDataEnvironment -  Property 'spring.profiles' imported from location 'class path resource [application.yaml]' is invalid and should be replaced with 'spring.config.activate.on-profile' [origin: class path resource [application.yaml] - 36:13]
2021-08-06 13:56:53,413 INFO  o.s.d.r.c.RepositoryConfigurationDelegate -  Multiple Spring Data modules found, entering strict repository configuration mode!
2021-08-06 13:56:53,414 INFO  o.s.d.r.c.RepositoryConfigurationDelegate -  Bootstrapping Spring Data JPA repositories in DEFAULT mode.
2021-08-06 13:56:53,460 INFO  o.s.d.r.c.RepositoryConfigurationExtensionSupport -  Spring Data JPA - Could not safely identify store assignment for repository candidate interface com.garak.ingestor.nosql.repository.MobilityRepository. If you want this repository to be a JPA repository, consider annotating your entities with one of these annotations: javax.persistence.Entity, javax.persistence.MappedSuperclass (preferred), or consider extending one of the following types with your repository: org.springframework.data.jpa.repository.JpaRepository.
2021-08-06 13:56:53,476 INFO  o.s.d.r.c.RepositoryConfigurationDelegate -  Finished Spring Data repository scanning in 56 ms. Found 3 JPA repository interfaces.
2021-08-06 13:56:53,484 INFO  o.s.d.r.c.RepositoryConfigurationDelegate -  Multiple Spring Data modules found, entering strict repository configuration mode!
2021-08-06 13:56:53,484 INFO  o.s.d.r.c.RepositoryConfigurationDelegate -  Bootstrapping Spring Data MongoDB repositories in DEFAULT mode.
2021-08-06 13:56:53,489 INFO  o.s.d.r.c.RepositoryConfigurationExtensionSupport -  Spring Data MongoDB - Could not safely identify store assignment for repository candidate interface com.garak.ingestor.nosql.repository.EventRepository. If you want this repository to be a MongoDB repository, consider annotating your entities with one of these annotations: org.springframework.data.mongodb.core.mapping.Document (preferred), or consider extending one of the following types with your repository: org.springframework.data.mongodb.repository.MongoRepository.
2021-08-06 13:56:53,490 INFO  o.s.d.r.c.RepositoryConfigurationExtensionSupport -  Spring Data MongoDB - Could not safely identify store assignment for repository candidate interface com.garak.ingestor.nosql.repository.MobilityRDBRepository. If you want this repository to be a MongoDB repository, consider annotating your entities with one of these annotations: org.springframework.data.mongodb.core.mapping.Document (preferred), or consider extending one of the following types with your repository: org.springframework.data.mongodb.repository.MongoRepository.
2021-08-06 13:56:53,492 INFO  o.s.d.r.c.RepositoryConfigurationExtensionSupport -  Spring Data MongoDB - Could not safely identify store assignment for repository candidate interface com.garak.ingestor.nosql.repository.MobilityServRDBRepository. If you want this repository to be a MongoDB repository, consider annotating your entities with one of these annotations: org.springframework.data.mongodb.core.mapping.Document (preferred), or consider extending one of the following types with your repository: org.springframework.data.mongodb.repository.MongoRepository.
2021-08-06 13:56:53,495 INFO  o.s.d.r.c.RepositoryConfigurationDelegate -  Finished Spring Data repository scanning in 10 ms. Found 1 MongoDB repository interfaces.
2021-08-06 13:56:53,699 INFO  o.s.i.c.DefaultConfiguringBeanFactoryPostProcessor -  No bean named 'errorChannel' has been explicitly defined. Therefore, a default PublishSubscribeChannel will be created.
2021-08-06 13:56:53,708 INFO  o.s.i.c.DefaultConfiguringBeanFactoryPostProcessor -  No bean named 'integrationHeaderChannelRegistry' has been explicitly defined. Therefore, a default DefaultHeaderChannelRegistry will be created.
2021-08-06 13:56:53,785 INFO  o.s.c.s.PostProcessorRegistrationDelegate$BeanPostProcessorChecker -  Bean 'org.springframework.integration.config.IntegrationManagementConfiguration' of type [org.springframework.integration.config.IntegrationManagementConfiguration] is not eligible for getting processed by all BeanPostProcessors (for example: not eligible for auto-proxying)
2021-08-06 13:56:53,793 INFO  o.s.c.s.PostProcessorRegistrationDelegate$BeanPostProcessorChecker -  Bean 'integrationChannelResolver' of type [org.springframework.integration.support.channel.BeanFactoryChannelResolver] is not eligible for getting processed by all BeanPostProcessors (for example: not eligible for auto-proxying)
2021-08-06 13:56:53,794 INFO  o.s.c.s.PostProcessorRegistrationDelegate$BeanPostProcessorChecker -  Bean 'integrationDisposableAutoCreatedBeans' of type [org.springframework.integration.config.annotation.Disposables] is not eligible for getting processed by all BeanPostProcessors (for example: not eligible for auto-proxying)
2021-08-06 13:56:54,042 INFO  com.zaxxer.hikari.HikariDataSource -  HikariPool-1 - Starting...
2021-08-06 13:56:54,317 INFO  com.zaxxer.hikari.HikariDataSource -  HikariPool-1 - Start completed.
2021-08-06 13:56:54,351 INFO  o.h.jpa.internal.util.LogHelper -  HHH000204: Processing PersistenceUnitInfo [name: default]
2021-08-06 13:56:54,380 INFO  org.hibernate.Version -  HHH000412: Hibernate ORM core version 5.4.32.Final
2021-08-06 13:56:54,466 INFO  o.h.annotations.common.Version -  HCANN000001: Hibernate Commons Annotations {5.1.2.Final}
2021-08-06 13:56:54,550 INFO  org.hibernate.dialect.Dialect -  HHH000400: Using dialect: org.hibernate.dialect.MySQL5InnoDBDialect
2021-08-06 13:56:54,949 INFO  o.h.e.t.j.p.i.JtaPlatformInitiator -  HHH000490: Using JtaPlatform implementation: [org.hibernate.engine.transaction.jta.platform.internal.NoJtaPlatform]
2021-08-06 13:56:54,957 INFO  o.s.o.j.LocalContainerEntityManagerFactoryBean -  Initialized JPA EntityManagerFactory for persistence unit 'default'
2021-08-06 13:56:55,340 INFO  org.mongodb.driver.cluster -  Cluster created with settings {hosts=[localhost:27017], mode=SINGLE, requiredClusterType=UNKNOWN, serverSelectionTimeout='30000 ms'}
2021-08-06 13:56:55,382 INFO  org.mongodb.driver.connection -  Opened connection [connectionId{localValue:2, serverValue:3}] to localhost:27017
2021-08-06 13:56:55,383 INFO  org.mongodb.driver.connection -  Opened connection [connectionId{localValue:1, serverValue:4}] to localhost:27017
2021-08-06 13:56:55,384 INFO  org.mongodb.driver.cluster -  Monitor thread successfully connected to server with description ServerDescription{address=localhost:27017, type=STANDALONE, state=CONNECTED, ok=true, minWireVersion=0, maxWireVersion=9, maxDocumentSize=16777216, logicalSessionTimeoutMinutes=30, roundTripTimeNanos=13399107}
2021-08-06 13:56:56,267 INFO  o.s.b.a.e.web.EndpointLinksResolver -  Exposing 1 endpoint(s) beneath base path '/actuator'
2021-08-06 13:56:56,546 INFO  o.s.i.endpoint.EventDrivenConsumer -  Adding {logging-channel-adapter:_org.springframework.integration.errorLogger} as a subscriber to the 'errorChannel' channel
2021-08-06 13:56:56,547 INFO  o.s.i.c.PublishSubscribeChannel -  Channel 'application.errorChannel' has 1 subscriber(s).
2021-08-06 13:56:56,547 INFO  o.s.i.endpoint.EventDrivenConsumer -  started bean '_org.springframework.integration.errorLogger'
2021-08-06 13:56:56,547 INFO  o.s.i.endpoint.EventDrivenConsumer -  Adding {message-handler:mqttConfiguration.handler.serviceActivator} as a subscriber to the 'mqttInputChannel' channel
2021-08-06 13:56:56,547 INFO  o.s.i.channel.DirectChannel -  Channel 'application.mqttInputChannel' has 1 subscriber(s).
2021-08-06 13:56:56,547 INFO  o.s.i.endpoint.EventDrivenConsumer -  started bean 'mqttConfiguration.handler.serviceActivator'
2021-08-06 13:56:56,908 INFO  o.s.i.m.i.MqttPahoMessageDrivenChannelAdapter -  started bean 'inbound'; defined in: 'class path resource [com/garak/ingestor/conf/MqttConfiguration.class]'; from source: 'org.springframework.core.type.classreading.SimpleMethodMetadata@aed0151'
2021-08-06 13:56:57,005 INFO  o.s.b.w.e.netty.NettyWebServer -  Netty started on port 8080
2021-08-06 13:56:57,033 INFO  c.garak.ingestor.IngestorApplication -  Started IngestorApplication in 4.884 seconds (JVM running for 5.526)
2021-08-06 13:58:43,094 INFO  o.s.b.a.SpringApplicationAdminMXBeanRegistrar$SpringApplicationAdmin -  Application shutdown requested.
2021-08-06 13:58:47,046 INFO  c.garak.ingestor.IngestorApplication -  Starting IngestorApplication using Java 11.0.3 on JJKIN-MACBOOK with PID 3959 (/Users/skyang/eclipse-workspace/digitalworkspaces/MqttIngestor/target/classes started by skyang in /Users/skyang/eclipse-workspace/digitalworkspaces/MqttIngestor)
2021-08-06 13:58:47,048 DEBUG c.garak.ingestor.IngestorApplication -  Running with Spring Boot v2.5.2, Spring v5.3.8
2021-08-06 13:58:47,048 INFO  c.garak.ingestor.IngestorApplication -  The following profiles are active: dev
2021-08-06 13:58:47,081 WARN  o.s.b.c.config.ConfigDataEnvironment -  Property 'spring.profiles' imported from location 'class path resource [application.yaml]' is invalid and should be replaced with 'spring.config.activate.on-profile' [origin: class path resource [application.yaml] - 75:13]
2021-08-06 13:58:47,081 WARN  o.s.b.c.config.ConfigDataEnvironment -  Property 'spring.profiles' imported from location 'class path resource [application.yaml]' is invalid and should be replaced with 'spring.config.activate.on-profile' [origin: class path resource [application.yaml] - 56:13]
2021-08-06 13:58:47,081 WARN  o.s.b.c.config.ConfigDataEnvironment -  Property 'spring.profiles' imported from location 'class path resource [application.yaml]' is invalid and should be replaced with 'spring.config.activate.on-profile' [origin: class path resource [application.yaml] - 36:13]
2021-08-06 13:58:47,945 INFO  o.s.d.r.c.RepositoryConfigurationDelegate -  Multiple Spring Data modules found, entering strict repository configuration mode!
2021-08-06 13:58:47,946 INFO  o.s.d.r.c.RepositoryConfigurationDelegate -  Bootstrapping Spring Data JPA repositories in DEFAULT mode.
2021-08-06 13:58:48,001 INFO  o.s.d.r.c.RepositoryConfigurationExtensionSupport -  Spring Data JPA - Could not safely identify store assignment for repository candidate interface com.garak.ingestor.nosql.repository.MobilityRepository. If you want this repository to be a JPA repository, consider annotating your entities with one of these annotations: javax.persistence.Entity, javax.persistence.MappedSuperclass (preferred), or consider extending one of the following types with your repository: org.springframework.data.jpa.repository.JpaRepository.
2021-08-06 13:58:48,020 INFO  o.s.d.r.c.RepositoryConfigurationDelegate -  Finished Spring Data repository scanning in 67 ms. Found 3 JPA repository interfaces.
2021-08-06 13:58:48,027 INFO  o.s.d.r.c.RepositoryConfigurationDelegate -  Multiple Spring Data modules found, entering strict repository configuration mode!
2021-08-06 13:58:48,028 INFO  o.s.d.r.c.RepositoryConfigurationDelegate -  Bootstrapping Spring Data MongoDB repositories in DEFAULT mode.
2021-08-06 13:58:48,034 INFO  o.s.d.r.c.RepositoryConfigurationExtensionSupport -  Spring Data MongoDB - Could not safely identify store assignment for repository candidate interface com.garak.ingestor.nosql.repository.EventRepository. If you want this repository to be a MongoDB repository, consider annotating your entities with one of these annotations: org.springframework.data.mongodb.core.mapping.Document (preferred), or consider extending one of the following types with your repository: org.springframework.data.mongodb.repository.MongoRepository.
2021-08-06 13:58:48,035 INFO  o.s.d.r.c.RepositoryConfigurationExtensionSupport -  Spring Data MongoDB - Could not safely identify store assignment for repository candidate interface com.garak.ingestor.nosql.repository.MobilityRDBRepository. If you want this repository to be a MongoDB repository, consider annotating your entities with one of these annotations: org.springframework.data.mongodb.core.mapping.Document (preferred), or consider extending one of the following types with your repository: org.springframework.data.mongodb.repository.MongoRepository.
2021-08-06 13:58:48,037 INFO  o.s.d.r.c.RepositoryConfigurationExtensionSupport -  Spring Data MongoDB - Could not safely identify store assignment for repository candidate interface com.garak.ingestor.nosql.repository.MobilityServRDBRepository. If you want this repository to be a MongoDB repository, consider annotating your entities with one of these annotations: org.springframework.data.mongodb.core.mapping.Document (preferred), or consider extending one of the following types with your repository: org.springframework.data.mongodb.repository.MongoRepository.
2021-08-06 13:58:48,041 INFO  o.s.d.r.c.RepositoryConfigurationDelegate -  Finished Spring Data repository scanning in 12 ms. Found 1 MongoDB repository interfaces.
2021-08-06 13:58:48,120 INFO  o.s.i.m.i.MqttPahoMessageDrivenChannelAdapter -  stopped bean 'inbound'; defined in: 'class path resource [com/garak/ingestor/conf/MqttConfiguration.class]'; from source: 'org.springframework.core.type.classreading.SimpleMethodMetadata@aed0151'
2021-08-06 13:58:48,120 INFO  o.s.i.endpoint.EventDrivenConsumer -  Removing {logging-channel-adapter:_org.springframework.integration.errorLogger} as a subscriber to the 'errorChannel' channel
2021-08-06 13:58:48,121 INFO  o.s.i.c.PublishSubscribeChannel -  Channel 'application.errorChannel' has 0 subscriber(s).
2021-08-06 13:58:48,121 INFO  o.s.i.endpoint.EventDrivenConsumer -  stopped bean '_org.springframework.integration.errorLogger'
2021-08-06 13:58:48,121 INFO  o.s.i.endpoint.EventDrivenConsumer -  Removing {message-handler:mqttConfiguration.handler.serviceActivator} as a subscriber to the 'mqttInputChannel' channel
2021-08-06 13:58:48,121 INFO  o.s.i.channel.DirectChannel -  Channel 'application.mqttInputChannel' has 0 subscriber(s).
2021-08-06 13:58:48,121 INFO  o.s.i.endpoint.EventDrivenConsumer -  stopped bean 'mqttConfiguration.handler.serviceActivator'
2021-08-06 13:58:48,128 INFO  o.s.o.j.LocalContainerEntityManagerFactoryBean -  Closing JPA EntityManagerFactory for persistence unit 'default'
2021-08-06 13:58:48,130 INFO  com.zaxxer.hikari.HikariDataSource -  HikariPool-1 - Shutdown initiated...
2021-08-06 13:58:48,139 INFO  com.zaxxer.hikari.HikariDataSource -  HikariPool-1 - Shutdown completed.
2021-08-06 13:58:48,254 INFO  o.s.i.c.DefaultConfiguringBeanFactoryPostProcessor -  No bean named 'errorChannel' has been explicitly defined. Therefore, a default PublishSubscribeChannel will be created.
2021-08-06 13:58:48,264 INFO  o.s.i.c.DefaultConfiguringBeanFactoryPostProcessor -  No bean named 'integrationHeaderChannelRegistry' has been explicitly defined. Therefore, a default DefaultHeaderChannelRegistry will be created.
2021-08-06 13:58:48,339 INFO  o.s.c.s.PostProcessorRegistrationDelegate$BeanPostProcessorChecker -  Bean 'org.springframework.integration.config.IntegrationManagementConfiguration' of type [org.springframework.integration.config.IntegrationManagementConfiguration] is not eligible for getting processed by all BeanPostProcessors (for example: not eligible for auto-proxying)
2021-08-06 13:58:48,361 INFO  o.s.c.s.PostProcessorRegistrationDelegate$BeanPostProcessorChecker -  Bean 'integrationChannelResolver' of type [org.springframework.integration.support.channel.BeanFactoryChannelResolver] is not eligible for getting processed by all BeanPostProcessors (for example: not eligible for auto-proxying)
2021-08-06 13:58:48,363 INFO  o.s.c.s.PostProcessorRegistrationDelegate$BeanPostProcessorChecker -  Bean 'integrationDisposableAutoCreatedBeans' of type [org.springframework.integration.config.annotation.Disposables] is not eligible for getting processed by all BeanPostProcessors (for example: not eligible for auto-proxying)
2021-08-06 13:58:48,559 INFO  com.zaxxer.hikari.HikariDataSource -  HikariPool-1 - Starting...
2021-08-06 13:58:48,780 INFO  com.zaxxer.hikari.HikariDataSource -  HikariPool-1 - Start completed.
2021-08-06 13:58:48,815 INFO  o.h.jpa.internal.util.LogHelper -  HHH000204: Processing PersistenceUnitInfo [name: default]
2021-08-06 13:58:48,845 INFO  org.hibernate.Version -  HHH000412: Hibernate ORM core version 5.4.32.Final
2021-08-06 13:58:48,926 INFO  o.h.annotations.common.Version -  HCANN000001: Hibernate Commons Annotations {5.1.2.Final}
2021-08-06 13:58:48,999 INFO  org.hibernate.dialect.Dialect -  HHH000400: Using dialect: org.hibernate.dialect.MySQL5InnoDBDialect
2021-08-06 13:58:49,360 INFO  o.h.e.t.j.p.i.JtaPlatformInitiator -  HHH000490: Using JtaPlatform implementation: [org.hibernate.engine.transaction.jta.platform.internal.NoJtaPlatform]
2021-08-06 13:58:49,368 INFO  o.s.o.j.LocalContainerEntityManagerFactoryBean -  Initialized JPA EntityManagerFactory for persistence unit 'default'
2021-08-06 13:58:49,794 INFO  org.mongodb.driver.cluster -  Cluster created with settings {hosts=[localhost:27017], mode=SINGLE, requiredClusterType=UNKNOWN, serverSelectionTimeout='30000 ms'}
2021-08-06 13:58:49,841 INFO  org.mongodb.driver.connection -  Opened connection [connectionId{localValue:2, serverValue:5}] to localhost:27017
2021-08-06 13:58:49,842 INFO  org.mongodb.driver.connection -  Opened connection [connectionId{localValue:1, serverValue:6}] to localhost:27017
2021-08-06 13:58:49,842 INFO  org.mongodb.driver.cluster -  Monitor thread successfully connected to server with description ServerDescription{address=localhost:27017, type=STANDALONE, state=CONNECTED, ok=true, minWireVersion=0, maxWireVersion=9, maxDocumentSize=16777216, logicalSessionTimeoutMinutes=30, roundTripTimeNanos=16284949}
2021-08-06 13:58:50,947 INFO  o.s.b.a.e.web.EndpointLinksResolver -  Exposing 1 endpoint(s) beneath base path '/actuator'
2021-08-06 13:58:51,273 INFO  o.s.i.endpoint.EventDrivenConsumer -  Adding {logging-channel-adapter:_org.springframework.integration.errorLogger} as a subscriber to the 'errorChannel' channel
2021-08-06 13:58:51,273 INFO  o.s.i.c.PublishSubscribeChannel -  Channel 'application.errorChannel' has 1 subscriber(s).
2021-08-06 13:58:51,273 INFO  o.s.i.endpoint.EventDrivenConsumer -  started bean '_org.springframework.integration.errorLogger'
2021-08-06 13:58:51,274 INFO  o.s.i.endpoint.EventDrivenConsumer -  Adding {message-handler:mqttConfiguration.handler.serviceActivator} as a subscriber to the 'mqttInputChannel' channel
2021-08-06 13:58:51,274 INFO  o.s.i.channel.DirectChannel -  Channel 'application.mqttInputChannel' has 1 subscriber(s).
2021-08-06 13:58:51,274 INFO  o.s.i.endpoint.EventDrivenConsumer -  started bean 'mqttConfiguration.handler.serviceActivator'
2021-08-06 13:58:51,656 INFO  o.s.i.m.i.MqttPahoMessageDrivenChannelAdapter -  started bean 'inbound'; defined in: 'class path resource [com/garak/ingestor/conf/MqttConfiguration.class]'; from source: 'org.springframework.core.type.classreading.SimpleMethodMetadata@781a9412'
2021-08-06 13:58:51,747 INFO  o.s.b.w.e.netty.NettyWebServer -  Netty started on port 8080
2021-08-06 13:58:51,770 INFO  c.garak.ingestor.IngestorApplication -  Started IngestorApplication in 5.125 seconds (JVM running for 5.789)
2021-08-06 14:07:16,920 INFO  o.s.b.a.SpringApplicationAdminMXBeanRegistrar$SpringApplicationAdmin -  Application shutdown requested.
2021-08-06 14:07:22,080 INFO  o.s.i.m.i.MqttPahoMessageDrivenChannelAdapter -  stopped bean 'inbound'; defined in: 'class path resource [com/garak/ingestor/conf/MqttConfiguration.class]'; from source: 'org.springframework.core.type.classreading.SimpleMethodMetadata@781a9412'
2021-08-06 14:07:22,080 INFO  o.s.i.endpoint.EventDrivenConsumer -  Removing {logging-channel-adapter:_org.springframework.integration.errorLogger} as a subscriber to the 'errorChannel' channel
2021-08-06 14:07:22,081 INFO  o.s.i.c.PublishSubscribeChannel -  Channel 'application.errorChannel' has 0 subscriber(s).
2021-08-06 14:07:22,081 INFO  o.s.i.endpoint.EventDrivenConsumer -  stopped bean '_org.springframework.integration.errorLogger'
2021-08-06 14:07:22,081 INFO  o.s.i.endpoint.EventDrivenConsumer -  Removing {message-handler:mqttConfiguration.handler.serviceActivator} as a subscriber to the 'mqttInputChannel' channel
2021-08-06 14:07:22,081 INFO  o.s.i.channel.DirectChannel -  Channel 'application.mqttInputChannel' has 0 subscriber(s).
2021-08-06 14:07:22,081 INFO  o.s.i.endpoint.EventDrivenConsumer -  stopped bean 'mqttConfiguration.handler.serviceActivator'
2021-08-06 14:07:22,088 INFO  o.s.o.j.LocalContainerEntityManagerFactoryBean -  Closing JPA EntityManagerFactory for persistence unit 'default'
2021-08-06 14:07:22,092 INFO  com.zaxxer.hikari.HikariDataSource -  HikariPool-1 - Shutdown initiated...
2021-08-06 14:07:22,100 INFO  com.zaxxer.hikari.HikariDataSource -  HikariPool-1 - Shutdown completed.
