2021-08-04 09:16:27,839 INFO  c.garak.ingestor.IngestorApplication -  Starting IngestorApplication using Java 11.0.3 on JJKIN-MACBOOK with PID 13619 (/Users/skyang/eclipse-workspace/digitalworkspaces/MqttIngestor/target/classes started by skyang in /Users/skyang/eclipse-workspace/digitalworkspaces/MqttIngestor)
2021-08-04 09:16:27,843 DEBUG c.garak.ingestor.IngestorApplication -  Running with Spring Boot v2.5.2, Spring v5.3.8
2021-08-04 09:16:27,844 INFO  c.garak.ingestor.IngestorApplication -  The following profiles are active: dev
2021-08-04 09:16:27,885 WARN  o.s.b.c.config.ConfigDataEnvironment -  Property 'spring.profiles' imported from location 'class path resource [application.yaml]' is invalid and should be replaced with 'spring.config.activate.on-profile' [origin: class path resource [application.yaml] - 69:13]
2021-08-04 09:16:27,885 WARN  o.s.b.c.config.ConfigDataEnvironment -  Property 'spring.profiles' imported from location 'class path resource [application.yaml]' is invalid and should be replaced with 'spring.config.activate.on-profile' [origin: class path resource [application.yaml] - 52:13]
2021-08-04 09:16:27,885 WARN  o.s.b.c.config.ConfigDataEnvironment -  Property 'spring.profiles' imported from location 'class path resource [application.yaml]' is invalid and should be replaced with 'spring.config.activate.on-profile' [origin: class path resource [application.yaml] - 35:13]
2021-08-04 09:16:28,679 INFO  o.s.d.r.c.RepositoryConfigurationDelegate -  Multiple Spring Data modules found, entering strict repository configuration mode!
2021-08-04 09:16:28,680 INFO  o.s.d.r.c.RepositoryConfigurationDelegate -  Bootstrapping Spring Data JPA repositories in DEFAULT mode.
2021-08-04 09:16:28,736 INFO  o.s.d.r.c.RepositoryConfigurationExtensionSupport -  Spring Data JPA - Could not safely identify store assignment for repository candidate interface com.garak.ingestor.nosql.repository.MobilityRepository. If you want this repository to be a JPA repository, consider annotating your entities with one of these annotations: javax.persistence.Entity, javax.persistence.MappedSuperclass (preferred), or consider extending one of the following types with your repository: org.springframework.data.jpa.repository.JpaRepository.
2021-08-04 09:16:28,749 INFO  o.s.d.r.c.RepositoryConfigurationDelegate -  Finished Spring Data repository scanning in 61 ms. Found 1 JPA repository interfaces.
2021-08-04 09:16:28,756 INFO  o.s.d.r.c.RepositoryConfigurationDelegate -  Multiple Spring Data modules found, entering strict repository configuration mode!
2021-08-04 09:16:28,756 INFO  o.s.d.r.c.RepositoryConfigurationDelegate -  Bootstrapping Spring Data MongoDB repositories in DEFAULT mode.
2021-08-04 09:16:28,760 INFO  o.s.d.r.c.RepositoryConfigurationExtensionSupport -  Spring Data MongoDB - Could not safely identify store assignment for repository candidate interface com.garak.ingestor.nosql.repository.EventRepository. If you want this repository to be a MongoDB repository, consider annotating your entities with one of these annotations: org.springframework.data.mongodb.core.mapping.Document (preferred), or consider extending one of the following types with your repository: org.springframework.data.mongodb.repository.MongoRepository.
2021-08-04 09:16:28,764 INFO  o.s.d.r.c.RepositoryConfigurationDelegate -  Finished Spring Data repository scanning in 8 ms. Found 1 MongoDB repository interfaces.
2021-08-04 09:16:28,969 INFO  o.s.i.c.DefaultConfiguringBeanFactoryPostProcessor -  No bean named 'errorChannel' has been explicitly defined. Therefore, a default PublishSubscribeChannel will be created.
2021-08-04 09:16:28,981 INFO  o.s.i.c.DefaultConfiguringBeanFactoryPostProcessor -  No bean named 'integrationHeaderChannelRegistry' has been explicitly defined. Therefore, a default DefaultHeaderChannelRegistry will be created.
2021-08-04 09:16:29,049 INFO  o.s.c.s.PostProcessorRegistrationDelegate$BeanPostProcessorChecker -  Bean 'org.springframework.integration.config.IntegrationManagementConfiguration' of type [org.springframework.integration.config.IntegrationManagementConfiguration] is not eligible for getting processed by all BeanPostProcessors (for example: not eligible for auto-proxying)
2021-08-04 09:16:29,056 INFO  o.s.c.s.PostProcessorRegistrationDelegate$BeanPostProcessorChecker -  Bean 'integrationChannelResolver' of type [org.springframework.integration.support.channel.BeanFactoryChannelResolver] is not eligible for getting processed by all BeanPostProcessors (for example: not eligible for auto-proxying)
2021-08-04 09:16:29,057 INFO  o.s.c.s.PostProcessorRegistrationDelegate$BeanPostProcessorChecker -  Bean 'integrationDisposableAutoCreatedBeans' of type [org.springframework.integration.config.annotation.Disposables] is not eligible for getting processed by all BeanPostProcessors (for example: not eligible for auto-proxying)
2021-08-04 09:16:29,292 INFO  com.zaxxer.hikari.HikariDataSource -  HikariPool-1 - Starting...
2021-08-04 09:16:29,406 INFO  com.zaxxer.hikari.HikariDataSource -  HikariPool-1 - Start completed.
2021-08-04 09:16:29,439 INFO  o.h.jpa.internal.util.LogHelper -  HHH000204: Processing PersistenceUnitInfo [name: default]
2021-08-04 09:16:29,469 INFO  org.hibernate.Version -  HHH000412: Hibernate ORM core version 5.4.32.Final
2021-08-04 09:16:29,578 INFO  o.h.annotations.common.Version -  HCANN000001: Hibernate Commons Annotations {5.1.2.Final}
2021-08-04 09:16:29,658 INFO  org.hibernate.dialect.Dialect -  HHH000400: Using dialect: org.hibernate.dialect.MySQL5InnoDBDialect
2021-08-04 09:16:30,051 INFO  o.h.e.t.j.p.i.JtaPlatformInitiator -  HHH000490: Using JtaPlatform implementation: [org.hibernate.engine.transaction.jta.platform.internal.NoJtaPlatform]
2021-08-04 09:16:30,057 INFO  o.s.o.j.LocalContainerEntityManagerFactoryBean -  Initialized JPA EntityManagerFactory for persistence unit 'default'
2021-08-04 09:16:30,216 INFO  org.mongodb.driver.cluster -  Cluster created with settings {hosts=[localhost:27017], mode=SINGLE, requiredClusterType=UNKNOWN, serverSelectionTimeout='30000 ms'}
2021-08-04 09:16:30,303 INFO  org.mongodb.driver.connection -  Opened connection [connectionId{localValue:2, serverValue:2}] to localhost:27017
2021-08-04 09:16:30,304 INFO  org.mongodb.driver.cluster -  Monitor thread successfully connected to server with description ServerDescription{address=localhost:27017, type=STANDALONE, state=CONNECTED, ok=true, minWireVersion=0, maxWireVersion=9, maxDocumentSize=16777216, logicalSessionTimeoutMinutes=30, roundTripTimeNanos=49737196}
2021-08-04 09:16:30,304 INFO  org.mongodb.driver.connection -  Opened connection [connectionId{localValue:1, serverValue:1}] to localhost:27017
2021-08-04 09:16:31,052 INFO  o.s.b.a.e.web.EndpointLinksResolver -  Exposing 1 endpoint(s) beneath base path '/actuator'
2021-08-04 09:16:31,345 INFO  o.s.i.endpoint.EventDrivenConsumer -  Adding {logging-channel-adapter:_org.springframework.integration.errorLogger} as a subscriber to the 'errorChannel' channel
2021-08-04 09:16:31,345 INFO  o.s.i.c.PublishSubscribeChannel -  Channel 'application.errorChannel' has 1 subscriber(s).
2021-08-04 09:16:31,345 INFO  o.s.i.endpoint.EventDrivenConsumer -  started bean '_org.springframework.integration.errorLogger'
2021-08-04 09:16:31,346 INFO  o.s.i.endpoint.EventDrivenConsumer -  Adding {message-handler:mqttConfiguration.handler.serviceActivator} as a subscriber to the 'mqttInputChannel' channel
2021-08-04 09:16:31,346 INFO  o.s.i.channel.DirectChannel -  Channel 'application.mqttInputChannel' has 1 subscriber(s).
2021-08-04 09:16:31,346 INFO  o.s.i.endpoint.EventDrivenConsumer -  started bean 'mqttConfiguration.handler.serviceActivator'
2021-08-04 09:16:31,744 INFO  o.s.i.m.i.MqttPahoMessageDrivenChannelAdapter -  started bean 'inbound'; defined in: 'class path resource [com/garak/ingestor/conf/MqttConfiguration.class]'; from source: 'org.springframework.core.type.classreading.SimpleMethodMetadata@757194dc'
2021-08-04 09:16:31,858 INFO  o.s.b.w.e.netty.NettyWebServer -  Netty started on port 8080
2021-08-04 09:16:31,887 INFO  c.garak.ingestor.IngestorApplication -  Started IngestorApplication in 4.519 seconds (JVM running for 5.304)
2021-08-04 09:16:40,087 INFO  o.s.b.a.SpringApplicationAdminMXBeanRegistrar$SpringApplicationAdmin -  Application shutdown requested.
2021-08-04 09:16:45,106 INFO  o.s.i.m.i.MqttPahoMessageDrivenChannelAdapter -  stopped bean 'inbound'; defined in: 'class path resource [com/garak/ingestor/conf/MqttConfiguration.class]'; from source: 'org.springframework.core.type.classreading.SimpleMethodMetadata@757194dc'
2021-08-04 09:16:45,106 INFO  o.s.i.endpoint.EventDrivenConsumer -  Removing {logging-channel-adapter:_org.springframework.integration.errorLogger} as a subscriber to the 'errorChannel' channel
2021-08-04 09:16:45,106 INFO  o.s.i.c.PublishSubscribeChannel -  Channel 'application.errorChannel' has 0 subscriber(s).
2021-08-04 09:16:45,106 INFO  o.s.i.endpoint.EventDrivenConsumer -  stopped bean '_org.springframework.integration.errorLogger'
2021-08-04 09:16:45,106 INFO  o.s.i.endpoint.EventDrivenConsumer -  Removing {message-handler:mqttConfiguration.handler.serviceActivator} as a subscriber to the 'mqttInputChannel' channel
2021-08-04 09:16:45,107 INFO  o.s.i.channel.DirectChannel -  Channel 'application.mqttInputChannel' has 0 subscriber(s).
2021-08-04 09:16:45,107 INFO  o.s.i.endpoint.EventDrivenConsumer -  stopped bean 'mqttConfiguration.handler.serviceActivator'
2021-08-04 09:16:45,114 INFO  o.s.o.j.LocalContainerEntityManagerFactoryBean -  Closing JPA EntityManagerFactory for persistence unit 'default'
2021-08-04 09:16:45,116 INFO  com.zaxxer.hikari.HikariDataSource -  HikariPool-1 - Shutdown initiated...
2021-08-04 09:16:45,124 INFO  com.zaxxer.hikari.HikariDataSource -  HikariPool-1 - Shutdown completed.
2021-08-04 09:28:07,985 INFO  c.garak.ingestor.IngestorApplication -  Starting IngestorApplication using Java 11.0.3 on JJKIN-MACBOOK with PID 25148 (/Users/skyang/eclipse-workspace/digitalworkspaces/MqttIngestor/target/classes started by skyang in /Users/skyang/eclipse-workspace/digitalworkspaces/MqttIngestor)
2021-08-04 09:28:07,989 DEBUG c.garak.ingestor.IngestorApplication -  Running with Spring Boot v2.5.2, Spring v5.3.8
2021-08-04 09:28:07,989 INFO  c.garak.ingestor.IngestorApplication -  The following profiles are active: dev
2021-08-04 09:28:08,021 WARN  o.s.b.c.config.ConfigDataEnvironment -  Property 'spring.profiles' imported from location 'class path resource [application.yaml]' is invalid and should be replaced with 'spring.config.activate.on-profile' [origin: class path resource [application.yaml] - 69:13]
2021-08-04 09:28:08,021 WARN  o.s.b.c.config.ConfigDataEnvironment -  Property 'spring.profiles' imported from location 'class path resource [application.yaml]' is invalid and should be replaced with 'spring.config.activate.on-profile' [origin: class path resource [application.yaml] - 52:13]
2021-08-04 09:28:08,021 WARN  o.s.b.c.config.ConfigDataEnvironment -  Property 'spring.profiles' imported from location 'class path resource [application.yaml]' is invalid and should be replaced with 'spring.config.activate.on-profile' [origin: class path resource [application.yaml] - 35:13]
2021-08-04 09:28:08,810 INFO  o.s.d.r.c.RepositoryConfigurationDelegate -  Multiple Spring Data modules found, entering strict repository configuration mode!
2021-08-04 09:28:08,810 INFO  o.s.d.r.c.RepositoryConfigurationDelegate -  Bootstrapping Spring Data JPA repositories in DEFAULT mode.
2021-08-04 09:28:08,857 INFO  o.s.d.r.c.RepositoryConfigurationExtensionSupport -  Spring Data JPA - Could not safely identify store assignment for repository candidate interface com.garak.ingestor.nosql.repository.MobilityRepository. If you want this repository to be a JPA repository, consider annotating your entities with one of these annotations: javax.persistence.Entity, javax.persistence.MappedSuperclass (preferred), or consider extending one of the following types with your repository: org.springframework.data.jpa.repository.JpaRepository.
2021-08-04 09:28:08,869 INFO  o.s.d.r.c.RepositoryConfigurationDelegate -  Finished Spring Data repository scanning in 52 ms. Found 1 JPA repository interfaces.
2021-08-04 09:28:08,876 INFO  o.s.d.r.c.RepositoryConfigurationDelegate -  Multiple Spring Data modules found, entering strict repository configuration mode!
2021-08-04 09:28:08,877 INFO  o.s.d.r.c.RepositoryConfigurationDelegate -  Bootstrapping Spring Data MongoDB repositories in DEFAULT mode.
2021-08-04 09:28:08,882 INFO  o.s.d.r.c.RepositoryConfigurationExtensionSupport -  Spring Data MongoDB - Could not safely identify store assignment for repository candidate interface com.garak.ingestor.nosql.repository.EventRepository. If you want this repository to be a MongoDB repository, consider annotating your entities with one of these annotations: org.springframework.data.mongodb.core.mapping.Document (preferred), or consider extending one of the following types with your repository: org.springframework.data.mongodb.repository.MongoRepository.
2021-08-04 09:28:08,887 INFO  o.s.d.r.c.RepositoryConfigurationDelegate -  Finished Spring Data repository scanning in 10 ms. Found 1 MongoDB repository interfaces.
2021-08-04 09:28:09,064 INFO  o.s.i.c.DefaultConfiguringBeanFactoryPostProcessor -  No bean named 'errorChannel' has been explicitly defined. Therefore, a default PublishSubscribeChannel will be created.
2021-08-04 09:28:09,074 INFO  o.s.i.c.DefaultConfiguringBeanFactoryPostProcessor -  No bean named 'integrationHeaderChannelRegistry' has been explicitly defined. Therefore, a default DefaultHeaderChannelRegistry will be created.
2021-08-04 09:28:09,143 INFO  o.s.c.s.PostProcessorRegistrationDelegate$BeanPostProcessorChecker -  Bean 'org.springframework.integration.config.IntegrationManagementConfiguration' of type [org.springframework.integration.config.IntegrationManagementConfiguration] is not eligible for getting processed by all BeanPostProcessors (for example: not eligible for auto-proxying)
2021-08-04 09:28:09,151 INFO  o.s.c.s.PostProcessorRegistrationDelegate$BeanPostProcessorChecker -  Bean 'integrationChannelResolver' of type [org.springframework.integration.support.channel.BeanFactoryChannelResolver] is not eligible for getting processed by all BeanPostProcessors (for example: not eligible for auto-proxying)
2021-08-04 09:28:09,153 INFO  o.s.c.s.PostProcessorRegistrationDelegate$BeanPostProcessorChecker -  Bean 'integrationDisposableAutoCreatedBeans' of type [org.springframework.integration.config.annotation.Disposables] is not eligible for getting processed by all BeanPostProcessors (for example: not eligible for auto-proxying)
2021-08-04 09:28:09,370 INFO  com.zaxxer.hikari.HikariDataSource -  HikariPool-1 - Starting...
2021-08-04 09:28:09,480 INFO  com.zaxxer.hikari.HikariDataSource -  HikariPool-1 - Start completed.
2021-08-04 09:28:09,516 INFO  o.h.jpa.internal.util.LogHelper -  HHH000204: Processing PersistenceUnitInfo [name: default]
2021-08-04 09:28:09,546 INFO  org.hibernate.Version -  HHH000412: Hibernate ORM core version 5.4.32.Final
2021-08-04 09:28:09,633 INFO  o.h.annotations.common.Version -  HCANN000001: Hibernate Commons Annotations {5.1.2.Final}
2021-08-04 09:28:09,708 INFO  org.hibernate.dialect.Dialect -  HHH000400: Using dialect: org.hibernate.dialect.MySQL5InnoDBDialect
2021-08-04 09:28:10,061 INFO  o.h.e.t.j.p.i.JtaPlatformInitiator -  HHH000490: Using JtaPlatform implementation: [org.hibernate.engine.transaction.jta.platform.internal.NoJtaPlatform]
2021-08-04 09:28:10,068 INFO  o.s.o.j.LocalContainerEntityManagerFactoryBean -  Initialized JPA EntityManagerFactory for persistence unit 'default'
2021-08-04 09:28:10,222 INFO  org.mongodb.driver.cluster -  Cluster created with settings {hosts=[localhost:27017], mode=SINGLE, requiredClusterType=UNKNOWN, serverSelectionTimeout='30000 ms'}
2021-08-04 09:28:10,270 INFO  org.mongodb.driver.connection -  Opened connection [connectionId{localValue:2, serverValue:3}] to localhost:27017
2021-08-04 09:28:10,271 INFO  org.mongodb.driver.connection -  Opened connection [connectionId{localValue:1, serverValue:4}] to localhost:27017
2021-08-04 09:28:10,271 INFO  org.mongodb.driver.cluster -  Monitor thread successfully connected to server with description ServerDescription{address=localhost:27017, type=STANDALONE, state=CONNECTED, ok=true, minWireVersion=0, maxWireVersion=9, maxDocumentSize=16777216, logicalSessionTimeoutMinutes=30, roundTripTimeNanos=16113710}
2021-08-04 09:28:10,821 WARN  o.s.b.w.r.c.AnnotationConfigReactiveWebServerApplicationContext -  Exception encountered during context initialization - cancelling refresh attempt: org.springframework.beans.factory.UnsatisfiedDependencyException: Error creating bean with name 'eventController' defined in file [/Users/skyang/eclipse-workspace/digitalworkspaces/MqttIngestor/target/classes/com/garak/ingestor/controller/EventController.class]: Unsatisfied dependency expressed through constructor parameter 2; nested exception is org.springframework.beans.factory.NoSuchBeanDefinitionException: No qualifying bean of type 'org.springframework.integration.mqtt.inbound.MqttPahoMessageDrivenChannelAdapter' available: expected at least 1 bean which qualifies as autowire candidate. Dependency annotations: {}
2021-08-04 09:28:10,825 INFO  o.s.o.j.LocalContainerEntityManagerFactoryBean -  Closing JPA EntityManagerFactory for persistence unit 'default'
2021-08-04 09:28:10,827 INFO  com.zaxxer.hikari.HikariDataSource -  HikariPool-1 - Shutdown initiated...
2021-08-04 09:28:10,836 INFO  com.zaxxer.hikari.HikariDataSource -  HikariPool-1 - Shutdown completed.
2021-08-04 09:28:10,861 INFO  o.s.b.a.l.ConditionEvaluationReportLoggingListener -  

Error starting ApplicationContext. To display the conditions report re-run your application with 'debug' enabled.
2021-08-04 09:28:10,886 ERROR o.s.b.d.LoggingFailureAnalysisReporter -  

***************************
APPLICATION FAILED TO START
***************************

Description:

Parameter 2 of constructor in com.garak.ingestor.controller.EventController required a bean of type 'org.springframework.integration.mqtt.inbound.MqttPahoMessageDrivenChannelAdapter' that could not be found.


Action:

Consider defining a bean of type 'org.springframework.integration.mqtt.inbound.MqttPahoMessageDrivenChannelAdapter' in your configuration.

2021-08-04 09:33:38,319 INFO  c.garak.ingestor.IngestorApplication -  Starting IngestorApplication using Java 11.0.3 on JJKIN-MACBOOK with PID 30315 (/Users/skyang/eclipse-workspace/digitalworkspaces/MqttIngestor/target/classes started by skyang in /Users/skyang/eclipse-workspace/digitalworkspaces/MqttIngestor)
2021-08-04 09:33:38,321 DEBUG c.garak.ingestor.IngestorApplication -  Running with Spring Boot v2.5.2, Spring v5.3.8
2021-08-04 09:33:38,321 INFO  c.garak.ingestor.IngestorApplication -  The following profiles are active: dev
2021-08-04 09:33:38,354 WARN  o.s.b.c.config.ConfigDataEnvironment -  Property 'spring.profiles' imported from location 'class path resource [application.yaml]' is invalid and should be replaced with 'spring.config.activate.on-profile' [origin: class path resource [application.yaml] - 69:13]
2021-08-04 09:33:38,354 WARN  o.s.b.c.config.ConfigDataEnvironment -  Property 'spring.profiles' imported from location 'class path resource [application.yaml]' is invalid and should be replaced with 'spring.config.activate.on-profile' [origin: class path resource [application.yaml] - 52:13]
2021-08-04 09:33:38,354 WARN  o.s.b.c.config.ConfigDataEnvironment -  Property 'spring.profiles' imported from location 'class path resource [application.yaml]' is invalid and should be replaced with 'spring.config.activate.on-profile' [origin: class path resource [application.yaml] - 35:13]
2021-08-04 09:33:39,182 INFO  o.s.d.r.c.RepositoryConfigurationDelegate -  Multiple Spring Data modules found, entering strict repository configuration mode!
2021-08-04 09:33:39,183 INFO  o.s.d.r.c.RepositoryConfigurationDelegate -  Bootstrapping Spring Data JPA repositories in DEFAULT mode.
2021-08-04 09:33:39,231 INFO  o.s.d.r.c.RepositoryConfigurationExtensionSupport -  Spring Data JPA - Could not safely identify store assignment for repository candidate interface com.garak.ingestor.nosql.repository.MobilityRepository. If you want this repository to be a JPA repository, consider annotating your entities with one of these annotations: javax.persistence.Entity, javax.persistence.MappedSuperclass (preferred), or consider extending one of the following types with your repository: org.springframework.data.jpa.repository.JpaRepository.
2021-08-04 09:33:39,244 INFO  o.s.d.r.c.RepositoryConfigurationDelegate -  Finished Spring Data repository scanning in 54 ms. Found 1 JPA repository interfaces.
2021-08-04 09:33:39,250 INFO  o.s.d.r.c.RepositoryConfigurationDelegate -  Multiple Spring Data modules found, entering strict repository configuration mode!
2021-08-04 09:33:39,251 INFO  o.s.d.r.c.RepositoryConfigurationDelegate -  Bootstrapping Spring Data MongoDB repositories in DEFAULT mode.
2021-08-04 09:33:39,255 INFO  o.s.d.r.c.RepositoryConfigurationExtensionSupport -  Spring Data MongoDB - Could not safely identify store assignment for repository candidate interface com.garak.ingestor.nosql.repository.EventRepository. If you want this repository to be a MongoDB repository, consider annotating your entities with one of these annotations: org.springframework.data.mongodb.core.mapping.Document (preferred), or consider extending one of the following types with your repository: org.springframework.data.mongodb.repository.MongoRepository.
2021-08-04 09:33:39,260 INFO  o.s.d.r.c.RepositoryConfigurationDelegate -  Finished Spring Data repository scanning in 9 ms. Found 1 MongoDB repository interfaces.
2021-08-04 09:33:39,450 INFO  o.s.i.c.DefaultConfiguringBeanFactoryPostProcessor -  No bean named 'errorChannel' has been explicitly defined. Therefore, a default PublishSubscribeChannel will be created.
2021-08-04 09:33:39,460 INFO  o.s.i.c.DefaultConfiguringBeanFactoryPostProcessor -  No bean named 'integrationHeaderChannelRegistry' has been explicitly defined. Therefore, a default DefaultHeaderChannelRegistry will be created.
2021-08-04 09:33:39,530 INFO  o.s.c.s.PostProcessorRegistrationDelegate$BeanPostProcessorChecker -  Bean 'org.springframework.integration.config.IntegrationManagementConfiguration' of type [org.springframework.integration.config.IntegrationManagementConfiguration] is not eligible for getting processed by all BeanPostProcessors (for example: not eligible for auto-proxying)
2021-08-04 09:33:39,537 INFO  o.s.c.s.PostProcessorRegistrationDelegate$BeanPostProcessorChecker -  Bean 'integrationChannelResolver' of type [org.springframework.integration.support.channel.BeanFactoryChannelResolver] is not eligible for getting processed by all BeanPostProcessors (for example: not eligible for auto-proxying)
2021-08-04 09:33:39,539 INFO  o.s.c.s.PostProcessorRegistrationDelegate$BeanPostProcessorChecker -  Bean 'integrationDisposableAutoCreatedBeans' of type [org.springframework.integration.config.annotation.Disposables] is not eligible for getting processed by all BeanPostProcessors (for example: not eligible for auto-proxying)
2021-08-04 09:33:39,744 INFO  com.zaxxer.hikari.HikariDataSource -  HikariPool-1 - Starting...
2021-08-04 09:33:39,857 INFO  com.zaxxer.hikari.HikariDataSource -  HikariPool-1 - Start completed.
2021-08-04 09:33:39,891 INFO  o.h.jpa.internal.util.LogHelper -  HHH000204: Processing PersistenceUnitInfo [name: default]
2021-08-04 09:33:39,923 INFO  org.hibernate.Version -  HHH000412: Hibernate ORM core version 5.4.32.Final
2021-08-04 09:33:40,008 INFO  o.h.annotations.common.Version -  HCANN000001: Hibernate Commons Annotations {5.1.2.Final}
2021-08-04 09:33:40,087 INFO  org.hibernate.dialect.Dialect -  HHH000400: Using dialect: org.hibernate.dialect.MySQL5InnoDBDialect
2021-08-04 09:33:40,446 INFO  o.h.e.t.j.p.i.JtaPlatformInitiator -  HHH000490: Using JtaPlatform implementation: [org.hibernate.engine.transaction.jta.platform.internal.NoJtaPlatform]
2021-08-04 09:33:40,454 INFO  o.s.o.j.LocalContainerEntityManagerFactoryBean -  Initialized JPA EntityManagerFactory for persistence unit 'default'
2021-08-04 09:33:40,611 INFO  org.mongodb.driver.cluster -  Cluster created with settings {hosts=[localhost:27017], mode=SINGLE, requiredClusterType=UNKNOWN, serverSelectionTimeout='30000 ms'}
2021-08-04 09:33:40,656 INFO  org.mongodb.driver.connection -  Opened connection [connectionId{localValue:1, serverValue:6}] to localhost:27017
2021-08-04 09:33:40,656 INFO  org.mongodb.driver.cluster -  Monitor thread successfully connected to server with description ServerDescription{address=localhost:27017, type=STANDALONE, state=CONNECTED, ok=true, minWireVersion=0, maxWireVersion=9, maxDocumentSize=16777216, logicalSessionTimeoutMinutes=30, roundTripTimeNanos=13847847}
2021-08-04 09:33:40,657 INFO  org.mongodb.driver.connection -  Opened connection [connectionId{localValue:2, serverValue:5}] to localhost:27017
2021-08-04 09:33:41,497 INFO  o.s.b.a.e.web.EndpointLinksResolver -  Exposing 1 endpoint(s) beneath base path '/actuator'
2021-08-04 09:33:41,885 INFO  o.s.i.endpoint.EventDrivenConsumer -  Adding {logging-channel-adapter:_org.springframework.integration.errorLogger} as a subscriber to the 'errorChannel' channel
2021-08-04 09:33:41,886 INFO  o.s.i.c.PublishSubscribeChannel -  Channel 'application.errorChannel' has 1 subscriber(s).
2021-08-04 09:33:41,886 INFO  o.s.i.endpoint.EventDrivenConsumer -  started bean '_org.springframework.integration.errorLogger'
2021-08-04 09:33:41,886 INFO  o.s.i.endpoint.EventDrivenConsumer -  Adding {message-handler:mqttConfiguration.handler.serviceActivator} as a subscriber to the 'mqttInputChannel' channel
2021-08-04 09:33:41,886 INFO  o.s.i.channel.DirectChannel -  Channel 'application.mqttInputChannel' has 1 subscriber(s).
2021-08-04 09:33:41,886 INFO  o.s.i.endpoint.EventDrivenConsumer -  started bean 'mqttConfiguration.handler.serviceActivator'
2021-08-04 09:33:42,320 INFO  o.s.i.m.i.MqttPahoMessageDrivenChannelAdapter -  started bean 'inbound'; defined in: 'class path resource [com/garak/ingestor/conf/MqttConfiguration.class]'; from source: 'org.springframework.core.type.classreading.SimpleMethodMetadata@6e28bb87'
2021-08-04 09:33:42,420 INFO  o.s.b.w.e.netty.NettyWebServer -  Netty started on port 8080
2021-08-04 09:33:42,446 INFO  c.garak.ingestor.IngestorApplication -  Started IngestorApplication in 4.532 seconds (JVM running for 5.161)
2021-08-04 09:33:45,291 INFO  o.s.b.a.SpringApplicationAdminMXBeanRegistrar$SpringApplicationAdmin -  Application shutdown requested.
2021-08-04 09:33:50,440 INFO  o.s.i.m.i.MqttPahoMessageDrivenChannelAdapter -  stopped bean 'inbound'; defined in: 'class path resource [com/garak/ingestor/conf/MqttConfiguration.class]'; from source: 'org.springframework.core.type.classreading.SimpleMethodMetadata@6e28bb87'
2021-08-04 09:33:50,440 INFO  o.s.i.endpoint.EventDrivenConsumer -  Removing {logging-channel-adapter:_org.springframework.integration.errorLogger} as a subscriber to the 'errorChannel' channel
2021-08-04 09:33:50,440 INFO  o.s.i.c.PublishSubscribeChannel -  Channel 'application.errorChannel' has 0 subscriber(s).
2021-08-04 09:33:50,441 INFO  o.s.i.endpoint.EventDrivenConsumer -  stopped bean '_org.springframework.integration.errorLogger'
2021-08-04 09:33:50,441 INFO  o.s.i.endpoint.EventDrivenConsumer -  Removing {message-handler:mqttConfiguration.handler.serviceActivator} as a subscriber to the 'mqttInputChannel' channel
2021-08-04 09:33:50,441 INFO  o.s.i.channel.DirectChannel -  Channel 'application.mqttInputChannel' has 0 subscriber(s).
2021-08-04 09:33:50,441 INFO  o.s.i.endpoint.EventDrivenConsumer -  stopped bean 'mqttConfiguration.handler.serviceActivator'
2021-08-04 09:33:50,448 INFO  o.s.o.j.LocalContainerEntityManagerFactoryBean -  Closing JPA EntityManagerFactory for persistence unit 'default'
2021-08-04 09:33:50,450 INFO  com.zaxxer.hikari.HikariDataSource -  HikariPool-1 - Shutdown initiated...
2021-08-04 09:33:50,458 INFO  com.zaxxer.hikari.HikariDataSource -  HikariPool-1 - Shutdown completed.
2021-08-04 16:40:22,948 INFO  c.garak.ingestor.IngestorApplication -  Starting IngestorApplication using Java 11.0.3 on JJKIN-MACBOOK with PID 78937 (/Users/skyang/eclipse-workspace/digitalworkspaces/MqttIngestor/target/classes started by skyang in /Users/skyang/eclipse-workspace/digitalworkspaces/MqttIngestor)
2021-08-04 16:40:22,950 DEBUG c.garak.ingestor.IngestorApplication -  Running with Spring Boot v2.5.2, Spring v5.3.8
2021-08-04 16:40:22,950 INFO  c.garak.ingestor.IngestorApplication -  The following profiles are active: dev
2021-08-04 16:40:22,983 WARN  o.s.b.c.config.ConfigDataEnvironment -  Property 'spring.profiles' imported from location 'class path resource [application.yaml]' is invalid and should be replaced with 'spring.config.activate.on-profile' [origin: class path resource [application.yaml] - 75:13]
2021-08-04 16:40:22,983 WARN  o.s.b.c.config.ConfigDataEnvironment -  Property 'spring.profiles' imported from location 'class path resource [application.yaml]' is invalid and should be replaced with 'spring.config.activate.on-profile' [origin: class path resource [application.yaml] - 56:13]
2021-08-04 16:40:22,983 WARN  o.s.b.c.config.ConfigDataEnvironment -  Property 'spring.profiles' imported from location 'class path resource [application.yaml]' is invalid and should be replaced with 'spring.config.activate.on-profile' [origin: class path resource [application.yaml] - 36:13]
2021-08-04 16:40:23,992 INFO  o.s.d.r.c.RepositoryConfigurationDelegate -  Multiple Spring Data modules found, entering strict repository configuration mode!
2021-08-04 16:40:23,992 INFO  o.s.d.r.c.RepositoryConfigurationDelegate -  Bootstrapping Spring Data JPA repositories in DEFAULT mode.
2021-08-04 16:40:24,053 INFO  o.s.d.r.c.RepositoryConfigurationExtensionSupport -  Spring Data JPA - Could not safely identify store assignment for repository candidate interface com.garak.ingestor.nosql.repository.MobilityRepository. If you want this repository to be a JPA repository, consider annotating your entities with one of these annotations: javax.persistence.Entity, javax.persistence.MappedSuperclass (preferred), or consider extending one of the following types with your repository: org.springframework.data.jpa.repository.JpaRepository.
2021-08-04 16:40:24,067 INFO  o.s.d.r.c.RepositoryConfigurationDelegate -  Finished Spring Data repository scanning in 66 ms. Found 2 JPA repository interfaces.
2021-08-04 16:40:24,076 INFO  o.s.d.r.c.RepositoryConfigurationDelegate -  Multiple Spring Data modules found, entering strict repository configuration mode!
2021-08-04 16:40:24,076 INFO  o.s.d.r.c.RepositoryConfigurationDelegate -  Bootstrapping Spring Data MongoDB repositories in DEFAULT mode.
2021-08-04 16:40:24,081 INFO  o.s.d.r.c.RepositoryConfigurationExtensionSupport -  Spring Data MongoDB - Could not safely identify store assignment for repository candidate interface com.garak.ingestor.nosql.repository.EventRepository. If you want this repository to be a MongoDB repository, consider annotating your entities with one of these annotations: org.springframework.data.mongodb.core.mapping.Document (preferred), or consider extending one of the following types with your repository: org.springframework.data.mongodb.repository.MongoRepository.
2021-08-04 16:40:24,082 INFO  o.s.d.r.c.RepositoryConfigurationExtensionSupport -  Spring Data MongoDB - Could not safely identify store assignment for repository candidate interface com.garak.ingestor.nosql.repository.MobilityRDBRepository. If you want this repository to be a MongoDB repository, consider annotating your entities with one of these annotations: org.springframework.data.mongodb.core.mapping.Document (preferred), or consider extending one of the following types with your repository: org.springframework.data.mongodb.repository.MongoRepository.
2021-08-04 16:40:24,086 INFO  o.s.d.r.c.RepositoryConfigurationDelegate -  Finished Spring Data repository scanning in 10 ms. Found 1 MongoDB repository interfaces.
2021-08-04 16:40:24,304 INFO  o.s.i.c.DefaultConfiguringBeanFactoryPostProcessor -  No bean named 'errorChannel' has been explicitly defined. Therefore, a default PublishSubscribeChannel will be created.
2021-08-04 16:40:24,317 INFO  o.s.i.c.DefaultConfiguringBeanFactoryPostProcessor -  No bean named 'integrationHeaderChannelRegistry' has been explicitly defined. Therefore, a default DefaultHeaderChannelRegistry will be created.
2021-08-04 16:40:24,393 INFO  o.s.c.s.PostProcessorRegistrationDelegate$BeanPostProcessorChecker -  Bean 'org.springframework.integration.config.IntegrationManagementConfiguration' of type [org.springframework.integration.config.IntegrationManagementConfiguration] is not eligible for getting processed by all BeanPostProcessors (for example: not eligible for auto-proxying)
2021-08-04 16:40:24,400 INFO  o.s.c.s.PostProcessorRegistrationDelegate$BeanPostProcessorChecker -  Bean 'integrationChannelResolver' of type [org.springframework.integration.support.channel.BeanFactoryChannelResolver] is not eligible for getting processed by all BeanPostProcessors (for example: not eligible for auto-proxying)
2021-08-04 16:40:24,402 INFO  o.s.c.s.PostProcessorRegistrationDelegate$BeanPostProcessorChecker -  Bean 'integrationDisposableAutoCreatedBeans' of type [org.springframework.integration.config.annotation.Disposables] is not eligible for getting processed by all BeanPostProcessors (for example: not eligible for auto-proxying)
2021-08-04 16:40:24,668 INFO  com.zaxxer.hikari.HikariDataSource -  HikariPool-1 - Starting...
2021-08-04 16:40:24,777 INFO  com.zaxxer.hikari.HikariDataSource -  HikariPool-1 - Start completed.
2021-08-04 16:40:24,828 INFO  o.h.jpa.internal.util.LogHelper -  HHH000204: Processing PersistenceUnitInfo [name: default]
2021-08-04 16:40:24,890 INFO  org.hibernate.Version -  HHH000412: Hibernate ORM core version 5.4.32.Final
2021-08-04 16:40:25,026 INFO  o.h.annotations.common.Version -  HCANN000001: Hibernate Commons Annotations {5.1.2.Final}
2021-08-04 16:40:25,114 INFO  org.hibernate.dialect.Dialect -  HHH000400: Using dialect: org.hibernate.dialect.MySQL5InnoDBDialect
2021-08-04 16:40:25,555 INFO  o.h.e.t.j.p.i.JtaPlatformInitiator -  HHH000490: Using JtaPlatform implementation: [org.hibernate.engine.transaction.jta.platform.internal.NoJtaPlatform]
2021-08-04 16:40:25,564 INFO  o.s.o.j.LocalContainerEntityManagerFactoryBean -  Initialized JPA EntityManagerFactory for persistence unit 'default'
2021-08-04 16:40:25,750 INFO  org.mongodb.driver.cluster -  Cluster created with settings {hosts=[localhost:27017], mode=SINGLE, requiredClusterType=UNKNOWN, serverSelectionTimeout='30000 ms'}
2021-08-04 16:40:25,808 INFO  org.mongodb.driver.connection -  Opened connection [connectionId{localValue:2, serverValue:1}] to localhost:27017
2021-08-04 16:40:25,809 INFO  org.mongodb.driver.connection -  Opened connection [connectionId{localValue:1, serverValue:2}] to localhost:27017
2021-08-04 16:40:25,810 INFO  org.mongodb.driver.cluster -  Monitor thread successfully connected to server with description ServerDescription{address=localhost:27017, type=STANDALONE, state=CONNECTED, ok=true, minWireVersion=0, maxWireVersion=9, maxDocumentSize=16777216, logicalSessionTimeoutMinutes=30, roundTripTimeNanos=19582478}
2021-08-04 16:40:26,538 WARN  o.h.e.jdbc.spi.SqlExceptionHelper -  SQL Error: 1054, SQLState: 42S22
2021-08-04 16:40:26,538 ERROR o.h.e.jdbc.spi.SqlExceptionHelper -  Unknown column 'mobilityrd0_.mobi_topic' in 'field list'
2021-08-04 16:40:26,550 WARN  o.s.b.w.r.c.AnnotationConfigReactiveWebServerApplicationContext -  Exception encountered during context initialization - cancelling refresh attempt: org.springframework.beans.factory.UnsatisfiedDependencyException: Error creating bean with name 'mqttController' defined in file [/Users/skyang/eclipse-workspace/digitalworkspaces/MqttIngestor/target/classes/com/garak/ingestor/controller/MqttController.class]: Unsatisfied dependency expressed through constructor parameter 2; nested exception is org.springframework.beans.factory.BeanCreationException: Error creating bean with name 'inbound' defined in class path resource [com/garak/ingestor/conf/MqttConfiguration.class]: Bean instantiation via factory method failed; nested exception is org.springframework.beans.BeanInstantiationException: Failed to instantiate [org.springframework.integration.mqtt.inbound.MqttPahoMessageDrivenChannelAdapter]: Factory method 'inbound' threw exception; nested exception is org.springframework.dao.InvalidDataAccessResourceUsageException: could not extract ResultSet; SQL [n/a]; nested exception is org.hibernate.exception.SQLGrammarException: could not extract ResultSet
2021-08-04 16:40:26,554 INFO  o.s.o.j.LocalContainerEntityManagerFactoryBean -  Closing JPA EntityManagerFactory for persistence unit 'default'
2021-08-04 16:40:26,556 INFO  com.zaxxer.hikari.HikariDataSource -  HikariPool-1 - Shutdown initiated...
2021-08-04 16:40:26,564 INFO  com.zaxxer.hikari.HikariDataSource -  HikariPool-1 - Shutdown completed.
2021-08-04 16:40:26,597 INFO  o.s.b.a.l.ConditionEvaluationReportLoggingListener -  

Error starting ApplicationContext. To display the conditions report re-run your application with 'debug' enabled.
2021-08-04 16:40:26,620 ERROR o.s.boot.SpringApplication -  Application run failed
org.springframework.beans.factory.UnsatisfiedDependencyException: Error creating bean with name 'mqttController' defined in file [/Users/skyang/eclipse-workspace/digitalworkspaces/MqttIngestor/target/classes/com/garak/ingestor/controller/MqttController.class]: Unsatisfied dependency expressed through constructor parameter 2; nested exception is org.springframework.beans.factory.BeanCreationException: Error creating bean with name 'inbound' defined in class path resource [com/garak/ingestor/conf/MqttConfiguration.class]: Bean instantiation via factory method failed; nested exception is org.springframework.beans.BeanInstantiationException: Failed to instantiate [org.springframework.integration.mqtt.inbound.MqttPahoMessageDrivenChannelAdapter]: Factory method 'inbound' threw exception; nested exception is org.springframework.dao.InvalidDataAccessResourceUsageException: could not extract ResultSet; SQL [n/a]; nested exception is org.hibernate.exception.SQLGrammarException: could not extract ResultSet
	at org.springframework.beans.factory.support.ConstructorResolver.createArgumentArray(ConstructorResolver.java:800)
	at org.springframework.beans.factory.support.ConstructorResolver.autowireConstructor(ConstructorResolver.java:229)
	at org.springframework.beans.factory.support.AbstractAutowireCapableBeanFactory.autowireConstructor(AbstractAutowireCapableBeanFactory.java:1354)
	at org.springframework.beans.factory.support.AbstractAutowireCapableBeanFactory.createBeanInstance(AbstractAutowireCapableBeanFactory.java:1204)
	at org.springframework.beans.factory.support.AbstractAutowireCapableBeanFactory.doCreateBean(AbstractAutowireCapableBeanFactory.java:564)
	at org.springframework.beans.factory.support.AbstractAutowireCapableBeanFactory.createBean(AbstractAutowireCapableBeanFactory.java:524)
	at org.springframework.beans.factory.support.AbstractBeanFactory.lambda$doGetBean$0(AbstractBeanFactory.java:335)
	at org.springframework.beans.factory.support.DefaultSingletonBeanRegistry.getSingleton(DefaultSingletonBeanRegistry.java:234)
	at org.springframework.beans.factory.support.AbstractBeanFactory.doGetBean(AbstractBeanFactory.java:333)
	at org.springframework.beans.factory.support.AbstractBeanFactory.getBean(AbstractBeanFactory.java:208)
	at org.springframework.beans.factory.support.DefaultListableBeanFactory.preInstantiateSingletons(DefaultListableBeanFactory.java:944)
	at org.springframework.context.support.AbstractApplicationContext.finishBeanFactoryInitialization(AbstractApplicationContext.java:918)
	at org.springframework.context.support.AbstractApplicationContext.refresh(AbstractApplicationContext.java:583)
	at org.springframework.boot.web.reactive.context.ReactiveWebServerApplicationContext.refresh(ReactiveWebServerApplicationContext.java:64)
	at org.springframework.boot.SpringApplication.refresh(SpringApplication.java:754)
	at org.springframework.boot.SpringApplication.refreshContext(SpringApplication.java:434)
	at org.springframework.boot.SpringApplication.run(SpringApplication.java:338)
	at org.springframework.boot.SpringApplication.run(SpringApplication.java:1343)
	at org.springframework.boot.SpringApplication.run(SpringApplication.java:1332)
	at com.garak.ingestor.IngestorApplication.main(IngestorApplication.java:18)
Caused by: org.springframework.beans.factory.BeanCreationException: Error creating bean with name 'inbound' defined in class path resource [com/garak/ingestor/conf/MqttConfiguration.class]: Bean instantiation via factory method failed; nested exception is org.springframework.beans.BeanInstantiationException: Failed to instantiate [org.springframework.integration.mqtt.inbound.MqttPahoMessageDrivenChannelAdapter]: Factory method 'inbound' threw exception; nested exception is org.springframework.dao.InvalidDataAccessResourceUsageException: could not extract ResultSet; SQL [n/a]; nested exception is org.hibernate.exception.SQLGrammarException: could not extract ResultSet
	at org.springframework.beans.factory.support.ConstructorResolver.instantiate(ConstructorResolver.java:658)
	at org.springframework.beans.factory.support.ConstructorResolver.instantiateUsingFactoryMethod(ConstructorResolver.java:486)
	at org.springframework.beans.factory.support.AbstractAutowireCapableBeanFactory.instantiateUsingFactoryMethod(AbstractAutowireCapableBeanFactory.java:1334)
	at org.springframework.beans.factory.support.AbstractAutowireCapableBeanFactory.createBeanInstance(AbstractAutowireCapableBeanFactory.java:1177)
	at org.springframework.beans.factory.support.AbstractAutowireCapableBeanFactory.doCreateBean(AbstractAutowireCapableBeanFactory.java:564)
	at org.springframework.beans.factory.support.AbstractAutowireCapableBeanFactory.createBean(AbstractAutowireCapableBeanFactory.java:524)
	at org.springframework.beans.factory.support.AbstractBeanFactory.lambda$doGetBean$0(AbstractBeanFactory.java:335)
	at org.springframework.beans.factory.support.DefaultSingletonBeanRegistry.getSingleton(DefaultSingletonBeanRegistry.java:234)
	at org.springframework.beans.factory.support.AbstractBeanFactory.doGetBean(AbstractBeanFactory.java:333)
	at org.springframework.beans.factory.support.AbstractBeanFactory.getBean(AbstractBeanFactory.java:208)
	at org.springframework.beans.factory.config.DependencyDescriptor.resolveCandidate(DependencyDescriptor.java:276)
	at org.springframework.beans.factory.support.DefaultListableBeanFactory.doResolveDependency(DefaultListableBeanFactory.java:1380)
	at org.springframework.beans.factory.support.DefaultListableBeanFactory.resolveDependency(DefaultListableBeanFactory.java:1300)
	at org.springframework.beans.factory.support.ConstructorResolver.resolveAutowiredArgument(ConstructorResolver.java:887)
	at org.springframework.beans.factory.support.ConstructorResolver.createArgumentArray(ConstructorResolver.java:791)
	... 19 common frames omitted
Caused by: org.springframework.beans.BeanInstantiationException: Failed to instantiate [org.springframework.integration.mqtt.inbound.MqttPahoMessageDrivenChannelAdapter]: Factory method 'inbound' threw exception; nested exception is org.springframework.dao.InvalidDataAccessResourceUsageException: could not extract ResultSet; SQL [n/a]; nested exception is org.hibernate.exception.SQLGrammarException: could not extract ResultSet
	at org.springframework.beans.factory.support.SimpleInstantiationStrategy.instantiate(SimpleInstantiationStrategy.java:185)
	at org.springframework.beans.factory.support.ConstructorResolver.instantiate(ConstructorResolver.java:653)
	... 33 common frames omitted
Caused by: org.springframework.dao.InvalidDataAccessResourceUsageException: could not extract ResultSet; SQL [n/a]; nested exception is org.hibernate.exception.SQLGrammarException: could not extract ResultSet
	at org.springframework.orm.jpa.vendor.HibernateJpaDialect.convertHibernateAccessException(HibernateJpaDialect.java:259)
	at org.springframework.orm.jpa.vendor.HibernateJpaDialect.translateExceptionIfPossible(HibernateJpaDialect.java:233)
	at org.springframework.orm.jpa.AbstractEntityManagerFactoryBean.translateExceptionIfPossible(AbstractEntityManagerFactoryBean.java:551)
	at org.springframework.dao.support.ChainedPersistenceExceptionTranslator.translateExceptionIfPossible(ChainedPersistenceExceptionTranslator.java:61)
	at org.springframework.dao.support.DataAccessUtils.translateIfNecessary(DataAccessUtils.java:242)
	at org.springframework.dao.support.PersistenceExceptionTranslationInterceptor.invoke(PersistenceExceptionTranslationInterceptor.java:152)
	at org.springframework.aop.framework.ReflectiveMethodInvocation.proceed(ReflectiveMethodInvocation.java:186)
	at org.springframework.data.jpa.repository.support.CrudMethodMetadataPostProcessor$CrudMethodMetadataPopulatingMethodInterceptor.invoke(CrudMethodMetadataPostProcessor.java:174)
	at org.springframework.aop.framework.ReflectiveMethodInvocation.proceed(ReflectiveMethodInvocation.java:186)
	at org.springframework.aop.interceptor.ExposeInvocationInterceptor.invoke(ExposeInvocationInterceptor.java:97)
	at org.springframework.aop.framework.ReflectiveMethodInvocation.proceed(ReflectiveMethodInvocation.java:186)
	at org.springframework.aop.framework.JdkDynamicAopProxy.invoke(JdkDynamicAopProxy.java:215)
	at com.sun.proxy.$Proxy110.findAll(Unknown Source)
	at com.garak.ingestor.conf.MqttConfiguration.inbound(MqttConfiguration.java:47)
	at com.garak.ingestor.conf.MqttConfiguration$$EnhancerBySpringCGLIB$$b192e21d.CGLIB$inbound$0(<generated>)
	at com.garak.ingestor.conf.MqttConfiguration$$EnhancerBySpringCGLIB$$b192e21d$$FastClassBySpringCGLIB$$2696b2b.invoke(<generated>)
	at org.springframework.cglib.proxy.MethodProxy.invokeSuper(MethodProxy.java:244)
	at org.springframework.context.annotation.ConfigurationClassEnhancer$BeanMethodInterceptor.intercept(ConfigurationClassEnhancer.java:331)
	at com.garak.ingestor.conf.MqttConfiguration$$EnhancerBySpringCGLIB$$b192e21d.inbound(<generated>)
	at java.base/jdk.internal.reflect.NativeMethodAccessorImpl.invoke0(Native Method)
	at java.base/jdk.internal.reflect.NativeMethodAccessorImpl.invoke(NativeMethodAccessorImpl.java:62)
	at java.base/jdk.internal.reflect.DelegatingMethodAccessorImpl.invoke(DelegatingMethodAccessorImpl.java:43)
	at java.base/java.lang.reflect.Method.invoke(Method.java:566)
	at org.springframework.beans.factory.support.SimpleInstantiationStrategy.instantiate(SimpleInstantiationStrategy.java:154)
	... 34 common frames omitted
Caused by: org.hibernate.exception.SQLGrammarException: could not extract ResultSet
	at org.hibernate.exception.internal.SQLExceptionTypeDelegate.convert(SQLExceptionTypeDelegate.java:63)
	at org.hibernate.exception.internal.StandardSQLExceptionConverter.convert(StandardSQLExceptionConverter.java:42)
	at org.hibernate.engine.jdbc.spi.SqlExceptionHelper.convert(SqlExceptionHelper.java:113)
	at org.hibernate.engine.jdbc.spi.SqlExceptionHelper.convert(SqlExceptionHelper.java:99)
	at org.hibernate.engine.jdbc.internal.ResultSetReturnImpl.extract(ResultSetReturnImpl.java:67)
	at org.hibernate.loader.Loader.getResultSet(Loader.java:2297)
	at org.hibernate.loader.Loader.executeQueryStatement(Loader.java:2050)
	at org.hibernate.loader.Loader.executeQueryStatement(Loader.java:2012)
	at org.hibernate.loader.Loader.doQuery(Loader.java:948)
	at org.hibernate.loader.Loader.doQueryAndInitializeNonLazyCollections(Loader.java:349)
	at org.hibernate.loader.Loader.doList(Loader.java:2843)
	at org.hibernate.loader.Loader.doList(Loader.java:2825)
	at org.hibernate.loader.Loader.listIgnoreQueryCache(Loader.java:2657)
	at org.hibernate.loader.Loader.list(Loader.java:2652)
	at org.hibernate.loader.hql.QueryLoader.list(QueryLoader.java:506)
	at org.hibernate.hql.internal.ast.QueryTranslatorImpl.list(QueryTranslatorImpl.java:400)
	at org.hibernate.engine.query.spi.HQLQueryPlan.performList(HQLQueryPlan.java:219)
	at org.hibernate.internal.SessionImpl.list(SessionImpl.java:1414)
	at org.hibernate.query.internal.AbstractProducedQuery.doList(AbstractProducedQuery.java:1636)
	at org.hibernate.query.internal.AbstractProducedQuery.list(AbstractProducedQuery.java:1604)
	at org.hibernate.query.Query.getResultList(Query.java:165)
	at org.hibernate.query.criteria.internal.compile.CriteriaQueryTypeQueryAdapter.getResultList(CriteriaQueryTypeQueryAdapter.java:76)
	at org.springframework.data.jpa.repository.support.SimpleJpaRepository.findAll(SimpleJpaRepository.java:396)
	at java.base/jdk.internal.reflect.NativeMethodAccessorImpl.invoke0(Native Method)
	at java.base/jdk.internal.reflect.NativeMethodAccessorImpl.invoke(NativeMethodAccessorImpl.java:62)
	at java.base/jdk.internal.reflect.DelegatingMethodAccessorImpl.invoke(DelegatingMethodAccessorImpl.java:43)
	at java.base/java.lang.reflect.Method.invoke(Method.java:566)
	at org.springframework.data.repository.core.support.RepositoryMethodInvoker$RepositoryFragmentMethodInvoker.lambda$new$0(RepositoryMethodInvoker.java:289)
	at org.springframework.data.repository.core.support.RepositoryMethodInvoker.doInvoke(RepositoryMethodInvoker.java:137)
	at org.springframework.data.repository.core.support.RepositoryMethodInvoker.invoke(RepositoryMethodInvoker.java:121)
	at org.springframework.data.repository.core.support.RepositoryComposition$RepositoryFragments.invoke(RepositoryComposition.java:529)
	at org.springframework.data.repository.core.support.RepositoryComposition.invoke(RepositoryComposition.java:285)
	at org.springframework.data.repository.core.support.RepositoryFactorySupport$ImplementationMethodExecutionInterceptor.invoke(RepositoryFactorySupport.java:599)
	at org.springframework.aop.framework.ReflectiveMethodInvocation.proceed(ReflectiveMethodInvocation.java:186)
	at org.springframework.data.repository.core.support.QueryExecutorMethodInterceptor.doInvoke(QueryExecutorMethodInterceptor.java:163)
	at org.springframework.data.repository.core.support.QueryExecutorMethodInterceptor.invoke(QueryExecutorMethodInterceptor.java:138)
	at org.springframework.aop.framework.ReflectiveMethodInvocation.proceed(ReflectiveMethodInvocation.java:186)
	at org.springframework.data.projection.DefaultMethodInvokingMethodInterceptor.invoke(DefaultMethodInvokingMethodInterceptor.java:80)
	at org.springframework.aop.framework.ReflectiveMethodInvocation.proceed(ReflectiveMethodInvocation.java:186)
	at org.springframework.transaction.interceptor.TransactionInterceptor$1.proceedWithInvocation(TransactionInterceptor.java:123)
	at org.springframework.transaction.interceptor.TransactionAspectSupport.invokeWithinTransaction(TransactionAspectSupport.java:388)
	at org.springframework.transaction.interceptor.TransactionInterceptor.invoke(TransactionInterceptor.java:119)
	at org.springframework.aop.framework.ReflectiveMethodInvocation.proceed(ReflectiveMethodInvocation.java:186)
	at org.springframework.dao.support.PersistenceExceptionTranslationInterceptor.invoke(PersistenceExceptionTranslationInterceptor.java:137)
	... 52 common frames omitted
Caused by: java.sql.SQLSyntaxErrorException: Unknown column 'mobilityrd0_.mobi_topic' in 'field list'
	at com.mysql.cj.jdbc.exceptions.SQLError.createSQLException(SQLError.java:120)
	at com.mysql.cj.jdbc.exceptions.SQLExceptionsMapping.translateException(SQLExceptionsMapping.java:122)
	at com.mysql.cj.jdbc.ClientPreparedStatement.executeInternal(ClientPreparedStatement.java:953)
	at com.mysql.cj.jdbc.ClientPreparedStatement.executeQuery(ClientPreparedStatement.java:1003)
	at com.zaxxer.hikari.pool.ProxyPreparedStatement.executeQuery(ProxyPreparedStatement.java:52)
	at com.zaxxer.hikari.pool.HikariProxyPreparedStatement.executeQuery(HikariProxyPreparedStatement.java)
	at org.hibernate.engine.jdbc.internal.ResultSetReturnImpl.extract(ResultSetReturnImpl.java:57)
	... 91 common frames omitted
2021-08-04 16:44:09,103 INFO  c.garak.ingestor.IngestorApplication -  Starting IngestorApplication using Java 11.0.3 on JJKIN-MACBOOK with PID 82373 (/Users/skyang/eclipse-workspace/digitalworkspaces/MqttIngestor/target/classes started by skyang in /Users/skyang/eclipse-workspace/digitalworkspaces/MqttIngestor)
2021-08-04 16:44:09,105 DEBUG c.garak.ingestor.IngestorApplication -  Running with Spring Boot v2.5.2, Spring v5.3.8
2021-08-04 16:44:09,105 INFO  c.garak.ingestor.IngestorApplication -  The following profiles are active: dev
2021-08-04 16:44:09,141 WARN  o.s.b.c.config.ConfigDataEnvironment -  Property 'spring.profiles' imported from location 'class path resource [application.yaml]' is invalid and should be replaced with 'spring.config.activate.on-profile' [origin: class path resource [application.yaml] - 75:13]
2021-08-04 16:44:09,141 WARN  o.s.b.c.config.ConfigDataEnvironment -  Property 'spring.profiles' imported from location 'class path resource [application.yaml]' is invalid and should be replaced with 'spring.config.activate.on-profile' [origin: class path resource [application.yaml] - 56:13]
2021-08-04 16:44:09,141 WARN  o.s.b.c.config.ConfigDataEnvironment -  Property 'spring.profiles' imported from location 'class path resource [application.yaml]' is invalid and should be replaced with 'spring.config.activate.on-profile' [origin: class path resource [application.yaml] - 36:13]
2021-08-04 16:44:10,014 INFO  o.s.d.r.c.RepositoryConfigurationDelegate -  Multiple Spring Data modules found, entering strict repository configuration mode!
2021-08-04 16:44:10,015 INFO  o.s.d.r.c.RepositoryConfigurationDelegate -  Bootstrapping Spring Data JPA repositories in DEFAULT mode.
2021-08-04 16:44:10,064 INFO  o.s.d.r.c.RepositoryConfigurationExtensionSupport -  Spring Data JPA - Could not safely identify store assignment for repository candidate interface com.garak.ingestor.nosql.repository.MobilityRepository. If you want this repository to be a JPA repository, consider annotating your entities with one of these annotations: javax.persistence.Entity, javax.persistence.MappedSuperclass (preferred), or consider extending one of the following types with your repository: org.springframework.data.jpa.repository.JpaRepository.
2021-08-04 16:44:10,078 INFO  o.s.d.r.c.RepositoryConfigurationDelegate -  Finished Spring Data repository scanning in 56 ms. Found 2 JPA repository interfaces.
2021-08-04 16:44:10,085 INFO  o.s.d.r.c.RepositoryConfigurationDelegate -  Multiple Spring Data modules found, entering strict repository configuration mode!
2021-08-04 16:44:10,085 INFO  o.s.d.r.c.RepositoryConfigurationDelegate -  Bootstrapping Spring Data MongoDB repositories in DEFAULT mode.
2021-08-04 16:44:10,090 INFO  o.s.d.r.c.RepositoryConfigurationExtensionSupport -  Spring Data MongoDB - Could not safely identify store assignment for repository candidate interface com.garak.ingestor.nosql.repository.EventRepository. If you want this repository to be a MongoDB repository, consider annotating your entities with one of these annotations: org.springframework.data.mongodb.core.mapping.Document (preferred), or consider extending one of the following types with your repository: org.springframework.data.mongodb.repository.MongoRepository.
2021-08-04 16:44:10,091 INFO  o.s.d.r.c.RepositoryConfigurationExtensionSupport -  Spring Data MongoDB - Could not safely identify store assignment for repository candidate interface com.garak.ingestor.nosql.repository.MobilityRDBRepository. If you want this repository to be a MongoDB repository, consider annotating your entities with one of these annotations: org.springframework.data.mongodb.core.mapping.Document (preferred), or consider extending one of the following types with your repository: org.springframework.data.mongodb.repository.MongoRepository.
2021-08-04 16:44:10,096 INFO  o.s.d.r.c.RepositoryConfigurationDelegate -  Finished Spring Data repository scanning in 10 ms. Found 1 MongoDB repository interfaces.
2021-08-04 16:44:10,284 INFO  o.s.i.c.DefaultConfiguringBeanFactoryPostProcessor -  No bean named 'errorChannel' has been explicitly defined. Therefore, a default PublishSubscribeChannel will be created.
2021-08-04 16:44:10,296 INFO  o.s.i.c.DefaultConfiguringBeanFactoryPostProcessor -  No bean named 'integrationHeaderChannelRegistry' has been explicitly defined. Therefore, a default DefaultHeaderChannelRegistry will be created.
2021-08-04 16:44:10,368 INFO  o.s.c.s.PostProcessorRegistrationDelegate$BeanPostProcessorChecker -  Bean 'org.springframework.integration.config.IntegrationManagementConfiguration' of type [org.springframework.integration.config.IntegrationManagementConfiguration] is not eligible for getting processed by all BeanPostProcessors (for example: not eligible for auto-proxying)
2021-08-04 16:44:10,375 INFO  o.s.c.s.PostProcessorRegistrationDelegate$BeanPostProcessorChecker -  Bean 'integrationChannelResolver' of type [org.springframework.integration.support.channel.BeanFactoryChannelResolver] is not eligible for getting processed by all BeanPostProcessors (for example: not eligible for auto-proxying)
2021-08-04 16:44:10,378 INFO  o.s.c.s.PostProcessorRegistrationDelegate$BeanPostProcessorChecker -  Bean 'integrationDisposableAutoCreatedBeans' of type [org.springframework.integration.config.annotation.Disposables] is not eligible for getting processed by all BeanPostProcessors (for example: not eligible for auto-proxying)
2021-08-04 16:44:10,597 INFO  com.zaxxer.hikari.HikariDataSource -  HikariPool-1 - Starting...
2021-08-04 16:44:10,815 INFO  com.zaxxer.hikari.HikariDataSource -  HikariPool-1 - Start completed.
2021-08-04 16:44:10,847 INFO  o.h.jpa.internal.util.LogHelper -  HHH000204: Processing PersistenceUnitInfo [name: default]
2021-08-04 16:44:10,879 INFO  org.hibernate.Version -  HHH000412: Hibernate ORM core version 5.4.32.Final
2021-08-04 16:44:10,963 INFO  o.h.annotations.common.Version -  HCANN000001: Hibernate Commons Annotations {5.1.2.Final}
2021-08-04 16:44:11,051 INFO  org.hibernate.dialect.Dialect -  HHH000400: Using dialect: org.hibernate.dialect.MySQL5InnoDBDialect
2021-08-04 16:44:11,425 INFO  o.h.e.t.j.p.i.JtaPlatformInitiator -  HHH000490: Using JtaPlatform implementation: [org.hibernate.engine.transaction.jta.platform.internal.NoJtaPlatform]
2021-08-04 16:44:11,435 INFO  o.s.o.j.LocalContainerEntityManagerFactoryBean -  Initialized JPA EntityManagerFactory for persistence unit 'default'
2021-08-04 16:44:11,618 INFO  org.mongodb.driver.cluster -  Cluster created with settings {hosts=[localhost:27017], mode=SINGLE, requiredClusterType=UNKNOWN, serverSelectionTimeout='30000 ms'}
2021-08-04 16:44:11,660 INFO  org.mongodb.driver.connection -  Opened connection [connectionId{localValue:1, serverValue:3}] to localhost:27017
2021-08-04 16:44:11,661 INFO  org.mongodb.driver.connection -  Opened connection [connectionId{localValue:2, serverValue:4}] to localhost:27017
2021-08-04 16:44:11,661 INFO  org.mongodb.driver.cluster -  Monitor thread successfully connected to server with description ServerDescription{address=localhost:27017, type=STANDALONE, state=CONNECTED, ok=true, minWireVersion=0, maxWireVersion=9, maxDocumentSize=16777216, logicalSessionTimeoutMinutes=30, roundTripTimeNanos=13120524}
2021-08-04 16:44:12,962 INFO  o.s.b.a.e.web.EndpointLinksResolver -  Exposing 1 endpoint(s) beneath base path '/actuator'
2021-08-04 16:44:13,315 INFO  o.s.i.endpoint.EventDrivenConsumer -  Adding {logging-channel-adapter:_org.springframework.integration.errorLogger} as a subscriber to the 'errorChannel' channel
2021-08-04 16:44:13,315 INFO  o.s.i.c.PublishSubscribeChannel -  Channel 'application.errorChannel' has 1 subscriber(s).
2021-08-04 16:44:13,315 INFO  o.s.i.endpoint.EventDrivenConsumer -  started bean '_org.springframework.integration.errorLogger'
2021-08-04 16:44:13,315 INFO  o.s.i.endpoint.EventDrivenConsumer -  Adding {message-handler:mqttConfiguration.handler.serviceActivator} as a subscriber to the 'mqttInputChannel' channel
2021-08-04 16:44:13,315 INFO  o.s.i.channel.DirectChannel -  Channel 'application.mqttInputChannel' has 1 subscriber(s).
2021-08-04 16:44:13,316 INFO  o.s.i.endpoint.EventDrivenConsumer -  started bean 'mqttConfiguration.handler.serviceActivator'
2021-08-04 16:44:13,695 INFO  o.s.i.m.i.MqttPahoMessageDrivenChannelAdapter -  started bean 'inbound'; defined in: 'class path resource [com/garak/ingestor/conf/MqttConfiguration.class]'; from source: 'org.springframework.core.type.classreading.SimpleMethodMetadata@1d01dfa5'
2021-08-04 16:44:13,820 INFO  o.s.b.w.e.netty.NettyWebServer -  Netty started on port 8080
2021-08-04 16:44:13,848 INFO  c.garak.ingestor.IngestorApplication -  Started IngestorApplication in 5.137 seconds (JVM running for 5.759)
2021-08-04 16:45:20,568 INFO  c.g.ingestor.conf.MqttConfiguration -   >>>>>>>>>>>> [t.getId()] = 1234
2021-08-04 16:45:20,645 INFO  org.mongodb.driver.connection -  Opened connection [connectionId{localValue:3, serverValue:5}] to localhost:27017
2021-08-04 16:45:30,684 INFO  o.s.b.a.SpringApplicationAdminMXBeanRegistrar$SpringApplicationAdmin -  Application shutdown requested.
2021-08-04 16:45:35,702 INFO  o.s.i.m.i.MqttPahoMessageDrivenChannelAdapter -  stopped bean 'inbound'; defined in: 'class path resource [com/garak/ingestor/conf/MqttConfiguration.class]'; from source: 'org.springframework.core.type.classreading.SimpleMethodMetadata@1d01dfa5'
2021-08-04 16:45:35,702 INFO  o.s.i.endpoint.EventDrivenConsumer -  Removing {logging-channel-adapter:_org.springframework.integration.errorLogger} as a subscriber to the 'errorChannel' channel
2021-08-04 16:45:35,702 INFO  o.s.i.c.PublishSubscribeChannel -  Channel 'application.errorChannel' has 0 subscriber(s).
2021-08-04 16:45:35,702 INFO  o.s.i.endpoint.EventDrivenConsumer -  stopped bean '_org.springframework.integration.errorLogger'
2021-08-04 16:45:35,703 INFO  o.s.i.endpoint.EventDrivenConsumer -  Removing {message-handler:mqttConfiguration.handler.serviceActivator} as a subscriber to the 'mqttInputChannel' channel
2021-08-04 16:45:35,703 INFO  o.s.i.channel.DirectChannel -  Channel 'application.mqttInputChannel' has 0 subscriber(s).
2021-08-04 16:45:35,703 INFO  o.s.i.endpoint.EventDrivenConsumer -  stopped bean 'mqttConfiguration.handler.serviceActivator'
2021-08-04 16:45:35,711 INFO  org.mongodb.driver.connection -  Closed connection [connectionId{localValue:3, serverValue:5}] to localhost:27017 because the pool has been closed.
2021-08-04 16:45:35,714 INFO  o.s.o.j.LocalContainerEntityManagerFactoryBean -  Closing JPA EntityManagerFactory for persistence unit 'default'
2021-08-04 16:45:35,716 INFO  com.zaxxer.hikari.HikariDataSource -  HikariPool-1 - Shutdown initiated...
2021-08-04 16:45:35,724 INFO  com.zaxxer.hikari.HikariDataSource -  HikariPool-1 - Shutdown completed.
