2021-09-30 13:13:52,681 INFO  c.g.i.IngestorApplicationTests -  Starting IngestorApplicationTests using Java 11.0.3 on JJKIN-MACBOOK with PID 20871 (started by skyang in /Users/skyang/eclipse-workspace/digitalworkspaces/MqttIngestor-Subscriber)
2021-09-30 13:13:52,684 DEBUG c.g.i.IngestorApplicationTests -  Running with Spring Boot v2.5.2, Spring v5.3.8
2021-09-30 13:13:52,685 INFO  c.g.i.IngestorApplicationTests -  The following profiles are active: dev
2021-09-30 13:13:52,727 WARN  o.s.b.c.config.ConfigDataEnvironment -  Property 'spring.profiles' imported from location 'class path resource [application.yaml]' is invalid and should be replaced with 'spring.config.activate.on-profile' [origin: class path resource [application.yaml] - 79:13]
2021-09-30 13:13:52,727 WARN  o.s.b.c.config.ConfigDataEnvironment -  Property 'spring.profiles' imported from location 'class path resource [application.yaml]' is invalid and should be replaced with 'spring.config.activate.on-profile' [origin: class path resource [application.yaml] - 60:13]
2021-09-30 13:13:52,727 WARN  o.s.b.c.config.ConfigDataEnvironment -  Property 'spring.profiles' imported from location 'class path resource [application.yaml]' is invalid and should be replaced with 'spring.config.activate.on-profile' [origin: class path resource [application.yaml] - 36:13]
2021-09-30 13:13:53,816 INFO  o.s.d.r.c.RepositoryConfigurationDelegate -  Multiple Spring Data modules found, entering strict repository configuration mode!
2021-09-30 13:13:53,819 INFO  o.s.d.r.c.RepositoryConfigurationDelegate -  Bootstrapping Spring Data JPA repositories in DEFAULT mode.
2021-09-30 13:13:54,076 INFO  o.s.d.r.c.RepositoryConfigurationExtensionSupport -  Spring Data JPA - Could not safely identify store assignment for repository candidate interface com.garak.ingestor.repository.MobilityNosqlRepository. If you want this repository to be a JPA repository, consider annotating your entities with one of these annotations: javax.persistence.Entity, javax.persistence.MappedSuperclass (preferred), or consider extending one of the following types with your repository: org.springframework.data.jpa.repository.JpaRepository.
2021-09-30 13:13:54,100 INFO  o.s.d.r.c.RepositoryConfigurationDelegate -  Finished Spring Data repository scanning in 271 ms. Found 6 JPA repository interfaces.
2021-09-30 13:13:54,108 INFO  o.s.d.r.c.RepositoryConfigurationDelegate -  Multiple Spring Data modules found, entering strict repository configuration mode!
2021-09-30 13:13:54,109 INFO  o.s.d.r.c.RepositoryConfigurationDelegate -  Bootstrapping Spring Data MongoDB repositories in DEFAULT mode.
2021-09-30 13:13:54,116 INFO  o.s.d.r.c.RepositoryConfigurationExtensionSupport -  Spring Data MongoDB - Could not safely identify store assignment for repository candidate interface com.garak.ingestor.repository.CodeDetailRDBRepository. If you want this repository to be a MongoDB repository, consider annotating your entities with one of these annotations: org.springframework.data.mongodb.core.mapping.Document (preferred), or consider extending one of the following types with your repository: org.springframework.data.mongodb.repository.MongoRepository.
2021-09-30 13:13:54,117 INFO  o.s.d.r.c.RepositoryConfigurationExtensionSupport -  Spring Data MongoDB - Could not safely identify store assignment for repository candidate interface com.garak.ingestor.repository.EventRepository. If you want this repository to be a MongoDB repository, consider annotating your entities with one of these annotations: org.springframework.data.mongodb.core.mapping.Document (preferred), or consider extending one of the following types with your repository: org.springframework.data.mongodb.repository.MongoRepository.
2021-09-30 13:13:54,118 INFO  o.s.d.r.c.RepositoryConfigurationExtensionSupport -  Spring Data MongoDB - Could not safely identify store assignment for repository candidate interface com.garak.ingestor.repository.MobilityBatteryKitRDBRepository. If you want this repository to be a MongoDB repository, consider annotating your entities with one of these annotations: org.springframework.data.mongodb.core.mapping.Document (preferred), or consider extending one of the following types with your repository: org.springframework.data.mongodb.repository.MongoRepository.
2021-09-30 13:13:54,119 INFO  o.s.d.r.c.RepositoryConfigurationExtensionSupport -  Spring Data MongoDB - Could not safely identify store assignment for repository candidate interface com.garak.ingestor.repository.MobilityRDBRepository. If you want this repository to be a MongoDB repository, consider annotating your entities with one of these annotations: org.springframework.data.mongodb.core.mapping.Document (preferred), or consider extending one of the following types with your repository: org.springframework.data.mongodb.repository.MongoRepository.
2021-09-30 13:13:54,120 INFO  o.s.d.r.c.RepositoryConfigurationExtensionSupport -  Spring Data MongoDB - Could not safely identify store assignment for repository candidate interface com.garak.ingestor.repository.MobilityServRDBRepository. If you want this repository to be a MongoDB repository, consider annotating your entities with one of these annotations: org.springframework.data.mongodb.core.mapping.Document (preferred), or consider extending one of the following types with your repository: org.springframework.data.mongodb.repository.MongoRepository.
2021-09-30 13:13:54,121 INFO  o.s.d.r.c.RepositoryConfigurationExtensionSupport -  Spring Data MongoDB - Could not safely identify store assignment for repository candidate interface com.garak.ingestor.repository.UserRDBRepository. If you want this repository to be a MongoDB repository, consider annotating your entities with one of these annotations: org.springframework.data.mongodb.core.mapping.Document (preferred), or consider extending one of the following types with your repository: org.springframework.data.mongodb.repository.MongoRepository.
2021-09-30 13:13:54,126 INFO  o.s.d.r.c.RepositoryConfigurationDelegate -  Finished Spring Data repository scanning in 17 ms. Found 1 MongoDB repository interfaces.
2021-09-30 13:13:54,441 INFO  o.s.i.c.DefaultConfiguringBeanFactoryPostProcessor -  No bean named 'errorChannel' has been explicitly defined. Therefore, a default PublishSubscribeChannel will be created.
2021-09-30 13:13:54,455 INFO  o.s.i.c.DefaultConfiguringBeanFactoryPostProcessor -  No bean named 'integrationHeaderChannelRegistry' has been explicitly defined. Therefore, a default DefaultHeaderChannelRegistry will be created.
2021-09-30 13:13:54,567 INFO  o.s.c.s.PostProcessorRegistrationDelegate$BeanPostProcessorChecker -  Bean 'org.springframework.integration.config.IntegrationManagementConfiguration' of type [org.springframework.integration.config.IntegrationManagementConfiguration] is not eligible for getting processed by all BeanPostProcessors (for example: not eligible for auto-proxying)
2021-09-30 13:13:54,591 INFO  o.s.c.s.PostProcessorRegistrationDelegate$BeanPostProcessorChecker -  Bean 'integrationChannelResolver' of type [org.springframework.integration.support.channel.BeanFactoryChannelResolver] is not eligible for getting processed by all BeanPostProcessors (for example: not eligible for auto-proxying)
2021-09-30 13:13:54,594 INFO  o.s.c.s.PostProcessorRegistrationDelegate$BeanPostProcessorChecker -  Bean 'integrationDisposableAutoCreatedBeans' of type [org.springframework.integration.config.annotation.Disposables] is not eligible for getting processed by all BeanPostProcessors (for example: not eligible for auto-proxying)
2021-09-30 13:13:54,833 INFO  com.zaxxer.hikari.HikariDataSource -  HikariPool-1 - Starting...
2021-09-30 13:13:55,163 INFO  com.zaxxer.hikari.HikariDataSource -  HikariPool-1 - Start completed.
2021-09-30 13:13:55,285 INFO  o.h.jpa.internal.util.LogHelper -  HHH000204: Processing PersistenceUnitInfo [name: default]
2021-09-30 13:13:55,363 INFO  org.hibernate.Version -  HHH000412: Hibernate ORM core version 5.4.32.Final
2021-09-30 13:13:55,576 INFO  o.h.annotations.common.Version -  HCANN000001: Hibernate Commons Annotations {5.1.2.Final}
2021-09-30 13:13:55,740 INFO  org.hibernate.dialect.Dialect -  HHH000400: Using dialect: org.hibernate.dialect.MySQL5InnoDBDialect
2021-09-30 13:13:56,588 INFO  o.h.e.t.j.p.i.JtaPlatformInitiator -  HHH000490: Using JtaPlatform implementation: [org.hibernate.engine.transaction.jta.platform.internal.NoJtaPlatform]
2021-09-30 13:13:56,602 INFO  o.s.o.j.LocalContainerEntityManagerFactoryBean -  Initialized JPA EntityManagerFactory for persistence unit 'default'
2021-09-30 13:13:57,584 INFO  org.mongodb.driver.cluster -  Cluster created with settings {hosts=[175.106.98.100:27017], mode=SINGLE, requiredClusterType=UNKNOWN, serverSelectionTimeout='30000 ms'}
2021-09-30 13:13:57,701 INFO  org.mongodb.driver.connection -  Opened connection [connectionId{localValue:1, serverValue:9967}] to 175.106.98.100:27017
2021-09-30 13:13:57,702 INFO  org.mongodb.driver.connection -  Opened connection [connectionId{localValue:2, serverValue:9968}] to 175.106.98.100:27017
2021-09-30 13:13:57,703 INFO  org.mongodb.driver.cluster -  Monitor thread successfully connected to server with description ServerDescription{address=175.106.98.100:27017, type=STANDALONE, state=CONNECTED, ok=true, minWireVersion=0, maxWireVersion=6, maxDocumentSize=16777216, logicalSessionTimeoutMinutes=30, roundTripTimeNanos=31854300}
2021-09-30 13:13:58,583 DEBUG c.g.i.conf.MobilityStateBroker -  kit_id1
2021-09-30 13:13:58,583 DEBUG c.g.i.conf.MobilityStateBroker -  kit_id3
2021-09-30 13:13:58,583 DEBUG c.g.i.conf.MobilityStateBroker -  kit_id4
2021-09-30 13:13:59,610 INFO  o.s.b.a.e.web.EndpointLinksResolver -  Exposing 1 endpoint(s) beneath base path '/actuator'
2021-09-30 13:14:00,066 INFO  o.s.i.endpoint.EventDrivenConsumer -  Adding {logging-channel-adapter:_org.springframework.integration.errorLogger} as a subscriber to the 'errorChannel' channel
2021-09-30 13:14:00,066 INFO  o.s.i.c.PublishSubscribeChannel -  Channel 'application.errorChannel' has 1 subscriber(s).
2021-09-30 13:14:00,066 INFO  o.s.i.endpoint.EventDrivenConsumer -  started bean '_org.springframework.integration.errorLogger'
2021-09-30 13:14:00,067 INFO  o.s.i.endpoint.EventDrivenConsumer -  Adding {message-handler:mqttInboundConfiguration.handler.serviceActivator} as a subscriber to the 'mqttInputChannel' channel
2021-09-30 13:14:00,067 INFO  o.s.i.channel.DirectChannel -  Channel 'application.mqttInputChannel' has 1 subscriber(s).
2021-09-30 13:14:00,067 INFO  o.s.i.endpoint.EventDrivenConsumer -  started bean 'mqttInboundConfiguration.handler.serviceActivator'
2021-09-30 13:14:00,067 INFO  o.s.i.endpoint.EventDrivenConsumer -  Adding {message-handler:mqttOutboundConfiguration.mqttOutbound.serviceActivator} as a subscriber to the 'mqttOutboundChannel' channel
2021-09-30 13:14:00,067 INFO  o.s.i.channel.DirectChannel -  Channel 'application.mqttOutboundChannel' has 1 subscriber(s).
2021-09-30 13:14:00,067 INFO  o.s.i.endpoint.EventDrivenConsumer -  started bean 'mqttOutboundConfiguration.mqttOutbound.serviceActivator'
2021-09-30 13:14:00,067 INFO  o.s.i.g.GatewayProxyFactoryBean$MethodInvocationGateway -  started bean 'myGateway#sendToMqtt(byte[], String)'
2021-09-30 13:14:00,068 INFO  o.s.i.g.GatewayProxyFactoryBean$MethodInvocationGateway -  started bean 'myGateway#sendToMqtt(MqttMessage)'
2021-09-30 13:14:00,068 INFO  o.s.i.g.GatewayProxyFactoryBean$MethodInvocationGateway -  started bean 'myGateway#sendToMqtt(MqttMessage, String)'
2021-09-30 13:14:00,068 INFO  o.s.i.g.GatewayProxyFactoryBean$MethodInvocationGateway -  started bean 'myGateway#sendToMqtt(String, String)'
2021-09-30 13:14:00,068 INFO  o.s.i.g.GatewayProxyFactoryBean$MethodInvocationGateway -  started bean 'myGateway#sendToMqtt(String)'
2021-09-30 13:14:00,068 INFO  o.s.i.g.GatewayProxyFactoryBean -  started bean 'myGateway'
2021-09-30 13:14:00,439 INFO  o.s.i.m.i.MqttPahoMessageDrivenChannelAdapter -  started bean 'inbound'; defined in: 'class path resource [com/garak/ingestor/conf/MqttInboundConfiguration.class]'; from source: 'org.springframework.core.type.classreading.SimpleMethodMetadata@460510aa'
2021-09-30 13:14:00,452 INFO  c.g.i.IngestorApplicationTests -  Started IngestorApplicationTests in 8.282 seconds (JVM running for 9.584)
2021-09-30 13:14:00,801 INFO  c.g.i.conf.MqttInboundConfiguration -  date print : >>>20210930131400801
2021-09-30 13:14:00,806 INFO  c.g.i.conf.MqttInboundConfiguration -   >>>>>>>>>>>> [t.getId()] = 0
2021-09-30 13:14:01,089 INFO  org.mongodb.driver.connection -  Opened connection [connectionId{localValue:3, serverValue:9969}] to 175.106.98.100:27017
2021-09-30 13:14:06,130 INFO  o.s.i.m.i.MqttPahoMessageDrivenChannelAdapter -  stopped bean 'inbound'; defined in: 'class path resource [com/garak/ingestor/conf/MqttInboundConfiguration.class]'; from source: 'org.springframework.core.type.classreading.SimpleMethodMetadata@460510aa'
2021-09-30 13:14:06,133 INFO  o.s.i.g.GatewayProxyFactoryBean$MethodInvocationGateway -  stopped bean 'myGateway#sendToMqtt(byte[], String)'
2021-09-30 13:14:06,133 INFO  o.s.i.g.GatewayProxyFactoryBean$MethodInvocationGateway -  stopped bean 'myGateway#sendToMqtt(MqttMessage)'
2021-09-30 13:14:06,133 INFO  o.s.i.g.GatewayProxyFactoryBean$MethodInvocationGateway -  stopped bean 'myGateway#sendToMqtt(MqttMessage, String)'
2021-09-30 13:14:06,133 INFO  o.s.i.g.GatewayProxyFactoryBean$MethodInvocationGateway -  stopped bean 'myGateway#sendToMqtt(String, String)'
2021-09-30 13:14:06,134 INFO  o.s.i.g.GatewayProxyFactoryBean$MethodInvocationGateway -  stopped bean 'myGateway#sendToMqtt(String)'
2021-09-30 13:14:06,134 INFO  o.s.i.g.GatewayProxyFactoryBean -  stopped bean 'myGateway'
2021-09-30 13:14:06,134 INFO  o.s.i.endpoint.EventDrivenConsumer -  Removing {logging-channel-adapter:_org.springframework.integration.errorLogger} as a subscriber to the 'errorChannel' channel
2021-09-30 13:14:06,134 INFO  o.s.i.c.PublishSubscribeChannel -  Channel 'application.errorChannel' has 0 subscriber(s).
2021-09-30 13:14:06,134 INFO  o.s.i.endpoint.EventDrivenConsumer -  stopped bean '_org.springframework.integration.errorLogger'
2021-09-30 13:14:06,134 INFO  o.s.i.endpoint.EventDrivenConsumer -  Removing {message-handler:mqttInboundConfiguration.handler.serviceActivator} as a subscriber to the 'mqttInputChannel' channel
2021-09-30 13:14:06,134 INFO  o.s.i.channel.DirectChannel -  Channel 'application.mqttInputChannel' has 0 subscriber(s).
2021-09-30 13:14:06,134 INFO  o.s.i.endpoint.EventDrivenConsumer -  stopped bean 'mqttInboundConfiguration.handler.serviceActivator'
2021-09-30 13:14:06,135 INFO  o.s.i.endpoint.EventDrivenConsumer -  Removing {message-handler:mqttOutboundConfiguration.mqttOutbound.serviceActivator} as a subscriber to the 'mqttOutboundChannel' channel
2021-09-30 13:14:06,135 INFO  o.s.i.channel.DirectChannel -  Channel 'application.mqttOutboundChannel' has 0 subscriber(s).
2021-09-30 13:14:06,135 INFO  o.s.i.endpoint.EventDrivenConsumer -  stopped bean 'mqttOutboundConfiguration.mqttOutbound.serviceActivator'
2021-09-30 13:14:06,162 INFO  org.mongodb.driver.connection -  Closed connection [connectionId{localValue:3, serverValue:9969}] to 175.106.98.100:27017 because the pool has been closed.
2021-09-30 13:14:06,165 INFO  o.s.o.j.LocalContainerEntityManagerFactoryBean -  Closing JPA EntityManagerFactory for persistence unit 'default'
2021-09-30 13:14:06,168 INFO  com.zaxxer.hikari.HikariDataSource -  HikariPool-1 - Shutdown initiated...
2021-09-30 13:14:06,181 INFO  com.zaxxer.hikari.HikariDataSource -  HikariPool-1 - Shutdown completed.
2021-09-30 14:09:58,140 INFO  c.garak.ingestor.IngestorApplication -  Starting IngestorApplication using Java 11.0.3 on JJKIN-MACBOOK with PID 94997 (/Users/skyang/eclipse-workspace/digitalworkspaces/MqttIngestor-Subscriber/target/classes started by skyang in /Users/skyang/eclipse-workspace/digitalworkspaces/MqttIngestor-Subscriber)
2021-09-30 14:09:58,143 DEBUG c.garak.ingestor.IngestorApplication -  Running with Spring Boot v2.5.2, Spring v5.3.8
2021-09-30 14:09:58,143 INFO  c.garak.ingestor.IngestorApplication -  The following profiles are active: dev
2021-09-30 14:09:58,181 WARN  o.s.b.c.config.ConfigDataEnvironment -  Property 'spring.profiles' imported from location 'class path resource [application.yaml]' is invalid and should be replaced with 'spring.config.activate.on-profile' [origin: class path resource [application.yaml] - 79:13]
2021-09-30 14:09:58,181 WARN  o.s.b.c.config.ConfigDataEnvironment -  Property 'spring.profiles' imported from location 'class path resource [application.yaml]' is invalid and should be replaced with 'spring.config.activate.on-profile' [origin: class path resource [application.yaml] - 60:13]
2021-09-30 14:09:58,181 WARN  o.s.b.c.config.ConfigDataEnvironment -  Property 'spring.profiles' imported from location 'class path resource [application.yaml]' is invalid and should be replaced with 'spring.config.activate.on-profile' [origin: class path resource [application.yaml] - 36:13]
2021-09-30 14:09:59,184 INFO  o.s.d.r.c.RepositoryConfigurationDelegate -  Multiple Spring Data modules found, entering strict repository configuration mode!
2021-09-30 14:09:59,185 INFO  o.s.d.r.c.RepositoryConfigurationDelegate -  Bootstrapping Spring Data JPA repositories in DEFAULT mode.
2021-09-30 14:09:59,255 INFO  o.s.d.r.c.RepositoryConfigurationExtensionSupport -  Spring Data JPA - Could not safely identify store assignment for repository candidate interface com.garak.ingestor.repository.MobilityNosqlRepository. If you want this repository to be a JPA repository, consider annotating your entities with one of these annotations: javax.persistence.Entity, javax.persistence.MappedSuperclass (preferred), or consider extending one of the following types with your repository: org.springframework.data.jpa.repository.JpaRepository.
2021-09-30 14:09:59,280 INFO  o.s.d.r.c.RepositoryConfigurationDelegate -  Finished Spring Data repository scanning in 87 ms. Found 6 JPA repository interfaces.
2021-09-30 14:09:59,287 INFO  o.s.d.r.c.RepositoryConfigurationDelegate -  Multiple Spring Data modules found, entering strict repository configuration mode!
2021-09-30 14:09:59,288 INFO  o.s.d.r.c.RepositoryConfigurationDelegate -  Bootstrapping Spring Data MongoDB repositories in DEFAULT mode.
2021-09-30 14:09:59,295 INFO  o.s.d.r.c.RepositoryConfigurationExtensionSupport -  Spring Data MongoDB - Could not safely identify store assignment for repository candidate interface com.garak.ingestor.repository.CodeDetailRDBRepository. If you want this repository to be a MongoDB repository, consider annotating your entities with one of these annotations: org.springframework.data.mongodb.core.mapping.Document (preferred), or consider extending one of the following types with your repository: org.springframework.data.mongodb.repository.MongoRepository.
2021-09-30 14:09:59,295 INFO  o.s.d.r.c.RepositoryConfigurationExtensionSupport -  Spring Data MongoDB - Could not safely identify store assignment for repository candidate interface com.garak.ingestor.repository.EventRepository. If you want this repository to be a MongoDB repository, consider annotating your entities with one of these annotations: org.springframework.data.mongodb.core.mapping.Document (preferred), or consider extending one of the following types with your repository: org.springframework.data.mongodb.repository.MongoRepository.
2021-09-30 14:09:59,296 INFO  o.s.d.r.c.RepositoryConfigurationExtensionSupport -  Spring Data MongoDB - Could not safely identify store assignment for repository candidate interface com.garak.ingestor.repository.MobilityBatteryKitRDBRepository. If you want this repository to be a MongoDB repository, consider annotating your entities with one of these annotations: org.springframework.data.mongodb.core.mapping.Document (preferred), or consider extending one of the following types with your repository: org.springframework.data.mongodb.repository.MongoRepository.
2021-09-30 14:09:59,297 INFO  o.s.d.r.c.RepositoryConfigurationExtensionSupport -  Spring Data MongoDB - Could not safely identify store assignment for repository candidate interface com.garak.ingestor.repository.MobilityRDBRepository. If you want this repository to be a MongoDB repository, consider annotating your entities with one of these annotations: org.springframework.data.mongodb.core.mapping.Document (preferred), or consider extending one of the following types with your repository: org.springframework.data.mongodb.repository.MongoRepository.
2021-09-30 14:09:59,300 INFO  o.s.d.r.c.RepositoryConfigurationExtensionSupport -  Spring Data MongoDB - Could not safely identify store assignment for repository candidate interface com.garak.ingestor.repository.MobilityServRDBRepository. If you want this repository to be a MongoDB repository, consider annotating your entities with one of these annotations: org.springframework.data.mongodb.core.mapping.Document (preferred), or consider extending one of the following types with your repository: org.springframework.data.mongodb.repository.MongoRepository.
2021-09-30 14:09:59,300 INFO  o.s.d.r.c.RepositoryConfigurationExtensionSupport -  Spring Data MongoDB - Could not safely identify store assignment for repository candidate interface com.garak.ingestor.repository.UserRDBRepository. If you want this repository to be a MongoDB repository, consider annotating your entities with one of these annotations: org.springframework.data.mongodb.core.mapping.Document (preferred), or consider extending one of the following types with your repository: org.springframework.data.mongodb.repository.MongoRepository.
2021-09-30 14:09:59,304 INFO  o.s.d.r.c.RepositoryConfigurationDelegate -  Finished Spring Data repository scanning in 16 ms. Found 1 MongoDB repository interfaces.
2021-09-30 14:09:59,550 INFO  o.s.i.c.DefaultConfiguringBeanFactoryPostProcessor -  No bean named 'errorChannel' has been explicitly defined. Therefore, a default PublishSubscribeChannel will be created.
2021-09-30 14:09:59,562 INFO  o.s.i.c.DefaultConfiguringBeanFactoryPostProcessor -  No bean named 'integrationHeaderChannelRegistry' has been explicitly defined. Therefore, a default DefaultHeaderChannelRegistry will be created.
2021-09-30 14:09:59,639 INFO  o.s.c.s.PostProcessorRegistrationDelegate$BeanPostProcessorChecker -  Bean 'org.springframework.integration.config.IntegrationManagementConfiguration' of type [org.springframework.integration.config.IntegrationManagementConfiguration] is not eligible for getting processed by all BeanPostProcessors (for example: not eligible for auto-proxying)
2021-09-30 14:09:59,657 INFO  o.s.c.s.PostProcessorRegistrationDelegate$BeanPostProcessorChecker -  Bean 'integrationChannelResolver' of type [org.springframework.integration.support.channel.BeanFactoryChannelResolver] is not eligible for getting processed by all BeanPostProcessors (for example: not eligible for auto-proxying)
2021-09-30 14:09:59,658 INFO  o.s.c.s.PostProcessorRegistrationDelegate$BeanPostProcessorChecker -  Bean 'integrationDisposableAutoCreatedBeans' of type [org.springframework.integration.config.annotation.Disposables] is not eligible for getting processed by all BeanPostProcessors (for example: not eligible for auto-proxying)
2021-09-30 14:09:59,913 INFO  com.zaxxer.hikari.HikariDataSource -  HikariPool-1 - Starting...
2021-09-30 14:10:00,118 INFO  com.zaxxer.hikari.HikariDataSource -  HikariPool-1 - Start completed.
2021-09-30 14:10:00,162 INFO  o.h.jpa.internal.util.LogHelper -  HHH000204: Processing PersistenceUnitInfo [name: default]
2021-09-30 14:10:00,217 INFO  org.hibernate.Version -  HHH000412: Hibernate ORM core version 5.4.32.Final
2021-09-30 14:10:00,331 INFO  o.h.annotations.common.Version -  HCANN000001: Hibernate Commons Annotations {5.1.2.Final}
2021-09-30 14:10:00,420 INFO  org.hibernate.dialect.Dialect -  HHH000400: Using dialect: org.hibernate.dialect.MySQL5InnoDBDialect
2021-09-30 14:10:00,965 INFO  o.h.e.t.j.p.i.JtaPlatformInitiator -  HHH000490: Using JtaPlatform implementation: [org.hibernate.engine.transaction.jta.platform.internal.NoJtaPlatform]
2021-09-30 14:10:00,974 INFO  o.s.o.j.LocalContainerEntityManagerFactoryBean -  Initialized JPA EntityManagerFactory for persistence unit 'default'
2021-09-30 14:10:01,513 INFO  org.mongodb.driver.cluster -  Cluster created with settings {hosts=[175.106.98.100:27017], mode=SINGLE, requiredClusterType=UNKNOWN, serverSelectionTimeout='30000 ms'}
2021-09-30 14:10:01,578 INFO  org.mongodb.driver.connection -  Opened connection [connectionId{localValue:1, serverValue:9982}] to 175.106.98.100:27017
2021-09-30 14:10:01,579 INFO  org.mongodb.driver.connection -  Opened connection [connectionId{localValue:2, serverValue:9981}] to 175.106.98.100:27017
2021-09-30 14:10:01,580 INFO  org.mongodb.driver.cluster -  Monitor thread successfully connected to server with description ServerDescription{address=175.106.98.100:27017, type=STANDALONE, state=CONNECTED, ok=true, minWireVersion=0, maxWireVersion=6, maxDocumentSize=16777216, logicalSessionTimeoutMinutes=30, roundTripTimeNanos=19148534}
2021-09-30 14:10:02,262 DEBUG c.g.i.conf.MobilityStateBroker -  kit_id1
2021-09-30 14:10:02,262 DEBUG c.g.i.conf.MobilityStateBroker -  kit_id3
2021-09-30 14:10:02,262 DEBUG c.g.i.conf.MobilityStateBroker -  kit_id4
2021-09-30 14:10:02,821 INFO  o.s.b.a.e.web.EndpointLinksResolver -  Exposing 1 endpoint(s) beneath base path '/actuator'
2021-09-30 14:10:03,161 INFO  o.s.i.endpoint.EventDrivenConsumer -  Adding {logging-channel-adapter:_org.springframework.integration.errorLogger} as a subscriber to the 'errorChannel' channel
2021-09-30 14:10:03,162 INFO  o.s.i.c.PublishSubscribeChannel -  Channel 'application.errorChannel' has 1 subscriber(s).
2021-09-30 14:10:03,162 INFO  o.s.i.endpoint.EventDrivenConsumer -  started bean '_org.springframework.integration.errorLogger'
2021-09-30 14:10:03,162 INFO  o.s.i.endpoint.EventDrivenConsumer -  Adding {message-handler:mqttInboundConfiguration.handler.serviceActivator} as a subscriber to the 'mqttInputChannel' channel
2021-09-30 14:10:03,162 INFO  o.s.i.channel.DirectChannel -  Channel 'application.mqttInputChannel' has 1 subscriber(s).
2021-09-30 14:10:03,162 INFO  o.s.i.endpoint.EventDrivenConsumer -  started bean 'mqttInboundConfiguration.handler.serviceActivator'
2021-09-30 14:10:03,162 INFO  o.s.i.endpoint.EventDrivenConsumer -  Adding {message-handler:mqttOutboundConfiguration.mqttOutbound.serviceActivator} as a subscriber to the 'mqttOutboundChannel' channel
2021-09-30 14:10:03,162 INFO  o.s.i.channel.DirectChannel -  Channel 'application.mqttOutboundChannel' has 1 subscriber(s).
2021-09-30 14:10:03,162 INFO  o.s.i.endpoint.EventDrivenConsumer -  started bean 'mqttOutboundConfiguration.mqttOutbound.serviceActivator'
2021-09-30 14:10:03,162 INFO  o.s.i.g.GatewayProxyFactoryBean$MethodInvocationGateway -  started bean 'myGateway#sendToMqtt(byte[], String)'
2021-09-30 14:10:03,162 INFO  o.s.i.g.GatewayProxyFactoryBean$MethodInvocationGateway -  started bean 'myGateway#sendToMqtt(MqttMessage)'
2021-09-30 14:10:03,162 INFO  o.s.i.g.GatewayProxyFactoryBean$MethodInvocationGateway -  started bean 'myGateway#sendToMqtt(MqttMessage, String)'
2021-09-30 14:10:03,163 INFO  o.s.i.g.GatewayProxyFactoryBean$MethodInvocationGateway -  started bean 'myGateway#sendToMqtt(String, String)'
2021-09-30 14:10:03,163 INFO  o.s.i.g.GatewayProxyFactoryBean$MethodInvocationGateway -  started bean 'myGateway#sendToMqtt(String)'
2021-09-30 14:10:03,163 INFO  o.s.i.g.GatewayProxyFactoryBean -  started bean 'myGateway'
2021-09-30 14:10:03,520 INFO  o.s.i.m.i.MqttPahoMessageDrivenChannelAdapter -  started bean 'inbound'; defined in: 'class path resource [com/garak/ingestor/conf/MqttInboundConfiguration.class]'; from source: 'org.springframework.core.type.classreading.SimpleMethodMetadata@5eccd3b9'
2021-09-30 14:10:03,654 INFO  o.s.b.w.e.netty.NettyWebServer -  Netty started on port 8080
2021-09-30 14:10:03,680 INFO  c.garak.ingestor.IngestorApplication -  Started IngestorApplication in 6.039 seconds (JVM running for 6.981)
2021-09-30 14:10:03,882 INFO  c.g.i.conf.MqttInboundConfiguration -  date print : >>>20210930141003882
2021-09-30 14:10:03,886 INFO  c.g.i.conf.MqttInboundConfiguration -   >>>>>>>>>>>> [t.getId()] = 0
2021-09-30 14:10:04,083 INFO  org.mongodb.driver.connection -  Opened connection [connectionId{localValue:3, serverValue:9983}] to 175.106.98.100:27017
2021-09-30 14:10:45,709 INFO  c.g.i.conf.MqttInboundConfiguration -  date print : >>>20210930141045709
2021-09-30 14:10:45,710 INFO  c.g.i.conf.MqttInboundConfiguration -   >>>>>>>>>>>> [t.getId()] = 0
2021-09-30 14:20:24,399 INFO  o.s.b.a.SpringApplicationAdminMXBeanRegistrar$SpringApplicationAdmin -  Application shutdown requested.
2021-09-30 14:20:29,420 INFO  o.s.i.m.i.MqttPahoMessageDrivenChannelAdapter -  stopped bean 'inbound'; defined in: 'class path resource [com/garak/ingestor/conf/MqttInboundConfiguration.class]'; from source: 'org.springframework.core.type.classreading.SimpleMethodMetadata@5eccd3b9'
2021-09-30 14:20:29,423 INFO  o.s.i.g.GatewayProxyFactoryBean$MethodInvocationGateway -  stopped bean 'myGateway#sendToMqtt(byte[], String)'
2021-09-30 14:20:29,423 INFO  o.s.i.g.GatewayProxyFactoryBean$MethodInvocationGateway -  stopped bean 'myGateway#sendToMqtt(MqttMessage)'
2021-09-30 14:20:29,424 INFO  o.s.i.g.GatewayProxyFactoryBean$MethodInvocationGateway -  stopped bean 'myGateway#sendToMqtt(MqttMessage, String)'
2021-09-30 14:20:29,424 INFO  o.s.i.g.GatewayProxyFactoryBean$MethodInvocationGateway -  stopped bean 'myGateway#sendToMqtt(String, String)'
2021-09-30 14:20:29,424 INFO  o.s.i.g.GatewayProxyFactoryBean$MethodInvocationGateway -  stopped bean 'myGateway#sendToMqtt(String)'
2021-09-30 14:20:29,424 INFO  o.s.i.g.GatewayProxyFactoryBean -  stopped bean 'myGateway'
2021-09-30 14:20:29,424 INFO  o.s.i.endpoint.EventDrivenConsumer -  Removing {logging-channel-adapter:_org.springframework.integration.errorLogger} as a subscriber to the 'errorChannel' channel
2021-09-30 14:20:29,424 INFO  o.s.i.c.PublishSubscribeChannel -  Channel 'application.errorChannel' has 0 subscriber(s).
2021-09-30 14:20:29,424 INFO  o.s.i.endpoint.EventDrivenConsumer -  stopped bean '_org.springframework.integration.errorLogger'
2021-09-30 14:20:29,424 INFO  o.s.i.endpoint.EventDrivenConsumer -  Removing {message-handler:mqttInboundConfiguration.handler.serviceActivator} as a subscriber to the 'mqttInputChannel' channel
2021-09-30 14:20:29,425 INFO  o.s.i.channel.DirectChannel -  Channel 'application.mqttInputChannel' has 0 subscriber(s).
2021-09-30 14:20:29,425 INFO  o.s.i.endpoint.EventDrivenConsumer -  stopped bean 'mqttInboundConfiguration.handler.serviceActivator'
2021-09-30 14:20:29,425 INFO  o.s.i.endpoint.EventDrivenConsumer -  Removing {message-handler:mqttOutboundConfiguration.mqttOutbound.serviceActivator} as a subscriber to the 'mqttOutboundChannel' channel
2021-09-30 14:20:29,425 INFO  o.s.i.channel.DirectChannel -  Channel 'application.mqttOutboundChannel' has 0 subscriber(s).
2021-09-30 14:20:29,425 INFO  o.s.i.endpoint.EventDrivenConsumer -  stopped bean 'mqttOutboundConfiguration.mqttOutbound.serviceActivator'
2021-09-30 14:20:29,440 INFO  org.mongodb.driver.connection -  Closed connection [connectionId{localValue:3, serverValue:9983}] to 175.106.98.100:27017 because the pool has been closed.
2021-09-30 14:20:29,443 INFO  o.s.o.j.LocalContainerEntityManagerFactoryBean -  Closing JPA EntityManagerFactory for persistence unit 'default'
2021-09-30 14:20:29,447 INFO  com.zaxxer.hikari.HikariDataSource -  HikariPool-1 - Shutdown initiated...
2021-09-30 14:20:29,456 INFO  com.zaxxer.hikari.HikariDataSource -  HikariPool-1 - Shutdown completed.
2021-09-30 14:20:36,944 INFO  c.garak.ingestor.IngestorApplication -  Starting IngestorApplication using Java 11.0.3 on JJKIN-MACBOOK with PID 9801 (/Users/skyang/eclipse-workspace/digitalworkspaces/MqttIngestor-Subscriber/target/classes started by skyang in /Users/skyang/eclipse-workspace/digitalworkspaces/MqttIngestor-Subscriber)
2021-09-30 14:20:36,946 DEBUG c.garak.ingestor.IngestorApplication -  Running with Spring Boot v2.5.2, Spring v5.3.8
2021-09-30 14:20:36,947 INFO  c.garak.ingestor.IngestorApplication -  The following profiles are active: dev
2021-09-30 14:20:36,998 WARN  o.s.b.c.config.ConfigDataEnvironment -  Property 'spring.profiles' imported from location 'class path resource [application.yaml]' is invalid and should be replaced with 'spring.config.activate.on-profile' [origin: class path resource [application.yaml] - 79:13]
2021-09-30 14:20:36,999 WARN  o.s.b.c.config.ConfigDataEnvironment -  Property 'spring.profiles' imported from location 'class path resource [application.yaml]' is invalid and should be replaced with 'spring.config.activate.on-profile' [origin: class path resource [application.yaml] - 60:13]
2021-09-30 14:20:36,999 WARN  o.s.b.c.config.ConfigDataEnvironment -  Property 'spring.profiles' imported from location 'class path resource [application.yaml]' is invalid and should be replaced with 'spring.config.activate.on-profile' [origin: class path resource [application.yaml] - 36:13]
2021-09-30 14:20:37,844 INFO  o.s.d.r.c.RepositoryConfigurationDelegate -  Multiple Spring Data modules found, entering strict repository configuration mode!
2021-09-30 14:20:37,844 INFO  o.s.d.r.c.RepositoryConfigurationDelegate -  Bootstrapping Spring Data JPA repositories in DEFAULT mode.
2021-09-30 14:20:37,901 INFO  o.s.d.r.c.RepositoryConfigurationExtensionSupport -  Spring Data JPA - Could not safely identify store assignment for repository candidate interface com.garak.ingestor.repository.MobilityNosqlRepository. If you want this repository to be a JPA repository, consider annotating your entities with one of these annotations: javax.persistence.Entity, javax.persistence.MappedSuperclass (preferred), or consider extending one of the following types with your repository: org.springframework.data.jpa.repository.JpaRepository.
2021-09-30 14:20:37,926 INFO  o.s.d.r.c.RepositoryConfigurationDelegate -  Finished Spring Data repository scanning in 75 ms. Found 6 JPA repository interfaces.
2021-09-30 14:20:37,932 INFO  o.s.d.r.c.RepositoryConfigurationDelegate -  Multiple Spring Data modules found, entering strict repository configuration mode!
2021-09-30 14:20:37,933 INFO  o.s.d.r.c.RepositoryConfigurationDelegate -  Bootstrapping Spring Data MongoDB repositories in DEFAULT mode.
2021-09-30 14:20:37,940 INFO  o.s.d.r.c.RepositoryConfigurationExtensionSupport -  Spring Data MongoDB - Could not safely identify store assignment for repository candidate interface com.garak.ingestor.repository.CodeDetailRDBRepository. If you want this repository to be a MongoDB repository, consider annotating your entities with one of these annotations: org.springframework.data.mongodb.core.mapping.Document (preferred), or consider extending one of the following types with your repository: org.springframework.data.mongodb.repository.MongoRepository.
2021-09-30 14:20:37,941 INFO  o.s.d.r.c.RepositoryConfigurationExtensionSupport -  Spring Data MongoDB - Could not safely identify store assignment for repository candidate interface com.garak.ingestor.repository.EventRepository. If you want this repository to be a MongoDB repository, consider annotating your entities with one of these annotations: org.springframework.data.mongodb.core.mapping.Document (preferred), or consider extending one of the following types with your repository: org.springframework.data.mongodb.repository.MongoRepository.
2021-09-30 14:20:37,942 INFO  o.s.d.r.c.RepositoryConfigurationExtensionSupport -  Spring Data MongoDB - Could not safely identify store assignment for repository candidate interface com.garak.ingestor.repository.MobilityBatteryKitRDBRepository. If you want this repository to be a MongoDB repository, consider annotating your entities with one of these annotations: org.springframework.data.mongodb.core.mapping.Document (preferred), or consider extending one of the following types with your repository: org.springframework.data.mongodb.repository.MongoRepository.
2021-09-30 14:20:37,943 INFO  o.s.d.r.c.RepositoryConfigurationExtensionSupport -  Spring Data MongoDB - Could not safely identify store assignment for repository candidate interface com.garak.ingestor.repository.MobilityRDBRepository. If you want this repository to be a MongoDB repository, consider annotating your entities with one of these annotations: org.springframework.data.mongodb.core.mapping.Document (preferred), or consider extending one of the following types with your repository: org.springframework.data.mongodb.repository.MongoRepository.
2021-09-30 14:20:37,943 INFO  o.s.d.r.c.RepositoryConfigurationExtensionSupport -  Spring Data MongoDB - Could not safely identify store assignment for repository candidate interface com.garak.ingestor.repository.MobilityServRDBRepository. If you want this repository to be a MongoDB repository, consider annotating your entities with one of these annotations: org.springframework.data.mongodb.core.mapping.Document (preferred), or consider extending one of the following types with your repository: org.springframework.data.mongodb.repository.MongoRepository.
2021-09-30 14:20:37,944 INFO  o.s.d.r.c.RepositoryConfigurationExtensionSupport -  Spring Data MongoDB - Could not safely identify store assignment for repository candidate interface com.garak.ingestor.repository.UserRDBRepository. If you want this repository to be a MongoDB repository, consider annotating your entities with one of these annotations: org.springframework.data.mongodb.core.mapping.Document (preferred), or consider extending one of the following types with your repository: org.springframework.data.mongodb.repository.MongoRepository.
2021-09-30 14:20:37,948 INFO  o.s.d.r.c.RepositoryConfigurationDelegate -  Finished Spring Data repository scanning in 15 ms. Found 1 MongoDB repository interfaces.
2021-09-30 14:20:38,188 INFO  o.s.i.c.DefaultConfiguringBeanFactoryPostProcessor -  No bean named 'errorChannel' has been explicitly defined. Therefore, a default PublishSubscribeChannel will be created.
2021-09-30 14:20:38,197 INFO  o.s.i.c.DefaultConfiguringBeanFactoryPostProcessor -  No bean named 'integrationHeaderChannelRegistry' has been explicitly defined. Therefore, a default DefaultHeaderChannelRegistry will be created.
2021-09-30 14:20:38,263 INFO  o.s.c.s.PostProcessorRegistrationDelegate$BeanPostProcessorChecker -  Bean 'org.springframework.integration.config.IntegrationManagementConfiguration' of type [org.springframework.integration.config.IntegrationManagementConfiguration] is not eligible for getting processed by all BeanPostProcessors (for example: not eligible for auto-proxying)
2021-09-30 14:20:38,269 INFO  o.s.c.s.PostProcessorRegistrationDelegate$BeanPostProcessorChecker -  Bean 'integrationChannelResolver' of type [org.springframework.integration.support.channel.BeanFactoryChannelResolver] is not eligible for getting processed by all BeanPostProcessors (for example: not eligible for auto-proxying)
2021-09-30 14:20:38,271 INFO  o.s.c.s.PostProcessorRegistrationDelegate$BeanPostProcessorChecker -  Bean 'integrationDisposableAutoCreatedBeans' of type [org.springframework.integration.config.annotation.Disposables] is not eligible for getting processed by all BeanPostProcessors (for example: not eligible for auto-proxying)
2021-09-30 14:20:38,473 INFO  com.zaxxer.hikari.HikariDataSource -  HikariPool-1 - Starting...
2021-09-30 14:20:38,648 INFO  com.zaxxer.hikari.HikariDataSource -  HikariPool-1 - Start completed.
2021-09-30 14:20:38,685 INFO  o.h.jpa.internal.util.LogHelper -  HHH000204: Processing PersistenceUnitInfo [name: default]
2021-09-30 14:20:38,718 INFO  org.hibernate.Version -  HHH000412: Hibernate ORM core version 5.4.32.Final
2021-09-30 14:20:38,807 INFO  o.h.annotations.common.Version -  HCANN000001: Hibernate Commons Annotations {5.1.2.Final}
2021-09-30 14:20:38,888 INFO  org.hibernate.dialect.Dialect -  HHH000400: Using dialect: org.hibernate.dialect.MySQL5InnoDBDialect
2021-09-30 14:20:39,383 INFO  o.h.e.t.j.p.i.JtaPlatformInitiator -  HHH000490: Using JtaPlatform implementation: [org.hibernate.engine.transaction.jta.platform.internal.NoJtaPlatform]
2021-09-30 14:20:39,393 INFO  o.s.o.j.LocalContainerEntityManagerFactoryBean -  Initialized JPA EntityManagerFactory for persistence unit 'default'
2021-09-30 14:20:39,884 INFO  org.mongodb.driver.cluster -  Cluster created with settings {hosts=[175.106.98.100:27017], mode=SINGLE, requiredClusterType=UNKNOWN, serverSelectionTimeout='30000 ms'}
2021-09-30 14:20:39,985 INFO  org.mongodb.driver.connection -  Opened connection [connectionId{localValue:1, serverValue:9985}] to 175.106.98.100:27017
2021-09-30 14:20:39,986 INFO  org.mongodb.driver.connection -  Opened connection [connectionId{localValue:2, serverValue:9984}] to 175.106.98.100:27017
2021-09-30 14:20:39,987 INFO  org.mongodb.driver.cluster -  Monitor thread successfully connected to server with description ServerDescription{address=175.106.98.100:27017, type=STANDALONE, state=CONNECTED, ok=true, minWireVersion=0, maxWireVersion=6, maxDocumentSize=16777216, logicalSessionTimeoutMinutes=30, roundTripTimeNanos=22296829}
2021-09-30 14:20:40,598 DEBUG c.g.i.conf.MobilityStateBroker -  kit_id1
2021-09-30 14:20:40,598 DEBUG c.g.i.conf.MobilityStateBroker -  kit_id3
2021-09-30 14:20:40,598 DEBUG c.g.i.conf.MobilityStateBroker -  kit_id4
2021-09-30 14:20:41,235 INFO  o.s.b.a.e.web.EndpointLinksResolver -  Exposing 1 endpoint(s) beneath base path '/actuator'
2021-09-30 14:20:41,557 INFO  o.s.i.endpoint.EventDrivenConsumer -  Adding {logging-channel-adapter:_org.springframework.integration.errorLogger} as a subscriber to the 'errorChannel' channel
2021-09-30 14:20:41,557 INFO  o.s.i.c.PublishSubscribeChannel -  Channel 'application.errorChannel' has 1 subscriber(s).
2021-09-30 14:20:41,558 INFO  o.s.i.endpoint.EventDrivenConsumer -  started bean '_org.springframework.integration.errorLogger'
2021-09-30 14:20:41,558 INFO  o.s.i.endpoint.EventDrivenConsumer -  Adding {message-handler:mqttInboundConfiguration.handler.serviceActivator} as a subscriber to the 'mqttInputChannel' channel
2021-09-30 14:20:41,558 INFO  o.s.i.channel.DirectChannel -  Channel 'application.mqttInputChannel' has 1 subscriber(s).
2021-09-30 14:20:41,558 INFO  o.s.i.endpoint.EventDrivenConsumer -  started bean 'mqttInboundConfiguration.handler.serviceActivator'
2021-09-30 14:20:41,558 INFO  o.s.i.endpoint.EventDrivenConsumer -  Adding {message-handler:mqttOutboundConfiguration.mqttOutbound.serviceActivator} as a subscriber to the 'mqttOutboundChannel' channel
2021-09-30 14:20:41,558 INFO  o.s.i.channel.DirectChannel -  Channel 'application.mqttOutboundChannel' has 1 subscriber(s).
2021-09-30 14:20:41,558 INFO  o.s.i.endpoint.EventDrivenConsumer -  started bean 'mqttOutboundConfiguration.mqttOutbound.serviceActivator'
2021-09-30 14:20:41,558 INFO  o.s.i.g.GatewayProxyFactoryBean$MethodInvocationGateway -  started bean 'myGateway#sendToMqtt(byte[], String)'
2021-09-30 14:20:41,558 INFO  o.s.i.g.GatewayProxyFactoryBean$MethodInvocationGateway -  started bean 'myGateway#sendToMqtt(MqttMessage)'
2021-09-30 14:20:41,558 INFO  o.s.i.g.GatewayProxyFactoryBean$MethodInvocationGateway -  started bean 'myGateway#sendToMqtt(MqttMessage, String)'
2021-09-30 14:20:41,558 INFO  o.s.i.g.GatewayProxyFactoryBean$MethodInvocationGateway -  started bean 'myGateway#sendToMqtt(String, String)'
2021-09-30 14:20:41,558 INFO  o.s.i.g.GatewayProxyFactoryBean$MethodInvocationGateway -  started bean 'myGateway#sendToMqtt(String)'
2021-09-30 14:20:41,559 INFO  o.s.i.g.GatewayProxyFactoryBean -  started bean 'myGateway'
2021-09-30 14:20:41,910 INFO  o.s.i.m.i.MqttPahoMessageDrivenChannelAdapter -  started bean 'inbound'; defined in: 'class path resource [com/garak/ingestor/conf/MqttInboundConfiguration.class]'; from source: 'org.springframework.core.type.classreading.SimpleMethodMetadata@1d3e6d34'
2021-09-30 14:20:42,013 INFO  o.s.b.w.e.netty.NettyWebServer -  Netty started on port 8080
2021-09-30 14:20:42,039 INFO  c.garak.ingestor.IngestorApplication -  Started IngestorApplication in 5.537 seconds (JVM running for 6.247)
2021-09-30 14:20:57,081 INFO  c.g.i.conf.MqttInboundConfiguration -  date print : >>>20210930142057081
2021-09-30 14:20:57,085 INFO  c.g.i.conf.MqttInboundConfiguration -   >>>>>>>>>>>> [t.getId()] = 1632788343000
2021-09-30 14:20:57,263 INFO  org.mongodb.driver.connection -  Opened connection [connectionId{localValue:3, serverValue:9986}] to 175.106.98.100:27017
2021-09-30 14:21:45,855 INFO  o.s.b.a.SpringApplicationAdminMXBeanRegistrar$SpringApplicationAdmin -  Application shutdown requested.
2021-09-30 14:21:50,874 INFO  o.s.i.m.i.MqttPahoMessageDrivenChannelAdapter -  stopped bean 'inbound'; defined in: 'class path resource [com/garak/ingestor/conf/MqttInboundConfiguration.class]'; from source: 'org.springframework.core.type.classreading.SimpleMethodMetadata@1d3e6d34'
2021-09-30 14:21:50,877 INFO  o.s.i.g.GatewayProxyFactoryBean$MethodInvocationGateway -  stopped bean 'myGateway#sendToMqtt(byte[], String)'
2021-09-30 14:21:50,877 INFO  o.s.i.g.GatewayProxyFactoryBean$MethodInvocationGateway -  stopped bean 'myGateway#sendToMqtt(MqttMessage)'
2021-09-30 14:21:50,877 INFO  o.s.i.g.GatewayProxyFactoryBean$MethodInvocationGateway -  stopped bean 'myGateway#sendToMqtt(MqttMessage, String)'
2021-09-30 14:21:50,877 INFO  o.s.i.g.GatewayProxyFactoryBean$MethodInvocationGateway -  stopped bean 'myGateway#sendToMqtt(String, String)'
2021-09-30 14:21:50,877 INFO  o.s.i.g.GatewayProxyFactoryBean$MethodInvocationGateway -  stopped bean 'myGateway#sendToMqtt(String)'
2021-09-30 14:21:50,877 INFO  o.s.i.g.GatewayProxyFactoryBean -  stopped bean 'myGateway'
2021-09-30 14:21:50,878 INFO  o.s.i.endpoint.EventDrivenConsumer -  Removing {logging-channel-adapter:_org.springframework.integration.errorLogger} as a subscriber to the 'errorChannel' channel
2021-09-30 14:21:50,878 INFO  o.s.i.c.PublishSubscribeChannel -  Channel 'application.errorChannel' has 0 subscriber(s).
2021-09-30 14:21:50,878 INFO  o.s.i.endpoint.EventDrivenConsumer -  stopped bean '_org.springframework.integration.errorLogger'
2021-09-30 14:21:50,878 INFO  o.s.i.endpoint.EventDrivenConsumer -  Removing {message-handler:mqttInboundConfiguration.handler.serviceActivator} as a subscriber to the 'mqttInputChannel' channel
2021-09-30 14:21:50,878 INFO  o.s.i.channel.DirectChannel -  Channel 'application.mqttInputChannel' has 0 subscriber(s).
2021-09-30 14:21:50,878 INFO  o.s.i.endpoint.EventDrivenConsumer -  stopped bean 'mqttInboundConfiguration.handler.serviceActivator'
2021-09-30 14:21:50,878 INFO  o.s.i.endpoint.EventDrivenConsumer -  Removing {message-handler:mqttOutboundConfiguration.mqttOutbound.serviceActivator} as a subscriber to the 'mqttOutboundChannel' channel
2021-09-30 14:21:50,879 INFO  o.s.i.channel.DirectChannel -  Channel 'application.mqttOutboundChannel' has 0 subscriber(s).
2021-09-30 14:21:50,879 INFO  o.s.i.endpoint.EventDrivenConsumer -  stopped bean 'mqttOutboundConfiguration.mqttOutbound.serviceActivator'
2021-09-30 14:21:50,892 INFO  org.mongodb.driver.connection -  Closed connection [connectionId{localValue:3, serverValue:9986}] to 175.106.98.100:27017 because the pool has been closed.
2021-09-30 14:21:50,895 INFO  o.s.o.j.LocalContainerEntityManagerFactoryBean -  Closing JPA EntityManagerFactory for persistence unit 'default'
2021-09-30 14:21:50,897 INFO  com.zaxxer.hikari.HikariDataSource -  HikariPool-1 - Shutdown initiated...
2021-09-30 14:21:50,906 INFO  com.zaxxer.hikari.HikariDataSource -  HikariPool-1 - Shutdown completed.
2021-09-30 14:22:21,329 INFO  c.garak.ingestor.IngestorApplication -  Starting IngestorApplication using Java 11.0.3 on JJKIN-MACBOOK with PID 11842 (/Users/skyang/eclipse-workspace/digitalworkspaces/MqttIngestor-Subscriber/target/classes started by skyang in /Users/skyang/eclipse-workspace/digitalworkspaces/MqttIngestor-Subscriber)
2021-09-30 14:22:21,332 DEBUG c.garak.ingestor.IngestorApplication -  Running with Spring Boot v2.5.2, Spring v5.3.8
2021-09-30 14:22:21,333 INFO  c.garak.ingestor.IngestorApplication -  The following profiles are active: dev
2021-09-30 14:22:21,360 WARN  o.s.b.c.config.ConfigDataEnvironment -  Property 'spring.profiles' imported from location 'class path resource [application.yaml]' is invalid and should be replaced with 'spring.config.activate.on-profile' [origin: class path resource [application.yaml] - 79:13]
2021-09-30 14:22:21,361 WARN  o.s.b.c.config.ConfigDataEnvironment -  Property 'spring.profiles' imported from location 'class path resource [application.yaml]' is invalid and should be replaced with 'spring.config.activate.on-profile' [origin: class path resource [application.yaml] - 60:13]
2021-09-30 14:22:21,361 WARN  o.s.b.c.config.ConfigDataEnvironment -  Property 'spring.profiles' imported from location 'class path resource [application.yaml]' is invalid and should be replaced with 'spring.config.activate.on-profile' [origin: class path resource [application.yaml] - 36:13]
2021-09-30 14:22:22,141 INFO  o.s.d.r.c.RepositoryConfigurationDelegate -  Multiple Spring Data modules found, entering strict repository configuration mode!
2021-09-30 14:22:22,141 INFO  o.s.d.r.c.RepositoryConfigurationDelegate -  Bootstrapping Spring Data JPA repositories in DEFAULT mode.
2021-09-30 14:22:22,199 INFO  o.s.d.r.c.RepositoryConfigurationExtensionSupport -  Spring Data JPA - Could not safely identify store assignment for repository candidate interface com.garak.ingestor.repository.MobilityNosqlRepository. If you want this repository to be a JPA repository, consider annotating your entities with one of these annotations: javax.persistence.Entity, javax.persistence.MappedSuperclass (preferred), or consider extending one of the following types with your repository: org.springframework.data.jpa.repository.JpaRepository.
2021-09-30 14:22:22,224 INFO  o.s.d.r.c.RepositoryConfigurationDelegate -  Finished Spring Data repository scanning in 76 ms. Found 6 JPA repository interfaces.
2021-09-30 14:22:22,231 INFO  o.s.d.r.c.RepositoryConfigurationDelegate -  Multiple Spring Data modules found, entering strict repository configuration mode!
2021-09-30 14:22:22,232 INFO  o.s.d.r.c.RepositoryConfigurationDelegate -  Bootstrapping Spring Data MongoDB repositories in DEFAULT mode.
2021-09-30 14:22:22,240 INFO  o.s.d.r.c.RepositoryConfigurationExtensionSupport -  Spring Data MongoDB - Could not safely identify store assignment for repository candidate interface com.garak.ingestor.repository.CodeDetailRDBRepository. If you want this repository to be a MongoDB repository, consider annotating your entities with one of these annotations: org.springframework.data.mongodb.core.mapping.Document (preferred), or consider extending one of the following types with your repository: org.springframework.data.mongodb.repository.MongoRepository.
2021-09-30 14:22:22,241 INFO  o.s.d.r.c.RepositoryConfigurationExtensionSupport -  Spring Data MongoDB - Could not safely identify store assignment for repository candidate interface com.garak.ingestor.repository.EventRepository. If you want this repository to be a MongoDB repository, consider annotating your entities with one of these annotations: org.springframework.data.mongodb.core.mapping.Document (preferred), or consider extending one of the following types with your repository: org.springframework.data.mongodb.repository.MongoRepository.
2021-09-30 14:22:22,244 INFO  o.s.d.r.c.RepositoryConfigurationExtensionSupport -  Spring Data MongoDB - Could not safely identify store assignment for repository candidate interface com.garak.ingestor.repository.MobilityBatteryKitRDBRepository. If you want this repository to be a MongoDB repository, consider annotating your entities with one of these annotations: org.springframework.data.mongodb.core.mapping.Document (preferred), or consider extending one of the following types with your repository: org.springframework.data.mongodb.repository.MongoRepository.
2021-09-30 14:22:22,245 INFO  o.s.d.r.c.RepositoryConfigurationExtensionSupport -  Spring Data MongoDB - Could not safely identify store assignment for repository candidate interface com.garak.ingestor.repository.MobilityRDBRepository. If you want this repository to be a MongoDB repository, consider annotating your entities with one of these annotations: org.springframework.data.mongodb.core.mapping.Document (preferred), or consider extending one of the following types with your repository: org.springframework.data.mongodb.repository.MongoRepository.
2021-09-30 14:22:22,246 INFO  o.s.d.r.c.RepositoryConfigurationExtensionSupport -  Spring Data MongoDB - Could not safely identify store assignment for repository candidate interface com.garak.ingestor.repository.MobilityServRDBRepository. If you want this repository to be a MongoDB repository, consider annotating your entities with one of these annotations: org.springframework.data.mongodb.core.mapping.Document (preferred), or consider extending one of the following types with your repository: org.springframework.data.mongodb.repository.MongoRepository.
2021-09-30 14:22:22,246 INFO  o.s.d.r.c.RepositoryConfigurationExtensionSupport -  Spring Data MongoDB - Could not safely identify store assignment for repository candidate interface com.garak.ingestor.repository.UserRDBRepository. If you want this repository to be a MongoDB repository, consider annotating your entities with one of these annotations: org.springframework.data.mongodb.core.mapping.Document (preferred), or consider extending one of the following types with your repository: org.springframework.data.mongodb.repository.MongoRepository.
2021-09-30 14:22:22,250 INFO  o.s.d.r.c.RepositoryConfigurationDelegate -  Finished Spring Data repository scanning in 18 ms. Found 1 MongoDB repository interfaces.
2021-09-30 14:22:22,485 INFO  o.s.i.c.DefaultConfiguringBeanFactoryPostProcessor -  No bean named 'errorChannel' has been explicitly defined. Therefore, a default PublishSubscribeChannel will be created.
2021-09-30 14:22:22,493 INFO  o.s.i.c.DefaultConfiguringBeanFactoryPostProcessor -  No bean named 'integrationHeaderChannelRegistry' has been explicitly defined. Therefore, a default DefaultHeaderChannelRegistry will be created.
2021-09-30 14:22:22,554 INFO  o.s.c.s.PostProcessorRegistrationDelegate$BeanPostProcessorChecker -  Bean 'org.springframework.integration.config.IntegrationManagementConfiguration' of type [org.springframework.integration.config.IntegrationManagementConfiguration] is not eligible for getting processed by all BeanPostProcessors (for example: not eligible for auto-proxying)
2021-09-30 14:22:22,562 INFO  o.s.c.s.PostProcessorRegistrationDelegate$BeanPostProcessorChecker -  Bean 'integrationChannelResolver' of type [org.springframework.integration.support.channel.BeanFactoryChannelResolver] is not eligible for getting processed by all BeanPostProcessors (for example: not eligible for auto-proxying)
2021-09-30 14:22:22,564 INFO  o.s.c.s.PostProcessorRegistrationDelegate$BeanPostProcessorChecker -  Bean 'integrationDisposableAutoCreatedBeans' of type [org.springframework.integration.config.annotation.Disposables] is not eligible for getting processed by all BeanPostProcessors (for example: not eligible for auto-proxying)
2021-09-30 14:22:22,769 INFO  com.zaxxer.hikari.HikariDataSource -  HikariPool-1 - Starting...
2021-09-30 14:22:22,948 INFO  com.zaxxer.hikari.HikariDataSource -  HikariPool-1 - Start completed.
2021-09-30 14:22:22,988 INFO  o.h.jpa.internal.util.LogHelper -  HHH000204: Processing PersistenceUnitInfo [name: default]
2021-09-30 14:22:23,024 INFO  org.hibernate.Version -  HHH000412: Hibernate ORM core version 5.4.32.Final
2021-09-30 14:22:23,118 INFO  o.h.annotations.common.Version -  HCANN000001: Hibernate Commons Annotations {5.1.2.Final}
2021-09-30 14:22:23,204 INFO  org.hibernate.dialect.Dialect -  HHH000400: Using dialect: org.hibernate.dialect.MySQL5InnoDBDialect
2021-09-30 14:22:23,666 INFO  o.h.e.t.j.p.i.JtaPlatformInitiator -  HHH000490: Using JtaPlatform implementation: [org.hibernate.engine.transaction.jta.platform.internal.NoJtaPlatform]
2021-09-30 14:22:23,673 INFO  o.s.o.j.LocalContainerEntityManagerFactoryBean -  Initialized JPA EntityManagerFactory for persistence unit 'default'
2021-09-30 14:22:24,127 INFO  org.mongodb.driver.cluster -  Cluster created with settings {hosts=[175.106.98.100:27017], mode=SINGLE, requiredClusterType=UNKNOWN, serverSelectionTimeout='30000 ms'}
2021-09-30 14:22:24,237 INFO  org.mongodb.driver.connection -  Opened connection [connectionId{localValue:1, serverValue:9987}] to 175.106.98.100:27017
2021-09-30 14:22:24,238 INFO  org.mongodb.driver.connection -  Opened connection [connectionId{localValue:2, serverValue:9988}] to 175.106.98.100:27017
2021-09-30 14:22:24,238 INFO  org.mongodb.driver.cluster -  Monitor thread successfully connected to server with description ServerDescription{address=175.106.98.100:27017, type=STANDALONE, state=CONNECTED, ok=true, minWireVersion=0, maxWireVersion=6, maxDocumentSize=16777216, logicalSessionTimeoutMinutes=30, roundTripTimeNanos=20141192}
2021-09-30 14:22:24,777 DEBUG c.g.i.conf.MobilityStateBroker -  kit_id1
2021-09-30 14:22:24,777 DEBUG c.g.i.conf.MobilityStateBroker -  kit_id3
2021-09-30 14:22:24,777 DEBUG c.g.i.conf.MobilityStateBroker -  kit_id4
2021-09-30 14:22:25,311 INFO  o.s.b.a.e.web.EndpointLinksResolver -  Exposing 1 endpoint(s) beneath base path '/actuator'
2021-09-30 14:22:25,635 INFO  o.s.i.endpoint.EventDrivenConsumer -  Adding {logging-channel-adapter:_org.springframework.integration.errorLogger} as a subscriber to the 'errorChannel' channel
2021-09-30 14:22:25,636 INFO  o.s.i.c.PublishSubscribeChannel -  Channel 'application.errorChannel' has 1 subscriber(s).
2021-09-30 14:22:25,636 INFO  o.s.i.endpoint.EventDrivenConsumer -  started bean '_org.springframework.integration.errorLogger'
2021-09-30 14:22:25,636 INFO  o.s.i.endpoint.EventDrivenConsumer -  Adding {message-handler:mqttInboundConfiguration.handler.serviceActivator} as a subscriber to the 'mqttInputChannel' channel
2021-09-30 14:22:25,636 INFO  o.s.i.channel.DirectChannel -  Channel 'application.mqttInputChannel' has 1 subscriber(s).
2021-09-30 14:22:25,636 INFO  o.s.i.endpoint.EventDrivenConsumer -  started bean 'mqttInboundConfiguration.handler.serviceActivator'
2021-09-30 14:22:25,636 INFO  o.s.i.endpoint.EventDrivenConsumer -  Adding {message-handler:mqttOutboundConfiguration.mqttOutbound.serviceActivator} as a subscriber to the 'mqttOutboundChannel' channel
2021-09-30 14:22:25,636 INFO  o.s.i.channel.DirectChannel -  Channel 'application.mqttOutboundChannel' has 1 subscriber(s).
2021-09-30 14:22:25,637 INFO  o.s.i.endpoint.EventDrivenConsumer -  started bean 'mqttOutboundConfiguration.mqttOutbound.serviceActivator'
2021-09-30 14:22:25,637 INFO  o.s.i.g.GatewayProxyFactoryBean$MethodInvocationGateway -  started bean 'myGateway#sendToMqtt(byte[], String)'
2021-09-30 14:22:25,637 INFO  o.s.i.g.GatewayProxyFactoryBean$MethodInvocationGateway -  started bean 'myGateway#sendToMqtt(MqttMessage)'
2021-09-30 14:22:25,637 INFO  o.s.i.g.GatewayProxyFactoryBean$MethodInvocationGateway -  started bean 'myGateway#sendToMqtt(MqttMessage, String)'
2021-09-30 14:22:25,637 INFO  o.s.i.g.GatewayProxyFactoryBean$MethodInvocationGateway -  started bean 'myGateway#sendToMqtt(String, String)'
2021-09-30 14:22:25,637 INFO  o.s.i.g.GatewayProxyFactoryBean$MethodInvocationGateway -  started bean 'myGateway#sendToMqtt(String)'
2021-09-30 14:22:25,637 INFO  o.s.i.g.GatewayProxyFactoryBean -  started bean 'myGateway'
2021-09-30 14:22:26,039 INFO  o.s.i.m.i.MqttPahoMessageDrivenChannelAdapter -  started bean 'inbound'; defined in: 'class path resource [com/garak/ingestor/conf/MqttInboundConfiguration.class]'; from source: 'org.springframework.core.type.classreading.SimpleMethodMetadata@796d3c9f'
2021-09-30 14:22:26,143 INFO  o.s.b.w.e.netty.NettyWebServer -  Netty started on port 8080
2021-09-30 14:22:26,170 INFO  c.garak.ingestor.IngestorApplication -  Started IngestorApplication in 5.227 seconds (JVM running for 5.851)
2021-09-30 14:22:26,401 INFO  c.g.i.conf.MqttInboundConfiguration -  date print : >>>20210930142226401
2021-09-30 14:22:26,405 INFO  c.g.i.conf.MqttInboundConfiguration -   >>>>>>>>>>>> [t.getId()] = 0
2021-09-30 14:22:26,564 INFO  org.mongodb.driver.connection -  Opened connection [connectionId{localValue:3, serverValue:9989}] to 175.106.98.100:27017
2021-09-30 14:22:37,401 INFO  c.g.i.conf.MqttInboundConfiguration -  date print : >>>20210930142237401
2021-09-30 14:22:37,404 INFO  c.g.i.conf.MqttInboundConfiguration -   >>>>>>>>>>>> [t.getId()] = 1632788343000
2021-09-30 14:30:41,826 INFO  c.g.i.conf.MqttInboundConfiguration -  date print : >>>20210930143041826
2021-09-30 14:30:41,826 INFO  c.g.i.conf.MqttInboundConfiguration -   >>>>>>>>>>>> [t.getId()] = 1632788343000
2021-09-30 14:34:19,770 INFO  c.g.i.conf.MqttInboundConfiguration -  date print : >>>20210930143419770
2021-09-30 14:34:19,771 INFO  c.g.i.conf.MqttInboundConfiguration -   >>>>>>>>>>>> [t.getId()] = 1632788343000
2021-09-30 14:34:36,740 INFO  c.g.i.conf.MqttInboundConfiguration -  date print : >>>20210930143436740
2021-09-30 14:34:36,740 INFO  c.g.i.conf.MqttInboundConfiguration -   >>>>>>>>>>>> [t.getId()] = 1632788343000
2021-09-30 14:35:00,528 INFO  c.g.i.conf.MqttInboundConfiguration -  date print : >>>20210930143500528
2021-09-30 14:35:00,529 INFO  c.g.i.conf.MqttInboundConfiguration -   >>>>>>>>>>>> [t.getId()] = 1632788343000
2021-09-30 15:05:11,172 INFO  c.g.i.conf.MqttInboundConfiguration -  date print : >>>20210930150511172
2021-09-30 15:05:11,175 INFO  c.g.i.conf.MqttInboundConfiguration -   >>>>>>>>>>>> [t.getId()] = 1632788343000
2021-09-30 15:42:27,709 INFO  c.g.i.conf.MqttInboundConfiguration -  date print : >>>20210930154227709
2021-09-30 15:42:27,709 INFO  c.g.i.conf.MqttInboundConfiguration -   >>>>>>>>>>>> [t.getId()] = 1632788343000
2021-09-30 15:46:37,794 INFO  c.g.i.conf.MqttInboundConfiguration -  date print : >>>20210930154637794
2021-09-30 15:46:37,794 INFO  c.g.i.conf.MqttInboundConfiguration -   >>>>>>>>>>>> [t.getId()] = 1632788343000
2021-09-30 15:51:37,284 INFO  c.g.i.conf.MqttInboundConfiguration -  date print : >>>20210930155137283
2021-09-30 15:51:37,285 INFO  c.g.i.conf.MqttInboundConfiguration -   >>>>>>>>>>>> [t.getId()] = 1632788343000
2021-09-30 16:06:04,739 INFO  c.g.i.conf.MqttInboundConfiguration -  date print : >>>20210930160604739
2021-09-30 16:06:04,740 INFO  c.g.i.conf.MqttInboundConfiguration -   >>>>>>>>>>>> [t.getId()] = 1632788343000
2021-09-30 16:08:16,881 INFO  c.g.i.conf.MqttInboundConfiguration -  date print : >>>20210930160816881
2021-09-30 16:08:16,881 INFO  c.g.i.conf.MqttInboundConfiguration -   >>>>>>>>>>>> [t.getId()] = 1632788343000
2021-09-30 16:11:09,558 INFO  c.g.i.conf.MqttInboundConfiguration -  date print : >>>20210930161109558
2021-09-30 16:11:09,559 INFO  c.g.i.conf.MqttInboundConfiguration -   >>>>>>>>>>>> [t.getId()] = 1632788343000
2021-09-30 16:21:12,219 INFO  o.s.b.a.SpringApplicationAdminMXBeanRegistrar$SpringApplicationAdmin -  Application shutdown requested.
2021-09-30 16:21:17,262 INFO  o.s.i.m.i.MqttPahoMessageDrivenChannelAdapter -  stopped bean 'inbound'; defined in: 'class path resource [com/garak/ingestor/conf/MqttInboundConfiguration.class]'; from source: 'org.springframework.core.type.classreading.SimpleMethodMetadata@796d3c9f'
2021-09-30 16:21:17,266 INFO  o.s.i.g.GatewayProxyFactoryBean$MethodInvocationGateway -  stopped bean 'myGateway#sendToMqtt(byte[], String)'
2021-09-30 16:21:17,266 INFO  o.s.i.g.GatewayProxyFactoryBean$MethodInvocationGateway -  stopped bean 'myGateway#sendToMqtt(MqttMessage)'
2021-09-30 16:21:17,266 INFO  o.s.i.g.GatewayProxyFactoryBean$MethodInvocationGateway -  stopped bean 'myGateway#sendToMqtt(MqttMessage, String)'
2021-09-30 16:21:17,266 INFO  o.s.i.g.GatewayProxyFactoryBean$MethodInvocationGateway -  stopped bean 'myGateway#sendToMqtt(String, String)'
2021-09-30 16:21:17,266 INFO  o.s.i.g.GatewayProxyFactoryBean$MethodInvocationGateway -  stopped bean 'myGateway#sendToMqtt(String)'
2021-09-30 16:21:17,266 INFO  o.s.i.g.GatewayProxyFactoryBean -  stopped bean 'myGateway'
2021-09-30 16:21:17,266 INFO  o.s.i.endpoint.EventDrivenConsumer -  Removing {logging-channel-adapter:_org.springframework.integration.errorLogger} as a subscriber to the 'errorChannel' channel
2021-09-30 16:21:17,267 INFO  o.s.i.c.PublishSubscribeChannel -  Channel 'application.errorChannel' has 0 subscriber(s).
2021-09-30 16:21:17,267 INFO  o.s.i.endpoint.EventDrivenConsumer -  stopped bean '_org.springframework.integration.errorLogger'
2021-09-30 16:21:17,267 INFO  o.s.i.endpoint.EventDrivenConsumer -  Removing {message-handler:mqttInboundConfiguration.handler.serviceActivator} as a subscriber to the 'mqttInputChannel' channel
2021-09-30 16:21:17,267 INFO  o.s.i.channel.DirectChannel -  Channel 'application.mqttInputChannel' has 0 subscriber(s).
2021-09-30 16:21:17,267 INFO  o.s.i.endpoint.EventDrivenConsumer -  stopped bean 'mqttInboundConfiguration.handler.serviceActivator'
2021-09-30 16:21:17,267 INFO  o.s.i.endpoint.EventDrivenConsumer -  Removing {message-handler:mqttOutboundConfiguration.mqttOutbound.serviceActivator} as a subscriber to the 'mqttOutboundChannel' channel
2021-09-30 16:21:17,267 INFO  o.s.i.channel.DirectChannel -  Channel 'application.mqttOutboundChannel' has 0 subscriber(s).
2021-09-30 16:21:17,268 INFO  o.s.i.endpoint.EventDrivenConsumer -  stopped bean 'mqttOutboundConfiguration.mqttOutbound.serviceActivator'
2021-09-30 16:21:17,285 INFO  org.mongodb.driver.connection -  Closed connection [connectionId{localValue:3, serverValue:9989}] to 175.106.98.100:27017 because the pool has been closed.
2021-09-30 16:21:17,289 INFO  o.s.o.j.LocalContainerEntityManagerFactoryBean -  Closing JPA EntityManagerFactory for persistence unit 'default'
2021-09-30 16:21:17,295 INFO  com.zaxxer.hikari.HikariDataSource -  HikariPool-1 - Shutdown initiated...
2021-09-30 16:21:17,301 INFO  com.zaxxer.hikari.HikariDataSource -  HikariPool-1 - Shutdown completed.
2021-09-30 16:24:53,829 INFO  c.garak.ingestor.IngestorApplication -  Starting IngestorApplication using Java 11.0.3 on JJKIN-MACBOOK with PID 80493 (/Users/skyang/eclipse-workspace/digitalworkspaces/MqttIngestor-Subscriber/target/classes started by skyang in /Users/skyang/eclipse-workspace/digitalworkspaces/MqttIngestor-Subscriber)
2021-09-30 16:24:53,834 DEBUG c.garak.ingestor.IngestorApplication -  Running with Spring Boot v2.5.2, Spring v5.3.8
2021-09-30 16:24:53,835 INFO  c.garak.ingestor.IngestorApplication -  The following profiles are active: dev
2021-09-30 16:24:53,879 WARN  o.s.b.c.config.ConfigDataEnvironment -  Property 'spring.profiles' imported from location 'class path resource [application.yaml]' is invalid and should be replaced with 'spring.config.activate.on-profile' [origin: class path resource [application.yaml] - 79:13]
2021-09-30 16:24:53,880 WARN  o.s.b.c.config.ConfigDataEnvironment -  Property 'spring.profiles' imported from location 'class path resource [application.yaml]' is invalid and should be replaced with 'spring.config.activate.on-profile' [origin: class path resource [application.yaml] - 60:13]
2021-09-30 16:24:53,880 WARN  o.s.b.c.config.ConfigDataEnvironment -  Property 'spring.profiles' imported from location 'class path resource [application.yaml]' is invalid and should be replaced with 'spring.config.activate.on-profile' [origin: class path resource [application.yaml] - 36:13]
2021-09-30 16:24:55,041 INFO  o.s.d.r.c.RepositoryConfigurationDelegate -  Multiple Spring Data modules found, entering strict repository configuration mode!
2021-09-30 16:24:55,041 INFO  o.s.d.r.c.RepositoryConfigurationDelegate -  Bootstrapping Spring Data JPA repositories in DEFAULT mode.
2021-09-30 16:24:55,127 INFO  o.s.d.r.c.RepositoryConfigurationExtensionSupport -  Spring Data JPA - Could not safely identify store assignment for repository candidate interface com.garak.ingestor.repository.MobilityNosqlRepository. If you want this repository to be a JPA repository, consider annotating your entities with one of these annotations: javax.persistence.Entity, javax.persistence.MappedSuperclass (preferred), or consider extending one of the following types with your repository: org.springframework.data.jpa.repository.JpaRepository.
2021-09-30 16:24:55,155 INFO  o.s.d.r.c.RepositoryConfigurationDelegate -  Finished Spring Data repository scanning in 102 ms. Found 6 JPA repository interfaces.
2021-09-30 16:24:55,164 INFO  o.s.d.r.c.RepositoryConfigurationDelegate -  Multiple Spring Data modules found, entering strict repository configuration mode!
2021-09-30 16:24:55,164 INFO  o.s.d.r.c.RepositoryConfigurationDelegate -  Bootstrapping Spring Data MongoDB repositories in DEFAULT mode.
2021-09-30 16:24:55,171 INFO  o.s.d.r.c.RepositoryConfigurationExtensionSupport -  Spring Data MongoDB - Could not safely identify store assignment for repository candidate interface com.garak.ingestor.repository.CodeDetailRDBRepository. If you want this repository to be a MongoDB repository, consider annotating your entities with one of these annotations: org.springframework.data.mongodb.core.mapping.Document (preferred), or consider extending one of the following types with your repository: org.springframework.data.mongodb.repository.MongoRepository.
2021-09-30 16:24:55,172 INFO  o.s.d.r.c.RepositoryConfigurationExtensionSupport -  Spring Data MongoDB - Could not safely identify store assignment for repository candidate interface com.garak.ingestor.repository.EventRepository. If you want this repository to be a MongoDB repository, consider annotating your entities with one of these annotations: org.springframework.data.mongodb.core.mapping.Document (preferred), or consider extending one of the following types with your repository: org.springframework.data.mongodb.repository.MongoRepository.
2021-09-30 16:24:55,173 INFO  o.s.d.r.c.RepositoryConfigurationExtensionSupport -  Spring Data MongoDB - Could not safely identify store assignment for repository candidate interface com.garak.ingestor.repository.MobilityBatteryKitRDBRepository. If you want this repository to be a MongoDB repository, consider annotating your entities with one of these annotations: org.springframework.data.mongodb.core.mapping.Document (preferred), or consider extending one of the following types with your repository: org.springframework.data.mongodb.repository.MongoRepository.
2021-09-30 16:24:55,175 INFO  o.s.d.r.c.RepositoryConfigurationExtensionSupport -  Spring Data MongoDB - Could not safely identify store assignment for repository candidate interface com.garak.ingestor.repository.MobilityRDBRepository. If you want this repository to be a MongoDB repository, consider annotating your entities with one of these annotations: org.springframework.data.mongodb.core.mapping.Document (preferred), or consider extending one of the following types with your repository: org.springframework.data.mongodb.repository.MongoRepository.
2021-09-30 16:24:55,176 INFO  o.s.d.r.c.RepositoryConfigurationExtensionSupport -  Spring Data MongoDB - Could not safely identify store assignment for repository candidate interface com.garak.ingestor.repository.MobilityServRDBRepository. If you want this repository to be a MongoDB repository, consider annotating your entities with one of these annotations: org.springframework.data.mongodb.core.mapping.Document (preferred), or consider extending one of the following types with your repository: org.springframework.data.mongodb.repository.MongoRepository.
2021-09-30 16:24:55,177 INFO  o.s.d.r.c.RepositoryConfigurationExtensionSupport -  Spring Data MongoDB - Could not safely identify store assignment for repository candidate interface com.garak.ingestor.repository.UserRDBRepository. If you want this repository to be a MongoDB repository, consider annotating your entities with one of these annotations: org.springframework.data.mongodb.core.mapping.Document (preferred), or consider extending one of the following types with your repository: org.springframework.data.mongodb.repository.MongoRepository.
2021-09-30 16:24:55,182 INFO  o.s.d.r.c.RepositoryConfigurationDelegate -  Finished Spring Data repository scanning in 17 ms. Found 1 MongoDB repository interfaces.
2021-09-30 16:24:55,500 INFO  o.s.i.c.DefaultConfiguringBeanFactoryPostProcessor -  No bean named 'errorChannel' has been explicitly defined. Therefore, a default PublishSubscribeChannel will be created.
2021-09-30 16:24:55,510 INFO  o.s.i.c.DefaultConfiguringBeanFactoryPostProcessor -  No bean named 'integrationHeaderChannelRegistry' has been explicitly defined. Therefore, a default DefaultHeaderChannelRegistry will be created.
2021-09-30 16:24:55,591 INFO  o.s.c.s.PostProcessorRegistrationDelegate$BeanPostProcessorChecker -  Bean 'org.springframework.integration.config.IntegrationManagementConfiguration' of type [org.springframework.integration.config.IntegrationManagementConfiguration] is not eligible for getting processed by all BeanPostProcessors (for example: not eligible for auto-proxying)
2021-09-30 16:24:55,599 INFO  o.s.c.s.PostProcessorRegistrationDelegate$BeanPostProcessorChecker -  Bean 'integrationChannelResolver' of type [org.springframework.integration.support.channel.BeanFactoryChannelResolver] is not eligible for getting processed by all BeanPostProcessors (for example: not eligible for auto-proxying)
2021-09-30 16:24:55,600 INFO  o.s.c.s.PostProcessorRegistrationDelegate$BeanPostProcessorChecker -  Bean 'integrationDisposableAutoCreatedBeans' of type [org.springframework.integration.config.annotation.Disposables] is not eligible for getting processed by all BeanPostProcessors (for example: not eligible for auto-proxying)
2021-09-30 16:24:55,883 INFO  com.zaxxer.hikari.HikariDataSource -  HikariPool-1 - Starting...
2021-09-30 16:24:56,152 INFO  com.zaxxer.hikari.HikariDataSource -  HikariPool-1 - Start completed.
2021-09-30 16:24:56,210 INFO  o.h.jpa.internal.util.LogHelper -  HHH000204: Processing PersistenceUnitInfo [name: default]
2021-09-30 16:24:56,269 INFO  org.hibernate.Version -  HHH000412: Hibernate ORM core version 5.4.32.Final
2021-09-30 16:24:56,432 INFO  o.h.annotations.common.Version -  HCANN000001: Hibernate Commons Annotations {5.1.2.Final}
2021-09-30 16:24:56,552 INFO  org.hibernate.dialect.Dialect -  HHH000400: Using dialect: org.hibernate.dialect.MySQL5InnoDBDialect
2021-09-30 16:24:57,239 INFO  o.h.e.t.j.p.i.JtaPlatformInitiator -  HHH000490: Using JtaPlatform implementation: [org.hibernate.engine.transaction.jta.platform.internal.NoJtaPlatform]
2021-09-30 16:24:57,250 INFO  o.s.o.j.LocalContainerEntityManagerFactoryBean -  Initialized JPA EntityManagerFactory for persistence unit 'default'
2021-09-30 16:24:57,950 INFO  org.mongodb.driver.cluster -  Cluster created with settings {hosts=[175.106.98.100:27017], mode=SINGLE, requiredClusterType=UNKNOWN, serverSelectionTimeout='30000 ms'}
2021-09-30 16:24:58,035 INFO  org.mongodb.driver.connection -  Opened connection [connectionId{localValue:2, serverValue:10103}] to 175.106.98.100:27017
2021-09-30 16:24:58,035 INFO  org.mongodb.driver.connection -  Opened connection [connectionId{localValue:1, serverValue:10104}] to 175.106.98.100:27017
2021-09-30 16:24:58,037 INFO  org.mongodb.driver.cluster -  Monitor thread successfully connected to server with description ServerDescription{address=175.106.98.100:27017, type=STANDALONE, state=CONNECTED, ok=true, minWireVersion=0, maxWireVersion=6, maxDocumentSize=16777216, logicalSessionTimeoutMinutes=30, roundTripTimeNanos=29392711}
2021-09-30 16:24:58,804 DEBUG c.g.i.conf.MobilityStateBroker -  kit_id1
2021-09-30 16:24:58,804 DEBUG c.g.i.conf.MobilityStateBroker -  kit_id3
2021-09-30 16:24:58,804 DEBUG c.g.i.conf.MobilityStateBroker -  kit_id4
2021-09-30 16:24:59,513 INFO  o.s.b.a.e.web.EndpointLinksResolver -  Exposing 1 endpoint(s) beneath base path '/actuator'
2021-09-30 16:24:59,903 INFO  o.s.i.endpoint.EventDrivenConsumer -  Adding {logging-channel-adapter:_org.springframework.integration.errorLogger} as a subscriber to the 'errorChannel' channel
2021-09-30 16:24:59,903 INFO  o.s.i.c.PublishSubscribeChannel -  Channel 'application.errorChannel' has 1 subscriber(s).
2021-09-30 16:24:59,904 INFO  o.s.i.endpoint.EventDrivenConsumer -  started bean '_org.springframework.integration.errorLogger'
2021-09-30 16:24:59,904 INFO  o.s.i.endpoint.EventDrivenConsumer -  Adding {message-handler:mqttInboundConfiguration.handler.serviceActivator} as a subscriber to the 'mqttInputChannel' channel
2021-09-30 16:24:59,904 INFO  o.s.i.channel.DirectChannel -  Channel 'application.mqttInputChannel' has 1 subscriber(s).
2021-09-30 16:24:59,904 INFO  o.s.i.endpoint.EventDrivenConsumer -  started bean 'mqttInboundConfiguration.handler.serviceActivator'
2021-09-30 16:24:59,904 INFO  o.s.i.endpoint.EventDrivenConsumer -  Adding {message-handler:mqttOutboundConfiguration.mqttOutbound.serviceActivator} as a subscriber to the 'mqttOutboundChannel' channel
2021-09-30 16:24:59,904 INFO  o.s.i.channel.DirectChannel -  Channel 'application.mqttOutboundChannel' has 1 subscriber(s).
2021-09-30 16:24:59,904 INFO  o.s.i.endpoint.EventDrivenConsumer -  started bean 'mqttOutboundConfiguration.mqttOutbound.serviceActivator'
2021-09-30 16:24:59,905 INFO  o.s.i.g.GatewayProxyFactoryBean$MethodInvocationGateway -  started bean 'myGateway#sendToMqtt(byte[], String)'
2021-09-30 16:24:59,905 INFO  o.s.i.g.GatewayProxyFactoryBean$MethodInvocationGateway -  started bean 'myGateway#sendToMqtt(MqttMessage)'
2021-09-30 16:24:59,905 INFO  o.s.i.g.GatewayProxyFactoryBean$MethodInvocationGateway -  started bean 'myGateway#sendToMqtt(MqttMessage, String)'
2021-09-30 16:24:59,905 INFO  o.s.i.g.GatewayProxyFactoryBean$MethodInvocationGateway -  started bean 'myGateway#sendToMqtt(String, String)'
2021-09-30 16:24:59,905 INFO  o.s.i.g.GatewayProxyFactoryBean$MethodInvocationGateway -  started bean 'myGateway#sendToMqtt(String)'
2021-09-30 16:24:59,905 INFO  o.s.i.g.GatewayProxyFactoryBean -  started bean 'myGateway'
2021-09-30 16:25:00,271 INFO  o.s.i.m.i.MqttPahoMessageDrivenChannelAdapter -  started bean 'inbound'; defined in: 'class path resource [com/garak/ingestor/conf/MqttInboundConfiguration.class]'; from source: 'org.springframework.core.type.classreading.SimpleMethodMetadata@d8948cd'
2021-09-30 16:25:00,452 INFO  o.s.b.w.e.netty.NettyWebServer -  Netty started on port 8080
2021-09-30 16:25:00,469 INFO  c.garak.ingestor.IngestorApplication -  Started IngestorApplication in 7.223 seconds (JVM running for 8.463)
