2021-10-01 14:37:25,632 INFO  c.garak.ingestor.IngestorApplication -  Starting IngestorApplication using Java 11.0.3 on JJKIN-MACBOOK with PID 40933 (/Users/skyang/eclipse-workspace/digitalworkspaces/MqttIngestor-Subscriber/target/classes started by skyang in /Users/skyang/eclipse-workspace/digitalworkspaces/MqttIngestor-Subscriber)
2021-10-01 14:37:25,640 DEBUG c.garak.ingestor.IngestorApplication -  Running with Spring Boot v2.5.2, Spring v5.3.8
2021-10-01 14:37:25,640 INFO  c.garak.ingestor.IngestorApplication -  The following profiles are active: dev
2021-10-01 14:37:25,704 WARN  o.s.b.c.config.ConfigDataEnvironment -  Property 'spring.profiles' imported from location 'class path resource [application.yaml]' is invalid and should be replaced with 'spring.config.activate.on-profile' [origin: class path resource [application.yaml] - 79:13]
2021-10-01 14:37:25,704 WARN  o.s.b.c.config.ConfigDataEnvironment -  Property 'spring.profiles' imported from location 'class path resource [application.yaml]' is invalid and should be replaced with 'spring.config.activate.on-profile' [origin: class path resource [application.yaml] - 60:13]
2021-10-01 14:37:25,704 WARN  o.s.b.c.config.ConfigDataEnvironment -  Property 'spring.profiles' imported from location 'class path resource [application.yaml]' is invalid and should be replaced with 'spring.config.activate.on-profile' [origin: class path resource [application.yaml] - 36:13]
2021-10-01 14:37:26,828 INFO  o.s.d.r.c.RepositoryConfigurationDelegate -  Multiple Spring Data modules found, entering strict repository configuration mode!
2021-10-01 14:37:26,829 INFO  o.s.d.r.c.RepositoryConfigurationDelegate -  Bootstrapping Spring Data JPA repositories in DEFAULT mode.
2021-10-01 14:37:26,915 INFO  o.s.d.r.c.RepositoryConfigurationExtensionSupport -  Spring Data JPA - Could not safely identify store assignment for repository candidate interface com.garak.ingestor.repository.MobilityNosqlRepository. If you want this repository to be a JPA repository, consider annotating your entities with one of these annotations: javax.persistence.Entity, javax.persistence.MappedSuperclass (preferred), or consider extending one of the following types with your repository: org.springframework.data.jpa.repository.JpaRepository.
2021-10-01 14:37:26,948 INFO  o.s.d.r.c.RepositoryConfigurationDelegate -  Finished Spring Data repository scanning in 109 ms. Found 6 JPA repository interfaces.
2021-10-01 14:37:26,957 INFO  o.s.d.r.c.RepositoryConfigurationDelegate -  Multiple Spring Data modules found, entering strict repository configuration mode!
2021-10-01 14:37:26,959 INFO  o.s.d.r.c.RepositoryConfigurationDelegate -  Bootstrapping Spring Data MongoDB repositories in DEFAULT mode.
2021-10-01 14:37:26,968 INFO  o.s.d.r.c.RepositoryConfigurationExtensionSupport -  Spring Data MongoDB - Could not safely identify store assignment for repository candidate interface com.garak.ingestor.repository.CodeDetailRDBRepository. If you want this repository to be a MongoDB repository, consider annotating your entities with one of these annotations: org.springframework.data.mongodb.core.mapping.Document (preferred), or consider extending one of the following types with your repository: org.springframework.data.mongodb.repository.MongoRepository.
2021-10-01 14:37:26,969 INFO  o.s.d.r.c.RepositoryConfigurationExtensionSupport -  Spring Data MongoDB - Could not safely identify store assignment for repository candidate interface com.garak.ingestor.repository.EventRepository. If you want this repository to be a MongoDB repository, consider annotating your entities with one of these annotations: org.springframework.data.mongodb.core.mapping.Document (preferred), or consider extending one of the following types with your repository: org.springframework.data.mongodb.repository.MongoRepository.
2021-10-01 14:37:26,970 INFO  o.s.d.r.c.RepositoryConfigurationExtensionSupport -  Spring Data MongoDB - Could not safely identify store assignment for repository candidate interface com.garak.ingestor.repository.MobilityBatteryKitRDBRepository. If you want this repository to be a MongoDB repository, consider annotating your entities with one of these annotations: org.springframework.data.mongodb.core.mapping.Document (preferred), or consider extending one of the following types with your repository: org.springframework.data.mongodb.repository.MongoRepository.
2021-10-01 14:37:26,972 INFO  o.s.d.r.c.RepositoryConfigurationExtensionSupport -  Spring Data MongoDB - Could not safely identify store assignment for repository candidate interface com.garak.ingestor.repository.MobilityRDBRepository. If you want this repository to be a MongoDB repository, consider annotating your entities with one of these annotations: org.springframework.data.mongodb.core.mapping.Document (preferred), or consider extending one of the following types with your repository: org.springframework.data.mongodb.repository.MongoRepository.
2021-10-01 14:37:26,973 INFO  o.s.d.r.c.RepositoryConfigurationExtensionSupport -  Spring Data MongoDB - Could not safely identify store assignment for repository candidate interface com.garak.ingestor.repository.MobilityServRDBRepository. If you want this repository to be a MongoDB repository, consider annotating your entities with one of these annotations: org.springframework.data.mongodb.core.mapping.Document (preferred), or consider extending one of the following types with your repository: org.springframework.data.mongodb.repository.MongoRepository.
2021-10-01 14:37:26,973 INFO  o.s.d.r.c.RepositoryConfigurationExtensionSupport -  Spring Data MongoDB - Could not safely identify store assignment for repository candidate interface com.garak.ingestor.repository.UserRDBRepository. If you want this repository to be a MongoDB repository, consider annotating your entities with one of these annotations: org.springframework.data.mongodb.core.mapping.Document (preferred), or consider extending one of the following types with your repository: org.springframework.data.mongodb.repository.MongoRepository.
2021-10-01 14:37:26,978 INFO  o.s.d.r.c.RepositoryConfigurationDelegate -  Finished Spring Data repository scanning in 18 ms. Found 1 MongoDB repository interfaces.
2021-10-01 14:37:27,245 INFO  o.s.i.c.DefaultConfiguringBeanFactoryPostProcessor -  No bean named 'errorChannel' has been explicitly defined. Therefore, a default PublishSubscribeChannel will be created.
2021-10-01 14:37:27,258 INFO  o.s.i.c.DefaultConfiguringBeanFactoryPostProcessor -  No bean named 'integrationHeaderChannelRegistry' has been explicitly defined. Therefore, a default DefaultHeaderChannelRegistry will be created.
2021-10-01 14:37:27,362 INFO  o.s.c.s.PostProcessorRegistrationDelegate$BeanPostProcessorChecker -  Bean 'org.springframework.integration.config.IntegrationManagementConfiguration' of type [org.springframework.integration.config.IntegrationManagementConfiguration] is not eligible for getting processed by all BeanPostProcessors (for example: not eligible for auto-proxying)
2021-10-01 14:37:27,369 INFO  o.s.c.s.PostProcessorRegistrationDelegate$BeanPostProcessorChecker -  Bean 'integrationChannelResolver' of type [org.springframework.integration.support.channel.BeanFactoryChannelResolver] is not eligible for getting processed by all BeanPostProcessors (for example: not eligible for auto-proxying)
2021-10-01 14:37:27,371 INFO  o.s.c.s.PostProcessorRegistrationDelegate$BeanPostProcessorChecker -  Bean 'integrationDisposableAutoCreatedBeans' of type [org.springframework.integration.config.annotation.Disposables] is not eligible for getting processed by all BeanPostProcessors (for example: not eligible for auto-proxying)
2021-10-01 14:37:27,650 INFO  com.zaxxer.hikari.HikariDataSource -  HikariPool-1 - Starting...
2021-10-01 14:37:27,893 INFO  com.zaxxer.hikari.HikariDataSource -  HikariPool-1 - Start completed.
2021-10-01 14:37:27,940 INFO  o.h.jpa.internal.util.LogHelper -  HHH000204: Processing PersistenceUnitInfo [name: default]
2021-10-01 14:37:27,997 INFO  org.hibernate.Version -  HHH000412: Hibernate ORM core version 5.4.32.Final
2021-10-01 14:37:28,134 INFO  o.h.annotations.common.Version -  HCANN000001: Hibernate Commons Annotations {5.1.2.Final}
2021-10-01 14:37:28,241 INFO  org.hibernate.dialect.Dialect -  HHH000400: Using dialect: org.hibernate.dialect.MySQL5InnoDBDialect
2021-10-01 14:37:28,898 INFO  o.h.e.t.j.p.i.JtaPlatformInitiator -  HHH000490: Using JtaPlatform implementation: [org.hibernate.engine.transaction.jta.platform.internal.NoJtaPlatform]
2021-10-01 14:37:28,909 INFO  o.s.o.j.LocalContainerEntityManagerFactoryBean -  Initialized JPA EntityManagerFactory for persistence unit 'default'
2021-10-01 14:37:29,560 INFO  org.mongodb.driver.cluster -  Cluster created with settings {hosts=[175.106.98.100:27017], mode=SINGLE, requiredClusterType=UNKNOWN, serverSelectionTimeout='30000 ms'}
2021-10-01 14:37:29,685 INFO  org.mongodb.driver.connection -  Opened connection [connectionId{localValue:1, serverValue:10439}] to 175.106.98.100:27017
2021-10-01 14:37:29,687 INFO  org.mongodb.driver.connection -  Opened connection [connectionId{localValue:2, serverValue:10440}] to 175.106.98.100:27017
2021-10-01 14:37:29,687 INFO  org.mongodb.driver.cluster -  Monitor thread successfully connected to server with description ServerDescription{address=175.106.98.100:27017, type=STANDALONE, state=CONNECTED, ok=true, minWireVersion=0, maxWireVersion=6, maxDocumentSize=16777216, logicalSessionTimeoutMinutes=30, roundTripTimeNanos=24711632}
2021-10-01 14:37:30,408 DEBUG c.g.i.conf.MobilityStateBroker -  kit_id1
2021-10-01 14:37:30,409 DEBUG c.g.i.conf.MobilityStateBroker -  kit_id3
2021-10-01 14:37:30,409 DEBUG c.g.i.conf.MobilityStateBroker -  kit_id4
2021-10-01 14:37:31,112 INFO  o.s.b.a.e.web.EndpointLinksResolver -  Exposing 1 endpoint(s) beneath base path '/actuator'
2021-10-01 14:37:31,643 INFO  o.s.i.endpoint.EventDrivenConsumer -  Adding {logging-channel-adapter:_org.springframework.integration.errorLogger} as a subscriber to the 'errorChannel' channel
2021-10-01 14:37:31,644 INFO  o.s.i.c.PublishSubscribeChannel -  Channel 'application.errorChannel' has 1 subscriber(s).
2021-10-01 14:37:31,644 INFO  o.s.i.endpoint.EventDrivenConsumer -  started bean '_org.springframework.integration.errorLogger'
2021-10-01 14:37:31,644 INFO  o.s.i.endpoint.EventDrivenConsumer -  Adding {message-handler:mqttInboundConfiguration.handler.serviceActivator} as a subscriber to the 'mqttInputChannel' channel
2021-10-01 14:37:31,644 INFO  o.s.i.channel.DirectChannel -  Channel 'application.mqttInputChannel' has 1 subscriber(s).
2021-10-01 14:37:31,644 INFO  o.s.i.endpoint.EventDrivenConsumer -  started bean 'mqttInboundConfiguration.handler.serviceActivator'
2021-10-01 14:37:31,645 INFO  o.s.i.endpoint.EventDrivenConsumer -  Adding {message-handler:mqttOutboundConfiguration.mqttOutbound.serviceActivator} as a subscriber to the 'mqttOutboundChannel' channel
2021-10-01 14:37:31,645 INFO  o.s.i.channel.DirectChannel -  Channel 'application.mqttOutboundChannel' has 1 subscriber(s).
2021-10-01 14:37:31,645 INFO  o.s.i.endpoint.EventDrivenConsumer -  started bean 'mqttOutboundConfiguration.mqttOutbound.serviceActivator'
2021-10-01 14:37:31,645 INFO  o.s.i.g.GatewayProxyFactoryBean$MethodInvocationGateway -  started bean 'myGateway#sendToMqtt(byte[], String)'
2021-10-01 14:37:31,645 INFO  o.s.i.g.GatewayProxyFactoryBean$MethodInvocationGateway -  started bean 'myGateway#sendToMqtt(MqttMessage)'
2021-10-01 14:37:31,645 INFO  o.s.i.g.GatewayProxyFactoryBean$MethodInvocationGateway -  started bean 'myGateway#sendToMqtt(MqttMessage, String)'
2021-10-01 14:37:31,645 INFO  o.s.i.g.GatewayProxyFactoryBean$MethodInvocationGateway -  started bean 'myGateway#sendToMqtt(String, String)'
2021-10-01 14:37:31,645 INFO  o.s.i.g.GatewayProxyFactoryBean$MethodInvocationGateway -  started bean 'myGateway#sendToMqtt(String)'
2021-10-01 14:37:31,646 INFO  o.s.i.g.GatewayProxyFactoryBean -  started bean 'myGateway'
2021-10-01 14:37:32,071 INFO  o.s.i.m.i.MqttPahoMessageDrivenChannelAdapter -  started bean 'inbound'; defined in: 'class path resource [com/garak/ingestor/conf/MqttInboundConfiguration.class]'; from source: 'org.springframework.core.type.classreading.SimpleMethodMetadata@7c9b78e3'
2021-10-01 14:37:32,397 INFO  o.s.b.w.e.netty.NettyWebServer -  Netty started on port 8080
2021-10-01 14:37:32,430 INFO  c.garak.ingestor.IngestorApplication -  Started IngestorApplication in 7.397 seconds (JVM running for 8.276)
2021-10-01 14:37:32,463 INFO  c.g.i.conf.MqttInboundConfiguration -  date print : >>>20211001143732463
2021-10-01 14:37:32,470 INFO  c.g.i.conf.MqttInboundConfiguration -   >>>>>>>>>>>> [t.getId()] = 1632788343000
2021-10-01 14:37:32,744 INFO  org.mongodb.driver.connection -  Opened connection [connectionId{localValue:3, serverValue:10441}] to 175.106.98.100:27017
2021-10-01 14:37:32,790 INFO  c.g.i.conf.MqttInboundConfiguration -  date print : >>>20211001143732790
2021-10-01 14:37:32,790 INFO  c.g.i.conf.MqttInboundConfiguration -   >>>>>>>>>>>> [t.getId()] = 0
2021-10-01 14:37:35,510 INFO  c.g.i.conf.MqttInboundConfiguration -  date print : >>>20211001143735510
2021-10-01 14:37:35,510 INFO  c.g.i.conf.MqttInboundConfiguration -   >>>>>>>>>>>> [t.getId()] = 1632788343000
2021-10-01 14:39:06,075 INFO  c.g.i.conf.MqttInboundConfiguration -  date print : >>>20211001143906075
2021-10-01 14:39:06,076 INFO  c.g.i.conf.MqttInboundConfiguration -   >>>>>>>>>>>> [t.getId()] = 1632788343000
2021-10-01 14:44:27,285 INFO  c.g.i.conf.MqttInboundConfiguration -  date print : >>>20211001144427285
2021-10-01 14:44:27,286 INFO  c.g.i.conf.MqttInboundConfiguration -   >>>>>>>>>>>> [t.getId()] = 1632788343000
2021-10-01 16:57:30,145 INFO  org.mongodb.driver.cluster -  Exception in monitor thread while connecting to server 175.106.98.100:27017
com.mongodb.MongoSocketReadTimeoutException: Timeout while receiving message
	at com.mongodb.internal.connection.InternalStreamConnection.translateReadException(InternalStreamConnection.java:630)
	at com.mongodb.internal.connection.InternalStreamConnection.receiveMessageWithAdditionalTimeout(InternalStreamConnection.java:515)
	at com.mongodb.internal.connection.InternalStreamConnection.receiveCommandMessageResponse(InternalStreamConnection.java:355)
	at com.mongodb.internal.connection.InternalStreamConnection.receive(InternalStreamConnection.java:304)
	at com.mongodb.internal.connection.DefaultServerMonitor$ServerMonitorRunnable.lookupServerDescription(DefaultServerMonitor.java:218)
	at com.mongodb.internal.connection.DefaultServerMonitor$ServerMonitorRunnable.run(DefaultServerMonitor.java:144)
	at java.base/java.lang.Thread.run(Thread.java:834)
Caused by: java.net.SocketTimeoutException: Read timed out
	at java.base/java.net.SocketInputStream.socketRead0(Native Method)
	at java.base/java.net.SocketInputStream.socketRead(SocketInputStream.java:115)
	at java.base/java.net.SocketInputStream.read(SocketInputStream.java:168)
	at java.base/java.net.SocketInputStream.read(SocketInputStream.java:140)
	at com.mongodb.internal.connection.SocketStream.read(SocketStream.java:109)
	at com.mongodb.internal.connection.SocketStream.read(SocketStream.java:131)
	at com.mongodb.internal.connection.InternalStreamConnection.receiveResponseBuffers(InternalStreamConnection.java:647)
	at com.mongodb.internal.connection.InternalStreamConnection.receiveMessageWithAdditionalTimeout(InternalStreamConnection.java:512)
	... 5 common frames omitted
2021-10-01 16:57:30,147 INFO  org.mongodb.driver.cluster -  Exception in monitor thread while connecting to server 175.106.98.100:27017
com.mongodb.MongoSocketOpenException: Exception opening socket
	at com.mongodb.internal.connection.SocketStream.open(SocketStream.java:70)
	at com.mongodb.internal.connection.InternalStreamConnection.open(InternalStreamConnection.java:143)
	at com.mongodb.internal.connection.DefaultServerMonitor$ServerMonitorRunnable.lookupServerDescription(DefaultServerMonitor.java:188)
	at com.mongodb.internal.connection.DefaultServerMonitor$ServerMonitorRunnable.run(DefaultServerMonitor.java:144)
	at java.base/java.lang.Thread.run(Thread.java:834)
Caused by: java.net.ConnectException: Network is unreachable (connect failed)
	at java.base/java.net.PlainSocketImpl.socketConnect(Native Method)
	at java.base/java.net.AbstractPlainSocketImpl.doConnect(AbstractPlainSocketImpl.java:399)
	at java.base/java.net.AbstractPlainSocketImpl.connectToAddress(AbstractPlainSocketImpl.java:242)
	at java.base/java.net.AbstractPlainSocketImpl.connect(AbstractPlainSocketImpl.java:224)
	at java.base/java.net.SocksSocketImpl.connect(SocksSocketImpl.java:403)
	at java.base/java.net.Socket.connect(Socket.java:591)
	at com.mongodb.internal.connection.SocketStreamHelper.initialize(SocketStreamHelper.java:107)
	at com.mongodb.internal.connection.SocketStream.initializeSocket(SocketStream.java:79)
	at com.mongodb.internal.connection.SocketStream.open(SocketStream.java:65)
	... 4 common frames omitted
2021-10-01 16:57:39,922 INFO  org.mongodb.driver.connection -  Opened connection [connectionId{localValue:5, serverValue:10660}] to 175.106.98.100:27017
2021-10-01 16:57:40,173 INFO  org.mongodb.driver.connection -  Opened connection [connectionId{localValue:6, serverValue:10661}] to 175.106.98.100:27017
2021-10-01 16:57:40,173 INFO  org.mongodb.driver.cluster -  Monitor thread successfully connected to server with description ServerDescription{address=175.106.98.100:27017, type=STANDALONE, state=CONNECTED, ok=true, minWireVersion=0, maxWireVersion=6, maxDocumentSize=16777216, logicalSessionTimeoutMinutes=30, roundTripTimeNanos=7254774}
2021-10-01 19:47:58,705 WARN  com.zaxxer.hikari.pool.HikariPool -  HikariPool-1 - Retrograde clock change detected (housekeeper delta=27s889ms), soft-evicting connections from pool.
2021-10-01 19:56:29,692 INFO  org.mongodb.driver.cluster -  Exception in monitor thread while connecting to server 175.106.98.100:27017
com.mongodb.MongoSocketReadTimeoutException: Timeout while receiving message
	at com.mongodb.internal.connection.InternalStreamConnection.translateReadException(InternalStreamConnection.java:630)
	at com.mongodb.internal.connection.InternalStreamConnection.receiveMessageWithAdditionalTimeout(InternalStreamConnection.java:515)
	at com.mongodb.internal.connection.InternalStreamConnection.receiveCommandMessageResponse(InternalStreamConnection.java:355)
	at com.mongodb.internal.connection.InternalStreamConnection.receive(InternalStreamConnection.java:304)
	at com.mongodb.internal.connection.DefaultServerMonitor$ServerMonitorRunnable.lookupServerDescription(DefaultServerMonitor.java:218)
	at com.mongodb.internal.connection.DefaultServerMonitor$ServerMonitorRunnable.run(DefaultServerMonitor.java:144)
	at java.base/java.lang.Thread.run(Thread.java:834)
Caused by: java.net.SocketTimeoutException: Read timed out
	at java.base/java.net.SocketInputStream.socketRead0(Native Method)
	at java.base/java.net.SocketInputStream.socketRead(SocketInputStream.java:115)
	at java.base/java.net.SocketInputStream.read(SocketInputStream.java:168)
	at java.base/java.net.SocketInputStream.read(SocketInputStream.java:140)
	at com.mongodb.internal.connection.SocketStream.read(SocketStream.java:109)
	at com.mongodb.internal.connection.SocketStream.read(SocketStream.java:131)
	at com.mongodb.internal.connection.InternalStreamConnection.receiveResponseBuffers(InternalStreamConnection.java:647)
	at com.mongodb.internal.connection.InternalStreamConnection.receiveMessageWithAdditionalTimeout(InternalStreamConnection.java:512)
	... 5 common frames omitted
2021-10-01 19:56:29,697 INFO  org.mongodb.driver.cluster -  Exception in monitor thread while connecting to server 175.106.98.100:27017
com.mongodb.MongoSocketOpenException: Exception opening socket
	at com.mongodb.internal.connection.SocketStream.open(SocketStream.java:70)
	at com.mongodb.internal.connection.InternalStreamConnection.open(InternalStreamConnection.java:143)
	at com.mongodb.internal.connection.DefaultServerMonitor$ServerMonitorRunnable.lookupServerDescription(DefaultServerMonitor.java:188)
	at com.mongodb.internal.connection.DefaultServerMonitor$ServerMonitorRunnable.run(DefaultServerMonitor.java:144)
	at java.base/java.lang.Thread.run(Thread.java:834)
Caused by: java.net.ConnectException: Network is unreachable (connect failed)
	at java.base/java.net.PlainSocketImpl.socketConnect(Native Method)
	at java.base/java.net.AbstractPlainSocketImpl.doConnect(AbstractPlainSocketImpl.java:399)
	at java.base/java.net.AbstractPlainSocketImpl.connectToAddress(AbstractPlainSocketImpl.java:242)
	at java.base/java.net.AbstractPlainSocketImpl.connect(AbstractPlainSocketImpl.java:224)
	at java.base/java.net.SocksSocketImpl.connect(SocksSocketImpl.java:403)
	at java.base/java.net.Socket.connect(Socket.java:591)
	at com.mongodb.internal.connection.SocketStreamHelper.initialize(SocketStreamHelper.java:107)
	at com.mongodb.internal.connection.SocketStream.initializeSocket(SocketStream.java:79)
	at com.mongodb.internal.connection.SocketStream.open(SocketStream.java:65)
	... 4 common frames omitted
2021-10-01 19:56:47,103 ERROR o.s.i.m.o.MqttPahoMessageHandler -  Lost connection; will attempt reconnect on next request
2021-10-01 19:56:51,825 ERROR o.s.i.m.i.MqttPahoMessageDrivenChannelAdapter -  Lost connection: 연결 유실; retrying...
2021-10-01 19:57:01,840 ERROR o.s.i.m.i.MqttPahoMessageDrivenChannelAdapter -  Error connecting or subscribing to [/garak/mqtt/1, /garak/mqtt/2, /garak/mqtt/3, /garak/mqtt/4, /garak/mqtt/5, /garak/mqtt/6, 7, 8, 9, 10, 12]
org.eclipse.paho.client.mqttv3.MqttException: 서버에 연결할 수 없음
	at org.eclipse.paho.client.mqttv3.internal.TCPNetworkModule.start(TCPNetworkModule.java:80)
	at org.eclipse.paho.client.mqttv3.internal.ClientComms$ConnectBG.run(ClientComms.java:724)
	at java.base/java.lang.Thread.run(Thread.java:834)
Caused by: java.net.ConnectException: Network is unreachable (connect failed)
	at java.base/java.net.PlainSocketImpl.socketConnect(Native Method)
	at java.base/java.net.AbstractPlainSocketImpl.doConnect(AbstractPlainSocketImpl.java:399)
	at java.base/java.net.AbstractPlainSocketImpl.connectToAddress(AbstractPlainSocketImpl.java:242)
	at java.base/java.net.AbstractPlainSocketImpl.connect(AbstractPlainSocketImpl.java:224)
	at java.base/java.net.SocksSocketImpl.connect(SocksSocketImpl.java:403)
	at java.base/java.net.Socket.connect(Socket.java:591)
	at org.eclipse.paho.client.mqttv3.internal.TCPNetworkModule.start(TCPNetworkModule.java:74)
	... 2 common frames omitted
2021-10-01 19:57:29,733 INFO  org.mongodb.driver.connection -  Opened connection [connectionId{localValue:18, serverValue:10753}] to 175.106.98.100:27017
2021-10-01 19:57:29,734 INFO  org.mongodb.driver.cluster -  Monitor thread successfully connected to server with description ServerDescription{address=175.106.98.100:27017, type=STANDALONE, state=CONNECTED, ok=true, minWireVersion=0, maxWireVersion=6, maxDocumentSize=16777216, logicalSessionTimeoutMinutes=30, roundTripTimeNanos=7380499}
2021-10-01 19:57:30,010 INFO  org.mongodb.driver.connection -  Opened connection [connectionId{localValue:19, serverValue:10754}] to 175.106.98.100:27017
2021-10-01 19:57:31,844 ERROR o.s.i.m.i.MqttPahoMessageDrivenChannelAdapter -  Exception while connecting and subscribing
org.eclipse.paho.client.mqttv3.MqttException: 서버에 연결할 수 없음
	at org.eclipse.paho.client.mqttv3.internal.TCPNetworkModule.start(TCPNetworkModule.java:80)
	at org.eclipse.paho.client.mqttv3.internal.ClientComms$ConnectBG.run(ClientComms.java:724)
	at java.base/java.lang.Thread.run(Thread.java:834)
Caused by: java.net.ConnectException: Network is unreachable (connect failed)
	at java.base/java.net.PlainSocketImpl.socketConnect(Native Method)
	at java.base/java.net.AbstractPlainSocketImpl.doConnect(AbstractPlainSocketImpl.java:399)
	at java.base/java.net.AbstractPlainSocketImpl.connectToAddress(AbstractPlainSocketImpl.java:242)
	at java.base/java.net.AbstractPlainSocketImpl.connect(AbstractPlainSocketImpl.java:224)
	at java.base/java.net.SocksSocketImpl.connect(SocksSocketImpl.java:403)
	at java.base/java.net.Socket.connect(Socket.java:591)
	at org.eclipse.paho.client.mqttv3.internal.TCPNetworkModule.start(TCPNetworkModule.java:74)
	... 2 common frames omitted
2021-10-01 19:57:42,371 INFO  c.g.i.conf.MqttInboundConfiguration -  date print : >>>20211001195742371
2021-10-01 19:57:42,372 INFO  c.g.i.conf.MqttInboundConfiguration -   >>>>>>>>>>>> [t.getId()] = 1632788343000
2021-10-01 19:57:42,385 INFO  org.mongodb.driver.connection -  Closed connection [connectionId{localValue:3, serverValue:10441}] to 175.106.98.100:27017 because there was a socket exception raised on another connection from this pool.
2021-10-01 19:57:42,834 INFO  org.mongodb.driver.connection -  Opened connection [connectionId{localValue:20, serverValue:10757}] to 175.106.98.100:27017
2021-10-01 19:57:42,912 INFO  c.g.i.conf.MqttInboundConfiguration -  date print : >>>20211001195742912
2021-10-01 19:57:42,912 INFO  c.g.i.conf.MqttInboundConfiguration -   >>>>>>>>>>>> [t.getId()] = 0
2021-10-01 22:41:20,807 INFO  o.s.b.a.SpringApplicationAdminMXBeanRegistrar$SpringApplicationAdmin -  Application shutdown requested.
2021-10-01 22:41:25,832 INFO  o.s.i.m.i.MqttPahoMessageDrivenChannelAdapter -  stopped bean 'inbound'; defined in: 'class path resource [com/garak/ingestor/conf/MqttInboundConfiguration.class]'; from source: 'org.springframework.core.type.classreading.SimpleMethodMetadata@7c9b78e3'
2021-10-01 22:41:25,833 INFO  o.s.i.g.GatewayProxyFactoryBean$MethodInvocationGateway -  stopped bean 'myGateway#sendToMqtt(byte[], String)'
2021-10-01 22:41:25,833 INFO  o.s.i.g.GatewayProxyFactoryBean$MethodInvocationGateway -  stopped bean 'myGateway#sendToMqtt(MqttMessage)'
2021-10-01 22:41:25,833 INFO  o.s.i.g.GatewayProxyFactoryBean$MethodInvocationGateway -  stopped bean 'myGateway#sendToMqtt(MqttMessage, String)'
2021-10-01 22:41:25,833 INFO  o.s.i.g.GatewayProxyFactoryBean$MethodInvocationGateway -  stopped bean 'myGateway#sendToMqtt(String, String)'
2021-10-01 22:41:25,833 INFO  o.s.i.g.GatewayProxyFactoryBean$MethodInvocationGateway -  stopped bean 'myGateway#sendToMqtt(String)'
2021-10-01 22:41:25,833 INFO  o.s.i.g.GatewayProxyFactoryBean -  stopped bean 'myGateway'
2021-10-01 22:41:25,833 INFO  o.s.i.endpoint.EventDrivenConsumer -  Removing {logging-channel-adapter:_org.springframework.integration.errorLogger} as a subscriber to the 'errorChannel' channel
2021-10-01 22:41:25,834 INFO  o.s.i.c.PublishSubscribeChannel -  Channel 'application.errorChannel' has 0 subscriber(s).
2021-10-01 22:41:25,834 INFO  o.s.i.endpoint.EventDrivenConsumer -  stopped bean '_org.springframework.integration.errorLogger'
2021-10-01 22:41:25,834 INFO  o.s.i.endpoint.EventDrivenConsumer -  Removing {message-handler:mqttInboundConfiguration.handler.serviceActivator} as a subscriber to the 'mqttInputChannel' channel
2021-10-01 22:41:25,834 INFO  o.s.i.channel.DirectChannel -  Channel 'application.mqttInputChannel' has 0 subscriber(s).
2021-10-01 22:41:25,834 INFO  o.s.i.endpoint.EventDrivenConsumer -  stopped bean 'mqttInboundConfiguration.handler.serviceActivator'
2021-10-01 22:41:25,834 INFO  o.s.i.endpoint.EventDrivenConsumer -  Removing {message-handler:mqttOutboundConfiguration.mqttOutbound.serviceActivator} as a subscriber to the 'mqttOutboundChannel' channel
2021-10-01 22:41:25,835 INFO  o.s.i.channel.DirectChannel -  Channel 'application.mqttOutboundChannel' has 0 subscriber(s).
2021-10-01 22:41:25,835 INFO  o.s.i.endpoint.EventDrivenConsumer -  stopped bean 'mqttOutboundConfiguration.mqttOutbound.serviceActivator'
2021-10-01 22:41:25,855 INFO  org.mongodb.driver.connection -  Closed connection [connectionId{localValue:20, serverValue:10757}] to 175.106.98.100:27017 because the pool has been closed.
2021-10-01 22:41:25,860 INFO  o.s.o.j.LocalContainerEntityManagerFactoryBean -  Closing JPA EntityManagerFactory for persistence unit 'default'
2021-10-01 22:41:25,868 INFO  com.zaxxer.hikari.HikariDataSource -  HikariPool-1 - Shutdown initiated...
2021-10-01 22:41:25,872 INFO  com.zaxxer.hikari.HikariDataSource -  HikariPool-1 - Shutdown completed.
